[2024-12-11T17:08:54.371+0000] {local_task_job_runner.py:120} INFO - ::group::Pre task execution logs
[2024-12-11T17:08:54.399+0000] {taskinstance.py:2076} INFO - Dependencies all met for dep_context=non-requeueable deps ti=<TaskInstance: dbt_orchestrator.dbt_run_fact.dbt_run_fact_model_fact_sales scheduled__2024-12-11T16:45:00+00:00 [queued]>
[2024-12-11T17:08:54.410+0000] {taskinstance.py:2076} INFO - Dependencies all met for dep_context=requeueable deps ti=<TaskInstance: dbt_orchestrator.dbt_run_fact.dbt_run_fact_model_fact_sales scheduled__2024-12-11T16:45:00+00:00 [queued]>
[2024-12-11T17:08:54.410+0000] {taskinstance.py:2306} INFO - Starting attempt 1 of 1
[2024-12-11T17:08:54.423+0000] {taskinstance.py:2330} INFO - Executing <Task(BashOperator): dbt_run_fact.dbt_run_fact_model_fact_sales> on 2024-12-11 16:45:00+00:00
[2024-12-11T17:08:54.428+0000] {standard_task_runner.py:63} INFO - Started process 564 to run task
[2024-12-11T17:08:54.431+0000] {standard_task_runner.py:90} INFO - Running: ['***', 'tasks', 'run', 'dbt_orchestrator', 'dbt_run_fact.dbt_run_fact_model_fact_sales', 'scheduled__2024-12-11T16:45:00+00:00', '--job-id', '70', '--raw', '--subdir', 'DAGS_FOLDER/pipeline.py', '--cfg-path', '/tmp/tmponexsw34']
[2024-12-11T17:08:54.432+0000] {standard_task_runner.py:91} INFO - Job 70: Subtask dbt_run_fact.dbt_run_fact_model_fact_sales
[2024-12-11T17:08:54.479+0000] {task_command.py:426} INFO - Running <TaskInstance: dbt_orchestrator.dbt_run_fact.dbt_run_fact_model_fact_sales scheduled__2024-12-11T16:45:00+00:00 [running]> on host 49f8df2c9427
[2024-12-11T17:08:54.561+0000] {taskinstance.py:2648} INFO - Exporting env vars: AIRFLOW_CTX_DAG_OWNER='ma7moud' AIRFLOW_CTX_DAG_ID='dbt_orchestrator' AIRFLOW_CTX_TASK_ID='dbt_run_fact.dbt_run_fact_model_fact_sales' AIRFLOW_CTX_EXECUTION_DATE='2024-12-11T16:45:00+00:00' AIRFLOW_CTX_TRY_NUMBER='1' AIRFLOW_CTX_DAG_RUN_ID='scheduled__2024-12-11T16:45:00+00:00'
[2024-12-11T17:08:54.562+0000] {taskinstance.py:430} INFO - ::endgroup::
[2024-12-11T17:08:54.573+0000] {subprocess.py:63} INFO - Tmp dir root location: /tmp
[2024-12-11T17:08:54.574+0000] {subprocess.py:75} INFO - Running command: ['/usr/bin/bash', '-c', 'dbt run --profiles-dir /opt/***/dbt --project-dir /opt/***/dbt/ecommerce --models models/olap_model/fact/fact_sales']
[2024-12-11T17:08:54.586+0000] {subprocess.py:86} INFO - Output:
[2024-12-11T17:08:56.389+0000] {subprocess.py:93} INFO - [0m17:08:56  Running with dbt=1.8.0
[2024-12-11T17:08:56.531+0000] {subprocess.py:93} INFO - [0m17:08:56  [[33mWARNING[0m]: Deprecated functionality
[2024-12-11T17:08:56.532+0000] {subprocess.py:93} INFO - The `tests` config has been renamed to `data_tests`. Please see
[2024-12-11T17:08:56.532+0000] {subprocess.py:93} INFO - https://docs.getdbt.com/docs/build/data-tests#new-data_tests-syntax for more
[2024-12-11T17:08:56.532+0000] {subprocess.py:93} INFO - information.
[2024-12-11T17:08:56.680+0000] {subprocess.py:93} INFO - [0m17:08:56  Registered adapter: postgres=1.8.0
[2024-12-11T17:08:57.110+0000] {subprocess.py:93} INFO - [0m17:08:57  [[33mWARNING[0m]: Configuration paths exist in your dbt_project.yml file which do not apply to any resources.
[2024-12-11T17:08:57.110+0000] {subprocess.py:93} INFO - There are 2 unused configuration paths:
[2024-12-11T17:08:57.110+0000] {subprocess.py:93} INFO - - models.ecommerce.marts.fact
[2024-12-11T17:08:57.110+0000] {subprocess.py:93} INFO - - models.ecommerce.marts.dimensions
[2024-12-11T17:08:57.516+0000] {subprocess.py:93} INFO - [0m17:08:57  Found 15 models, 1 snapshot, 112 data tests, 12 sources, 430 macros
[2024-12-11T17:08:57.521+0000] {subprocess.py:93} INFO - [0m17:08:57  The selection criterion 'models/olap_model/fact/fact_sales' does not match any enabled nodes
[2024-12-11T17:08:57.523+0000] {subprocess.py:93} INFO - [0m17:08:57
[2024-12-11T17:08:57.524+0000] {subprocess.py:93} INFO - [0m17:08:57  Nothing to do. Try checking your model configs and model specification args
[2024-12-11T17:08:58.470+0000] {subprocess.py:97} INFO - Command exited with return code 0
[2024-12-11T17:08:58.471+0000] {taskinstance.py:441} INFO - ::group::Post task execution logs
[2024-12-11T17:08:58.494+0000] {taskinstance.py:1206} INFO - Marking task as SUCCESS. dag_id=dbt_orchestrator, task_id=dbt_run_fact.dbt_run_fact_model_fact_sales, run_id=scheduled__2024-12-11T16:45:00+00:00, execution_date=20241211T164500, start_date=20241211T170854, end_date=20241211T170858
[2024-12-11T17:08:58.534+0000] {local_task_job_runner.py:240} INFO - Task exited with return code 0
[2024-12-11T17:08:58.561+0000] {taskinstance.py:3498} INFO - 1 downstream tasks scheduled from follow-on schedule check
[2024-12-11T17:08:58.562+0000] {local_task_job_runner.py:222} INFO - ::endgroup::
