[2024-12-12T09:30:12.489+0000] {local_task_job_runner.py:120} INFO - ::group::Pre task execution logs
[2024-12-12T09:30:12.566+0000] {taskinstance.py:2076} INFO - Dependencies all met for dep_context=non-requeueable deps ti=<TaskInstance: dbt_orchestrator.dbt_run_staging.dbt_run_stg_order scheduled__2024-12-12T09:15:00+00:00 [queued]>
[2024-12-12T09:30:12.591+0000] {taskinstance.py:2076} INFO - Dependencies all met for dep_context=requeueable deps ti=<TaskInstance: dbt_orchestrator.dbt_run_staging.dbt_run_stg_order scheduled__2024-12-12T09:15:00+00:00 [queued]>
[2024-12-12T09:30:12.592+0000] {taskinstance.py:2306} INFO - Starting attempt 1 of 1
[2024-12-12T09:30:12.623+0000] {taskinstance.py:2330} INFO - Executing <Task(BashOperator): dbt_run_staging.dbt_run_stg_order> on 2024-12-12 09:15:00+00:00
[2024-12-12T09:30:12.639+0000] {standard_task_runner.py:63} INFO - Started process 3469 to run task
[2024-12-12T09:30:12.644+0000] {standard_task_runner.py:90} INFO - Running: ['***', 'tasks', 'run', 'dbt_orchestrator', 'dbt_run_staging.dbt_run_stg_order', 'scheduled__2024-12-12T09:15:00+00:00', '--job-id', '456', '--raw', '--subdir', 'DAGS_FOLDER/pipeline.py', '--cfg-path', '/tmp/tmpzlx6a9vd']
[2024-12-12T09:30:12.647+0000] {standard_task_runner.py:91} INFO - Job 456: Subtask dbt_run_staging.dbt_run_stg_order
[2024-12-12T09:30:12.749+0000] {task_command.py:426} INFO - Running <TaskInstance: dbt_orchestrator.dbt_run_staging.dbt_run_stg_order scheduled__2024-12-12T09:15:00+00:00 [running]> on host 34fdc836a0bb
[2024-12-12T09:30:12.938+0000] {taskinstance.py:2648} INFO - Exporting env vars: AIRFLOW_CTX_DAG_OWNER='ma7moud' AIRFLOW_CTX_DAG_ID='dbt_orchestrator' AIRFLOW_CTX_TASK_ID='dbt_run_staging.dbt_run_stg_order' AIRFLOW_CTX_EXECUTION_DATE='2024-12-12T09:15:00+00:00' AIRFLOW_CTX_TRY_NUMBER='1' AIRFLOW_CTX_DAG_RUN_ID='scheduled__2024-12-12T09:15:00+00:00'
[2024-12-12T09:30:12.939+0000] {taskinstance.py:430} INFO - ::endgroup::
[2024-12-12T09:30:12.957+0000] {subprocess.py:63} INFO - Tmp dir root location: /tmp
[2024-12-12T09:30:12.958+0000] {subprocess.py:75} INFO - Running command: ['/usr/bin/bash', '-c', 'dbt run --profiles-dir /opt/***/dbt --project-dir /opt/***/dbt/ecommerce --models stg_order']
[2024-12-12T09:30:12.982+0000] {subprocess.py:86} INFO - Output:
[2024-12-12T09:30:17.524+0000] {subprocess.py:93} INFO - [0m09:30:17  Running with dbt=1.8.0
[2024-12-12T09:30:17.990+0000] {subprocess.py:93} INFO - [0m09:30:17  [[33mWARNING[0m]: Deprecated functionality
[2024-12-12T09:30:17.994+0000] {subprocess.py:93} INFO - The `tests` config has been renamed to `data_tests`. Please see
[2024-12-12T09:30:17.995+0000] {subprocess.py:93} INFO - https://docs.getdbt.com/docs/build/data-tests#new-data_tests-syntax for more
[2024-12-12T09:30:17.996+0000] {subprocess.py:93} INFO - information.
[2024-12-12T09:30:18.542+0000] {subprocess.py:93} INFO - [0m09:30:18  Registered adapter: postgres=1.8.0
[2024-12-12T09:30:20.811+0000] {subprocess.py:93} INFO - [0m09:30:20  Found 15 models, 1 snapshot, 111 data tests, 12 sources, 430 macros
[2024-12-12T09:30:20.822+0000] {subprocess.py:93} INFO - [0m09:30:20
[2024-12-12T09:30:21.550+0000] {subprocess.py:93} INFO - [0m09:30:21  Concurrency: 3 threads (target='dev')
[2024-12-12T09:30:21.551+0000] {subprocess.py:93} INFO - [0m09:30:21
[2024-12-12T09:30:21.562+0000] {subprocess.py:93} INFO - [0m09:30:21  1 of 1 START sql incremental model olap_model_staging_tables.stg_order ......... [RUN]
[2024-12-12T09:30:22.083+0000] {subprocess.py:93} INFO - [0m09:30:22  1 of 1 OK created sql incremental model olap_model_staging_tables.stg_order .... [[32mINSERT 0 622[0m in 0.52s]
[2024-12-12T09:30:22.124+0000] {subprocess.py:93} INFO - [0m09:30:22
[2024-12-12T09:30:22.126+0000] {subprocess.py:93} INFO - [0m09:30:22  Finished running 1 incremental model in 0 hours 0 minutes and 1.30 seconds (1.30s).
[2024-12-12T09:30:22.283+0000] {subprocess.py:93} INFO - [0m09:30:22
[2024-12-12T09:30:22.283+0000] {subprocess.py:93} INFO - [0m09:30:22  [32mCompleted successfully[0m
[2024-12-12T09:30:22.284+0000] {subprocess.py:93} INFO - [0m09:30:22
[2024-12-12T09:30:22.285+0000] {subprocess.py:93} INFO - [0m09:30:22  Done. PASS=1 WARN=0 ERROR=0 SKIP=0 TOTAL=1
[2024-12-12T09:30:23.415+0000] {subprocess.py:97} INFO - Command exited with return code 0
[2024-12-12T09:30:23.415+0000] {taskinstance.py:441} INFO - ::group::Post task execution logs
[2024-12-12T09:30:23.445+0000] {taskinstance.py:1206} INFO - Marking task as SUCCESS. dag_id=dbt_orchestrator, task_id=dbt_run_staging.dbt_run_stg_order, run_id=scheduled__2024-12-12T09:15:00+00:00, execution_date=20241212T091500, start_date=20241212T093012, end_date=20241212T093023
[2024-12-12T09:30:23.491+0000] {local_task_job_runner.py:240} INFO - Task exited with return code 0
[2024-12-12T09:30:23.519+0000] {taskinstance.py:3498} INFO - 0 downstream tasks scheduled from follow-on schedule check
[2024-12-12T09:30:23.521+0000] {local_task_job_runner.py:222} INFO - ::endgroup::
