[2024-12-12T08:07:13.291+0000] {local_task_job_runner.py:120} INFO - ::group::Pre task execution logs
[2024-12-12T08:07:13.365+0000] {taskinstance.py:2076} INFO - Dependencies all met for dep_context=non-requeueable deps ti=<TaskInstance: dbt_orchestrator.dbt_run_staging.dbt_run_stg_store scheduled__2024-12-12T07:45:00+00:00 [queued]>
[2024-12-12T08:07:13.411+0000] {taskinstance.py:2076} INFO - Dependencies all met for dep_context=requeueable deps ti=<TaskInstance: dbt_orchestrator.dbt_run_staging.dbt_run_stg_store scheduled__2024-12-12T07:45:00+00:00 [queued]>
[2024-12-12T08:07:13.414+0000] {taskinstance.py:2306} INFO - Starting attempt 1 of 1
[2024-12-12T08:07:13.485+0000] {taskinstance.py:2330} INFO - Executing <Task(BashOperator): dbt_run_staging.dbt_run_stg_store> on 2024-12-12 07:45:00+00:00
[2024-12-12T08:07:13.516+0000] {standard_task_runner.py:63} INFO - Started process 143 to run task
[2024-12-12T08:07:13.536+0000] {standard_task_runner.py:90} INFO - Running: ['***', 'tasks', 'run', 'dbt_orchestrator', 'dbt_run_staging.dbt_run_stg_store', 'scheduled__2024-12-12T07:45:00+00:00', '--job-id', '128', '--raw', '--subdir', 'DAGS_FOLDER/pipeline.py', '--cfg-path', '/tmp/tmp821dru2w']
[2024-12-12T08:07:13.558+0000] {standard_task_runner.py:91} INFO - Job 128: Subtask dbt_run_staging.dbt_run_stg_store
[2024-12-12T08:07:13.840+0000] {task_command.py:426} INFO - Running <TaskInstance: dbt_orchestrator.dbt_run_staging.dbt_run_stg_store scheduled__2024-12-12T07:45:00+00:00 [running]> on host 34fdc836a0bb
[2024-12-12T08:07:14.442+0000] {taskinstance.py:2648} INFO - Exporting env vars: AIRFLOW_CTX_DAG_OWNER='ma7moud' AIRFLOW_CTX_DAG_ID='dbt_orchestrator' AIRFLOW_CTX_TASK_ID='dbt_run_staging.dbt_run_stg_store' AIRFLOW_CTX_EXECUTION_DATE='2024-12-12T07:45:00+00:00' AIRFLOW_CTX_TRY_NUMBER='1' AIRFLOW_CTX_DAG_RUN_ID='scheduled__2024-12-12T07:45:00+00:00'
[2024-12-12T08:07:14.443+0000] {taskinstance.py:430} INFO - ::endgroup::
[2024-12-12T08:07:14.578+0000] {subprocess.py:63} INFO - Tmp dir root location: /tmp
[2024-12-12T08:07:14.590+0000] {subprocess.py:75} INFO - Running command: ['/usr/bin/bash', '-c', 'dbt run --profiles-dir /opt/***/dbt --project-dir /opt/***/dbt/ecommerce --models models/staging/stg_store']
[2024-12-12T08:07:14.676+0000] {subprocess.py:86} INFO - Output:
[2024-12-12T08:07:26.758+0000] {subprocess.py:93} INFO - [0m08:07:26  Running with dbt=1.8.0
[2024-12-12T08:07:27.117+0000] {subprocess.py:93} INFO - [0m08:07:27  [[33mWARNING[0m]: Deprecated functionality
[2024-12-12T08:07:27.118+0000] {subprocess.py:93} INFO - The `tests` config has been renamed to `data_tests`. Please see
[2024-12-12T08:07:27.118+0000] {subprocess.py:93} INFO - https://docs.getdbt.com/docs/build/data-tests#new-data_tests-syntax for more
[2024-12-12T08:07:27.119+0000] {subprocess.py:93} INFO - information.
[2024-12-12T08:07:28.540+0000] {subprocess.py:93} INFO - [0m08:07:28  Registered adapter: postgres=1.8.0
[2024-12-12T08:07:31.083+0000] {subprocess.py:93} INFO - [0m08:07:31  [[33mWARNING[0m]: Configuration paths exist in your dbt_project.yml file which do not apply to any resources.
[2024-12-12T08:07:31.084+0000] {subprocess.py:93} INFO - There are 2 unused configuration paths:
[2024-12-12T08:07:31.085+0000] {subprocess.py:93} INFO - - models.ecommerce.staging.dimensions
[2024-12-12T08:07:31.085+0000] {subprocess.py:93} INFO - - models.ecommerce.staging.fact
[2024-12-12T08:07:32.096+0000] {subprocess.py:93} INFO - [0m08:07:32  Found 15 models, 1 snapshot, 112 data tests, 12 sources, 430 macros
[2024-12-12T08:07:32.104+0000] {subprocess.py:93} INFO - [0m08:07:32  The selection criterion 'models/staging/stg_store' does not match any enabled nodes
[2024-12-12T08:07:32.109+0000] {subprocess.py:93} INFO - [0m08:07:32
[2024-12-12T08:07:32.111+0000] {subprocess.py:93} INFO - [0m08:07:32  Nothing to do. Try checking your model configs and model specification args
[2024-12-12T08:07:34.036+0000] {subprocess.py:97} INFO - Command exited with return code 0
[2024-12-12T08:07:34.037+0000] {taskinstance.py:441} INFO - ::group::Post task execution logs
[2024-12-12T08:07:34.098+0000] {taskinstance.py:1206} INFO - Marking task as SUCCESS. dag_id=dbt_orchestrator, task_id=dbt_run_staging.dbt_run_stg_store, run_id=scheduled__2024-12-12T07:45:00+00:00, execution_date=20241212T074500, start_date=20241212T080713, end_date=20241212T080734
[2024-12-12T08:07:34.173+0000] {local_task_job_runner.py:240} INFO - Task exited with return code 0
[2024-12-12T08:07:34.199+0000] {local_task_job_runner.py:222} INFO - ::endgroup::
