[2024-12-12T09:23:01.651+0000] {local_task_job_runner.py:120} INFO - ::group::Pre task execution logs
[2024-12-12T09:23:01.698+0000] {taskinstance.py:2076} INFO - Dependencies all met for dep_context=non-requeueable deps ti=<TaskInstance: dbt_orchestrator.dbt_run_staging.dbt_run_stg_date scheduled__2024-12-12T09:00:00+00:00 [queued]>
[2024-12-12T09:23:01.715+0000] {taskinstance.py:2076} INFO - Dependencies all met for dep_context=requeueable deps ti=<TaskInstance: dbt_orchestrator.dbt_run_staging.dbt_run_stg_date scheduled__2024-12-12T09:00:00+00:00 [queued]>
[2024-12-12T09:23:01.716+0000] {taskinstance.py:2306} INFO - Starting attempt 1 of 1
[2024-12-12T09:23:01.754+0000] {taskinstance.py:2330} INFO - Executing <Task(BashOperator): dbt_run_staging.dbt_run_stg_date> on 2024-12-12 09:00:00+00:00
[2024-12-12T09:23:01.774+0000] {standard_task_runner.py:63} INFO - Started process 3156 to run task
[2024-12-12T09:23:01.789+0000] {standard_task_runner.py:90} INFO - Running: ['***', 'tasks', 'run', 'dbt_orchestrator', 'dbt_run_staging.dbt_run_stg_date', 'scheduled__2024-12-12T09:00:00+00:00', '--job-id', '436', '--raw', '--subdir', 'DAGS_FOLDER/pipeline.py', '--cfg-path', '/tmp/tmp5ea1no3s']
[2024-12-12T09:23:01.792+0000] {standard_task_runner.py:91} INFO - Job 436: Subtask dbt_run_staging.dbt_run_stg_date
[2024-12-12T09:23:01.889+0000] {task_command.py:426} INFO - Running <TaskInstance: dbt_orchestrator.dbt_run_staging.dbt_run_stg_date scheduled__2024-12-12T09:00:00+00:00 [running]> on host 34fdc836a0bb
[2024-12-12T09:23:02.118+0000] {taskinstance.py:2648} INFO - Exporting env vars: AIRFLOW_CTX_DAG_OWNER='ma7moud' AIRFLOW_CTX_DAG_ID='dbt_orchestrator' AIRFLOW_CTX_TASK_ID='dbt_run_staging.dbt_run_stg_date' AIRFLOW_CTX_EXECUTION_DATE='2024-12-12T09:00:00+00:00' AIRFLOW_CTX_TRY_NUMBER='1' AIRFLOW_CTX_DAG_RUN_ID='scheduled__2024-12-12T09:00:00+00:00'
[2024-12-12T09:23:02.119+0000] {taskinstance.py:430} INFO - ::endgroup::
[2024-12-12T09:23:02.144+0000] {subprocess.py:63} INFO - Tmp dir root location: /tmp
[2024-12-12T09:23:02.145+0000] {subprocess.py:75} INFO - Running command: ['/usr/bin/bash', '-c', 'dbt run --profiles-dir /opt/***/dbt --project-dir /opt/***/dbt/ecommerce --models stg_date']
[2024-12-12T09:23:02.168+0000] {subprocess.py:86} INFO - Output:
[2024-12-12T09:23:07.378+0000] {subprocess.py:93} INFO - [0m09:23:07  Running with dbt=1.8.0
[2024-12-12T09:23:07.724+0000] {subprocess.py:93} INFO - [0m09:23:07  [[33mWARNING[0m]: Deprecated functionality
[2024-12-12T09:23:07.726+0000] {subprocess.py:93} INFO - The `tests` config has been renamed to `data_tests`. Please see
[2024-12-12T09:23:07.729+0000] {subprocess.py:93} INFO - https://docs.getdbt.com/docs/build/data-tests#new-data_tests-syntax for more
[2024-12-12T09:23:07.731+0000] {subprocess.py:93} INFO - information.
[2024-12-12T09:23:08.154+0000] {subprocess.py:93} INFO - [0m09:23:08  Registered adapter: postgres=1.8.0
[2024-12-12T09:23:10.405+0000] {subprocess.py:93} INFO - [0m09:23:10  Found 15 models, 1 snapshot, 112 data tests, 12 sources, 430 macros
[2024-12-12T09:23:10.414+0000] {subprocess.py:93} INFO - [0m09:23:10
[2024-12-12T09:23:10.984+0000] {subprocess.py:93} INFO - [0m09:23:10  Concurrency: 3 threads (target='dev')
[2024-12-12T09:23:10.991+0000] {subprocess.py:93} INFO - [0m09:23:10
[2024-12-12T09:23:11.002+0000] {subprocess.py:93} INFO - [0m09:23:11  1 of 1 START sql incremental model olap_model_staging_tables.stg_date .......... [RUN]
[2024-12-12T09:23:11.414+0000] {subprocess.py:93} INFO - [0m09:23:11  1 of 1 OK created sql incremental model olap_model_staging_tables.stg_date ..... [[32mSELECT 402[0m in 0.40s]
[2024-12-12T09:23:11.472+0000] {subprocess.py:93} INFO - [0m09:23:11
[2024-12-12T09:23:11.473+0000] {subprocess.py:93} INFO - [0m09:23:11  Finished running 1 incremental model in 0 hours 0 minutes and 1.05 seconds (1.05s).
[2024-12-12T09:23:11.747+0000] {subprocess.py:93} INFO - [0m09:23:11
[2024-12-12T09:23:11.754+0000] {subprocess.py:93} INFO - [0m09:23:11  [32mCompleted successfully[0m
[2024-12-12T09:23:11.755+0000] {subprocess.py:93} INFO - [0m09:23:11
[2024-12-12T09:23:11.755+0000] {subprocess.py:93} INFO - [0m09:23:11  Done. PASS=1 WARN=0 ERROR=0 SKIP=0 TOTAL=1
[2024-12-12T09:23:13.103+0000] {subprocess.py:97} INFO - Command exited with return code 0
[2024-12-12T09:23:13.106+0000] {taskinstance.py:441} INFO - ::group::Post task execution logs
[2024-12-12T09:23:13.213+0000] {taskinstance.py:1206} INFO - Marking task as SUCCESS. dag_id=dbt_orchestrator, task_id=dbt_run_staging.dbt_run_stg_date, run_id=scheduled__2024-12-12T09:00:00+00:00, execution_date=20241212T090000, start_date=20241212T092301, end_date=20241212T092313
[2024-12-12T09:23:13.290+0000] {local_task_job_runner.py:240} INFO - Task exited with return code 0
[2024-12-12T09:23:13.404+0000] {taskinstance.py:3498} INFO - 0 downstream tasks scheduled from follow-on schedule check
[2024-12-12T09:23:13.407+0000] {local_task_job_runner.py:222} INFO - ::endgroup::
