[2024-12-12T09:30:24.939+0000] {local_task_job_runner.py:120} INFO - ::group::Pre task execution logs
[2024-12-12T09:30:24.992+0000] {taskinstance.py:2076} INFO - Dependencies all met for dep_context=non-requeueable deps ti=<TaskInstance: dbt_orchestrator.dbt_run_dimensions.dbt_run_store_dim scheduled__2024-12-12T09:15:00+00:00 [queued]>
[2024-12-12T09:30:25.008+0000] {taskinstance.py:2076} INFO - Dependencies all met for dep_context=requeueable deps ti=<TaskInstance: dbt_orchestrator.dbt_run_dimensions.dbt_run_store_dim scheduled__2024-12-12T09:15:00+00:00 [queued]>
[2024-12-12T09:30:25.009+0000] {taskinstance.py:2306} INFO - Starting attempt 1 of 1
[2024-12-12T09:30:25.035+0000] {taskinstance.py:2330} INFO - Executing <Task(BashOperator): dbt_run_dimensions.dbt_run_store_dim> on 2024-12-12 09:15:00+00:00
[2024-12-12T09:30:25.043+0000] {standard_task_runner.py:63} INFO - Started process 3584 to run task
[2024-12-12T09:30:25.047+0000] {standard_task_runner.py:90} INFO - Running: ['***', 'tasks', 'run', 'dbt_orchestrator', 'dbt_run_dimensions.dbt_run_store_dim', 'scheduled__2024-12-12T09:15:00+00:00', '--job-id', '460', '--raw', '--subdir', 'DAGS_FOLDER/pipeline.py', '--cfg-path', '/tmp/tmpq0yf6bsx']
[2024-12-12T09:30:25.048+0000] {standard_task_runner.py:91} INFO - Job 460: Subtask dbt_run_dimensions.dbt_run_store_dim
[2024-12-12T09:30:25.118+0000] {task_command.py:426} INFO - Running <TaskInstance: dbt_orchestrator.dbt_run_dimensions.dbt_run_store_dim scheduled__2024-12-12T09:15:00+00:00 [running]> on host 34fdc836a0bb
[2024-12-12T09:30:25.272+0000] {taskinstance.py:2648} INFO - Exporting env vars: AIRFLOW_CTX_DAG_OWNER='ma7moud' AIRFLOW_CTX_DAG_ID='dbt_orchestrator' AIRFLOW_CTX_TASK_ID='dbt_run_dimensions.dbt_run_store_dim' AIRFLOW_CTX_EXECUTION_DATE='2024-12-12T09:15:00+00:00' AIRFLOW_CTX_TRY_NUMBER='1' AIRFLOW_CTX_DAG_RUN_ID='scheduled__2024-12-12T09:15:00+00:00'
[2024-12-12T09:30:25.274+0000] {taskinstance.py:430} INFO - ::endgroup::
[2024-12-12T09:30:25.295+0000] {subprocess.py:63} INFO - Tmp dir root location: /tmp
[2024-12-12T09:30:25.296+0000] {subprocess.py:75} INFO - Running command: ['/usr/bin/bash', '-c', 'dbt run --profiles-dir /opt/***/dbt --project-dir /opt/***/dbt/ecommerce --models store_dim']
[2024-12-12T09:30:25.315+0000] {subprocess.py:86} INFO - Output:
[2024-12-12T09:30:28.605+0000] {subprocess.py:93} INFO - [0m09:30:28  Running with dbt=1.8.0
[2024-12-12T09:30:28.860+0000] {subprocess.py:93} INFO - [0m09:30:28  [[33mWARNING[0m]: Deprecated functionality
[2024-12-12T09:30:28.861+0000] {subprocess.py:93} INFO - The `tests` config has been renamed to `data_tests`. Please see
[2024-12-12T09:30:28.861+0000] {subprocess.py:93} INFO - https://docs.getdbt.com/docs/build/data-tests#new-data_tests-syntax for more
[2024-12-12T09:30:28.861+0000] {subprocess.py:93} INFO - information.
[2024-12-12T09:30:29.132+0000] {subprocess.py:93} INFO - [0m09:30:29  Registered adapter: postgres=1.8.0
[2024-12-12T09:30:30.584+0000] {subprocess.py:93} INFO - [0m09:30:30  Found 15 models, 1 snapshot, 111 data tests, 12 sources, 430 macros
[2024-12-12T09:30:30.590+0000] {subprocess.py:93} INFO - [0m09:30:30
[2024-12-12T09:30:30.982+0000] {subprocess.py:93} INFO - [0m09:30:30  Concurrency: 3 threads (target='dev')
[2024-12-12T09:30:30.988+0000] {subprocess.py:93} INFO - [0m09:30:30
[2024-12-12T09:30:30.992+0000] {subprocess.py:93} INFO - [0m09:30:30  1 of 1 START sql incremental model olap_model.store_dim ........................ [RUN]
[2024-12-12T09:30:31.443+0000] {subprocess.py:93} INFO - [0m09:30:31  1 of 1 OK created sql incremental model olap_model.store_dim ................... [[32mINSERT 0 5[0m in 0.45s]
[2024-12-12T09:30:31.462+0000] {subprocess.py:93} INFO - [0m09:30:31
[2024-12-12T09:30:31.463+0000] {subprocess.py:93} INFO - [0m09:30:31  Finished running 1 incremental model in 0 hours 0 minutes and 0.87 seconds (0.87s).
[2024-12-12T09:30:31.650+0000] {subprocess.py:93} INFO - [0m09:30:31
[2024-12-12T09:30:31.651+0000] {subprocess.py:93} INFO - [0m09:30:31  [32mCompleted successfully[0m
[2024-12-12T09:30:31.652+0000] {subprocess.py:93} INFO - [0m09:30:31
[2024-12-12T09:30:31.655+0000] {subprocess.py:93} INFO - [0m09:30:31  Done. PASS=1 WARN=0 ERROR=0 SKIP=0 TOTAL=1
[2024-12-12T09:30:32.648+0000] {subprocess.py:97} INFO - Command exited with return code 0
[2024-12-12T09:30:32.648+0000] {taskinstance.py:441} INFO - ::group::Post task execution logs
[2024-12-12T09:30:32.675+0000] {taskinstance.py:1206} INFO - Marking task as SUCCESS. dag_id=dbt_orchestrator, task_id=dbt_run_dimensions.dbt_run_store_dim, run_id=scheduled__2024-12-12T09:15:00+00:00, execution_date=20241212T091500, start_date=20241212T093024, end_date=20241212T093032
[2024-12-12T09:30:32.730+0000] {local_task_job_runner.py:240} INFO - Task exited with return code 0
[2024-12-12T09:30:32.761+0000] {taskinstance.py:3498} INFO - 0 downstream tasks scheduled from follow-on schedule check
[2024-12-12T09:30:32.762+0000] {local_task_job_runner.py:222} INFO - ::endgroup::
