[2024-12-12T09:10:06.169+0000] {local_task_job_runner.py:120} INFO - ::group::Pre task execution logs
[2024-12-12T09:10:06.218+0000] {taskinstance.py:2076} INFO - Dependencies all met for dep_context=non-requeueable deps ti=<TaskInstance: dbt_orchestrator.dbt_run_staging.dbt_run_stg_customers scheduled__2024-12-12T08:45:00+00:00 [queued]>
[2024-12-12T09:10:06.242+0000] {taskinstance.py:2076} INFO - Dependencies all met for dep_context=requeueable deps ti=<TaskInstance: dbt_orchestrator.dbt_run_staging.dbt_run_stg_customers scheduled__2024-12-12T08:45:00+00:00 [queued]>
[2024-12-12T09:10:06.242+0000] {taskinstance.py:2306} INFO - Starting attempt 3 of 3
[2024-12-12T09:10:06.276+0000] {taskinstance.py:2330} INFO - Executing <Task(BashOperator): dbt_run_staging.dbt_run_stg_customers> on 2024-12-12 08:45:00+00:00
[2024-12-12T09:10:06.300+0000] {standard_task_runner.py:63} INFO - Started process 2876 to run task
[2024-12-12T09:10:06.306+0000] {standard_task_runner.py:90} INFO - Running: ['***', 'tasks', 'run', 'dbt_orchestrator', 'dbt_run_staging.dbt_run_stg_customers', 'scheduled__2024-12-12T08:45:00+00:00', '--job-id', '411', '--raw', '--subdir', 'DAGS_FOLDER/pipeline.py', '--cfg-path', '/tmp/tmper4rlrfr']
[2024-12-12T09:10:06.307+0000] {standard_task_runner.py:91} INFO - Job 411: Subtask dbt_run_staging.dbt_run_stg_customers
[2024-12-12T09:10:06.412+0000] {task_command.py:426} INFO - Running <TaskInstance: dbt_orchestrator.dbt_run_staging.dbt_run_stg_customers scheduled__2024-12-12T08:45:00+00:00 [running]> on host 34fdc836a0bb
[2024-12-12T09:10:06.696+0000] {taskinstance.py:2648} INFO - Exporting env vars: AIRFLOW_CTX_DAG_OWNER='ma7moud' AIRFLOW_CTX_DAG_ID='dbt_orchestrator' AIRFLOW_CTX_TASK_ID='dbt_run_staging.dbt_run_stg_customers' AIRFLOW_CTX_EXECUTION_DATE='2024-12-12T08:45:00+00:00' AIRFLOW_CTX_TRY_NUMBER='3' AIRFLOW_CTX_DAG_RUN_ID='scheduled__2024-12-12T08:45:00+00:00'
[2024-12-12T09:10:06.701+0000] {taskinstance.py:430} INFO - ::endgroup::
[2024-12-12T09:10:06.728+0000] {subprocess.py:63} INFO - Tmp dir root location: /tmp
[2024-12-12T09:10:06.730+0000] {subprocess.py:75} INFO - Running command: ['/usr/bin/bash', '-c', 'dbt run --profiles-dir /opt/***/dbt --project-dir /opt/***/dbt/ecommerce --models stg_customers']
[2024-12-12T09:10:06.772+0000] {subprocess.py:86} INFO - Output:
[2024-12-12T09:10:12.954+0000] {subprocess.py:93} INFO - [0m09:10:12  Running with dbt=1.8.0
[2024-12-12T09:10:13.484+0000] {subprocess.py:93} INFO - [0m09:10:13  [[33mWARNING[0m]: Deprecated functionality
[2024-12-12T09:10:13.485+0000] {subprocess.py:93} INFO - The `tests` config has been renamed to `data_tests`. Please see
[2024-12-12T09:10:13.485+0000] {subprocess.py:93} INFO - https://docs.getdbt.com/docs/build/data-tests#new-data_tests-syntax for more
[2024-12-12T09:10:13.489+0000] {subprocess.py:93} INFO - information.
[2024-12-12T09:10:14.065+0000] {subprocess.py:93} INFO - [0m09:10:14  Registered adapter: postgres=1.8.0
[2024-12-12T09:10:16.781+0000] {subprocess.py:93} INFO - [0m09:10:16  Found 15 models, 1 snapshot, 112 data tests, 12 sources, 430 macros
[2024-12-12T09:10:16.795+0000] {subprocess.py:93} INFO - [0m09:10:16
[2024-12-12T09:10:17.678+0000] {subprocess.py:93} INFO - [0m09:10:17  Concurrency: 3 threads (target='dev')
[2024-12-12T09:10:17.684+0000] {subprocess.py:93} INFO - [0m09:10:17
[2024-12-12T09:10:17.704+0000] {subprocess.py:93} INFO - [0m09:10:17  1 of 1 START sql incremental model olap_model_staging_tables.stg_customers ..... [RUN]
[2024-12-12T09:10:18.184+0000] {subprocess.py:93} INFO - [0m09:10:18  1 of 1 OK created sql incremental model olap_model_staging_tables.stg_customers  [[32mSELECT 109[0m in 0.47s]
[2024-12-12T09:10:18.252+0000] {subprocess.py:93} INFO - [0m09:10:18
[2024-12-12T09:10:18.254+0000] {subprocess.py:93} INFO - [0m09:10:18  Finished running 1 incremental model in 0 hours 0 minutes and 1.45 seconds (1.45s).
[2024-12-12T09:10:18.433+0000] {subprocess.py:93} INFO - [0m09:10:18
[2024-12-12T09:10:18.435+0000] {subprocess.py:93} INFO - [0m09:10:18  [32mCompleted successfully[0m
[2024-12-12T09:10:18.437+0000] {subprocess.py:93} INFO - [0m09:10:18
[2024-12-12T09:10:18.442+0000] {subprocess.py:93} INFO - [0m09:10:18  Done. PASS=1 WARN=0 ERROR=0 SKIP=0 TOTAL=1
[2024-12-12T09:10:19.698+0000] {subprocess.py:97} INFO - Command exited with return code 0
[2024-12-12T09:10:19.699+0000] {taskinstance.py:441} INFO - ::group::Post task execution logs
[2024-12-12T09:10:19.738+0000] {taskinstance.py:1206} INFO - Marking task as SUCCESS. dag_id=dbt_orchestrator, task_id=dbt_run_staging.dbt_run_stg_customers, run_id=scheduled__2024-12-12T08:45:00+00:00, execution_date=20241212T084500, start_date=20241212T091006, end_date=20241212T091019
[2024-12-12T09:10:19.797+0000] {local_task_job_runner.py:240} INFO - Task exited with return code 0
[2024-12-12T09:10:19.839+0000] {taskinstance.py:3498} INFO - 0 downstream tasks scheduled from follow-on schedule check
[2024-12-12T09:10:19.841+0000] {local_task_job_runner.py:222} INFO - ::endgroup::
