[2024-12-12T09:06:09.115+0000] {local_task_job_runner.py:120} INFO - ::group::Pre task execution logs
[2024-12-12T09:06:09.176+0000] {taskinstance.py:2076} INFO - Dependencies all met for dep_context=non-requeueable deps ti=<TaskInstance: dbt_orchestrator.dbt_run_staging.dbt_run_stg_customers scheduled__2024-12-12T08:45:00+00:00 [queued]>
[2024-12-12T09:06:09.195+0000] {taskinstance.py:2076} INFO - Dependencies all met for dep_context=requeueable deps ti=<TaskInstance: dbt_orchestrator.dbt_run_staging.dbt_run_stg_customers scheduled__2024-12-12T08:45:00+00:00 [queued]>
[2024-12-12T09:06:09.196+0000] {taskinstance.py:2306} INFO - Starting attempt 2 of 2
[2024-12-12T09:06:09.233+0000] {taskinstance.py:2330} INFO - Executing <Task(BashOperator): dbt_run_staging.dbt_run_stg_customers> on 2024-12-12 08:45:00+00:00
[2024-12-12T09:06:09.243+0000] {standard_task_runner.py:63} INFO - Started process 2615 to run task
[2024-12-12T09:06:09.251+0000] {standard_task_runner.py:90} INFO - Running: ['***', 'tasks', 'run', 'dbt_orchestrator', 'dbt_run_staging.dbt_run_stg_customers', 'scheduled__2024-12-12T08:45:00+00:00', '--job-id', '399', '--raw', '--subdir', 'DAGS_FOLDER/pipeline.py', '--cfg-path', '/tmp/tmpb43kltrl']
[2024-12-12T09:06:09.255+0000] {standard_task_runner.py:91} INFO - Job 399: Subtask dbt_run_staging.dbt_run_stg_customers
[2024-12-12T09:06:09.375+0000] {task_command.py:426} INFO - Running <TaskInstance: dbt_orchestrator.dbt_run_staging.dbt_run_stg_customers scheduled__2024-12-12T08:45:00+00:00 [running]> on host 34fdc836a0bb
[2024-12-12T09:06:09.621+0000] {taskinstance.py:2648} INFO - Exporting env vars: AIRFLOW_CTX_DAG_OWNER='ma7moud' AIRFLOW_CTX_DAG_ID='dbt_orchestrator' AIRFLOW_CTX_TASK_ID='dbt_run_staging.dbt_run_stg_customers' AIRFLOW_CTX_EXECUTION_DATE='2024-12-12T08:45:00+00:00' AIRFLOW_CTX_TRY_NUMBER='2' AIRFLOW_CTX_DAG_RUN_ID='scheduled__2024-12-12T08:45:00+00:00'
[2024-12-12T09:06:09.622+0000] {taskinstance.py:430} INFO - ::endgroup::
[2024-12-12T09:06:09.647+0000] {subprocess.py:63} INFO - Tmp dir root location: /tmp
[2024-12-12T09:06:09.648+0000] {subprocess.py:75} INFO - Running command: ['/usr/bin/bash', '-c', 'dbt run --profiles-dir /opt/***/dbt --project-dir /opt/***/dbt/ecommerce --models stg_customers']
[2024-12-12T09:06:09.692+0000] {subprocess.py:86} INFO - Output:
[2024-12-12T09:06:15.169+0000] {subprocess.py:93} INFO - [0m09:06:15  Running with dbt=1.8.0
[2024-12-12T09:06:15.977+0000] {subprocess.py:93} INFO - [0m09:06:15  [[33mWARNING[0m]: Deprecated functionality
[2024-12-12T09:06:15.980+0000] {subprocess.py:93} INFO - The `tests` config has been renamed to `data_tests`. Please see
[2024-12-12T09:06:15.984+0000] {subprocess.py:93} INFO - https://docs.getdbt.com/docs/build/data-tests#new-data_tests-syntax for more
[2024-12-12T09:06:15.985+0000] {subprocess.py:93} INFO - information.
[2024-12-12T09:06:16.716+0000] {subprocess.py:93} INFO - [0m09:06:16  Registered adapter: postgres=1.8.0
[2024-12-12T09:06:18.791+0000] {subprocess.py:93} INFO - [0m09:06:18  Found 15 models, 1 snapshot, 112 data tests, 12 sources, 430 macros
[2024-12-12T09:06:18.808+0000] {subprocess.py:93} INFO - [0m09:06:18
[2024-12-12T09:06:20.169+0000] {subprocess.py:93} INFO - [0m09:06:20  Concurrency: 3 threads (target='dev')
[2024-12-12T09:06:20.179+0000] {subprocess.py:93} INFO - [0m09:06:20
[2024-12-12T09:06:20.199+0000] {subprocess.py:93} INFO - [0m09:06:20  1 of 1 START sql incremental model oltp_staging_tables.stg_customers ........... [RUN]
[2024-12-12T09:06:21.484+0000] {subprocess.py:93} INFO - [0m09:06:21  1 of 1 OK created sql incremental model oltp_staging_tables.stg_customers ...... [[32mINSERT 0 109[0m in 1.28s]
[2024-12-12T09:06:21.556+0000] {subprocess.py:93} INFO - [0m09:06:21
[2024-12-12T09:06:21.559+0000] {subprocess.py:93} INFO - [0m09:06:21  Finished running 1 incremental model in 0 hours 0 minutes and 2.74 seconds (2.74s).
[2024-12-12T09:06:21.778+0000] {subprocess.py:93} INFO - [0m09:06:21
[2024-12-12T09:06:21.778+0000] {subprocess.py:93} INFO - [0m09:06:21  [32mCompleted successfully[0m
[2024-12-12T09:06:21.781+0000] {subprocess.py:93} INFO - [0m09:06:21
[2024-12-12T09:06:21.782+0000] {subprocess.py:93} INFO - [0m09:06:21  Done. PASS=1 WARN=0 ERROR=0 SKIP=0 TOTAL=1
[2024-12-12T09:06:23.099+0000] {subprocess.py:97} INFO - Command exited with return code 0
[2024-12-12T09:06:23.101+0000] {taskinstance.py:441} INFO - ::group::Post task execution logs
[2024-12-12T09:06:23.142+0000] {taskinstance.py:1206} INFO - Marking task as SUCCESS. dag_id=dbt_orchestrator, task_id=dbt_run_staging.dbt_run_stg_customers, run_id=scheduled__2024-12-12T08:45:00+00:00, execution_date=20241212T084500, start_date=20241212T090609, end_date=20241212T090623
[2024-12-12T09:06:23.181+0000] {local_task_job_runner.py:240} INFO - Task exited with return code 0
[2024-12-12T09:06:23.238+0000] {taskinstance.py:3498} INFO - 0 downstream tasks scheduled from follow-on schedule check
[2024-12-12T09:06:23.239+0000] {local_task_job_runner.py:222} INFO - ::endgroup::
