[2024-12-11T16:10:47.604+0000] {local_task_job_runner.py:120} INFO - ::group::Pre task execution logs
[2024-12-11T16:10:47.631+0000] {taskinstance.py:2076} INFO - Dependencies all met for dep_context=non-requeueable deps ti=<TaskInstance: dbt_orchestrator.dbt_run_staging.dbt_run_staging manual__2024-12-11T16:10:36.196701+00:00 [queued]>
[2024-12-11T16:10:47.640+0000] {taskinstance.py:2076} INFO - Dependencies all met for dep_context=requeueable deps ti=<TaskInstance: dbt_orchestrator.dbt_run_staging.dbt_run_staging manual__2024-12-11T16:10:36.196701+00:00 [queued]>
[2024-12-11T16:10:47.640+0000] {taskinstance.py:2306} INFO - Starting attempt 1 of 1
[2024-12-11T16:10:47.652+0000] {taskinstance.py:2330} INFO - Executing <Task(BashOperator): dbt_run_staging.dbt_run_staging> on 2024-12-11 16:10:36.196701+00:00
[2024-12-11T16:10:47.658+0000] {standard_task_runner.py:63} INFO - Started process 140 to run task
[2024-12-11T16:10:47.661+0000] {standard_task_runner.py:90} INFO - Running: ['***', 'tasks', 'run', 'dbt_orchestrator', 'dbt_run_staging.dbt_run_staging', 'manual__2024-12-11T16:10:36.196701+00:00', '--job-id', '26', '--raw', '--subdir', 'DAGS_FOLDER/pipeline.py', '--cfg-path', '/tmp/tmp3ayfp82c']
[2024-12-11T16:10:47.662+0000] {standard_task_runner.py:91} INFO - Job 26: Subtask dbt_run_staging.dbt_run_staging
[2024-12-11T16:10:47.702+0000] {task_command.py:426} INFO - Running <TaskInstance: dbt_orchestrator.dbt_run_staging.dbt_run_staging manual__2024-12-11T16:10:36.196701+00:00 [running]> on host 49f8df2c9427
[2024-12-11T16:10:47.785+0000] {taskinstance.py:2648} INFO - Exporting env vars: AIRFLOW_CTX_DAG_OWNER='Mahmoud' AIRFLOW_CTX_DAG_ID='dbt_orchestrator' AIRFLOW_CTX_TASK_ID='dbt_run_staging.dbt_run_staging' AIRFLOW_CTX_EXECUTION_DATE='2024-12-11T16:10:36.196701+00:00' AIRFLOW_CTX_TRY_NUMBER='1' AIRFLOW_CTX_DAG_RUN_ID='manual__2024-12-11T16:10:36.196701+00:00'
[2024-12-11T16:10:47.786+0000] {taskinstance.py:430} INFO - ::endgroup::
[2024-12-11T16:10:47.797+0000] {subprocess.py:63} INFO - Tmp dir root location: /tmp
[2024-12-11T16:10:47.797+0000] {subprocess.py:75} INFO - Running command: ['/usr/bin/bash', '-c', 'dbt run --profiles-dir /opt/***/dbt --project-dir /opt/***/dbt/ecommerce --select models/staging']
[2024-12-11T16:10:47.809+0000] {subprocess.py:86} INFO - Output:
[2024-12-11T16:10:49.621+0000] {subprocess.py:93} INFO - [0m16:10:49  Running with dbt=1.8.0
[2024-12-11T16:10:49.804+0000] {subprocess.py:93} INFO - [0m16:10:49  [[33mWARNING[0m]: Deprecated functionality
[2024-12-11T16:10:49.805+0000] {subprocess.py:93} INFO - The `tests` config has been renamed to `data_tests`. Please see
[2024-12-11T16:10:49.805+0000] {subprocess.py:93} INFO - https://docs.getdbt.com/docs/build/data-tests#new-data_tests-syntax for more
[2024-12-11T16:10:49.805+0000] {subprocess.py:93} INFO - information.
[2024-12-11T16:10:49.953+0000] {subprocess.py:93} INFO - [0m16:10:49  Registered adapter: postgres=1.8.0
[2024-12-11T16:10:50.376+0000] {subprocess.py:93} INFO - [0m16:10:50  [[33mWARNING[0m]: Configuration paths exist in your dbt_project.yml file which do not apply to any resources.
[2024-12-11T16:10:50.376+0000] {subprocess.py:93} INFO - There are 2 unused configuration paths:
[2024-12-11T16:10:50.377+0000] {subprocess.py:93} INFO - - models.ecommerce.marts.dimensions
[2024-12-11T16:10:50.377+0000] {subprocess.py:93} INFO - - models.ecommerce.marts.fact
[2024-12-11T16:10:50.689+0000] {subprocess.py:93} INFO - [0m16:10:50  Found 15 models, 1 snapshot, 112 data tests, 12 sources, 430 macros
[2024-12-11T16:10:50.695+0000] {subprocess.py:93} INFO - [0m16:10:50
[2024-12-11T16:10:50.952+0000] {subprocess.py:93} INFO - [0m16:10:50  Concurrency: 3 threads (target='dev')
[2024-12-11T16:10:50.953+0000] {subprocess.py:93} INFO - [0m16:10:50
[2024-12-11T16:10:50.961+0000] {subprocess.py:93} INFO - [0m16:10:50  1 of 8 START sql incremental model oltp_staging_tables.stg_brand ............... [RUN]
[2024-12-11T16:10:50.962+0000] {subprocess.py:93} INFO - [0m16:10:50  2 of 8 START sql incremental model oltp_staging_tables.stg_customers ........... [RUN]
[2024-12-11T16:10:50.963+0000] {subprocess.py:93} INFO - [0m16:10:50  3 of 8 START sql incremental model oltp_staging_tables.stg_date ................ [RUN]
[2024-12-11T16:10:51.314+0000] {subprocess.py:93} INFO - [0m16:10:51  3 of 8 OK created sql incremental model oltp_staging_tables.stg_date ........... [[32mSELECT 402[0m in 0.34s]
[2024-12-11T16:10:51.323+0000] {subprocess.py:93} INFO - [0m16:10:51  4 of 8 START sql incremental model oltp_staging_tables.stg_order ............... [RUN]
[2024-12-11T16:10:51.341+0000] {subprocess.py:93} INFO - [0m16:10:51  1 of 8 OK created sql incremental model oltp_staging_tables.stg_brand .......... [[32mSELECT 10[0m in 0.38s]
[2024-12-11T16:10:51.342+0000] {subprocess.py:93} INFO - [0m16:10:51  2 of 8 OK created sql incremental model oltp_staging_tables.stg_customers ...... [[32mSELECT 109[0m in 0.38s]
[2024-12-11T16:10:51.353+0000] {subprocess.py:93} INFO - [0m16:10:51  5 of 8 START sql incremental model oltp_staging_tables.stg_order_details ....... [RUN]
[2024-12-11T16:10:51.354+0000] {subprocess.py:93} INFO - [0m16:10:51  6 of 8 START sql incremental model oltp_staging_tables.stg_product ............. [RUN]
[2024-12-11T16:10:51.469+0000] {subprocess.py:93} INFO - [0m16:10:51  4 of 8 OK created sql incremental model oltp_staging_tables.stg_order .......... [[32mSELECT 622[0m in 0.14s]
[2024-12-11T16:10:51.476+0000] {subprocess.py:93} INFO - [0m16:10:51  7 of 8 START sql incremental model oltp_staging_tables.stg_store ............... [RUN]
[2024-12-11T16:10:51.481+0000] {subprocess.py:93} INFO - [0m16:10:51  6 of 8 OK created sql incremental model oltp_staging_tables.stg_product ........ [[32mSELECT 100[0m in 0.12s]
[2024-12-11T16:10:51.493+0000] {subprocess.py:93} INFO - [0m16:10:51  8 of 8 START sql incremental model oltp_staging_tables.stg_suppliers ........... [RUN]
[2024-12-11T16:10:51.511+0000] {subprocess.py:93} INFO - [0m16:10:51  5 of 8 OK created sql incremental model oltp_staging_tables.stg_order_details .. [[32mSELECT 1294[0m in 0.15s]
[2024-12-11T16:10:51.562+0000] {subprocess.py:93} INFO - [0m16:10:51  7 of 8 OK created sql incremental model oltp_staging_tables.stg_store .......... [[32mSELECT 5[0m in 0.08s]
[2024-12-11T16:10:51.565+0000] {subprocess.py:93} INFO - [0m16:10:51  8 of 8 OK created sql incremental model oltp_staging_tables.stg_suppliers ...... [[32mSELECT 5[0m in 0.07s]
[2024-12-11T16:10:51.582+0000] {subprocess.py:93} INFO - [0m16:10:51
[2024-12-11T16:10:51.584+0000] {subprocess.py:93} INFO - [0m16:10:51  Finished running 8 incremental models in 0 hours 0 minutes and 0.89 seconds (0.89s).
[2024-12-11T16:10:51.743+0000] {subprocess.py:93} INFO - [0m16:10:51
[2024-12-11T16:10:51.744+0000] {subprocess.py:93} INFO - [0m16:10:51  [32mCompleted successfully[0m
[2024-12-11T16:10:51.745+0000] {subprocess.py:93} INFO - [0m16:10:51
[2024-12-11T16:10:51.745+0000] {subprocess.py:93} INFO - [0m16:10:51  Done. PASS=8 WARN=0 ERROR=0 SKIP=0 TOTAL=8
[2024-12-11T16:10:52.690+0000] {subprocess.py:97} INFO - Command exited with return code 0
[2024-12-11T16:10:52.692+0000] {taskinstance.py:441} INFO - ::group::Post task execution logs
[2024-12-11T16:10:52.716+0000] {taskinstance.py:1206} INFO - Marking task as SUCCESS. dag_id=dbt_orchestrator, task_id=dbt_run_staging.dbt_run_staging, run_id=manual__2024-12-11T16:10:36.196701+00:00, execution_date=20241211T161036, start_date=20241211T161047, end_date=20241211T161052
[2024-12-11T16:10:52.736+0000] {local_task_job_runner.py:240} INFO - Task exited with return code 0
[2024-12-11T16:10:52.765+0000] {taskinstance.py:3498} INFO - 1 downstream tasks scheduled from follow-on schedule check
[2024-12-11T16:10:52.766+0000] {local_task_job_runner.py:222} INFO - ::endgroup::
