[2024-12-12T08:45:25.307+0000] {local_task_job_runner.py:120} INFO - ::group::Pre task execution logs
[2024-12-12T08:45:25.354+0000] {taskinstance.py:2076} INFO - Dependencies all met for dep_context=non-requeueable deps ti=<TaskInstance: dbt_orchestrator.dbt_run_dimensions.dbt_run_supplier_dim scheduled__2024-12-12T08:30:00+00:00 [queued]>
[2024-12-12T08:45:25.372+0000] {taskinstance.py:2076} INFO - Dependencies all met for dep_context=requeueable deps ti=<TaskInstance: dbt_orchestrator.dbt_run_dimensions.dbt_run_supplier_dim scheduled__2024-12-12T08:30:00+00:00 [queued]>
[2024-12-12T08:45:25.372+0000] {taskinstance.py:2306} INFO - Starting attempt 1 of 1
[2024-12-12T08:45:25.393+0000] {taskinstance.py:2330} INFO - Executing <Task(BashOperator): dbt_run_dimensions.dbt_run_supplier_dim> on 2024-12-12 08:30:00+00:00
[2024-12-12T08:45:25.403+0000] {standard_task_runner.py:63} INFO - Started process 1375 to run task
[2024-12-12T08:45:25.407+0000] {standard_task_runner.py:90} INFO - Running: ['***', 'tasks', 'run', 'dbt_orchestrator', 'dbt_run_dimensions.dbt_run_supplier_dim', 'scheduled__2024-12-12T08:30:00+00:00', '--job-id', '301', '--raw', '--subdir', 'DAGS_FOLDER/pipeline.py', '--cfg-path', '/tmp/tmpe2sjjw4c']
[2024-12-12T08:45:25.409+0000] {standard_task_runner.py:91} INFO - Job 301: Subtask dbt_run_dimensions.dbt_run_supplier_dim
[2024-12-12T08:45:25.490+0000] {task_command.py:426} INFO - Running <TaskInstance: dbt_orchestrator.dbt_run_dimensions.dbt_run_supplier_dim scheduled__2024-12-12T08:30:00+00:00 [running]> on host 34fdc836a0bb
[2024-12-12T08:45:25.643+0000] {taskinstance.py:2648} INFO - Exporting env vars: AIRFLOW_CTX_DAG_OWNER='ma7moud' AIRFLOW_CTX_DAG_ID='dbt_orchestrator' AIRFLOW_CTX_TASK_ID='dbt_run_dimensions.dbt_run_supplier_dim' AIRFLOW_CTX_EXECUTION_DATE='2024-12-12T08:30:00+00:00' AIRFLOW_CTX_TRY_NUMBER='1' AIRFLOW_CTX_DAG_RUN_ID='scheduled__2024-12-12T08:30:00+00:00'
[2024-12-12T08:45:25.644+0000] {taskinstance.py:430} INFO - ::endgroup::
[2024-12-12T08:45:25.663+0000] {subprocess.py:63} INFO - Tmp dir root location: /tmp
[2024-12-12T08:45:25.664+0000] {subprocess.py:75} INFO - Running command: ['/usr/bin/bash', '-c', 'dbt run --profiles-dir /opt/***/dbt --project-dir /opt/***/dbt/ecommerce --models models/olap_model/dimensions/supplier_dim']
[2024-12-12T08:45:25.688+0000] {subprocess.py:86} INFO - Output:
[2024-12-12T08:45:29.672+0000] {subprocess.py:93} INFO - [0m08:45:29  Running with dbt=1.8.0
[2024-12-12T08:45:29.961+0000] {subprocess.py:93} INFO - [0m08:45:29  [[33mWARNING[0m]: Deprecated functionality
[2024-12-12T08:45:29.962+0000] {subprocess.py:93} INFO - The `tests` config has been renamed to `data_tests`. Please see
[2024-12-12T08:45:29.962+0000] {subprocess.py:93} INFO - https://docs.getdbt.com/docs/build/data-tests#new-data_tests-syntax for more
[2024-12-12T08:45:29.963+0000] {subprocess.py:93} INFO - information.
[2024-12-12T08:45:30.212+0000] {subprocess.py:93} INFO - [0m08:45:30  Registered adapter: postgres=1.8.0
[2024-12-12T08:45:31.708+0000] {subprocess.py:93} INFO - [0m08:45:31  Found 15 models, 1 snapshot, 112 data tests, 12 sources, 430 macros
[2024-12-12T08:45:31.717+0000] {subprocess.py:93} INFO - [0m08:45:31  The selection criterion 'models/olap_model/dimensions/supplier_dim' does not match any enabled nodes
[2024-12-12T08:45:31.721+0000] {subprocess.py:93} INFO - [0m08:45:31
[2024-12-12T08:45:31.722+0000] {subprocess.py:93} INFO - [0m08:45:31  Nothing to do. Try checking your model configs and model specification args
[2024-12-12T08:45:32.790+0000] {subprocess.py:97} INFO - Command exited with return code 0
[2024-12-12T08:45:32.791+0000] {taskinstance.py:441} INFO - ::group::Post task execution logs
[2024-12-12T08:45:32.815+0000] {taskinstance.py:1206} INFO - Marking task as SUCCESS. dag_id=dbt_orchestrator, task_id=dbt_run_dimensions.dbt_run_supplier_dim, run_id=scheduled__2024-12-12T08:30:00+00:00, execution_date=20241212T083000, start_date=20241212T084525, end_date=20241212T084532
[2024-12-12T08:45:32.856+0000] {local_task_job_runner.py:240} INFO - Task exited with return code 0
[2024-12-12T08:45:32.884+0000] {taskinstance.py:3498} INFO - 1 downstream tasks scheduled from follow-on schedule check
[2024-12-12T08:45:32.885+0000] {local_task_job_runner.py:222} INFO - ::endgroup::
