[2024-12-12T08:07:13.118+0000] {local_task_job_runner.py:120} INFO - ::group::Pre task execution logs
[2024-12-12T08:07:13.185+0000] {taskinstance.py:2076} INFO - Dependencies all met for dep_context=non-requeueable deps ti=<TaskInstance: dbt_orchestrator.dbt_run_staging.dbt_run_stg_customers manual__2024-12-12T08:05:08.618053+00:00 [queued]>
[2024-12-12T08:07:13.252+0000] {taskinstance.py:2076} INFO - Dependencies all met for dep_context=requeueable deps ti=<TaskInstance: dbt_orchestrator.dbt_run_staging.dbt_run_stg_customers manual__2024-12-12T08:05:08.618053+00:00 [queued]>
[2024-12-12T08:07:13.252+0000] {taskinstance.py:2306} INFO - Starting attempt 1 of 1
[2024-12-12T08:07:13.330+0000] {taskinstance.py:2330} INFO - Executing <Task(BashOperator): dbt_run_staging.dbt_run_stg_customers> on 2024-12-12 08:05:08.618053+00:00
[2024-12-12T08:07:13.358+0000] {standard_task_runner.py:63} INFO - Started process 138 to run task
[2024-12-12T08:07:13.359+0000] {standard_task_runner.py:90} INFO - Running: ['***', 'tasks', 'run', 'dbt_orchestrator', 'dbt_run_staging.dbt_run_stg_customers', 'manual__2024-12-12T08:05:08.618053+00:00', '--job-id', '125', '--raw', '--subdir', 'DAGS_FOLDER/pipeline.py', '--cfg-path', '/tmp/tmpkghn7cyb']
[2024-12-12T08:07:13.361+0000] {standard_task_runner.py:91} INFO - Job 125: Subtask dbt_run_staging.dbt_run_stg_customers
[2024-12-12T08:07:13.510+0000] {task_command.py:426} INFO - Running <TaskInstance: dbt_orchestrator.dbt_run_staging.dbt_run_stg_customers manual__2024-12-12T08:05:08.618053+00:00 [running]> on host 34fdc836a0bb
[2024-12-12T08:07:14.160+0000] {taskinstance.py:2648} INFO - Exporting env vars: AIRFLOW_CTX_DAG_OWNER='ma7moud' AIRFLOW_CTX_DAG_ID='dbt_orchestrator' AIRFLOW_CTX_TASK_ID='dbt_run_staging.dbt_run_stg_customers' AIRFLOW_CTX_EXECUTION_DATE='2024-12-12T08:05:08.618053+00:00' AIRFLOW_CTX_TRY_NUMBER='1' AIRFLOW_CTX_DAG_RUN_ID='manual__2024-12-12T08:05:08.618053+00:00'
[2024-12-12T08:07:14.171+0000] {taskinstance.py:430} INFO - ::endgroup::
[2024-12-12T08:07:14.290+0000] {subprocess.py:63} INFO - Tmp dir root location: /tmp
[2024-12-12T08:07:14.291+0000] {subprocess.py:75} INFO - Running command: ['/usr/bin/bash', '-c', 'dbt run --profiles-dir /opt/***/dbt --project-dir /opt/***/dbt/ecommerce --models models/staging/stg_customers']
[2024-12-12T08:07:14.363+0000] {subprocess.py:86} INFO - Output:
[2024-12-12T08:07:30.669+0000] {subprocess.py:93} INFO - [0m08:07:30  Running with dbt=1.8.0
[2024-12-12T08:07:31.021+0000] {subprocess.py:93} INFO - [0m08:07:31  [[33mWARNING[0m]: Deprecated functionality
[2024-12-12T08:07:31.021+0000] {subprocess.py:93} INFO - The `tests` config has been renamed to `data_tests`. Please see
[2024-12-12T08:07:31.021+0000] {subprocess.py:93} INFO - https://docs.getdbt.com/docs/build/data-tests#new-data_tests-syntax for more
[2024-12-12T08:07:31.022+0000] {subprocess.py:93} INFO - information.
[2024-12-12T08:07:31.629+0000] {subprocess.py:93} INFO - [0m08:07:31  Registered adapter: postgres=1.8.0
[2024-12-12T08:07:33.798+0000] {subprocess.py:93} INFO - [0m08:07:33  [[33mWARNING[0m]: Configuration paths exist in your dbt_project.yml file which do not apply to any resources.
[2024-12-12T08:07:33.799+0000] {subprocess.py:93} INFO - There are 2 unused configuration paths:
[2024-12-12T08:07:33.800+0000] {subprocess.py:93} INFO - - models.ecommerce.staging.dimensions
[2024-12-12T08:07:33.800+0000] {subprocess.py:93} INFO - - models.ecommerce.staging.fact
[2024-12-12T08:07:34.684+0000] {subprocess.py:93} INFO - [0m08:07:34  Found 15 models, 1 snapshot, 112 data tests, 12 sources, 430 macros
[2024-12-12T08:07:34.703+0000] {subprocess.py:93} INFO - [0m08:07:34  The selection criterion 'models/staging/stg_customers' does not match any enabled nodes
[2024-12-12T08:07:34.711+0000] {subprocess.py:93} INFO - [0m08:07:34
[2024-12-12T08:07:34.717+0000] {subprocess.py:93} INFO - [0m08:07:34  Nothing to do. Try checking your model configs and model specification args
[2024-12-12T08:07:36.477+0000] {subprocess.py:97} INFO - Command exited with return code 0
[2024-12-12T08:07:36.478+0000] {taskinstance.py:441} INFO - ::group::Post task execution logs
[2024-12-12T08:07:36.591+0000] {taskinstance.py:1206} INFO - Marking task as SUCCESS. dag_id=dbt_orchestrator, task_id=dbt_run_staging.dbt_run_stg_customers, run_id=manual__2024-12-12T08:05:08.618053+00:00, execution_date=20241212T080508, start_date=20241212T080713, end_date=20241212T080736
[2024-12-12T08:07:36.669+0000] {local_task_job_runner.py:240} INFO - Task exited with return code 0
[2024-12-12T08:07:36.780+0000] {taskinstance.py:3498} INFO - 6 downstream tasks scheduled from follow-on schedule check
[2024-12-12T08:07:36.792+0000] {local_task_job_runner.py:222} INFO - ::endgroup::
