[2024-12-12T08:20:03.691+0000] {local_task_job_runner.py:120} INFO - ::group::Pre task execution logs
[2024-12-12T08:20:03.733+0000] {taskinstance.py:2076} INFO - Dependencies all met for dep_context=non-requeueable deps ti=<TaskInstance: dbt_orchestrator.dbt_run_dimensions.dbt_run_customer_dim scheduled__2024-12-12T08:00:00+00:00 [queued]>
[2024-12-12T08:20:03.751+0000] {taskinstance.py:2076} INFO - Dependencies all met for dep_context=requeueable deps ti=<TaskInstance: dbt_orchestrator.dbt_run_dimensions.dbt_run_customer_dim scheduled__2024-12-12T08:00:00+00:00 [queued]>
[2024-12-12T08:20:03.751+0000] {taskinstance.py:2306} INFO - Starting attempt 2 of 2
[2024-12-12T08:20:03.776+0000] {taskinstance.py:2330} INFO - Executing <Task(BashOperator): dbt_run_dimensions.dbt_run_customer_dim> on 2024-12-12 08:00:00+00:00
[2024-12-12T08:20:03.787+0000] {standard_task_runner.py:63} INFO - Started process 789 to run task
[2024-12-12T08:20:03.793+0000] {standard_task_runner.py:90} INFO - Running: ['***', 'tasks', 'run', 'dbt_orchestrator', 'dbt_run_dimensions.dbt_run_customer_dim', 'scheduled__2024-12-12T08:00:00+00:00', '--job-id', '214', '--raw', '--subdir', 'DAGS_FOLDER/pipeline.py', '--cfg-path', '/tmp/tmpqf9kqcgl']
[2024-12-12T08:20:03.795+0000] {standard_task_runner.py:91} INFO - Job 214: Subtask dbt_run_dimensions.dbt_run_customer_dim
[2024-12-12T08:20:03.903+0000] {task_command.py:426} INFO - Running <TaskInstance: dbt_orchestrator.dbt_run_dimensions.dbt_run_customer_dim scheduled__2024-12-12T08:00:00+00:00 [running]> on host 34fdc836a0bb
[2024-12-12T08:20:04.084+0000] {taskinstance.py:2648} INFO - Exporting env vars: AIRFLOW_CTX_DAG_OWNER='ma7moud' AIRFLOW_CTX_DAG_ID='dbt_orchestrator' AIRFLOW_CTX_TASK_ID='dbt_run_dimensions.dbt_run_customer_dim' AIRFLOW_CTX_EXECUTION_DATE='2024-12-12T08:00:00+00:00' AIRFLOW_CTX_TRY_NUMBER='2' AIRFLOW_CTX_DAG_RUN_ID='scheduled__2024-12-12T08:00:00+00:00'
[2024-12-12T08:20:04.086+0000] {taskinstance.py:430} INFO - ::endgroup::
[2024-12-12T08:20:04.115+0000] {subprocess.py:63} INFO - Tmp dir root location: /tmp
[2024-12-12T08:20:04.120+0000] {subprocess.py:75} INFO - Running command: ['/usr/bin/bash', '-c', 'dbt run --profiles-dir /opt/***/dbt --project-dir /opt/***/dbt/ecommerce --models models/olap_model/dimensions/customer_dim']
[2024-12-12T08:20:04.161+0000] {subprocess.py:86} INFO - Output:
[2024-12-12T08:20:08.034+0000] {subprocess.py:93} INFO - [0m08:20:08  Running with dbt=1.8.0
[2024-12-12T08:20:08.351+0000] {subprocess.py:93} INFO - [0m08:20:08  [[33mWARNING[0m]: Deprecated functionality
[2024-12-12T08:20:08.352+0000] {subprocess.py:93} INFO - The `tests` config has been renamed to `data_tests`. Please see
[2024-12-12T08:20:08.352+0000] {subprocess.py:93} INFO - https://docs.getdbt.com/docs/build/data-tests#new-data_tests-syntax for more
[2024-12-12T08:20:08.353+0000] {subprocess.py:93} INFO - information.
[2024-12-12T08:20:08.660+0000] {subprocess.py:93} INFO - [0m08:20:08  Registered adapter: postgres=1.8.0
[2024-12-12T08:20:09.576+0000] {subprocess.py:93} INFO - [0m08:20:09  [[33mWARNING[0m]: Configuration paths exist in your dbt_project.yml file which do not apply to any resources.
[2024-12-12T08:20:09.577+0000] {subprocess.py:93} INFO - There are 2 unused configuration paths:
[2024-12-12T08:20:09.578+0000] {subprocess.py:93} INFO - - models.ecommerce.olap_model.dimensions
[2024-12-12T08:20:09.578+0000] {subprocess.py:93} INFO - - models.ecommerce.olap_model.fact
[2024-12-12T08:20:10.176+0000] {subprocess.py:93} INFO - [0m08:20:10  Found 15 models, 1 snapshot, 112 data tests, 12 sources, 430 macros
[2024-12-12T08:20:10.185+0000] {subprocess.py:93} INFO - [0m08:20:10  The selection criterion 'models/olap_model/dimensions/customer_dim' does not match any enabled nodes
[2024-12-12T08:20:10.188+0000] {subprocess.py:93} INFO - [0m08:20:10
[2024-12-12T08:20:10.188+0000] {subprocess.py:93} INFO - [0m08:20:10  Nothing to do. Try checking your model configs and model specification args
[2024-12-12T08:20:11.325+0000] {subprocess.py:97} INFO - Command exited with return code 0
[2024-12-12T08:20:11.326+0000] {taskinstance.py:441} INFO - ::group::Post task execution logs
[2024-12-12T08:20:11.356+0000] {taskinstance.py:1206} INFO - Marking task as SUCCESS. dag_id=dbt_orchestrator, task_id=dbt_run_dimensions.dbt_run_customer_dim, run_id=scheduled__2024-12-12T08:00:00+00:00, execution_date=20241212T080000, start_date=20241212T082003, end_date=20241212T082011
[2024-12-12T08:20:11.378+0000] {local_task_job_runner.py:240} INFO - Task exited with return code 0
[2024-12-12T08:20:11.407+0000] {taskinstance.py:3498} INFO - 0 downstream tasks scheduled from follow-on schedule check
[2024-12-12T08:20:11.408+0000] {local_task_job_runner.py:222} INFO - ::endgroup::
