[2024-12-12T08:50:14.377+0000] {local_task_job_runner.py:120} INFO - ::group::Pre task execution logs
[2024-12-12T08:50:14.429+0000] {taskinstance.py:2076} INFO - Dependencies all met for dep_context=non-requeueable deps ti=<TaskInstance: dbt_orchestrator.dbt_run_dimensions.dbt_run_customer_dim scheduled__2024-12-12T08:00:00+00:00 [queued]>
[2024-12-12T08:50:14.445+0000] {taskinstance.py:2076} INFO - Dependencies all met for dep_context=requeueable deps ti=<TaskInstance: dbt_orchestrator.dbt_run_dimensions.dbt_run_customer_dim scheduled__2024-12-12T08:00:00+00:00 [queued]>
[2024-12-12T08:50:14.446+0000] {taskinstance.py:2306} INFO - Starting attempt 7 of 7
[2024-12-12T08:50:14.478+0000] {taskinstance.py:2330} INFO - Executing <Task(BashOperator): dbt_run_dimensions.dbt_run_customer_dim> on 2024-12-12 08:00:00+00:00
[2024-12-12T08:50:14.492+0000] {standard_task_runner.py:63} INFO - Started process 1443 to run task
[2024-12-12T08:50:14.496+0000] {standard_task_runner.py:90} INFO - Running: ['***', 'tasks', 'run', 'dbt_orchestrator', 'dbt_run_dimensions.dbt_run_customer_dim', 'scheduled__2024-12-12T08:00:00+00:00', '--job-id', '310', '--raw', '--subdir', 'DAGS_FOLDER/pipeline.py', '--cfg-path', '/tmp/tmpf_2tf8w_']
[2024-12-12T08:50:14.499+0000] {standard_task_runner.py:91} INFO - Job 310: Subtask dbt_run_dimensions.dbt_run_customer_dim
[2024-12-12T08:50:14.586+0000] {task_command.py:426} INFO - Running <TaskInstance: dbt_orchestrator.dbt_run_dimensions.dbt_run_customer_dim scheduled__2024-12-12T08:00:00+00:00 [running]> on host 34fdc836a0bb
[2024-12-12T08:50:14.741+0000] {taskinstance.py:2648} INFO - Exporting env vars: AIRFLOW_CTX_DAG_OWNER='ma7moud' AIRFLOW_CTX_DAG_ID='dbt_orchestrator' AIRFLOW_CTX_TASK_ID='dbt_run_dimensions.dbt_run_customer_dim' AIRFLOW_CTX_EXECUTION_DATE='2024-12-12T08:00:00+00:00' AIRFLOW_CTX_TRY_NUMBER='7' AIRFLOW_CTX_DAG_RUN_ID='scheduled__2024-12-12T08:00:00+00:00'
[2024-12-12T08:50:14.742+0000] {taskinstance.py:430} INFO - ::endgroup::
[2024-12-12T08:50:14.760+0000] {subprocess.py:63} INFO - Tmp dir root location: /tmp
[2024-12-12T08:50:14.761+0000] {subprocess.py:75} INFO - Running command: ['/usr/bin/bash', '-c', 'dbt run --profiles-dir /opt/***/dbt --project-dir /opt/***/dbt/ecommerce --models customer_dim']
[2024-12-12T08:50:14.779+0000] {subprocess.py:86} INFO - Output:
[2024-12-12T08:50:18.240+0000] {subprocess.py:93} INFO - [0m08:50:18  Running with dbt=1.8.0
[2024-12-12T08:50:18.468+0000] {subprocess.py:93} INFO - [0m08:50:18  [[33mWARNING[0m]: Deprecated functionality
[2024-12-12T08:50:18.468+0000] {subprocess.py:93} INFO - The `tests` config has been renamed to `data_tests`. Please see
[2024-12-12T08:50:18.469+0000] {subprocess.py:93} INFO - https://docs.getdbt.com/docs/build/data-tests#new-data_tests-syntax for more
[2024-12-12T08:50:18.469+0000] {subprocess.py:93} INFO - information.
[2024-12-12T08:50:18.891+0000] {subprocess.py:93} INFO - [0m08:50:18  Registered adapter: postgres=1.8.0
[2024-12-12T08:50:20.633+0000] {subprocess.py:93} INFO - [0m08:50:20  Found 15 models, 1 snapshot, 112 data tests, 12 sources, 430 macros
[2024-12-12T08:50:20.642+0000] {subprocess.py:93} INFO - [0m08:50:20
[2024-12-12T08:50:21.097+0000] {subprocess.py:93} INFO - [0m08:50:21  Concurrency: 3 threads (target='dev')
[2024-12-12T08:50:21.100+0000] {subprocess.py:93} INFO - [0m08:50:21
[2024-12-12T08:50:21.107+0000] {subprocess.py:93} INFO - [0m08:50:21  1 of 1 START sql incremental model oltp_dimensions.customer_dim ................ [RUN]
[2024-12-12T08:50:21.363+0000] {subprocess.py:93} INFO - [0m08:50:21  1 of 1 OK created sql incremental model oltp_dimensions.customer_dim ........... [[32mSELECT 109[0m in 0.25s]
[2024-12-12T08:50:21.390+0000] {subprocess.py:93} INFO - [0m08:50:21
[2024-12-12T08:50:21.391+0000] {subprocess.py:93} INFO - [0m08:50:21  Finished running 1 incremental model in 0 hours 0 minutes and 0.75 seconds (0.75s).
[2024-12-12T08:50:21.512+0000] {subprocess.py:93} INFO - [0m08:50:21
[2024-12-12T08:50:21.513+0000] {subprocess.py:93} INFO - [0m08:50:21  [32mCompleted successfully[0m
[2024-12-12T08:50:21.514+0000] {subprocess.py:93} INFO - [0m08:50:21
[2024-12-12T08:50:21.515+0000] {subprocess.py:93} INFO - [0m08:50:21  Done. PASS=1 WARN=0 ERROR=0 SKIP=0 TOTAL=1
[2024-12-12T08:50:22.652+0000] {subprocess.py:97} INFO - Command exited with return code 0
[2024-12-12T08:50:22.653+0000] {taskinstance.py:441} INFO - ::group::Post task execution logs
[2024-12-12T08:50:22.685+0000] {taskinstance.py:1206} INFO - Marking task as SUCCESS. dag_id=dbt_orchestrator, task_id=dbt_run_dimensions.dbt_run_customer_dim, run_id=scheduled__2024-12-12T08:00:00+00:00, execution_date=20241212T080000, start_date=20241212T085014, end_date=20241212T085022
[2024-12-12T08:50:22.714+0000] {local_task_job_runner.py:240} INFO - Task exited with return code 0
[2024-12-12T08:50:22.751+0000] {taskinstance.py:3498} INFO - 0 downstream tasks scheduled from follow-on schedule check
[2024-12-12T08:50:22.753+0000] {local_task_job_runner.py:222} INFO - ::endgroup::
