[2024-12-12T08:07:37.930+0000] {local_task_job_runner.py:120} INFO - ::group::Pre task execution logs
[2024-12-12T08:07:38.040+0000] {taskinstance.py:2076} INFO - Dependencies all met for dep_context=non-requeueable deps ti=<TaskInstance: dbt_orchestrator.dbt_run_dimensions.dbt_run_customer_dim scheduled__2024-12-12T07:45:00+00:00 [queued]>
[2024-12-12T08:07:38.108+0000] {taskinstance.py:2076} INFO - Dependencies all met for dep_context=requeueable deps ti=<TaskInstance: dbt_orchestrator.dbt_run_dimensions.dbt_run_customer_dim scheduled__2024-12-12T07:45:00+00:00 [queued]>
[2024-12-12T08:07:38.109+0000] {taskinstance.py:2306} INFO - Starting attempt 1 of 1
[2024-12-12T08:07:38.254+0000] {taskinstance.py:2330} INFO - Executing <Task(BashOperator): dbt_run_dimensions.dbt_run_customer_dim> on 2024-12-12 07:45:00+00:00
[2024-12-12T08:07:38.276+0000] {standard_task_runner.py:63} INFO - Started process 203 to run task
[2024-12-12T08:07:38.287+0000] {standard_task_runner.py:90} INFO - Running: ['***', 'tasks', 'run', 'dbt_orchestrator', 'dbt_run_dimensions.dbt_run_customer_dim', 'scheduled__2024-12-12T07:45:00+00:00', '--job-id', '133', '--raw', '--subdir', 'DAGS_FOLDER/pipeline.py', '--cfg-path', '/tmp/tmpsmp4iaem']
[2024-12-12T08:07:38.292+0000] {standard_task_runner.py:91} INFO - Job 133: Subtask dbt_run_dimensions.dbt_run_customer_dim
[2024-12-12T08:07:38.464+0000] {task_command.py:426} INFO - Running <TaskInstance: dbt_orchestrator.dbt_run_dimensions.dbt_run_customer_dim scheduled__2024-12-12T07:45:00+00:00 [running]> on host 34fdc836a0bb
[2024-12-12T08:07:38.728+0000] {taskinstance.py:2648} INFO - Exporting env vars: AIRFLOW_CTX_DAG_OWNER='ma7moud' AIRFLOW_CTX_DAG_ID='dbt_orchestrator' AIRFLOW_CTX_TASK_ID='dbt_run_dimensions.dbt_run_customer_dim' AIRFLOW_CTX_EXECUTION_DATE='2024-12-12T07:45:00+00:00' AIRFLOW_CTX_TRY_NUMBER='1' AIRFLOW_CTX_DAG_RUN_ID='scheduled__2024-12-12T07:45:00+00:00'
[2024-12-12T08:07:38.730+0000] {taskinstance.py:430} INFO - ::endgroup::
[2024-12-12T08:07:38.763+0000] {subprocess.py:63} INFO - Tmp dir root location: /tmp
[2024-12-12T08:07:38.764+0000] {subprocess.py:75} INFO - Running command: ['/usr/bin/bash', '-c', 'dbt run --profiles-dir /opt/***/dbt --project-dir /opt/***/dbt/ecommerce --models models/olap_model/dimensions/customer_dim']
[2024-12-12T08:07:38.821+0000] {subprocess.py:86} INFO - Output:
[2024-12-12T08:07:51.558+0000] {subprocess.py:93} INFO - [0m08:07:51  Running with dbt=1.8.0
[2024-12-12T08:07:52.072+0000] {subprocess.py:93} INFO - [0m08:07:52  [[33mWARNING[0m]: Deprecated functionality
[2024-12-12T08:07:52.073+0000] {subprocess.py:93} INFO - The `tests` config has been renamed to `data_tests`. Please see
[2024-12-12T08:07:52.074+0000] {subprocess.py:93} INFO - https://docs.getdbt.com/docs/build/data-tests#new-data_tests-syntax for more
[2024-12-12T08:07:52.074+0000] {subprocess.py:93} INFO - information.
[2024-12-12T08:07:52.420+0000] {subprocess.py:93} INFO - [0m08:07:52  Registered adapter: postgres=1.8.0
[2024-12-12T08:07:53.399+0000] {subprocess.py:93} INFO - [0m08:07:53  [[33mWARNING[0m]: Configuration paths exist in your dbt_project.yml file which do not apply to any resources.
[2024-12-12T08:07:53.400+0000] {subprocess.py:93} INFO - There are 2 unused configuration paths:
[2024-12-12T08:07:53.400+0000] {subprocess.py:93} INFO - - models.ecommerce.staging.dimensions
[2024-12-12T08:07:53.400+0000] {subprocess.py:93} INFO - - models.ecommerce.staging.fact
[2024-12-12T08:07:54.927+0000] {subprocess.py:93} INFO - [0m08:07:54  Found 15 models, 1 snapshot, 112 data tests, 12 sources, 430 macros
[2024-12-12T08:07:54.960+0000] {subprocess.py:93} INFO - [0m08:07:54  The selection criterion 'models/olap_model/dimensions/customer_dim' does not match any enabled nodes
[2024-12-12T08:07:54.961+0000] {subprocess.py:93} INFO - [0m08:07:54
[2024-12-12T08:07:54.962+0000] {subprocess.py:93} INFO - [0m08:07:54  Nothing to do. Try checking your model configs and model specification args
[2024-12-12T08:07:57.300+0000] {subprocess.py:97} INFO - Command exited with return code 0
[2024-12-12T08:07:57.303+0000] {taskinstance.py:441} INFO - ::group::Post task execution logs
[2024-12-12T08:07:57.391+0000] {taskinstance.py:1206} INFO - Marking task as SUCCESS. dag_id=dbt_orchestrator, task_id=dbt_run_dimensions.dbt_run_customer_dim, run_id=scheduled__2024-12-12T07:45:00+00:00, execution_date=20241212T074500, start_date=20241212T080738, end_date=20241212T080757
[2024-12-12T08:07:57.496+0000] {local_task_job_runner.py:240} INFO - Task exited with return code 0
[2024-12-12T08:07:57.639+0000] {taskinstance.py:3498} INFO - 0 downstream tasks scheduled from follow-on schedule check
[2024-12-12T08:07:57.642+0000] {local_task_job_runner.py:222} INFO - ::endgroup::
