[2024-12-12T09:10:21.397+0000] {local_task_job_runner.py:120} INFO - ::group::Pre task execution logs
[2024-12-12T09:10:21.443+0000] {taskinstance.py:2076} INFO - Dependencies all met for dep_context=non-requeueable deps ti=<TaskInstance: dbt_orchestrator.dbt_run_dimensions.dbt_run_date_dim scheduled__2024-12-12T08:45:00+00:00 [queued]>
[2024-12-12T09:10:21.461+0000] {taskinstance.py:2076} INFO - Dependencies all met for dep_context=requeueable deps ti=<TaskInstance: dbt_orchestrator.dbt_run_dimensions.dbt_run_date_dim scheduled__2024-12-12T08:45:00+00:00 [queued]>
[2024-12-12T09:10:21.461+0000] {taskinstance.py:2306} INFO - Starting attempt 3 of 3
[2024-12-12T09:10:21.482+0000] {taskinstance.py:2330} INFO - Executing <Task(BashOperator): dbt_run_dimensions.dbt_run_date_dim> on 2024-12-12 08:45:00+00:00
[2024-12-12T09:10:21.494+0000] {standard_task_runner.py:63} INFO - Started process 3010 to run task
[2024-12-12T09:10:21.499+0000] {standard_task_runner.py:90} INFO - Running: ['***', 'tasks', 'run', 'dbt_orchestrator', 'dbt_run_dimensions.dbt_run_date_dim', 'scheduled__2024-12-12T08:45:00+00:00', '--job-id', '422', '--raw', '--subdir', 'DAGS_FOLDER/pipeline.py', '--cfg-path', '/tmp/tmpsunqnvoy']
[2024-12-12T09:10:21.501+0000] {standard_task_runner.py:91} INFO - Job 422: Subtask dbt_run_dimensions.dbt_run_date_dim
[2024-12-12T09:10:21.585+0000] {task_command.py:426} INFO - Running <TaskInstance: dbt_orchestrator.dbt_run_dimensions.dbt_run_date_dim scheduled__2024-12-12T08:45:00+00:00 [running]> on host 34fdc836a0bb
[2024-12-12T09:10:21.771+0000] {taskinstance.py:2648} INFO - Exporting env vars: AIRFLOW_CTX_DAG_OWNER='ma7moud' AIRFLOW_CTX_DAG_ID='dbt_orchestrator' AIRFLOW_CTX_TASK_ID='dbt_run_dimensions.dbt_run_date_dim' AIRFLOW_CTX_EXECUTION_DATE='2024-12-12T08:45:00+00:00' AIRFLOW_CTX_TRY_NUMBER='3' AIRFLOW_CTX_DAG_RUN_ID='scheduled__2024-12-12T08:45:00+00:00'
[2024-12-12T09:10:21.773+0000] {taskinstance.py:430} INFO - ::endgroup::
[2024-12-12T09:10:21.800+0000] {subprocess.py:63} INFO - Tmp dir root location: /tmp
[2024-12-12T09:10:21.801+0000] {subprocess.py:75} INFO - Running command: ['/usr/bin/bash', '-c', 'dbt run --profiles-dir /opt/***/dbt --project-dir /opt/***/dbt/ecommerce --models date_dim']
[2024-12-12T09:10:21.818+0000] {subprocess.py:86} INFO - Output:
[2024-12-12T09:10:25.947+0000] {subprocess.py:93} INFO - [0m09:10:25  Running with dbt=1.8.0
[2024-12-12T09:10:26.306+0000] {subprocess.py:93} INFO - [0m09:10:26  [[33mWARNING[0m]: Deprecated functionality
[2024-12-12T09:10:26.306+0000] {subprocess.py:93} INFO - The `tests` config has been renamed to `data_tests`. Please see
[2024-12-12T09:10:26.307+0000] {subprocess.py:93} INFO - https://docs.getdbt.com/docs/build/data-tests#new-data_tests-syntax for more
[2024-12-12T09:10:26.307+0000] {subprocess.py:93} INFO - information.
[2024-12-12T09:10:26.684+0000] {subprocess.py:93} INFO - [0m09:10:26  Registered adapter: postgres=1.8.0
[2024-12-12T09:10:28.468+0000] {subprocess.py:93} INFO - [0m09:10:28  Found 15 models, 1 snapshot, 112 data tests, 12 sources, 430 macros
[2024-12-12T09:10:28.473+0000] {subprocess.py:93} INFO - [0m09:10:28  The selection criterion 'date_dim' does not match any enabled nodes
[2024-12-12T09:10:28.478+0000] {subprocess.py:93} INFO - [0m09:10:28
[2024-12-12T09:10:28.479+0000] {subprocess.py:93} INFO - [0m09:10:28  Nothing to do. Try checking your model configs and model specification args
[2024-12-12T09:10:29.762+0000] {subprocess.py:97} INFO - Command exited with return code 0
[2024-12-12T09:10:29.763+0000] {taskinstance.py:441} INFO - ::group::Post task execution logs
[2024-12-12T09:10:29.805+0000] {taskinstance.py:1206} INFO - Marking task as SUCCESS. dag_id=dbt_orchestrator, task_id=dbt_run_dimensions.dbt_run_date_dim, run_id=scheduled__2024-12-12T08:45:00+00:00, execution_date=20241212T084500, start_date=20241212T091021, end_date=20241212T091029
[2024-12-12T09:10:29.871+0000] {local_task_job_runner.py:240} INFO - Task exited with return code 0
[2024-12-12T09:10:29.915+0000] {taskinstance.py:3498} INFO - 0 downstream tasks scheduled from follow-on schedule check
[2024-12-12T09:10:29.916+0000] {local_task_job_runner.py:222} INFO - ::endgroup::
