[2024-12-12T09:22:51.940+0000] {local_task_job_runner.py:120} INFO - ::group::Pre task execution logs
[2024-12-12T09:22:51.980+0000] {taskinstance.py:2076} INFO - Dependencies all met for dep_context=non-requeueable deps ti=<TaskInstance: dbt_orchestrator.run_snapshot.dbt_snapshot scheduled__2024-12-12T09:00:00+00:00 [queued]>
[2024-12-12T09:22:51.993+0000] {taskinstance.py:2076} INFO - Dependencies all met for dep_context=requeueable deps ti=<TaskInstance: dbt_orchestrator.run_snapshot.dbt_snapshot scheduled__2024-12-12T09:00:00+00:00 [queued]>
[2024-12-12T09:22:51.994+0000] {taskinstance.py:2306} INFO - Starting attempt 1 of 1
[2024-12-12T09:22:52.013+0000] {taskinstance.py:2330} INFO - Executing <Task(BashOperator): run_snapshot.dbt_snapshot> on 2024-12-12 09:00:00+00:00
[2024-12-12T09:22:52.019+0000] {standard_task_runner.py:63} INFO - Started process 3119 to run task
[2024-12-12T09:22:52.022+0000] {standard_task_runner.py:90} INFO - Running: ['***', 'tasks', 'run', 'dbt_orchestrator', 'run_snapshot.dbt_snapshot', 'scheduled__2024-12-12T09:00:00+00:00', '--job-id', '428', '--raw', '--subdir', 'DAGS_FOLDER/pipeline.py', '--cfg-path', '/tmp/tmpn88nesre']
[2024-12-12T09:22:52.023+0000] {standard_task_runner.py:91} INFO - Job 428: Subtask run_snapshot.dbt_snapshot
[2024-12-12T09:22:52.088+0000] {task_command.py:426} INFO - Running <TaskInstance: dbt_orchestrator.run_snapshot.dbt_snapshot scheduled__2024-12-12T09:00:00+00:00 [running]> on host 34fdc836a0bb
[2024-12-12T09:22:52.202+0000] {taskinstance.py:2648} INFO - Exporting env vars: AIRFLOW_CTX_DAG_OWNER='ma7moud' AIRFLOW_CTX_DAG_ID='dbt_orchestrator' AIRFLOW_CTX_TASK_ID='run_snapshot.dbt_snapshot' AIRFLOW_CTX_EXECUTION_DATE='2024-12-12T09:00:00+00:00' AIRFLOW_CTX_TRY_NUMBER='1' AIRFLOW_CTX_DAG_RUN_ID='scheduled__2024-12-12T09:00:00+00:00'
[2024-12-12T09:22:52.202+0000] {taskinstance.py:430} INFO - ::endgroup::
[2024-12-12T09:22:52.216+0000] {subprocess.py:63} INFO - Tmp dir root location: /tmp
[2024-12-12T09:22:52.217+0000] {subprocess.py:75} INFO - Running command: ['/usr/bin/bash', '-c', 'dbt snapshot --profiles-dir /opt/***/dbt --project-dir /opt/***/dbt/ecommerce']
[2024-12-12T09:22:52.232+0000] {subprocess.py:86} INFO - Output:
[2024-12-12T09:22:54.283+0000] {subprocess.py:93} INFO - [0m09:22:54  Running with dbt=1.8.0
[2024-12-12T09:22:54.499+0000] {subprocess.py:93} INFO - [0m09:22:54  [[33mWARNING[0m]: Deprecated functionality
[2024-12-12T09:22:54.499+0000] {subprocess.py:93} INFO - The `tests` config has been renamed to `data_tests`. Please see
[2024-12-12T09:22:54.500+0000] {subprocess.py:93} INFO - https://docs.getdbt.com/docs/build/data-tests#new-data_tests-syntax for more
[2024-12-12T09:22:54.500+0000] {subprocess.py:93} INFO - information.
[2024-12-12T09:22:54.653+0000] {subprocess.py:93} INFO - [0m09:22:54  Registered adapter: postgres=1.8.0
[2024-12-12T09:22:55.067+0000] {subprocess.py:93} INFO - [0m09:22:55  Unable to do partial parsing because of a version mismatch
[2024-12-12T09:22:58.075+0000] {subprocess.py:93} INFO - [0m09:22:58  Found 15 models, 1 snapshot, 112 data tests, 12 sources, 430 macros
[2024-12-12T09:22:58.080+0000] {subprocess.py:93} INFO - [0m09:22:58
[2024-12-12T09:22:58.414+0000] {subprocess.py:93} INFO - [0m09:22:58  Concurrency: 3 threads (target='dev')
[2024-12-12T09:22:58.414+0000] {subprocess.py:93} INFO - [0m09:22:58
[2024-12-12T09:22:58.419+0000] {subprocess.py:93} INFO - [0m09:22:58  1 of 1 START snapshot snapshots.CDC_product .................................... [RUN]
[2024-12-12T09:22:58.598+0000] {subprocess.py:93} INFO - [0m09:22:58  1 of 1 OK snapshotted snapshots.CDC_product .................................... [[32mSELECT 100[0m in 0.18s]
[2024-12-12T09:22:58.616+0000] {subprocess.py:93} INFO - [0m09:22:58
[2024-12-12T09:22:58.616+0000] {subprocess.py:93} INFO - [0m09:22:58  Finished running 1 snapshot in 0 hours 0 minutes and 0.53 seconds (0.53s).
[2024-12-12T09:22:58.695+0000] {subprocess.py:93} INFO - [0m09:22:58
[2024-12-12T09:22:58.696+0000] {subprocess.py:93} INFO - [0m09:22:58  [32mCompleted successfully[0m
[2024-12-12T09:22:58.696+0000] {subprocess.py:93} INFO - [0m09:22:58
[2024-12-12T09:22:58.697+0000] {subprocess.py:93} INFO - [0m09:22:58  Done. PASS=1 WARN=0 ERROR=0 SKIP=0 TOTAL=1
[2024-12-12T09:22:59.624+0000] {subprocess.py:97} INFO - Command exited with return code 0
[2024-12-12T09:22:59.625+0000] {taskinstance.py:441} INFO - ::group::Post task execution logs
[2024-12-12T09:22:59.650+0000] {taskinstance.py:1206} INFO - Marking task as SUCCESS. dag_id=dbt_orchestrator, task_id=run_snapshot.dbt_snapshot, run_id=scheduled__2024-12-12T09:00:00+00:00, execution_date=20241212T090000, start_date=20241212T092251, end_date=20241212T092259
[2024-12-12T09:22:59.701+0000] {local_task_job_runner.py:240} INFO - Task exited with return code 0
[2024-12-12T09:22:59.741+0000] {taskinstance.py:3498} INFO - 8 downstream tasks scheduled from follow-on schedule check
[2024-12-12T09:22:59.742+0000] {local_task_job_runner.py:222} INFO - ::endgroup::
