[2024-12-12T09:30:05.578+0000] {local_task_job_runner.py:120} INFO - ::group::Pre task execution logs
[2024-12-12T09:30:05.604+0000] {taskinstance.py:2076} INFO - Dependencies all met for dep_context=non-requeueable deps ti=<TaskInstance: dbt_orchestrator.run_snapshot.dbt_snapshot scheduled__2024-12-12T09:15:00+00:00 [queued]>
[2024-12-12T09:30:05.613+0000] {taskinstance.py:2076} INFO - Dependencies all met for dep_context=requeueable deps ti=<TaskInstance: dbt_orchestrator.run_snapshot.dbt_snapshot scheduled__2024-12-12T09:15:00+00:00 [queued]>
[2024-12-12T09:30:05.614+0000] {taskinstance.py:2306} INFO - Starting attempt 1 of 1
[2024-12-12T09:30:05.627+0000] {taskinstance.py:2330} INFO - Executing <Task(BashOperator): run_snapshot.dbt_snapshot> on 2024-12-12 09:15:00+00:00
[2024-12-12T09:30:05.634+0000] {standard_task_runner.py:63} INFO - Started process 3442 to run task
[2024-12-12T09:30:05.637+0000] {standard_task_runner.py:90} INFO - Running: ['***', 'tasks', 'run', 'dbt_orchestrator', 'run_snapshot.dbt_snapshot', 'scheduled__2024-12-12T09:15:00+00:00', '--job-id', '450', '--raw', '--subdir', 'DAGS_FOLDER/pipeline.py', '--cfg-path', '/tmp/tmp2tj2putg']
[2024-12-12T09:30:05.638+0000] {standard_task_runner.py:91} INFO - Job 450: Subtask run_snapshot.dbt_snapshot
[2024-12-12T09:30:05.685+0000] {task_command.py:426} INFO - Running <TaskInstance: dbt_orchestrator.run_snapshot.dbt_snapshot scheduled__2024-12-12T09:15:00+00:00 [running]> on host 34fdc836a0bb
[2024-12-12T09:30:05.780+0000] {taskinstance.py:2648} INFO - Exporting env vars: AIRFLOW_CTX_DAG_OWNER='ma7moud' AIRFLOW_CTX_DAG_ID='dbt_orchestrator' AIRFLOW_CTX_TASK_ID='run_snapshot.dbt_snapshot' AIRFLOW_CTX_EXECUTION_DATE='2024-12-12T09:15:00+00:00' AIRFLOW_CTX_TRY_NUMBER='1' AIRFLOW_CTX_DAG_RUN_ID='scheduled__2024-12-12T09:15:00+00:00'
[2024-12-12T09:30:05.781+0000] {taskinstance.py:430} INFO - ::endgroup::
[2024-12-12T09:30:05.792+0000] {subprocess.py:63} INFO - Tmp dir root location: /tmp
[2024-12-12T09:30:05.793+0000] {subprocess.py:75} INFO - Running command: ['/usr/bin/bash', '-c', 'dbt snapshot --profiles-dir /opt/***/dbt --project-dir /opt/***/dbt/ecommerce']
[2024-12-12T09:30:05.805+0000] {subprocess.py:86} INFO - Output:
[2024-12-12T09:30:07.730+0000] {subprocess.py:93} INFO - [0m09:30:07  Running with dbt=1.8.0
[2024-12-12T09:30:07.876+0000] {subprocess.py:93} INFO - [0m09:30:07  [[33mWARNING[0m]: Deprecated functionality
[2024-12-12T09:30:07.876+0000] {subprocess.py:93} INFO - The `tests` config has been renamed to `data_tests`. Please see
[2024-12-12T09:30:07.877+0000] {subprocess.py:93} INFO - https://docs.getdbt.com/docs/build/data-tests#new-data_tests-syntax for more
[2024-12-12T09:30:07.877+0000] {subprocess.py:93} INFO - information.
[2024-12-12T09:30:08.032+0000] {subprocess.py:93} INFO - [0m09:30:08  Registered adapter: postgres=1.8.0
[2024-12-12T09:30:08.829+0000] {subprocess.py:93} INFO - [0m09:30:08  Found 15 models, 1 snapshot, 111 data tests, 12 sources, 430 macros
[2024-12-12T09:30:08.834+0000] {subprocess.py:93} INFO - [0m09:30:08
[2024-12-12T09:30:09.076+0000] {subprocess.py:93} INFO - [0m09:30:09  Concurrency: 3 threads (target='dev')
[2024-12-12T09:30:09.077+0000] {subprocess.py:93} INFO - [0m09:30:09
[2024-12-12T09:30:09.084+0000] {subprocess.py:93} INFO - [0m09:30:09  1 of 1 START snapshot snapshots.CDC_product .................................... [RUN]
[2024-12-12T09:30:09.434+0000] {subprocess.py:93} INFO - [0m09:30:09  1 of 1 OK snapshotted snapshots.CDC_product .................................... [[32mINSERT 0 0[0m in 0.34s]
[2024-12-12T09:30:09.453+0000] {subprocess.py:93} INFO - [0m09:30:09
[2024-12-12T09:30:09.454+0000] {subprocess.py:93} INFO - [0m09:30:09  Finished running 1 snapshot in 0 hours 0 minutes and 0.62 seconds (0.62s).
[2024-12-12T09:30:09.543+0000] {subprocess.py:93} INFO - [0m09:30:09
[2024-12-12T09:30:09.545+0000] {subprocess.py:93} INFO - [0m09:30:09  [32mCompleted successfully[0m
[2024-12-12T09:30:09.546+0000] {subprocess.py:93} INFO - [0m09:30:09
[2024-12-12T09:30:09.547+0000] {subprocess.py:93} INFO - [0m09:30:09  Done. PASS=1 WARN=0 ERROR=0 SKIP=0 TOTAL=1
[2024-12-12T09:30:10.474+0000] {subprocess.py:97} INFO - Command exited with return code 0
[2024-12-12T09:30:10.475+0000] {taskinstance.py:441} INFO - ::group::Post task execution logs
[2024-12-12T09:30:10.504+0000] {taskinstance.py:1206} INFO - Marking task as SUCCESS. dag_id=dbt_orchestrator, task_id=run_snapshot.dbt_snapshot, run_id=scheduled__2024-12-12T09:15:00+00:00, execution_date=20241212T091500, start_date=20241212T093005, end_date=20241212T093010
[2024-12-12T09:30:10.542+0000] {local_task_job_runner.py:240} INFO - Task exited with return code 0
[2024-12-12T09:30:10.577+0000] {taskinstance.py:3498} INFO - 8 downstream tasks scheduled from follow-on schedule check
[2024-12-12T09:30:10.579+0000] {local_task_job_runner.py:222} INFO - ::endgroup::
