[2024-12-11T16:10:59.995+0000] {local_task_job_runner.py:120} INFO - ::group::Pre task execution logs
[2024-12-11T16:11:00.021+0000] {taskinstance.py:2076} INFO - Dependencies all met for dep_context=non-requeueable deps ti=<TaskInstance: dbt_orchestrator.dbt_run_fact.dbt_run_fact manual__2024-12-11T16:10:36.196701+00:00 [queued]>
[2024-12-11T16:11:00.028+0000] {taskinstance.py:2076} INFO - Dependencies all met for dep_context=requeueable deps ti=<TaskInstance: dbt_orchestrator.dbt_run_fact.dbt_run_fact manual__2024-12-11T16:10:36.196701+00:00 [queued]>
[2024-12-11T16:11:00.029+0000] {taskinstance.py:2306} INFO - Starting attempt 1 of 1
[2024-12-11T16:11:00.041+0000] {taskinstance.py:2330} INFO - Executing <Task(BashOperator): dbt_run_fact.dbt_run_fact> on 2024-12-11 16:10:36.196701+00:00
[2024-12-11T16:11:00.047+0000] {standard_task_runner.py:63} INFO - Started process 170 to run task
[2024-12-11T16:11:00.050+0000] {standard_task_runner.py:90} INFO - Running: ['***', 'tasks', 'run', 'dbt_orchestrator', 'dbt_run_fact.dbt_run_fact', 'manual__2024-12-11T16:10:36.196701+00:00', '--job-id', '28', '--raw', '--subdir', 'DAGS_FOLDER/pipeline.py', '--cfg-path', '/tmp/tmpbkjvzcpz']
[2024-12-11T16:11:00.051+0000] {standard_task_runner.py:91} INFO - Job 28: Subtask dbt_run_fact.dbt_run_fact
[2024-12-11T16:11:00.091+0000] {task_command.py:426} INFO - Running <TaskInstance: dbt_orchestrator.dbt_run_fact.dbt_run_fact manual__2024-12-11T16:10:36.196701+00:00 [running]> on host 49f8df2c9427
[2024-12-11T16:11:00.168+0000] {taskinstance.py:2648} INFO - Exporting env vars: AIRFLOW_CTX_DAG_OWNER='Mahmoud' AIRFLOW_CTX_DAG_ID='dbt_orchestrator' AIRFLOW_CTX_TASK_ID='dbt_run_fact.dbt_run_fact' AIRFLOW_CTX_EXECUTION_DATE='2024-12-11T16:10:36.196701+00:00' AIRFLOW_CTX_TRY_NUMBER='1' AIRFLOW_CTX_DAG_RUN_ID='manual__2024-12-11T16:10:36.196701+00:00'
[2024-12-11T16:11:00.169+0000] {taskinstance.py:430} INFO - ::endgroup::
[2024-12-11T16:11:00.179+0000] {subprocess.py:63} INFO - Tmp dir root location: /tmp
[2024-12-11T16:11:00.180+0000] {subprocess.py:75} INFO - Running command: ['/usr/bin/bash', '-c', 'dbt run --profiles-dir /opt/***/dbt --project-dir /opt/***/dbt/ecommerce --select models/olap_model/fact']
[2024-12-11T16:11:00.191+0000] {subprocess.py:86} INFO - Output:
[2024-12-11T16:11:01.959+0000] {subprocess.py:93} INFO - [0m16:11:01  Running with dbt=1.8.0
[2024-12-11T16:11:02.124+0000] {subprocess.py:93} INFO - [0m16:11:02  [[33mWARNING[0m]: Deprecated functionality
[2024-12-11T16:11:02.125+0000] {subprocess.py:93} INFO - The `tests` config has been renamed to `data_tests`. Please see
[2024-12-11T16:11:02.125+0000] {subprocess.py:93} INFO - https://docs.getdbt.com/docs/build/data-tests#new-data_tests-syntax for more
[2024-12-11T16:11:02.125+0000] {subprocess.py:93} INFO - information.
[2024-12-11T16:11:02.277+0000] {subprocess.py:93} INFO - [0m16:11:02  Registered adapter: postgres=1.8.0
[2024-12-11T16:11:02.718+0000] {subprocess.py:93} INFO - [0m16:11:02  [[33mWARNING[0m]: Configuration paths exist in your dbt_project.yml file which do not apply to any resources.
[2024-12-11T16:11:02.718+0000] {subprocess.py:93} INFO - There are 2 unused configuration paths:
[2024-12-11T16:11:02.718+0000] {subprocess.py:93} INFO - - models.ecommerce.marts.dimensions
[2024-12-11T16:11:02.719+0000] {subprocess.py:93} INFO - - models.ecommerce.marts.fact
[2024-12-11T16:11:03.019+0000] {subprocess.py:93} INFO - [0m16:11:03  Found 15 models, 1 snapshot, 112 data tests, 12 sources, 430 macros
[2024-12-11T16:11:03.025+0000] {subprocess.py:93} INFO - [0m16:11:03
[2024-12-11T16:11:03.240+0000] {subprocess.py:93} INFO - [0m16:11:03  Concurrency: 3 threads (target='dev')
[2024-12-11T16:11:03.241+0000] {subprocess.py:93} INFO - [0m16:11:03
[2024-12-11T16:11:03.245+0000] {subprocess.py:93} INFO - [0m16:11:03  1 of 1 START sql incremental model oltp.fact_sales ............................. [RUN]
[2024-12-11T16:11:03.469+0000] {subprocess.py:93} INFO - [0m16:11:03  1 of 1 OK created sql incremental model oltp.fact_sales ........................ [[32mSELECT 1294[0m in 0.22s]
[2024-12-11T16:11:03.483+0000] {subprocess.py:93} INFO - [0m16:11:03
[2024-12-11T16:11:03.483+0000] {subprocess.py:93} INFO - [0m16:11:03  Finished running 1 incremental model in 0 hours 0 minutes and 0.46 seconds (0.46s).
[2024-12-11T16:11:03.567+0000] {subprocess.py:93} INFO - [0m16:11:03
[2024-12-11T16:11:03.568+0000] {subprocess.py:93} INFO - [0m16:11:03  [32mCompleted successfully[0m
[2024-12-11T16:11:03.569+0000] {subprocess.py:93} INFO - [0m16:11:03
[2024-12-11T16:11:03.569+0000] {subprocess.py:93} INFO - [0m16:11:03  Done. PASS=1 WARN=0 ERROR=0 SKIP=0 TOTAL=1
[2024-12-11T16:11:04.408+0000] {subprocess.py:97} INFO - Command exited with return code 0
[2024-12-11T16:11:04.408+0000] {taskinstance.py:441} INFO - ::group::Post task execution logs
[2024-12-11T16:11:04.431+0000] {taskinstance.py:1206} INFO - Marking task as SUCCESS. dag_id=dbt_orchestrator, task_id=dbt_run_fact.dbt_run_fact, run_id=manual__2024-12-11T16:10:36.196701+00:00, execution_date=20241211T161036, start_date=20241211T161100, end_date=20241211T161104
[2024-12-11T16:11:04.473+0000] {local_task_job_runner.py:240} INFO - Task exited with return code 0
[2024-12-11T16:11:04.496+0000] {taskinstance.py:3498} INFO - 1 downstream tasks scheduled from follow-on schedule check
[2024-12-11T16:11:04.497+0000] {local_task_job_runner.py:222} INFO - ::endgroup::
