[2024-12-11T16:44:34.547+0000] {local_task_job_runner.py:120} INFO - ::group::Pre task execution logs
[2024-12-11T16:44:34.570+0000] {taskinstance.py:2076} INFO - Dependencies all met for dep_context=non-requeueable deps ti=<TaskInstance: dbt_orchestrator.dbt_run_fact.dbt_run_fact scheduled__2024-12-11T16:15:00+00:00 [queued]>
[2024-12-11T16:44:34.578+0000] {taskinstance.py:2076} INFO - Dependencies all met for dep_context=requeueable deps ti=<TaskInstance: dbt_orchestrator.dbt_run_fact.dbt_run_fact scheduled__2024-12-11T16:15:00+00:00 [queued]>
[2024-12-11T16:44:34.579+0000] {taskinstance.py:2306} INFO - Starting attempt 1 of 1
[2024-12-11T16:44:34.590+0000] {taskinstance.py:2330} INFO - Executing <Task(BashOperator): dbt_run_fact.dbt_run_fact> on 2024-12-11 16:15:00+00:00
[2024-12-11T16:44:34.597+0000] {standard_task_runner.py:63} INFO - Started process 362 to run task
[2024-12-11T16:44:34.600+0000] {standard_task_runner.py:90} INFO - Running: ['***', 'tasks', 'run', 'dbt_orchestrator', 'dbt_run_fact.dbt_run_fact', 'scheduled__2024-12-11T16:15:00+00:00', '--job-id', '46', '--raw', '--subdir', 'DAGS_FOLDER/pipeline.py', '--cfg-path', '/tmp/tmp_cdayslp']
[2024-12-11T16:44:34.601+0000] {standard_task_runner.py:91} INFO - Job 46: Subtask dbt_run_fact.dbt_run_fact
[2024-12-11T16:44:34.647+0000] {task_command.py:426} INFO - Running <TaskInstance: dbt_orchestrator.dbt_run_fact.dbt_run_fact scheduled__2024-12-11T16:15:00+00:00 [running]> on host 49f8df2c9427
[2024-12-11T16:44:34.737+0000] {taskinstance.py:2648} INFO - Exporting env vars: AIRFLOW_CTX_DAG_OWNER='Mahmoud' AIRFLOW_CTX_DAG_ID='dbt_orchestrator' AIRFLOW_CTX_TASK_ID='dbt_run_fact.dbt_run_fact' AIRFLOW_CTX_EXECUTION_DATE='2024-12-11T16:15:00+00:00' AIRFLOW_CTX_TRY_NUMBER='1' AIRFLOW_CTX_DAG_RUN_ID='scheduled__2024-12-11T16:15:00+00:00'
[2024-12-11T16:44:34.738+0000] {taskinstance.py:430} INFO - ::endgroup::
[2024-12-11T16:44:34.753+0000] {subprocess.py:63} INFO - Tmp dir root location: /tmp
[2024-12-11T16:44:34.754+0000] {subprocess.py:75} INFO - Running command: ['/usr/bin/bash', '-c', 'dbt run --profiles-dir /opt/***/dbt --project-dir /opt/***/dbt/ecommerce --select models/olap_model/fact']
[2024-12-11T16:44:34.767+0000] {subprocess.py:86} INFO - Output:
[2024-12-11T16:44:36.857+0000] {subprocess.py:93} INFO - [0m16:44:36  Running with dbt=1.8.0
[2024-12-11T16:44:37.004+0000] {subprocess.py:93} INFO - [0m16:44:37  [[33mWARNING[0m]: Deprecated functionality
[2024-12-11T16:44:37.004+0000] {subprocess.py:93} INFO - The `tests` config has been renamed to `data_tests`. Please see
[2024-12-11T16:44:37.004+0000] {subprocess.py:93} INFO - https://docs.getdbt.com/docs/build/data-tests#new-data_tests-syntax for more
[2024-12-11T16:44:37.004+0000] {subprocess.py:93} INFO - information.
[2024-12-11T16:44:37.170+0000] {subprocess.py:93} INFO - [0m16:44:37  Registered adapter: postgres=1.8.0
[2024-12-11T16:44:37.614+0000] {subprocess.py:93} INFO - [0m16:44:37  [[33mWARNING[0m]: Configuration paths exist in your dbt_project.yml file which do not apply to any resources.
[2024-12-11T16:44:37.614+0000] {subprocess.py:93} INFO - There are 2 unused configuration paths:
[2024-12-11T16:44:37.614+0000] {subprocess.py:93} INFO - - models.ecommerce.marts.dimensions
[2024-12-11T16:44:37.614+0000] {subprocess.py:93} INFO - - models.ecommerce.marts.fact
[2024-12-11T16:44:37.941+0000] {subprocess.py:93} INFO - [0m16:44:37  Found 15 models, 1 snapshot, 112 data tests, 12 sources, 430 macros
[2024-12-11T16:44:37.948+0000] {subprocess.py:93} INFO - [0m16:44:37
[2024-12-11T16:44:38.187+0000] {subprocess.py:93} INFO - [0m16:44:38  Concurrency: 3 threads (target='dev')
[2024-12-11T16:44:38.189+0000] {subprocess.py:93} INFO - [0m16:44:38
[2024-12-11T16:44:38.197+0000] {subprocess.py:93} INFO - [0m16:44:38  1 of 1 START sql incremental model oltp.fact_sales ............................. [RUN]
[2024-12-11T16:44:38.462+0000] {subprocess.py:93} INFO - [0m16:44:38  1 of 1 OK created sql incremental model oltp.fact_sales ........................ [[32mINSERT 0 1294[0m in 0.26s]
[2024-12-11T16:44:38.476+0000] {subprocess.py:93} INFO - [0m16:44:38
[2024-12-11T16:44:38.477+0000] {subprocess.py:93} INFO - [0m16:44:38  Finished running 1 incremental model in 0 hours 0 minutes and 0.53 seconds (0.53s).
[2024-12-11T16:44:38.602+0000] {subprocess.py:93} INFO - [0m16:44:38
[2024-12-11T16:44:38.603+0000] {subprocess.py:93} INFO - [0m16:44:38  [32mCompleted successfully[0m
[2024-12-11T16:44:38.604+0000] {subprocess.py:93} INFO - [0m16:44:38
[2024-12-11T16:44:38.604+0000] {subprocess.py:93} INFO - [0m16:44:38  Done. PASS=1 WARN=0 ERROR=0 SKIP=0 TOTAL=1
[2024-12-11T16:44:39.472+0000] {subprocess.py:97} INFO - Command exited with return code 0
[2024-12-11T16:44:39.473+0000] {taskinstance.py:441} INFO - ::group::Post task execution logs
[2024-12-11T16:44:39.497+0000] {taskinstance.py:1206} INFO - Marking task as SUCCESS. dag_id=dbt_orchestrator, task_id=dbt_run_fact.dbt_run_fact, run_id=scheduled__2024-12-11T16:15:00+00:00, execution_date=20241211T161500, start_date=20241211T164434, end_date=20241211T164439
[2024-12-11T16:44:39.545+0000] {local_task_job_runner.py:240} INFO - Task exited with return code 0
[2024-12-11T16:44:39.576+0000] {taskinstance.py:3498} INFO - 1 downstream tasks scheduled from follow-on schedule check
[2024-12-11T16:44:39.577+0000] {local_task_job_runner.py:222} INFO - ::endgroup::
