[2024-12-12T09:23:01.499+0000] {local_task_job_runner.py:120} INFO - ::group::Pre task execution logs
[2024-12-12T09:23:01.558+0000] {taskinstance.py:2076} INFO - Dependencies all met for dep_context=non-requeueable deps ti=<TaskInstance: dbt_orchestrator.dbt_run_staging.dbt_run_stg_customers scheduled__2024-12-12T09:00:00+00:00 [queued]>
[2024-12-12T09:23:01.590+0000] {taskinstance.py:2076} INFO - Dependencies all met for dep_context=requeueable deps ti=<TaskInstance: dbt_orchestrator.dbt_run_staging.dbt_run_stg_customers scheduled__2024-12-12T09:00:00+00:00 [queued]>
[2024-12-12T09:23:01.591+0000] {taskinstance.py:2306} INFO - Starting attempt 1 of 1
[2024-12-12T09:23:01.620+0000] {taskinstance.py:2330} INFO - Executing <Task(BashOperator): dbt_run_staging.dbt_run_stg_customers> on 2024-12-12 09:00:00+00:00
[2024-12-12T09:23:01.638+0000] {standard_task_runner.py:63} INFO - Started process 3149 to run task
[2024-12-12T09:23:01.647+0000] {standard_task_runner.py:90} INFO - Running: ['***', 'tasks', 'run', 'dbt_orchestrator', 'dbt_run_staging.dbt_run_stg_customers', 'scheduled__2024-12-12T09:00:00+00:00', '--job-id', '429', '--raw', '--subdir', 'DAGS_FOLDER/pipeline.py', '--cfg-path', '/tmp/tmpcvqzqwdh']
[2024-12-12T09:23:01.649+0000] {standard_task_runner.py:91} INFO - Job 429: Subtask dbt_run_staging.dbt_run_stg_customers
[2024-12-12T09:23:01.783+0000] {task_command.py:426} INFO - Running <TaskInstance: dbt_orchestrator.dbt_run_staging.dbt_run_stg_customers scheduled__2024-12-12T09:00:00+00:00 [running]> on host 34fdc836a0bb
[2024-12-12T09:23:02.044+0000] {taskinstance.py:2648} INFO - Exporting env vars: AIRFLOW_CTX_DAG_OWNER='ma7moud' AIRFLOW_CTX_DAG_ID='dbt_orchestrator' AIRFLOW_CTX_TASK_ID='dbt_run_staging.dbt_run_stg_customers' AIRFLOW_CTX_EXECUTION_DATE='2024-12-12T09:00:00+00:00' AIRFLOW_CTX_TRY_NUMBER='1' AIRFLOW_CTX_DAG_RUN_ID='scheduled__2024-12-12T09:00:00+00:00'
[2024-12-12T09:23:02.045+0000] {taskinstance.py:430} INFO - ::endgroup::
[2024-12-12T09:23:02.067+0000] {subprocess.py:63} INFO - Tmp dir root location: /tmp
[2024-12-12T09:23:02.068+0000] {subprocess.py:75} INFO - Running command: ['/usr/bin/bash', '-c', 'dbt run --profiles-dir /opt/***/dbt --project-dir /opt/***/dbt/ecommerce --models stg_customers']
[2024-12-12T09:23:02.097+0000] {subprocess.py:86} INFO - Output:
[2024-12-12T09:23:07.008+0000] {subprocess.py:93} INFO - [0m09:23:07  Running with dbt=1.8.0
[2024-12-12T09:23:07.567+0000] {subprocess.py:93} INFO - [0m09:23:07  [[33mWARNING[0m]: Deprecated functionality
[2024-12-12T09:23:07.570+0000] {subprocess.py:93} INFO - The `tests` config has been renamed to `data_tests`. Please see
[2024-12-12T09:23:07.571+0000] {subprocess.py:93} INFO - https://docs.getdbt.com/docs/build/data-tests#new-data_tests-syntax for more
[2024-12-12T09:23:07.571+0000] {subprocess.py:93} INFO - information.
[2024-12-12T09:23:08.033+0000] {subprocess.py:93} INFO - [0m09:23:08  Registered adapter: postgres=1.8.0
[2024-12-12T09:23:10.640+0000] {subprocess.py:93} INFO - [0m09:23:10  Found 15 models, 1 snapshot, 112 data tests, 12 sources, 430 macros
[2024-12-12T09:23:10.654+0000] {subprocess.py:93} INFO - [0m09:23:10
[2024-12-12T09:23:11.141+0000] {subprocess.py:93} INFO - [0m09:23:11  Concurrency: 3 threads (target='dev')
[2024-12-12T09:23:11.142+0000] {subprocess.py:93} INFO - [0m09:23:11
[2024-12-12T09:23:11.158+0000] {subprocess.py:93} INFO - [0m09:23:11  1 of 1 START sql incremental model olap_model_staging_tables.stg_customers ..... [RUN]
[2024-12-12T09:23:11.551+0000] {subprocess.py:93} INFO - [0m09:23:11  1 of 1 OK created sql incremental model olap_model_staging_tables.stg_customers  [[32mSELECT 109[0m in 0.38s]
[2024-12-12T09:23:11.592+0000] {subprocess.py:93} INFO - [0m09:23:11
[2024-12-12T09:23:11.593+0000] {subprocess.py:93} INFO - [0m09:23:11  Finished running 1 incremental model in 0 hours 0 minutes and 0.93 seconds (0.93s).
[2024-12-12T09:23:11.845+0000] {subprocess.py:93} INFO - [0m09:23:11
[2024-12-12T09:23:11.847+0000] {subprocess.py:93} INFO - [0m09:23:11  [32mCompleted successfully[0m
[2024-12-12T09:23:11.848+0000] {subprocess.py:93} INFO - [0m09:23:11
[2024-12-12T09:23:11.850+0000] {subprocess.py:93} INFO - [0m09:23:11  Done. PASS=1 WARN=0 ERROR=0 SKIP=0 TOTAL=1
[2024-12-12T09:23:13.269+0000] {subprocess.py:97} INFO - Command exited with return code 0
[2024-12-12T09:23:13.271+0000] {taskinstance.py:441} INFO - ::group::Post task execution logs
[2024-12-12T09:23:13.342+0000] {taskinstance.py:1206} INFO - Marking task as SUCCESS. dag_id=dbt_orchestrator, task_id=dbt_run_staging.dbt_run_stg_customers, run_id=scheduled__2024-12-12T09:00:00+00:00, execution_date=20241212T090000, start_date=20241212T092301, end_date=20241212T092313
[2024-12-12T09:23:13.464+0000] {local_task_job_runner.py:240} INFO - Task exited with return code 0
[2024-12-12T09:23:13.531+0000] {taskinstance.py:3498} INFO - 0 downstream tasks scheduled from follow-on schedule check
[2024-12-12T09:23:13.533+0000] {local_task_job_runner.py:222} INFO - ::endgroup::
