[2024-12-12T08:51:17.202+0000] {local_task_job_runner.py:120} INFO - ::group::Pre task execution logs
[2024-12-12T08:51:17.259+0000] {taskinstance.py:2076} INFO - Dependencies all met for dep_context=non-requeueable deps ti=<TaskInstance: dbt_orchestrator.dbt_run_staging.dbt_run_stg_brand manual__2024-12-12T08:51:03.221369+00:00 [queued]>
[2024-12-12T08:51:17.280+0000] {taskinstance.py:2076} INFO - Dependencies all met for dep_context=requeueable deps ti=<TaskInstance: dbt_orchestrator.dbt_run_staging.dbt_run_stg_brand manual__2024-12-12T08:51:03.221369+00:00 [queued]>
[2024-12-12T08:51:17.281+0000] {taskinstance.py:2306} INFO - Starting attempt 1 of 1
[2024-12-12T08:51:17.314+0000] {taskinstance.py:2330} INFO - Executing <Task(BashOperator): dbt_run_staging.dbt_run_stg_brand> on 2024-12-12 08:51:03.221369+00:00
[2024-12-12T08:51:17.329+0000] {standard_task_runner.py:63} INFO - Started process 1557 to run task
[2024-12-12T08:51:17.335+0000] {standard_task_runner.py:90} INFO - Running: ['***', 'tasks', 'run', 'dbt_orchestrator', 'dbt_run_staging.dbt_run_stg_brand', 'manual__2024-12-12T08:51:03.221369+00:00', '--job-id', '318', '--raw', '--subdir', 'DAGS_FOLDER/pipeline.py', '--cfg-path', '/tmp/tmpakdjb9rt']
[2024-12-12T08:51:17.337+0000] {standard_task_runner.py:91} INFO - Job 318: Subtask dbt_run_staging.dbt_run_stg_brand
[2024-12-12T08:51:17.444+0000] {task_command.py:426} INFO - Running <TaskInstance: dbt_orchestrator.dbt_run_staging.dbt_run_stg_brand manual__2024-12-12T08:51:03.221369+00:00 [running]> on host 34fdc836a0bb
[2024-12-12T08:51:17.643+0000] {taskinstance.py:2648} INFO - Exporting env vars: AIRFLOW_CTX_DAG_OWNER='ma7moud' AIRFLOW_CTX_DAG_ID='dbt_orchestrator' AIRFLOW_CTX_TASK_ID='dbt_run_staging.dbt_run_stg_brand' AIRFLOW_CTX_EXECUTION_DATE='2024-12-12T08:51:03.221369+00:00' AIRFLOW_CTX_TRY_NUMBER='1' AIRFLOW_CTX_DAG_RUN_ID='manual__2024-12-12T08:51:03.221369+00:00'
[2024-12-12T08:51:17.644+0000] {taskinstance.py:430} INFO - ::endgroup::
[2024-12-12T08:51:17.676+0000] {subprocess.py:63} INFO - Tmp dir root location: /tmp
[2024-12-12T08:51:17.677+0000] {subprocess.py:75} INFO - Running command: ['/usr/bin/bash', '-c', 'dbt run --profiles-dir /opt/***/dbt --project-dir /opt/***/dbt/ecommerce --models stg_brand']
[2024-12-12T08:51:17.709+0000] {subprocess.py:86} INFO - Output:
[2024-12-12T08:51:22.148+0000] {subprocess.py:93} INFO - [0m08:51:22  Running with dbt=1.8.0
[2024-12-12T08:51:22.685+0000] {subprocess.py:93} INFO - [0m08:51:22  [[33mWARNING[0m]: Deprecated functionality
[2024-12-12T08:51:22.686+0000] {subprocess.py:93} INFO - The `tests` config has been renamed to `data_tests`. Please see
[2024-12-12T08:51:22.686+0000] {subprocess.py:93} INFO - https://docs.getdbt.com/docs/build/data-tests#new-data_tests-syntax for more
[2024-12-12T08:51:22.689+0000] {subprocess.py:93} INFO - information.
[2024-12-12T08:51:23.054+0000] {subprocess.py:93} INFO - [0m08:51:23  Registered adapter: postgres=1.8.0
[2024-12-12T08:51:25.142+0000] {subprocess.py:93} INFO - [0m08:51:25  Found 15 models, 1 snapshot, 112 data tests, 12 sources, 430 macros
[2024-12-12T08:51:25.163+0000] {subprocess.py:93} INFO - [0m08:51:25
[2024-12-12T08:51:26.251+0000] {subprocess.py:93} INFO - [0m08:51:26  Concurrency: 3 threads (target='dev')
[2024-12-12T08:51:26.254+0000] {subprocess.py:93} INFO - [0m08:51:26
[2024-12-12T08:51:26.261+0000] {subprocess.py:93} INFO - [0m08:51:26  1 of 1 START sql incremental model oltp_staging_tables.stg_brand ............... [RUN]
[2024-12-12T08:51:27.113+0000] {subprocess.py:93} INFO - [0m08:51:27  1 of 1 OK created sql incremental model oltp_staging_tables.stg_brand .......... [[32mINSERT 0 10[0m in 0.84s]
[2024-12-12T08:51:27.165+0000] {subprocess.py:93} INFO - [0m08:51:27
[2024-12-12T08:51:27.169+0000] {subprocess.py:93} INFO - [0m08:51:27  Finished running 1 incremental model in 0 hours 0 minutes and 2.00 seconds (2.00s).
[2024-12-12T08:51:27.528+0000] {subprocess.py:93} INFO - [0m08:51:27
[2024-12-12T08:51:27.538+0000] {subprocess.py:93} INFO - [0m08:51:27  [32mCompleted successfully[0m
[2024-12-12T08:51:27.539+0000] {subprocess.py:93} INFO - [0m08:51:27
[2024-12-12T08:51:27.553+0000] {subprocess.py:93} INFO - [0m08:51:27  Done. PASS=1 WARN=0 ERROR=0 SKIP=0 TOTAL=1
[2024-12-12T08:51:29.137+0000] {subprocess.py:97} INFO - Command exited with return code 0
[2024-12-12T08:51:29.139+0000] {taskinstance.py:441} INFO - ::group::Post task execution logs
[2024-12-12T08:51:29.198+0000] {taskinstance.py:1206} INFO - Marking task as SUCCESS. dag_id=dbt_orchestrator, task_id=dbt_run_staging.dbt_run_stg_brand, run_id=manual__2024-12-12T08:51:03.221369+00:00, execution_date=20241212T085103, start_date=20241212T085117, end_date=20241212T085129
[2024-12-12T08:51:29.278+0000] {local_task_job_runner.py:240} INFO - Task exited with return code 0
[2024-12-12T08:51:29.316+0000] {taskinstance.py:3498} INFO - 0 downstream tasks scheduled from follow-on schedule check
[2024-12-12T08:51:29.317+0000] {local_task_job_runner.py:222} INFO - ::endgroup::
