[2024-12-12T08:54:30.751+0000] {local_task_job_runner.py:120} INFO - ::group::Pre task execution logs
[2024-12-12T08:54:30.798+0000] {taskinstance.py:2076} INFO - Dependencies all met for dep_context=non-requeueable deps ti=<TaskInstance: dbt_orchestrator.dbt_run_staging.dbt_run_stg_brand manual__2024-12-12T08:51:03.221369+00:00 [queued]>
[2024-12-12T08:54:30.829+0000] {taskinstance.py:2076} INFO - Dependencies all met for dep_context=requeueable deps ti=<TaskInstance: dbt_orchestrator.dbt_run_staging.dbt_run_stg_brand manual__2024-12-12T08:51:03.221369+00:00 [queued]>
[2024-12-12T08:54:30.830+0000] {taskinstance.py:2306} INFO - Starting attempt 2 of 2
[2024-12-12T08:54:30.891+0000] {taskinstance.py:2330} INFO - Executing <Task(BashOperator): dbt_run_staging.dbt_run_stg_brand> on 2024-12-12 08:51:03.221369+00:00
[2024-12-12T08:54:30.918+0000] {standard_task_runner.py:63} INFO - Started process 1805 to run task
[2024-12-12T08:54:30.930+0000] {standard_task_runner.py:90} INFO - Running: ['***', 'tasks', 'run', 'dbt_orchestrator', 'dbt_run_staging.dbt_run_stg_brand', 'manual__2024-12-12T08:51:03.221369+00:00', '--job-id', '340', '--raw', '--subdir', 'DAGS_FOLDER/pipeline.py', '--cfg-path', '/tmp/tmpja09ktne']
[2024-12-12T08:54:30.933+0000] {standard_task_runner.py:91} INFO - Job 340: Subtask dbt_run_staging.dbt_run_stg_brand
[2024-12-12T08:54:31.088+0000] {task_command.py:426} INFO - Running <TaskInstance: dbt_orchestrator.dbt_run_staging.dbt_run_stg_brand manual__2024-12-12T08:51:03.221369+00:00 [running]> on host 34fdc836a0bb
[2024-12-12T08:54:31.286+0000] {taskinstance.py:2648} INFO - Exporting env vars: AIRFLOW_CTX_DAG_OWNER='ma7moud' AIRFLOW_CTX_DAG_ID='dbt_orchestrator' AIRFLOW_CTX_TASK_ID='dbt_run_staging.dbt_run_stg_brand' AIRFLOW_CTX_EXECUTION_DATE='2024-12-12T08:51:03.221369+00:00' AIRFLOW_CTX_TRY_NUMBER='2' AIRFLOW_CTX_DAG_RUN_ID='manual__2024-12-12T08:51:03.221369+00:00'
[2024-12-12T08:54:31.292+0000] {taskinstance.py:430} INFO - ::endgroup::
[2024-12-12T08:54:31.321+0000] {subprocess.py:63} INFO - Tmp dir root location: /tmp
[2024-12-12T08:54:31.322+0000] {subprocess.py:75} INFO - Running command: ['/usr/bin/bash', '-c', 'dbt run --profiles-dir /opt/***/dbt --project-dir /opt/***/dbt/ecommerce --models stg_brand']
[2024-12-12T08:54:31.360+0000] {subprocess.py:86} INFO - Output:
[2024-12-12T08:54:36.549+0000] {subprocess.py:93} INFO - [0m08:54:36  Running with dbt=1.8.0
[2024-12-12T08:54:36.989+0000] {subprocess.py:93} INFO - [0m08:54:36  [[33mWARNING[0m]: Deprecated functionality
[2024-12-12T08:54:36.991+0000] {subprocess.py:93} INFO - The `tests` config has been renamed to `data_tests`. Please see
[2024-12-12T08:54:36.993+0000] {subprocess.py:93} INFO - https://docs.getdbt.com/docs/build/data-tests#new-data_tests-syntax for more
[2024-12-12T08:54:36.994+0000] {subprocess.py:93} INFO - information.
[2024-12-12T08:54:37.491+0000] {subprocess.py:93} INFO - [0m08:54:37  Registered adapter: postgres=1.8.0
[2024-12-12T08:54:39.795+0000] {subprocess.py:93} INFO - [0m08:54:39  Found 15 models, 1 snapshot, 112 data tests, 12 sources, 430 macros
[2024-12-12T08:54:39.803+0000] {subprocess.py:93} INFO - [0m08:54:39
[2024-12-12T08:54:40.445+0000] {subprocess.py:93} INFO - [0m08:54:40  Concurrency: 3 threads (target='dev')
[2024-12-12T08:54:40.447+0000] {subprocess.py:93} INFO - [0m08:54:40
[2024-12-12T08:54:40.459+0000] {subprocess.py:93} INFO - [0m08:54:40  1 of 1 START sql incremental model oltp_staging_tables.stg_brand ............... [RUN]
[2024-12-12T08:54:41.335+0000] {subprocess.py:93} INFO - [0m08:54:41  1 of 1 OK created sql incremental model oltp_staging_tables.stg_brand .......... [[32mINSERT 0 10[0m in 0.87s]
[2024-12-12T08:54:41.365+0000] {subprocess.py:93} INFO - [0m08:54:41
[2024-12-12T08:54:41.367+0000] {subprocess.py:93} INFO - [0m08:54:41  Finished running 1 incremental model in 0 hours 0 minutes and 1.56 seconds (1.56s).
[2024-12-12T08:54:41.493+0000] {subprocess.py:93} INFO - [0m08:54:41
[2024-12-12T08:54:41.494+0000] {subprocess.py:93} INFO - [0m08:54:41  [32mCompleted successfully[0m
[2024-12-12T08:54:41.494+0000] {subprocess.py:93} INFO - [0m08:54:41
[2024-12-12T08:54:41.495+0000] {subprocess.py:93} INFO - [0m08:54:41  Done. PASS=1 WARN=0 ERROR=0 SKIP=0 TOTAL=1
[2024-12-12T08:54:42.695+0000] {subprocess.py:97} INFO - Command exited with return code 0
[2024-12-12T08:54:42.697+0000] {taskinstance.py:441} INFO - ::group::Post task execution logs
[2024-12-12T08:54:42.734+0000] {taskinstance.py:1206} INFO - Marking task as SUCCESS. dag_id=dbt_orchestrator, task_id=dbt_run_staging.dbt_run_stg_brand, run_id=manual__2024-12-12T08:51:03.221369+00:00, execution_date=20241212T085103, start_date=20241212T085430, end_date=20241212T085442
[2024-12-12T08:54:42.795+0000] {local_task_job_runner.py:240} INFO - Task exited with return code 0
[2024-12-12T08:54:42.841+0000] {taskinstance.py:3498} INFO - 6 downstream tasks scheduled from follow-on schedule check
[2024-12-12T08:54:42.842+0000] {local_task_job_runner.py:222} INFO - ::endgroup::
