[2024-12-12T08:18:35.501+0000] {local_task_job_runner.py:120} INFO - ::group::Pre task execution logs
[2024-12-12T08:18:35.555+0000] {taskinstance.py:2076} INFO - Dependencies all met for dep_context=non-requeueable deps ti=<TaskInstance: dbt_orchestrator.dbt_run_staging.dbt_run_stg_product scheduled__2024-12-12T08:00:00+00:00 [queued]>
[2024-12-12T08:18:35.581+0000] {taskinstance.py:2076} INFO - Dependencies all met for dep_context=requeueable deps ti=<TaskInstance: dbt_orchestrator.dbt_run_staging.dbt_run_stg_product scheduled__2024-12-12T08:00:00+00:00 [queued]>
[2024-12-12T08:18:35.582+0000] {taskinstance.py:2306} INFO - Starting attempt 1 of 1
[2024-12-12T08:18:35.659+0000] {taskinstance.py:2330} INFO - Executing <Task(BashOperator): dbt_run_staging.dbt_run_stg_product> on 2024-12-12 08:00:00+00:00
[2024-12-12T08:18:35.682+0000] {standard_task_runner.py:63} INFO - Started process 571 to run task
[2024-12-12T08:18:35.694+0000] {standard_task_runner.py:90} INFO - Running: ['***', 'tasks', 'run', 'dbt_orchestrator', 'dbt_run_staging.dbt_run_stg_product', 'scheduled__2024-12-12T08:00:00+00:00', '--job-id', '186', '--raw', '--subdir', 'DAGS_FOLDER/pipeline.py', '--cfg-path', '/tmp/tmpvkvqv953']
[2024-12-12T08:18:35.698+0000] {standard_task_runner.py:91} INFO - Job 186: Subtask dbt_run_staging.dbt_run_stg_product
[2024-12-12T08:18:35.830+0000] {task_command.py:426} INFO - Running <TaskInstance: dbt_orchestrator.dbt_run_staging.dbt_run_stg_product scheduled__2024-12-12T08:00:00+00:00 [running]> on host 34fdc836a0bb
[2024-12-12T08:18:36.076+0000] {taskinstance.py:2648} INFO - Exporting env vars: AIRFLOW_CTX_DAG_OWNER='ma7moud' AIRFLOW_CTX_DAG_ID='dbt_orchestrator' AIRFLOW_CTX_TASK_ID='dbt_run_staging.dbt_run_stg_product' AIRFLOW_CTX_EXECUTION_DATE='2024-12-12T08:00:00+00:00' AIRFLOW_CTX_TRY_NUMBER='1' AIRFLOW_CTX_DAG_RUN_ID='scheduled__2024-12-12T08:00:00+00:00'
[2024-12-12T08:18:36.077+0000] {taskinstance.py:430} INFO - ::endgroup::
[2024-12-12T08:18:36.115+0000] {subprocess.py:63} INFO - Tmp dir root location: /tmp
[2024-12-12T08:18:36.116+0000] {subprocess.py:75} INFO - Running command: ['/usr/bin/bash', '-c', 'dbt run --profiles-dir /opt/***/dbt --project-dir /opt/***/dbt/ecommerce --models models/staging/stg_product']
[2024-12-12T08:18:36.151+0000] {subprocess.py:86} INFO - Output:
[2024-12-12T08:18:40.718+0000] {subprocess.py:93} INFO - [0m08:18:40  Running with dbt=1.8.0
[2024-12-12T08:18:41.050+0000] {subprocess.py:93} INFO - [0m08:18:41  [[33mWARNING[0m]: Deprecated functionality
[2024-12-12T08:18:41.050+0000] {subprocess.py:93} INFO - The `tests` config has been renamed to `data_tests`. Please see
[2024-12-12T08:18:41.050+0000] {subprocess.py:93} INFO - https://docs.getdbt.com/docs/build/data-tests#new-data_tests-syntax for more
[2024-12-12T08:18:41.051+0000] {subprocess.py:93} INFO - information.
[2024-12-12T08:18:41.381+0000] {subprocess.py:93} INFO - [0m08:18:41  Registered adapter: postgres=1.8.0
[2024-12-12T08:18:42.255+0000] {subprocess.py:93} INFO - [0m08:18:42  Unable to do partial parsing because of a version mismatch
[2024-12-12T08:18:48.346+0000] {subprocess.py:93} INFO - [0m08:18:48  [[33mWARNING[0m]: Configuration paths exist in your dbt_project.yml file which do not apply to any resources.
[2024-12-12T08:18:48.347+0000] {subprocess.py:93} INFO - There are 2 unused configuration paths:
[2024-12-12T08:18:48.350+0000] {subprocess.py:93} INFO - - models.ecommerce.dimensions
[2024-12-12T08:18:48.351+0000] {subprocess.py:93} INFO - - models.ecommerce.fact
[2024-12-12T08:18:48.932+0000] {subprocess.py:93} INFO - [0m08:18:48  Found 15 models, 1 snapshot, 112 data tests, 12 sources, 430 macros
[2024-12-12T08:18:48.943+0000] {subprocess.py:93} INFO - [0m08:18:48  The selection criterion 'models/staging/stg_product' does not match any enabled nodes
[2024-12-12T08:18:48.947+0000] {subprocess.py:93} INFO - [0m08:18:48
[2024-12-12T08:18:48.948+0000] {subprocess.py:93} INFO - [0m08:18:48  Nothing to do. Try checking your model configs and model specification args
[2024-12-12T08:18:50.086+0000] {subprocess.py:97} INFO - Command exited with return code 0
[2024-12-12T08:18:50.087+0000] {taskinstance.py:441} INFO - ::group::Post task execution logs
[2024-12-12T08:18:50.130+0000] {taskinstance.py:1206} INFO - Marking task as SUCCESS. dag_id=dbt_orchestrator, task_id=dbt_run_staging.dbt_run_stg_product, run_id=scheduled__2024-12-12T08:00:00+00:00, execution_date=20241212T080000, start_date=20241212T081835, end_date=20241212T081850
[2024-12-12T08:18:50.195+0000] {local_task_job_runner.py:240} INFO - Task exited with return code 0
[2024-12-12T08:18:50.250+0000] {taskinstance.py:3498} INFO - 0 downstream tasks scheduled from follow-on schedule check
[2024-12-12T08:18:50.252+0000] {local_task_job_runner.py:222} INFO - ::endgroup::
