[2024-12-12T08:27:58.047+0000] {local_task_job_runner.py:120} INFO - ::group::Pre task execution logs
[2024-12-12T08:27:58.087+0000] {taskinstance.py:2076} INFO - Dependencies all met for dep_context=non-requeueable deps ti=<TaskInstance: dbt_orchestrator.dbt_run_staging.dbt_run_stg_product scheduled__2024-12-12T08:00:00+00:00 [queued]>
[2024-12-12T08:27:58.116+0000] {taskinstance.py:2076} INFO - Dependencies all met for dep_context=requeueable deps ti=<TaskInstance: dbt_orchestrator.dbt_run_staging.dbt_run_stg_product scheduled__2024-12-12T08:00:00+00:00 [queued]>
[2024-12-12T08:27:58.117+0000] {taskinstance.py:2306} INFO - Starting attempt 3 of 3
[2024-12-12T08:27:58.154+0000] {taskinstance.py:2330} INFO - Executing <Task(BashOperator): dbt_run_staging.dbt_run_stg_product> on 2024-12-12 08:00:00+00:00
[2024-12-12T08:27:58.170+0000] {standard_task_runner.py:63} INFO - Started process 869 to run task
[2024-12-12T08:27:58.176+0000] {standard_task_runner.py:90} INFO - Running: ['***', 'tasks', 'run', 'dbt_orchestrator', 'dbt_run_staging.dbt_run_stg_product', 'scheduled__2024-12-12T08:00:00+00:00', '--job-id', '223', '--raw', '--subdir', 'DAGS_FOLDER/pipeline.py', '--cfg-path', '/tmp/tmpt07qc_rv']
[2024-12-12T08:27:58.178+0000] {standard_task_runner.py:91} INFO - Job 223: Subtask dbt_run_staging.dbt_run_stg_product
[2024-12-12T08:27:58.283+0000] {task_command.py:426} INFO - Running <TaskInstance: dbt_orchestrator.dbt_run_staging.dbt_run_stg_product scheduled__2024-12-12T08:00:00+00:00 [running]> on host 34fdc836a0bb
[2024-12-12T08:27:58.467+0000] {taskinstance.py:2648} INFO - Exporting env vars: AIRFLOW_CTX_DAG_OWNER='ma7moud' AIRFLOW_CTX_DAG_ID='dbt_orchestrator' AIRFLOW_CTX_TASK_ID='dbt_run_staging.dbt_run_stg_product' AIRFLOW_CTX_EXECUTION_DATE='2024-12-12T08:00:00+00:00' AIRFLOW_CTX_TRY_NUMBER='3' AIRFLOW_CTX_DAG_RUN_ID='scheduled__2024-12-12T08:00:00+00:00'
[2024-12-12T08:27:58.468+0000] {taskinstance.py:430} INFO - ::endgroup::
[2024-12-12T08:27:58.489+0000] {subprocess.py:63} INFO - Tmp dir root location: /tmp
[2024-12-12T08:27:58.490+0000] {subprocess.py:75} INFO - Running command: ['/usr/bin/bash', '-c', 'dbt run --profiles-dir /opt/***/dbt --project-dir /opt/***/dbt/ecommerce --models models/staging/stg_product']
[2024-12-12T08:27:58.510+0000] {subprocess.py:86} INFO - Output:
[2024-12-12T08:28:02.657+0000] {subprocess.py:93} INFO - [0m08:28:02  Running with dbt=1.8.0
[2024-12-12T08:28:02.989+0000] {subprocess.py:93} INFO - [0m08:28:02  [[33mWARNING[0m]: Deprecated functionality
[2024-12-12T08:28:02.990+0000] {subprocess.py:93} INFO - The `tests` config has been renamed to `data_tests`. Please see
[2024-12-12T08:28:02.990+0000] {subprocess.py:93} INFO - https://docs.getdbt.com/docs/build/data-tests#new-data_tests-syntax for more
[2024-12-12T08:28:02.991+0000] {subprocess.py:93} INFO - information.
[2024-12-12T08:28:03.379+0000] {subprocess.py:93} INFO - [0m08:28:03  Registered adapter: postgres=1.8.0
[2024-12-12T08:28:06.054+0000] {subprocess.py:93} INFO - [0m08:28:06  Found 15 models, 1 snapshot, 112 data tests, 12 sources, 430 macros
[2024-12-12T08:28:06.065+0000] {subprocess.py:93} INFO - [0m08:28:06  The selection criterion 'models/staging/stg_product' does not match any enabled nodes
[2024-12-12T08:28:06.076+0000] {subprocess.py:93} INFO - [0m08:28:06
[2024-12-12T08:28:06.080+0000] {subprocess.py:93} INFO - [0m08:28:06  Nothing to do. Try checking your model configs and model specification args
[2024-12-12T08:28:07.429+0000] {subprocess.py:97} INFO - Command exited with return code 0
[2024-12-12T08:28:07.430+0000] {taskinstance.py:441} INFO - ::group::Post task execution logs
[2024-12-12T08:28:07.463+0000] {taskinstance.py:1206} INFO - Marking task as SUCCESS. dag_id=dbt_orchestrator, task_id=dbt_run_staging.dbt_run_stg_product, run_id=scheduled__2024-12-12T08:00:00+00:00, execution_date=20241212T080000, start_date=20241212T082758, end_date=20241212T082807
[2024-12-12T08:28:07.512+0000] {local_task_job_runner.py:240} INFO - Task exited with return code 0
[2024-12-12T08:28:07.557+0000] {taskinstance.py:3498} INFO - 0 downstream tasks scheduled from follow-on schedule check
[2024-12-12T08:28:07.560+0000] {local_task_job_runner.py:222} INFO - ::endgroup::
