[2024-12-12T09:30:12.442+0000] {local_task_job_runner.py:120} INFO - ::group::Pre task execution logs
[2024-12-12T09:30:12.491+0000] {taskinstance.py:2076} INFO - Dependencies all met for dep_context=non-requeueable deps ti=<TaskInstance: dbt_orchestrator.dbt_run_staging.dbt_run_stg_brand scheduled__2024-12-12T09:15:00+00:00 [queued]>
[2024-12-12T09:30:12.506+0000] {taskinstance.py:2076} INFO - Dependencies all met for dep_context=requeueable deps ti=<TaskInstance: dbt_orchestrator.dbt_run_staging.dbt_run_stg_brand scheduled__2024-12-12T09:15:00+00:00 [queued]>
[2024-12-12T09:30:12.507+0000] {taskinstance.py:2306} INFO - Starting attempt 1 of 1
[2024-12-12T09:30:12.537+0000] {taskinstance.py:2330} INFO - Executing <Task(BashOperator): dbt_run_staging.dbt_run_stg_brand> on 2024-12-12 09:15:00+00:00
[2024-12-12T09:30:12.559+0000] {standard_task_runner.py:63} INFO - Started process 3465 to run task
[2024-12-12T09:30:12.568+0000] {standard_task_runner.py:90} INFO - Running: ['***', 'tasks', 'run', 'dbt_orchestrator', 'dbt_run_staging.dbt_run_stg_brand', 'scheduled__2024-12-12T09:15:00+00:00', '--job-id', '452', '--raw', '--subdir', 'DAGS_FOLDER/pipeline.py', '--cfg-path', '/tmp/tmpxw83grxv']
[2024-12-12T09:30:12.572+0000] {standard_task_runner.py:91} INFO - Job 452: Subtask dbt_run_staging.dbt_run_stg_brand
[2024-12-12T09:30:12.663+0000] {task_command.py:426} INFO - Running <TaskInstance: dbt_orchestrator.dbt_run_staging.dbt_run_stg_brand scheduled__2024-12-12T09:15:00+00:00 [running]> on host 34fdc836a0bb
[2024-12-12T09:30:12.856+0000] {taskinstance.py:2648} INFO - Exporting env vars: AIRFLOW_CTX_DAG_OWNER='ma7moud' AIRFLOW_CTX_DAG_ID='dbt_orchestrator' AIRFLOW_CTX_TASK_ID='dbt_run_staging.dbt_run_stg_brand' AIRFLOW_CTX_EXECUTION_DATE='2024-12-12T09:15:00+00:00' AIRFLOW_CTX_TRY_NUMBER='1' AIRFLOW_CTX_DAG_RUN_ID='scheduled__2024-12-12T09:15:00+00:00'
[2024-12-12T09:30:12.857+0000] {taskinstance.py:430} INFO - ::endgroup::
[2024-12-12T09:30:12.888+0000] {subprocess.py:63} INFO - Tmp dir root location: /tmp
[2024-12-12T09:30:12.889+0000] {subprocess.py:75} INFO - Running command: ['/usr/bin/bash', '-c', 'dbt run --profiles-dir /opt/***/dbt --project-dir /opt/***/dbt/ecommerce --models stg_brand']
[2024-12-12T09:30:12.910+0000] {subprocess.py:86} INFO - Output:
[2024-12-12T09:30:17.476+0000] {subprocess.py:93} INFO - [0m09:30:17  Running with dbt=1.8.0
[2024-12-12T09:30:17.877+0000] {subprocess.py:93} INFO - [0m09:30:17  [[33mWARNING[0m]: Deprecated functionality
[2024-12-12T09:30:17.880+0000] {subprocess.py:93} INFO - The `tests` config has been renamed to `data_tests`. Please see
[2024-12-12T09:30:17.881+0000] {subprocess.py:93} INFO - https://docs.getdbt.com/docs/build/data-tests#new-data_tests-syntax for more
[2024-12-12T09:30:17.882+0000] {subprocess.py:93} INFO - information.
[2024-12-12T09:30:18.362+0000] {subprocess.py:93} INFO - [0m09:30:18  Registered adapter: postgres=1.8.0
[2024-12-12T09:30:20.668+0000] {subprocess.py:93} INFO - [0m09:30:20  Found 15 models, 1 snapshot, 111 data tests, 12 sources, 430 macros
[2024-12-12T09:30:20.688+0000] {subprocess.py:93} INFO - [0m09:30:20
[2024-12-12T09:30:21.378+0000] {subprocess.py:93} INFO - [0m09:30:21  Concurrency: 3 threads (target='dev')
[2024-12-12T09:30:21.381+0000] {subprocess.py:93} INFO - [0m09:30:21
[2024-12-12T09:30:21.416+0000] {subprocess.py:93} INFO - [0m09:30:21  1 of 1 START sql incremental model olap_model_staging_tables.stg_brand ......... [RUN]
[2024-12-12T09:30:22.012+0000] {subprocess.py:93} INFO - [0m09:30:22  1 of 1 OK created sql incremental model olap_model_staging_tables.stg_brand .... [[32mINSERT 0 10[0m in 0.59s]
[2024-12-12T09:30:22.038+0000] {subprocess.py:93} INFO - [0m09:30:22
[2024-12-12T09:30:22.041+0000] {subprocess.py:93} INFO - [0m09:30:22  Finished running 1 incremental model in 0 hours 0 minutes and 1.35 seconds (1.35s).
[2024-12-12T09:30:22.209+0000] {subprocess.py:93} INFO - [0m09:30:22
[2024-12-12T09:30:22.209+0000] {subprocess.py:93} INFO - [0m09:30:22  [32mCompleted successfully[0m
[2024-12-12T09:30:22.210+0000] {subprocess.py:93} INFO - [0m09:30:22
[2024-12-12T09:30:22.212+0000] {subprocess.py:93} INFO - [0m09:30:22  Done. PASS=1 WARN=0 ERROR=0 SKIP=0 TOTAL=1
[2024-12-12T09:30:23.384+0000] {subprocess.py:97} INFO - Command exited with return code 0
[2024-12-12T09:30:23.385+0000] {taskinstance.py:441} INFO - ::group::Post task execution logs
[2024-12-12T09:30:23.416+0000] {taskinstance.py:1206} INFO - Marking task as SUCCESS. dag_id=dbt_orchestrator, task_id=dbt_run_staging.dbt_run_stg_brand, run_id=scheduled__2024-12-12T09:15:00+00:00, execution_date=20241212T091500, start_date=20241212T093012, end_date=20241212T093023
[2024-12-12T09:30:23.477+0000] {local_task_job_runner.py:240} INFO - Task exited with return code 0
[2024-12-12T09:30:23.486+0000] {local_task_job_runner.py:222} INFO - ::endgroup::
