[2024-12-12T08:51:17.320+0000] {local_task_job_runner.py:120} INFO - ::group::Pre task execution logs
[2024-12-12T08:51:17.377+0000] {taskinstance.py:2076} INFO - Dependencies all met for dep_context=non-requeueable deps ti=<TaskInstance: dbt_orchestrator.dbt_run_staging.dbt_run_stg_store manual__2024-12-12T08:51:03.221369+00:00 [queued]>
[2024-12-12T08:51:17.397+0000] {taskinstance.py:2076} INFO - Dependencies all met for dep_context=requeueable deps ti=<TaskInstance: dbt_orchestrator.dbt_run_staging.dbt_run_stg_store manual__2024-12-12T08:51:03.221369+00:00 [queued]>
[2024-12-12T08:51:17.397+0000] {taskinstance.py:2306} INFO - Starting attempt 1 of 1
[2024-12-12T08:51:17.425+0000] {taskinstance.py:2330} INFO - Executing <Task(BashOperator): dbt_run_staging.dbt_run_stg_store> on 2024-12-12 08:51:03.221369+00:00
[2024-12-12T08:51:17.434+0000] {standard_task_runner.py:63} INFO - Started process 1560 to run task
[2024-12-12T08:51:17.440+0000] {standard_task_runner.py:90} INFO - Running: ['***', 'tasks', 'run', 'dbt_orchestrator', 'dbt_run_staging.dbt_run_stg_store', 'manual__2024-12-12T08:51:03.221369+00:00', '--job-id', '321', '--raw', '--subdir', 'DAGS_FOLDER/pipeline.py', '--cfg-path', '/tmp/tmpb4pss93c']
[2024-12-12T08:51:17.442+0000] {standard_task_runner.py:91} INFO - Job 321: Subtask dbt_run_staging.dbt_run_stg_store
[2024-12-12T08:51:17.563+0000] {task_command.py:426} INFO - Running <TaskInstance: dbt_orchestrator.dbt_run_staging.dbt_run_stg_store manual__2024-12-12T08:51:03.221369+00:00 [running]> on host 34fdc836a0bb
[2024-12-12T08:51:17.766+0000] {taskinstance.py:2648} INFO - Exporting env vars: AIRFLOW_CTX_DAG_OWNER='ma7moud' AIRFLOW_CTX_DAG_ID='dbt_orchestrator' AIRFLOW_CTX_TASK_ID='dbt_run_staging.dbt_run_stg_store' AIRFLOW_CTX_EXECUTION_DATE='2024-12-12T08:51:03.221369+00:00' AIRFLOW_CTX_TRY_NUMBER='1' AIRFLOW_CTX_DAG_RUN_ID='manual__2024-12-12T08:51:03.221369+00:00'
[2024-12-12T08:51:17.767+0000] {taskinstance.py:430} INFO - ::endgroup::
[2024-12-12T08:51:17.792+0000] {subprocess.py:63} INFO - Tmp dir root location: /tmp
[2024-12-12T08:51:17.793+0000] {subprocess.py:75} INFO - Running command: ['/usr/bin/bash', '-c', 'dbt run --profiles-dir /opt/***/dbt --project-dir /opt/***/dbt/ecommerce --models stg_store']
[2024-12-12T08:51:17.833+0000] {subprocess.py:86} INFO - Output:
[2024-12-12T08:51:23.072+0000] {subprocess.py:93} INFO - [0m08:51:23  Running with dbt=1.8.0
[2024-12-12T08:51:23.553+0000] {subprocess.py:93} INFO - [0m08:51:23  [[33mWARNING[0m]: Deprecated functionality
[2024-12-12T08:51:23.554+0000] {subprocess.py:93} INFO - The `tests` config has been renamed to `data_tests`. Please see
[2024-12-12T08:51:23.554+0000] {subprocess.py:93} INFO - https://docs.getdbt.com/docs/build/data-tests#new-data_tests-syntax for more
[2024-12-12T08:51:23.555+0000] {subprocess.py:93} INFO - information.
[2024-12-12T08:51:23.995+0000] {subprocess.py:93} INFO - [0m08:51:23  Registered adapter: postgres=1.8.0
[2024-12-12T08:51:26.037+0000] {subprocess.py:93} INFO - [0m08:51:26  Found 15 models, 1 snapshot, 112 data tests, 12 sources, 430 macros
[2024-12-12T08:51:26.048+0000] {subprocess.py:93} INFO - [0m08:51:26
[2024-12-12T08:51:26.783+0000] {subprocess.py:93} INFO - [0m08:51:26  Concurrency: 3 threads (target='dev')
[2024-12-12T08:51:26.784+0000] {subprocess.py:93} INFO - [0m08:51:26
[2024-12-12T08:51:26.821+0000] {subprocess.py:93} INFO - [0m08:51:26  1 of 1 START sql incremental model oltp_staging_tables.stg_store ............... [RUN]
[2024-12-12T08:51:27.631+0000] {subprocess.py:93} INFO - [0m08:51:27  1 of 1 OK created sql incremental model oltp_staging_tables.stg_store .......... [[32mINSERT 0 5[0m in 0.79s]
[2024-12-12T08:51:27.733+0000] {subprocess.py:93} INFO - [0m08:51:27
[2024-12-12T08:51:27.741+0000] {subprocess.py:93} INFO - [0m08:51:27  Finished running 1 incremental model in 0 hours 0 minutes and 1.66 seconds (1.66s).
[2024-12-12T08:51:28.095+0000] {subprocess.py:93} INFO - [0m08:51:28
[2024-12-12T08:51:28.095+0000] {subprocess.py:93} INFO - [0m08:51:28  [32mCompleted successfully[0m
[2024-12-12T08:51:28.098+0000] {subprocess.py:93} INFO - [0m08:51:28
[2024-12-12T08:51:28.102+0000] {subprocess.py:93} INFO - [0m08:51:28  Done. PASS=1 WARN=0 ERROR=0 SKIP=0 TOTAL=1
[2024-12-12T08:51:29.361+0000] {subprocess.py:97} INFO - Command exited with return code 0
[2024-12-12T08:51:29.362+0000] {taskinstance.py:441} INFO - ::group::Post task execution logs
[2024-12-12T08:51:29.390+0000] {taskinstance.py:1206} INFO - Marking task as SUCCESS. dag_id=dbt_orchestrator, task_id=dbt_run_staging.dbt_run_stg_store, run_id=manual__2024-12-12T08:51:03.221369+00:00, execution_date=20241212T085103, start_date=20241212T085117, end_date=20241212T085129
[2024-12-12T08:51:29.441+0000] {local_task_job_runner.py:240} INFO - Task exited with return code 0
[2024-12-12T08:51:29.472+0000] {taskinstance.py:3498} INFO - 0 downstream tasks scheduled from follow-on schedule check
[2024-12-12T08:51:29.474+0000] {local_task_job_runner.py:222} INFO - ::endgroup::
