[2024-12-12T09:30:24.931+0000] {local_task_job_runner.py:120} INFO - ::group::Pre task execution logs
[2024-12-12T09:30:24.986+0000] {taskinstance.py:2076} INFO - Dependencies all met for dep_context=non-requeueable deps ti=<TaskInstance: dbt_orchestrator.dbt_run_dimensions.dbt_run_supplier_dim scheduled__2024-12-12T09:15:00+00:00 [queued]>
[2024-12-12T09:30:25.000+0000] {taskinstance.py:2076} INFO - Dependencies all met for dep_context=requeueable deps ti=<TaskInstance: dbt_orchestrator.dbt_run_dimensions.dbt_run_supplier_dim scheduled__2024-12-12T09:15:00+00:00 [queued]>
[2024-12-12T09:30:25.001+0000] {taskinstance.py:2306} INFO - Starting attempt 1 of 1
[2024-12-12T09:30:25.021+0000] {taskinstance.py:2330} INFO - Executing <Task(BashOperator): dbt_run_dimensions.dbt_run_supplier_dim> on 2024-12-12 09:15:00+00:00
[2024-12-12T09:30:25.035+0000] {standard_task_runner.py:63} INFO - Started process 3583 to run task
[2024-12-12T09:30:25.039+0000] {standard_task_runner.py:90} INFO - Running: ['***', 'tasks', 'run', 'dbt_orchestrator', 'dbt_run_dimensions.dbt_run_supplier_dim', 'scheduled__2024-12-12T09:15:00+00:00', '--job-id', '461', '--raw', '--subdir', 'DAGS_FOLDER/pipeline.py', '--cfg-path', '/tmp/tmp86urg3zy']
[2024-12-12T09:30:25.041+0000] {standard_task_runner.py:91} INFO - Job 461: Subtask dbt_run_dimensions.dbt_run_supplier_dim
[2024-12-12T09:30:25.113+0000] {task_command.py:426} INFO - Running <TaskInstance: dbt_orchestrator.dbt_run_dimensions.dbt_run_supplier_dim scheduled__2024-12-12T09:15:00+00:00 [running]> on host 34fdc836a0bb
[2024-12-12T09:30:25.256+0000] {taskinstance.py:2648} INFO - Exporting env vars: AIRFLOW_CTX_DAG_OWNER='ma7moud' AIRFLOW_CTX_DAG_ID='dbt_orchestrator' AIRFLOW_CTX_TASK_ID='dbt_run_dimensions.dbt_run_supplier_dim' AIRFLOW_CTX_EXECUTION_DATE='2024-12-12T09:15:00+00:00' AIRFLOW_CTX_TRY_NUMBER='1' AIRFLOW_CTX_DAG_RUN_ID='scheduled__2024-12-12T09:15:00+00:00'
[2024-12-12T09:30:25.258+0000] {taskinstance.py:430} INFO - ::endgroup::
[2024-12-12T09:30:25.283+0000] {subprocess.py:63} INFO - Tmp dir root location: /tmp
[2024-12-12T09:30:25.284+0000] {subprocess.py:75} INFO - Running command: ['/usr/bin/bash', '-c', 'dbt run --profiles-dir /opt/***/dbt --project-dir /opt/***/dbt/ecommerce --models supplier_dim']
[2024-12-12T09:30:25.300+0000] {subprocess.py:86} INFO - Output:
[2024-12-12T09:30:29.270+0000] {subprocess.py:93} INFO - [0m09:30:29  Running with dbt=1.8.0
[2024-12-12T09:30:29.601+0000] {subprocess.py:93} INFO - [0m09:30:29  [[33mWARNING[0m]: Deprecated functionality
[2024-12-12T09:30:29.602+0000] {subprocess.py:93} INFO - The `tests` config has been renamed to `data_tests`. Please see
[2024-12-12T09:30:29.602+0000] {subprocess.py:93} INFO - https://docs.getdbt.com/docs/build/data-tests#new-data_tests-syntax for more
[2024-12-12T09:30:29.603+0000] {subprocess.py:93} INFO - information.
[2024-12-12T09:30:29.972+0000] {subprocess.py:93} INFO - [0m09:30:29  Registered adapter: postgres=1.8.0
[2024-12-12T09:30:31.644+0000] {subprocess.py:93} INFO - [0m09:30:31  Found 15 models, 1 snapshot, 111 data tests, 12 sources, 430 macros
[2024-12-12T09:30:31.654+0000] {subprocess.py:93} INFO - [0m09:30:31
[2024-12-12T09:30:32.071+0000] {subprocess.py:93} INFO - [0m09:30:32  Concurrency: 3 threads (target='dev')
[2024-12-12T09:30:32.074+0000] {subprocess.py:93} INFO - [0m09:30:32
[2024-12-12T09:30:32.085+0000] {subprocess.py:93} INFO - [0m09:30:32  1 of 1 START sql incremental model olap_model.supplier_dim ..................... [RUN]
[2024-12-12T09:30:32.468+0000] {subprocess.py:93} INFO - [0m09:30:32  1 of 1 OK created sql incremental model olap_model.supplier_dim ................ [[32mINSERT 0 5[0m in 0.38s]
[2024-12-12T09:30:32.494+0000] {subprocess.py:93} INFO - [0m09:30:32
[2024-12-12T09:30:32.495+0000] {subprocess.py:93} INFO - [0m09:30:32  Finished running 1 incremental model in 0 hours 0 minutes and 0.84 seconds (0.84s).
[2024-12-12T09:30:32.646+0000] {subprocess.py:93} INFO - [0m09:30:32
[2024-12-12T09:30:32.648+0000] {subprocess.py:93} INFO - [0m09:30:32  [32mCompleted successfully[0m
[2024-12-12T09:30:32.649+0000] {subprocess.py:93} INFO - [0m09:30:32
[2024-12-12T09:30:32.650+0000] {subprocess.py:93} INFO - [0m09:30:32  Done. PASS=1 WARN=0 ERROR=0 SKIP=0 TOTAL=1
[2024-12-12T09:30:33.646+0000] {subprocess.py:97} INFO - Command exited with return code 0
[2024-12-12T09:30:33.647+0000] {taskinstance.py:441} INFO - ::group::Post task execution logs
[2024-12-12T09:30:33.675+0000] {taskinstance.py:1206} INFO - Marking task as SUCCESS. dag_id=dbt_orchestrator, task_id=dbt_run_dimensions.dbt_run_supplier_dim, run_id=scheduled__2024-12-12T09:15:00+00:00, execution_date=20241212T091500, start_date=20241212T093024, end_date=20241212T093033
[2024-12-12T09:30:33.730+0000] {local_task_job_runner.py:240} INFO - Task exited with return code 0
[2024-12-12T09:30:33.757+0000] {taskinstance.py:3498} INFO - 1 downstream tasks scheduled from follow-on schedule check
[2024-12-12T09:30:33.758+0000] {local_task_job_runner.py:222} INFO - ::endgroup::
