[2024-12-12T09:05:59.539+0000] {local_task_job_runner.py:120} INFO - ::group::Pre task execution logs
[2024-12-12T09:05:59.564+0000] {taskinstance.py:2076} INFO - Dependencies all met for dep_context=non-requeueable deps ti=<TaskInstance: dbt_orchestrator.run_snapshot.dbt_snapshot scheduled__2024-12-12T08:45:00+00:00 [queued]>
[2024-12-12T09:05:59.571+0000] {taskinstance.py:2076} INFO - Dependencies all met for dep_context=requeueable deps ti=<TaskInstance: dbt_orchestrator.run_snapshot.dbt_snapshot scheduled__2024-12-12T08:45:00+00:00 [queued]>
[2024-12-12T09:05:59.571+0000] {taskinstance.py:2306} INFO - Starting attempt 2 of 2
[2024-12-12T09:05:59.584+0000] {taskinstance.py:2330} INFO - Executing <Task(BashOperator): run_snapshot.dbt_snapshot> on 2024-12-12 08:45:00+00:00
[2024-12-12T09:05:59.591+0000] {standard_task_runner.py:63} INFO - Started process 2577 to run task
[2024-12-12T09:05:59.596+0000] {standard_task_runner.py:90} INFO - Running: ['***', 'tasks', 'run', 'dbt_orchestrator', 'run_snapshot.dbt_snapshot', 'scheduled__2024-12-12T08:45:00+00:00', '--job-id', '391', '--raw', '--subdir', 'DAGS_FOLDER/pipeline.py', '--cfg-path', '/tmp/tmpah58s68a']
[2024-12-12T09:05:59.597+0000] {standard_task_runner.py:91} INFO - Job 391: Subtask run_snapshot.dbt_snapshot
[2024-12-12T09:05:59.647+0000] {task_command.py:426} INFO - Running <TaskInstance: dbt_orchestrator.run_snapshot.dbt_snapshot scheduled__2024-12-12T08:45:00+00:00 [running]> on host 34fdc836a0bb
[2024-12-12T09:05:59.735+0000] {taskinstance.py:2648} INFO - Exporting env vars: AIRFLOW_CTX_DAG_OWNER='ma7moud' AIRFLOW_CTX_DAG_ID='dbt_orchestrator' AIRFLOW_CTX_TASK_ID='run_snapshot.dbt_snapshot' AIRFLOW_CTX_EXECUTION_DATE='2024-12-12T08:45:00+00:00' AIRFLOW_CTX_TRY_NUMBER='2' AIRFLOW_CTX_DAG_RUN_ID='scheduled__2024-12-12T08:45:00+00:00'
[2024-12-12T09:05:59.736+0000] {taskinstance.py:430} INFO - ::endgroup::
[2024-12-12T09:05:59.749+0000] {subprocess.py:63} INFO - Tmp dir root location: /tmp
[2024-12-12T09:05:59.749+0000] {subprocess.py:75} INFO - Running command: ['/usr/bin/bash', '-c', 'dbt snapshot --profiles-dir /opt/***/dbt --project-dir /opt/***/dbt/ecommerce']
[2024-12-12T09:05:59.762+0000] {subprocess.py:86} INFO - Output:
[2024-12-12T09:06:01.776+0000] {subprocess.py:93} INFO - [0m09:06:01  Running with dbt=1.8.0
[2024-12-12T09:06:01.936+0000] {subprocess.py:93} INFO - [0m09:06:01  [[33mWARNING[0m]: Deprecated functionality
[2024-12-12T09:06:01.937+0000] {subprocess.py:93} INFO - The `tests` config has been renamed to `data_tests`. Please see
[2024-12-12T09:06:01.937+0000] {subprocess.py:93} INFO - https://docs.getdbt.com/docs/build/data-tests#new-data_tests-syntax for more
[2024-12-12T09:06:01.937+0000] {subprocess.py:93} INFO - information.
[2024-12-12T09:06:02.096+0000] {subprocess.py:93} INFO - [0m09:06:02  Registered adapter: postgres=1.8.0
[2024-12-12T09:06:02.538+0000] {subprocess.py:93} INFO - [0m09:06:02  Unable to do partial parsing because of a version mismatch
[2024-12-12T09:06:05.314+0000] {subprocess.py:93} INFO - [0m09:06:05  Found 15 models, 1 snapshot, 112 data tests, 12 sources, 430 macros
[2024-12-12T09:06:05.321+0000] {subprocess.py:93} INFO - [0m09:06:05
[2024-12-12T09:06:05.686+0000] {subprocess.py:93} INFO - [0m09:06:05  Concurrency: 3 threads (target='dev')
[2024-12-12T09:06:05.687+0000] {subprocess.py:93} INFO - [0m09:06:05
[2024-12-12T09:06:05.692+0000] {subprocess.py:93} INFO - [0m09:06:05  1 of 1 START snapshot snapshots.CDC_product .................................... [RUN]
[2024-12-12T09:06:06.010+0000] {subprocess.py:93} INFO - [0m09:06:06  1 of 1 OK snapshotted snapshots.CDC_product .................................... [[32mINSERT 0 0[0m in 0.31s]
[2024-12-12T09:06:06.024+0000] {subprocess.py:93} INFO - [0m09:06:06
[2024-12-12T09:06:06.024+0000] {subprocess.py:93} INFO - [0m09:06:06  Finished running 1 snapshot in 0 hours 0 minutes and 0.70 seconds (0.70s).
[2024-12-12T09:06:06.104+0000] {subprocess.py:93} INFO - [0m09:06:06
[2024-12-12T09:06:06.105+0000] {subprocess.py:93} INFO - [0m09:06:06  [32mCompleted successfully[0m
[2024-12-12T09:06:06.105+0000] {subprocess.py:93} INFO - [0m09:06:06
[2024-12-12T09:06:06.106+0000] {subprocess.py:93} INFO - [0m09:06:06  Done. PASS=1 WARN=0 ERROR=0 SKIP=0 TOTAL=1
[2024-12-12T09:06:07.059+0000] {subprocess.py:97} INFO - Command exited with return code 0
[2024-12-12T09:06:07.059+0000] {taskinstance.py:441} INFO - ::group::Post task execution logs
[2024-12-12T09:06:07.086+0000] {taskinstance.py:1206} INFO - Marking task as SUCCESS. dag_id=dbt_orchestrator, task_id=run_snapshot.dbt_snapshot, run_id=scheduled__2024-12-12T08:45:00+00:00, execution_date=20241212T084500, start_date=20241212T090559, end_date=20241212T090607
[2024-12-12T09:06:07.108+0000] {local_task_job_runner.py:240} INFO - Task exited with return code 0
[2024-12-12T09:06:07.150+0000] {taskinstance.py:3498} INFO - 9 downstream tasks scheduled from follow-on schedule check
[2024-12-12T09:06:07.152+0000] {local_task_job_runner.py:222} INFO - ::endgroup::
