[2024-12-12T09:00:06.299+0000] {local_task_job_runner.py:120} INFO - ::group::Pre task execution logs
[2024-12-12T09:00:06.323+0000] {taskinstance.py:2076} INFO - Dependencies all met for dep_context=non-requeueable deps ti=<TaskInstance: dbt_orchestrator.run_snapshot.dbt_snapshot scheduled__2024-12-12T08:45:00+00:00 [queued]>
[2024-12-12T09:00:06.334+0000] {taskinstance.py:2076} INFO - Dependencies all met for dep_context=requeueable deps ti=<TaskInstance: dbt_orchestrator.run_snapshot.dbt_snapshot scheduled__2024-12-12T08:45:00+00:00 [queued]>
[2024-12-12T09:00:06.334+0000] {taskinstance.py:2306} INFO - Starting attempt 1 of 1
[2024-12-12T09:00:06.349+0000] {taskinstance.py:2330} INFO - Executing <Task(BashOperator): run_snapshot.dbt_snapshot> on 2024-12-12 08:45:00+00:00
[2024-12-12T09:00:06.355+0000] {standard_task_runner.py:63} INFO - Started process 2311 to run task
[2024-12-12T09:00:06.358+0000] {standard_task_runner.py:90} INFO - Running: ['***', 'tasks', 'run', 'dbt_orchestrator', 'run_snapshot.dbt_snapshot', 'scheduled__2024-12-12T08:45:00+00:00', '--job-id', '372', '--raw', '--subdir', 'DAGS_FOLDER/pipeline.py', '--cfg-path', '/tmp/tmpxdlvrhhm']
[2024-12-12T09:00:06.359+0000] {standard_task_runner.py:91} INFO - Job 372: Subtask run_snapshot.dbt_snapshot
[2024-12-12T09:00:06.424+0000] {task_command.py:426} INFO - Running <TaskInstance: dbt_orchestrator.run_snapshot.dbt_snapshot scheduled__2024-12-12T08:45:00+00:00 [running]> on host 34fdc836a0bb
[2024-12-12T09:00:06.572+0000] {taskinstance.py:2648} INFO - Exporting env vars: AIRFLOW_CTX_DAG_OWNER='ma7moud' AIRFLOW_CTX_DAG_ID='dbt_orchestrator' AIRFLOW_CTX_TASK_ID='run_snapshot.dbt_snapshot' AIRFLOW_CTX_EXECUTION_DATE='2024-12-12T08:45:00+00:00' AIRFLOW_CTX_TRY_NUMBER='1' AIRFLOW_CTX_DAG_RUN_ID='scheduled__2024-12-12T08:45:00+00:00'
[2024-12-12T09:00:06.574+0000] {taskinstance.py:430} INFO - ::endgroup::
[2024-12-12T09:00:06.589+0000] {subprocess.py:63} INFO - Tmp dir root location: /tmp
[2024-12-12T09:00:06.590+0000] {subprocess.py:75} INFO - Running command: ['/usr/bin/bash', '-c', 'dbt snapshot --profiles-dir /opt/***/dbt --project-dir /opt/***/dbt/ecommerce']
[2024-12-12T09:00:06.607+0000] {subprocess.py:86} INFO - Output:
[2024-12-12T09:00:08.857+0000] {subprocess.py:93} INFO - [0m09:00:08  Running with dbt=1.8.0
[2024-12-12T09:00:09.023+0000] {subprocess.py:93} INFO - [0m09:00:09  [[33mWARNING[0m]: Deprecated functionality
[2024-12-12T09:00:09.023+0000] {subprocess.py:93} INFO - The `tests` config has been renamed to `data_tests`. Please see
[2024-12-12T09:00:09.024+0000] {subprocess.py:93} INFO - https://docs.getdbt.com/docs/build/data-tests#new-data_tests-syntax for more
[2024-12-12T09:00:09.024+0000] {subprocess.py:93} INFO - information.
[2024-12-12T09:00:09.212+0000] {subprocess.py:93} INFO - [0m09:00:09  Registered adapter: postgres=1.8.0
[2024-12-12T09:00:10.173+0000] {subprocess.py:93} INFO - [0m09:00:10  Found 15 models, 1 snapshot, 112 data tests, 12 sources, 430 macros
[2024-12-12T09:00:10.181+0000] {subprocess.py:93} INFO - [0m09:00:10
[2024-12-12T09:00:10.423+0000] {subprocess.py:93} INFO - [0m09:00:10  Concurrency: 3 threads (target='dev')
[2024-12-12T09:00:10.424+0000] {subprocess.py:93} INFO - [0m09:00:10
[2024-12-12T09:00:10.428+0000] {subprocess.py:93} INFO - [0m09:00:10  1 of 1 START snapshot snapshots.CDC_product .................................... [RUN]
[2024-12-12T09:00:10.882+0000] {subprocess.py:93} INFO - [0m09:00:10  1 of 1 OK snapshotted snapshots.CDC_product .................................... [[32mINSERT 0 0[0m in 0.45s]
[2024-12-12T09:00:10.899+0000] {subprocess.py:93} INFO - [0m09:00:10
[2024-12-12T09:00:10.900+0000] {subprocess.py:93} INFO - [0m09:00:10  Finished running 1 snapshot in 0 hours 0 minutes and 0.72 seconds (0.72s).
[2024-12-12T09:00:10.988+0000] {subprocess.py:93} INFO - [0m09:00:10
[2024-12-12T09:00:10.989+0000] {subprocess.py:93} INFO - [0m09:00:10  [32mCompleted successfully[0m
[2024-12-12T09:00:10.989+0000] {subprocess.py:93} INFO - [0m09:00:10
[2024-12-12T09:00:10.990+0000] {subprocess.py:93} INFO - [0m09:00:10  Done. PASS=1 WARN=0 ERROR=0 SKIP=0 TOTAL=1
[2024-12-12T09:00:11.981+0000] {subprocess.py:97} INFO - Command exited with return code 0
[2024-12-12T09:00:12.013+0000] {taskinstance.py:441} INFO - ::group::Post task execution logs
[2024-12-12T09:00:12.237+0000] {taskinstance.py:1206} INFO - Marking task as SUCCESS. dag_id=dbt_orchestrator, task_id=run_snapshot.dbt_snapshot, run_id=scheduled__2024-12-12T08:45:00+00:00, execution_date=20241212T084500, start_date=20241212T090006, end_date=20241212T090012
[2024-12-12T09:00:12.337+0000] {local_task_job_runner.py:240} INFO - Task exited with return code 0
[2024-12-12T09:00:12.376+0000] {taskinstance.py:3498} INFO - 9 downstream tasks scheduled from follow-on schedule check
[2024-12-12T09:00:12.430+0000] {local_task_job_runner.py:222} INFO - ::endgroup::
