[2024-12-12T09:09:57.398+0000] {local_task_job_runner.py:120} INFO - ::group::Pre task execution logs
[2024-12-12T09:09:57.426+0000] {taskinstance.py:2076} INFO - Dependencies all met for dep_context=non-requeueable deps ti=<TaskInstance: dbt_orchestrator.run_snapshot.dbt_snapshot scheduled__2024-12-12T08:45:00+00:00 [queued]>
[2024-12-12T09:09:57.441+0000] {taskinstance.py:2076} INFO - Dependencies all met for dep_context=requeueable deps ti=<TaskInstance: dbt_orchestrator.run_snapshot.dbt_snapshot scheduled__2024-12-12T08:45:00+00:00 [queued]>
[2024-12-12T09:09:57.442+0000] {taskinstance.py:2306} INFO - Starting attempt 3 of 3
[2024-12-12T09:09:57.456+0000] {taskinstance.py:2330} INFO - Executing <Task(BashOperator): run_snapshot.dbt_snapshot> on 2024-12-12 08:45:00+00:00
[2024-12-12T09:09:57.463+0000] {standard_task_runner.py:63} INFO - Started process 2844 to run task
[2024-12-12T09:09:57.467+0000] {standard_task_runner.py:90} INFO - Running: ['***', 'tasks', 'run', 'dbt_orchestrator', 'run_snapshot.dbt_snapshot', 'scheduled__2024-12-12T08:45:00+00:00', '--job-id', '409', '--raw', '--subdir', 'DAGS_FOLDER/pipeline.py', '--cfg-path', '/tmp/tmpsew68aqt']
[2024-12-12T09:09:57.469+0000] {standard_task_runner.py:91} INFO - Job 409: Subtask run_snapshot.dbt_snapshot
[2024-12-12T09:09:57.526+0000] {task_command.py:426} INFO - Running <TaskInstance: dbt_orchestrator.run_snapshot.dbt_snapshot scheduled__2024-12-12T08:45:00+00:00 [running]> on host 34fdc836a0bb
[2024-12-12T09:09:57.632+0000] {taskinstance.py:2648} INFO - Exporting env vars: AIRFLOW_CTX_DAG_OWNER='ma7moud' AIRFLOW_CTX_DAG_ID='dbt_orchestrator' AIRFLOW_CTX_TASK_ID='run_snapshot.dbt_snapshot' AIRFLOW_CTX_EXECUTION_DATE='2024-12-12T08:45:00+00:00' AIRFLOW_CTX_TRY_NUMBER='3' AIRFLOW_CTX_DAG_RUN_ID='scheduled__2024-12-12T08:45:00+00:00'
[2024-12-12T09:09:57.633+0000] {taskinstance.py:430} INFO - ::endgroup::
[2024-12-12T09:09:57.646+0000] {subprocess.py:63} INFO - Tmp dir root location: /tmp
[2024-12-12T09:09:57.648+0000] {subprocess.py:75} INFO - Running command: ['/usr/bin/bash', '-c', 'dbt snapshot --profiles-dir /opt/***/dbt --project-dir /opt/***/dbt/ecommerce']
[2024-12-12T09:09:57.663+0000] {subprocess.py:86} INFO - Output:
[2024-12-12T09:09:59.598+0000] {subprocess.py:93} INFO - [0m09:09:59  Running with dbt=1.8.0
[2024-12-12T09:09:59.749+0000] {subprocess.py:93} INFO - [0m09:09:59  [[33mWARNING[0m]: Deprecated functionality
[2024-12-12T09:09:59.749+0000] {subprocess.py:93} INFO - The `tests` config has been renamed to `data_tests`. Please see
[2024-12-12T09:09:59.750+0000] {subprocess.py:93} INFO - https://docs.getdbt.com/docs/build/data-tests#new-data_tests-syntax for more
[2024-12-12T09:09:59.750+0000] {subprocess.py:93} INFO - information.
[2024-12-12T09:09:59.941+0000] {subprocess.py:93} INFO - [0m09:09:59  Registered adapter: postgres=1.8.0
[2024-12-12T09:10:00.361+0000] {subprocess.py:93} INFO - [0m09:10:00  Unable to do partial parsing because of a version mismatch
[2024-12-12T09:10:03.135+0000] {subprocess.py:93} INFO - [0m09:10:03  Found 15 models, 1 snapshot, 112 data tests, 12 sources, 430 macros
[2024-12-12T09:10:03.140+0000] {subprocess.py:93} INFO - [0m09:10:03
[2024-12-12T09:10:03.430+0000] {subprocess.py:93} INFO - [0m09:10:03  Concurrency: 3 threads (target='dev')
[2024-12-12T09:10:03.431+0000] {subprocess.py:93} INFO - [0m09:10:03
[2024-12-12T09:10:03.435+0000] {subprocess.py:93} INFO - [0m09:10:03  1 of 1 START snapshot snapshots.CDC_product .................................... [RUN]
[2024-12-12T09:10:03.853+0000] {subprocess.py:93} INFO - [0m09:10:03  1 of 1 OK snapshotted snapshots.CDC_product .................................... [[32mINSERT 0 0[0m in 0.41s]
[2024-12-12T09:10:03.869+0000] {subprocess.py:93} INFO - [0m09:10:03
[2024-12-12T09:10:03.869+0000] {subprocess.py:93} INFO - [0m09:10:03  Finished running 1 snapshot in 0 hours 0 minutes and 0.73 seconds (0.73s).
[2024-12-12T09:10:03.967+0000] {subprocess.py:93} INFO - [0m09:10:03
[2024-12-12T09:10:03.967+0000] {subprocess.py:93} INFO - [0m09:10:03  [32mCompleted successfully[0m
[2024-12-12T09:10:03.968+0000] {subprocess.py:93} INFO - [0m09:10:03
[2024-12-12T09:10:03.969+0000] {subprocess.py:93} INFO - [0m09:10:03  Done. PASS=1 WARN=0 ERROR=0 SKIP=0 TOTAL=1
[2024-12-12T09:10:04.901+0000] {subprocess.py:97} INFO - Command exited with return code 0
[2024-12-12T09:10:04.901+0000] {taskinstance.py:441} INFO - ::group::Post task execution logs
[2024-12-12T09:10:04.928+0000] {taskinstance.py:1206} INFO - Marking task as SUCCESS. dag_id=dbt_orchestrator, task_id=run_snapshot.dbt_snapshot, run_id=scheduled__2024-12-12T08:45:00+00:00, execution_date=20241212T084500, start_date=20241212T090957, end_date=20241212T091004
[2024-12-12T09:10:04.976+0000] {local_task_job_runner.py:240} INFO - Task exited with return code 0
[2024-12-12T09:10:04.992+0000] {local_task_job_runner.py:222} INFO - ::endgroup::
