[2024-12-12T08:30:23.726+0000] {local_task_job_runner.py:120} INFO - ::group::Pre task execution logs
[2024-12-12T08:30:23.759+0000] {taskinstance.py:2076} INFO - Dependencies all met for dep_context=non-requeueable deps ti=<TaskInstance: dbt_orchestrator.dbt_run_dimensions.dbt_run_date_dim scheduled__2024-12-12T08:15:00+00:00 [queued]>
[2024-12-12T08:30:23.774+0000] {taskinstance.py:2076} INFO - Dependencies all met for dep_context=requeueable deps ti=<TaskInstance: dbt_orchestrator.dbt_run_dimensions.dbt_run_date_dim scheduled__2024-12-12T08:15:00+00:00 [queued]>
[2024-12-12T08:30:23.775+0000] {taskinstance.py:2306} INFO - Starting attempt 1 of 1
[2024-12-12T08:30:23.796+0000] {taskinstance.py:2330} INFO - Executing <Task(BashOperator): dbt_run_dimensions.dbt_run_date_dim> on 2024-12-12 08:15:00+00:00
[2024-12-12T08:30:23.803+0000] {standard_task_runner.py:63} INFO - Started process 1026 to run task
[2024-12-12T08:30:23.807+0000] {standard_task_runner.py:90} INFO - Running: ['***', 'tasks', 'run', 'dbt_orchestrator', 'dbt_run_dimensions.dbt_run_date_dim', 'scheduled__2024-12-12T08:15:00+00:00', '--job-id', '249', '--raw', '--subdir', 'DAGS_FOLDER/pipeline.py', '--cfg-path', '/tmp/tmpx_j9x_ds']
[2024-12-12T08:30:23.808+0000] {standard_task_runner.py:91} INFO - Job 249: Subtask dbt_run_dimensions.dbt_run_date_dim
[2024-12-12T08:30:23.876+0000] {task_command.py:426} INFO - Running <TaskInstance: dbt_orchestrator.dbt_run_dimensions.dbt_run_date_dim scheduled__2024-12-12T08:15:00+00:00 [running]> on host 34fdc836a0bb
[2024-12-12T08:30:24.000+0000] {taskinstance.py:2648} INFO - Exporting env vars: AIRFLOW_CTX_DAG_OWNER='ma7moud' AIRFLOW_CTX_DAG_ID='dbt_orchestrator' AIRFLOW_CTX_TASK_ID='dbt_run_dimensions.dbt_run_date_dim' AIRFLOW_CTX_EXECUTION_DATE='2024-12-12T08:15:00+00:00' AIRFLOW_CTX_TRY_NUMBER='1' AIRFLOW_CTX_DAG_RUN_ID='scheduled__2024-12-12T08:15:00+00:00'
[2024-12-12T08:30:24.001+0000] {taskinstance.py:430} INFO - ::endgroup::
[2024-12-12T08:30:24.020+0000] {subprocess.py:63} INFO - Tmp dir root location: /tmp
[2024-12-12T08:30:24.021+0000] {subprocess.py:75} INFO - Running command: ['/usr/bin/bash', '-c', 'dbt run --profiles-dir /opt/***/dbt --project-dir /opt/***/dbt/ecommerce --models models/olap_model/dimensions/date_dim']
[2024-12-12T08:30:24.037+0000] {subprocess.py:86} INFO - Output:
[2024-12-12T08:30:27.018+0000] {subprocess.py:93} INFO - [0m08:30:27  Running with dbt=1.8.0
[2024-12-12T08:30:27.274+0000] {subprocess.py:93} INFO - [0m08:30:27  [[33mWARNING[0m]: Deprecated functionality
[2024-12-12T08:30:27.275+0000] {subprocess.py:93} INFO - The `tests` config has been renamed to `data_tests`. Please see
[2024-12-12T08:30:27.276+0000] {subprocess.py:93} INFO - https://docs.getdbt.com/docs/build/data-tests#new-data_tests-syntax for more
[2024-12-12T08:30:27.276+0000] {subprocess.py:93} INFO - information.
[2024-12-12T08:30:27.580+0000] {subprocess.py:93} INFO - [0m08:30:27  Registered adapter: postgres=1.8.0
[2024-12-12T08:30:28.590+0000] {subprocess.py:93} INFO - [0m08:30:28  Found 15 models, 1 snapshot, 112 data tests, 12 sources, 430 macros
[2024-12-12T08:30:28.595+0000] {subprocess.py:93} INFO - [0m08:30:28  The selection criterion 'models/olap_model/dimensions/date_dim' does not match any enabled nodes
[2024-12-12T08:30:28.598+0000] {subprocess.py:93} INFO - [0m08:30:28
[2024-12-12T08:30:28.599+0000] {subprocess.py:93} INFO - [0m08:30:28  Nothing to do. Try checking your model configs and model specification args
[2024-12-12T08:30:29.636+0000] {subprocess.py:97} INFO - Command exited with return code 0
[2024-12-12T08:30:29.636+0000] {taskinstance.py:441} INFO - ::group::Post task execution logs
[2024-12-12T08:30:29.658+0000] {taskinstance.py:1206} INFO - Marking task as SUCCESS. dag_id=dbt_orchestrator, task_id=dbt_run_dimensions.dbt_run_date_dim, run_id=scheduled__2024-12-12T08:15:00+00:00, execution_date=20241212T081500, start_date=20241212T083023, end_date=20241212T083029
[2024-12-12T08:30:29.702+0000] {local_task_job_runner.py:240} INFO - Task exited with return code 0
[2024-12-12T08:30:29.735+0000] {taskinstance.py:3498} INFO - 0 downstream tasks scheduled from follow-on schedule check
[2024-12-12T08:30:29.737+0000] {local_task_job_runner.py:222} INFO - ::endgroup::
