[2024-12-12T08:51:17.295+0000] {local_task_job_runner.py:120} INFO - ::group::Pre task execution logs
[2024-12-12T08:51:17.357+0000] {taskinstance.py:2076} INFO - Dependencies all met for dep_context=non-requeueable deps ti=<TaskInstance: dbt_orchestrator.dbt_run_staging.dbt_run_stg_date manual__2024-12-12T08:51:03.221369+00:00 [queued]>
[2024-12-12T08:51:17.376+0000] {taskinstance.py:2076} INFO - Dependencies all met for dep_context=requeueable deps ti=<TaskInstance: dbt_orchestrator.dbt_run_staging.dbt_run_stg_date manual__2024-12-12T08:51:03.221369+00:00 [queued]>
[2024-12-12T08:51:17.378+0000] {taskinstance.py:2306} INFO - Starting attempt 1 of 1
[2024-12-12T08:51:17.403+0000] {taskinstance.py:2330} INFO - Executing <Task(BashOperator): dbt_run_staging.dbt_run_stg_date> on 2024-12-12 08:51:03.221369+00:00
[2024-12-12T08:51:17.413+0000] {standard_task_runner.py:63} INFO - Started process 1558 to run task
[2024-12-12T08:51:17.417+0000] {standard_task_runner.py:90} INFO - Running: ['***', 'tasks', 'run', 'dbt_orchestrator', 'dbt_run_staging.dbt_run_stg_date', 'manual__2024-12-12T08:51:03.221369+00:00', '--job-id', '319', '--raw', '--subdir', 'DAGS_FOLDER/pipeline.py', '--cfg-path', '/tmp/tmpyxmu57ed']
[2024-12-12T08:51:17.419+0000] {standard_task_runner.py:91} INFO - Job 319: Subtask dbt_run_staging.dbt_run_stg_date
[2024-12-12T08:51:17.508+0000] {task_command.py:426} INFO - Running <TaskInstance: dbt_orchestrator.dbt_run_staging.dbt_run_stg_date manual__2024-12-12T08:51:03.221369+00:00 [running]> on host 34fdc836a0bb
[2024-12-12T08:51:17.701+0000] {taskinstance.py:2648} INFO - Exporting env vars: AIRFLOW_CTX_DAG_OWNER='ma7moud' AIRFLOW_CTX_DAG_ID='dbt_orchestrator' AIRFLOW_CTX_TASK_ID='dbt_run_staging.dbt_run_stg_date' AIRFLOW_CTX_EXECUTION_DATE='2024-12-12T08:51:03.221369+00:00' AIRFLOW_CTX_TRY_NUMBER='1' AIRFLOW_CTX_DAG_RUN_ID='manual__2024-12-12T08:51:03.221369+00:00'
[2024-12-12T08:51:17.701+0000] {taskinstance.py:430} INFO - ::endgroup::
[2024-12-12T08:51:17.729+0000] {subprocess.py:63} INFO - Tmp dir root location: /tmp
[2024-12-12T08:51:17.730+0000] {subprocess.py:75} INFO - Running command: ['/usr/bin/bash', '-c', 'dbt run --profiles-dir /opt/***/dbt --project-dir /opt/***/dbt/ecommerce --models stg_date']
[2024-12-12T08:51:17.784+0000] {subprocess.py:86} INFO - Output:
[2024-12-12T08:51:22.887+0000] {subprocess.py:93} INFO - [0m08:51:22  Running with dbt=1.8.0
[2024-12-12T08:51:23.587+0000] {subprocess.py:93} INFO - [0m08:51:23  [[33mWARNING[0m]: Deprecated functionality
[2024-12-12T08:51:23.588+0000] {subprocess.py:93} INFO - The `tests` config has been renamed to `data_tests`. Please see
[2024-12-12T08:51:23.589+0000] {subprocess.py:93} INFO - https://docs.getdbt.com/docs/build/data-tests#new-data_tests-syntax for more
[2024-12-12T08:51:23.591+0000] {subprocess.py:93} INFO - information.
[2024-12-12T08:51:24.315+0000] {subprocess.py:93} INFO - [0m08:51:24  Registered adapter: postgres=1.8.0
[2024-12-12T08:51:27.002+0000] {subprocess.py:93} INFO - [0m08:51:27  Found 15 models, 1 snapshot, 112 data tests, 12 sources, 430 macros
[2024-12-12T08:51:27.014+0000] {subprocess.py:93} INFO - [0m08:51:27
[2024-12-12T08:51:28.124+0000] {subprocess.py:93} INFO - [0m08:51:28  Concurrency: 3 threads (target='dev')
[2024-12-12T08:51:28.127+0000] {subprocess.py:93} INFO - [0m08:51:28
[2024-12-12T08:51:28.140+0000] {subprocess.py:93} INFO - [0m08:51:28  1 of 1 START sql incremental model oltp_staging_tables.stg_date ................ [RUN]
[2024-12-12T08:51:28.778+0000] {subprocess.py:93} INFO - [0m08:51:28  1 of 1 OK created sql incremental model oltp_staging_tables.stg_date ........... [[32mINSERT 0 0[0m in 0.63s]
[2024-12-12T08:51:28.813+0000] {subprocess.py:93} INFO - [0m08:51:28
[2024-12-12T08:51:28.814+0000] {subprocess.py:93} INFO - [0m08:51:28  Finished running 1 incremental model in 0 hours 0 minutes and 1.80 seconds (1.80s).
[2024-12-12T08:51:29.005+0000] {subprocess.py:93} INFO - [0m08:51:29
[2024-12-12T08:51:29.007+0000] {subprocess.py:93} INFO - [0m08:51:29  [32mCompleted successfully[0m
[2024-12-12T08:51:29.010+0000] {subprocess.py:93} INFO - [0m08:51:29
[2024-12-12T08:51:29.015+0000] {subprocess.py:93} INFO - [0m08:51:29  Done. PASS=1 WARN=0 ERROR=0 SKIP=0 TOTAL=1
[2024-12-12T08:51:30.404+0000] {subprocess.py:97} INFO - Command exited with return code 0
[2024-12-12T08:51:30.405+0000] {taskinstance.py:441} INFO - ::group::Post task execution logs
[2024-12-12T08:51:30.444+0000] {taskinstance.py:1206} INFO - Marking task as SUCCESS. dag_id=dbt_orchestrator, task_id=dbt_run_staging.dbt_run_stg_date, run_id=manual__2024-12-12T08:51:03.221369+00:00, execution_date=20241212T085103, start_date=20241212T085117, end_date=20241212T085130
[2024-12-12T08:51:30.497+0000] {local_task_job_runner.py:240} INFO - Task exited with return code 0
[2024-12-12T08:51:30.557+0000] {taskinstance.py:3498} INFO - 0 downstream tasks scheduled from follow-on schedule check
[2024-12-12T08:51:30.559+0000] {local_task_job_runner.py:222} INFO - ::endgroup::
