[2024-12-12T08:30:05.690+0000] {local_task_job_runner.py:120} INFO - ::group::Pre task execution logs
[2024-12-12T08:30:05.713+0000] {taskinstance.py:2076} INFO - Dependencies all met for dep_context=non-requeueable deps ti=<TaskInstance: dbt_orchestrator.run_snapshot.dbt_snapshot scheduled__2024-12-12T08:15:00+00:00 [queued]>
[2024-12-12T08:30:05.722+0000] {taskinstance.py:2076} INFO - Dependencies all met for dep_context=requeueable deps ti=<TaskInstance: dbt_orchestrator.run_snapshot.dbt_snapshot scheduled__2024-12-12T08:15:00+00:00 [queued]>
[2024-12-12T08:30:05.722+0000] {taskinstance.py:2306} INFO - Starting attempt 1 of 1
[2024-12-12T08:30:05.734+0000] {taskinstance.py:2330} INFO - Executing <Task(BashOperator): run_snapshot.dbt_snapshot> on 2024-12-12 08:15:00+00:00
[2024-12-12T08:30:05.740+0000] {standard_task_runner.py:63} INFO - Started process 956 to run task
[2024-12-12T08:30:05.742+0000] {standard_task_runner.py:90} INFO - Running: ['***', 'tasks', 'run', 'dbt_orchestrator', 'run_snapshot.dbt_snapshot', 'scheduled__2024-12-12T08:15:00+00:00', '--job-id', '238', '--raw', '--subdir', 'DAGS_FOLDER/pipeline.py', '--cfg-path', '/tmp/tmp3g6zn1hf']
[2024-12-12T08:30:05.744+0000] {standard_task_runner.py:91} INFO - Job 238: Subtask run_snapshot.dbt_snapshot
[2024-12-12T08:30:05.785+0000] {task_command.py:426} INFO - Running <TaskInstance: dbt_orchestrator.run_snapshot.dbt_snapshot scheduled__2024-12-12T08:15:00+00:00 [running]> on host 34fdc836a0bb
[2024-12-12T08:30:05.866+0000] {taskinstance.py:2648} INFO - Exporting env vars: AIRFLOW_CTX_DAG_OWNER='ma7moud' AIRFLOW_CTX_DAG_ID='dbt_orchestrator' AIRFLOW_CTX_TASK_ID='run_snapshot.dbt_snapshot' AIRFLOW_CTX_EXECUTION_DATE='2024-12-12T08:15:00+00:00' AIRFLOW_CTX_TRY_NUMBER='1' AIRFLOW_CTX_DAG_RUN_ID='scheduled__2024-12-12T08:15:00+00:00'
[2024-12-12T08:30:05.867+0000] {taskinstance.py:430} INFO - ::endgroup::
[2024-12-12T08:30:05.878+0000] {subprocess.py:63} INFO - Tmp dir root location: /tmp
[2024-12-12T08:30:05.879+0000] {subprocess.py:75} INFO - Running command: ['/usr/bin/bash', '-c', 'dbt snapshot --profiles-dir /opt/***/dbt --project-dir /opt/***/dbt/ecommerce']
[2024-12-12T08:30:05.890+0000] {subprocess.py:86} INFO - Output:
[2024-12-12T08:30:07.759+0000] {subprocess.py:93} INFO - [0m08:30:07  Running with dbt=1.8.0
[2024-12-12T08:30:07.900+0000] {subprocess.py:93} INFO - [0m08:30:07  [[33mWARNING[0m]: Deprecated functionality
[2024-12-12T08:30:07.901+0000] {subprocess.py:93} INFO - The `tests` config has been renamed to `data_tests`. Please see
[2024-12-12T08:30:07.901+0000] {subprocess.py:93} INFO - https://docs.getdbt.com/docs/build/data-tests#new-data_tests-syntax for more
[2024-12-12T08:30:07.901+0000] {subprocess.py:93} INFO - information.
[2024-12-12T08:30:08.042+0000] {subprocess.py:93} INFO - [0m08:30:08  Registered adapter: postgres=1.8.0
[2024-12-12T08:30:08.440+0000] {subprocess.py:93} INFO - [0m08:30:08  Unable to do partial parsing because of a version mismatch
[2024-12-12T08:30:10.873+0000] {subprocess.py:93} INFO - [0m08:30:10  Found 15 models, 1 snapshot, 112 data tests, 12 sources, 430 macros
[2024-12-12T08:30:10.877+0000] {subprocess.py:93} INFO - [0m08:30:10
[2024-12-12T08:30:11.182+0000] {subprocess.py:93} INFO - [0m08:30:11  Concurrency: 3 threads (target='dev')
[2024-12-12T08:30:11.183+0000] {subprocess.py:93} INFO - [0m08:30:11
[2024-12-12T08:30:11.187+0000] {subprocess.py:93} INFO - [0m08:30:11  1 of 1 START snapshot snapshots.CDC_product .................................... [RUN]
[2024-12-12T08:30:11.493+0000] {subprocess.py:93} INFO - [0m08:30:11  1 of 1 OK snapshotted snapshots.CDC_product .................................... [[32mINSERT 0 0[0m in 0.30s]
[2024-12-12T08:30:11.507+0000] {subprocess.py:93} INFO - [0m08:30:11
[2024-12-12T08:30:11.507+0000] {subprocess.py:93} INFO - [0m08:30:11  Finished running 1 snapshot in 0 hours 0 minutes and 0.63 seconds (0.63s).
[2024-12-12T08:30:11.581+0000] {subprocess.py:93} INFO - [0m08:30:11
[2024-12-12T08:30:11.582+0000] {subprocess.py:93} INFO - [0m08:30:11  [32mCompleted successfully[0m
[2024-12-12T08:30:11.582+0000] {subprocess.py:93} INFO - [0m08:30:11
[2024-12-12T08:30:11.583+0000] {subprocess.py:93} INFO - [0m08:30:11  Done. PASS=1 WARN=0 ERROR=0 SKIP=0 TOTAL=1
[2024-12-12T08:30:12.470+0000] {subprocess.py:97} INFO - Command exited with return code 0
[2024-12-12T08:30:12.471+0000] {taskinstance.py:441} INFO - ::group::Post task execution logs
[2024-12-12T08:30:12.496+0000] {taskinstance.py:1206} INFO - Marking task as SUCCESS. dag_id=dbt_orchestrator, task_id=run_snapshot.dbt_snapshot, run_id=scheduled__2024-12-12T08:15:00+00:00, execution_date=20241212T081500, start_date=20241212T083005, end_date=20241212T083012
[2024-12-12T08:30:12.527+0000] {local_task_job_runner.py:240} INFO - Task exited with return code 0
[2024-12-12T08:30:12.565+0000] {taskinstance.py:3498} INFO - 8 downstream tasks scheduled from follow-on schedule check
[2024-12-12T08:30:12.566+0000] {local_task_job_runner.py:222} INFO - ::endgroup::
