[2024-12-12T09:06:08.916+0000] {local_task_job_runner.py:120} INFO - ::group::Pre task execution logs
[2024-12-12T09:06:08.985+0000] {taskinstance.py:2076} INFO - Dependencies all met for dep_context=non-requeueable deps ti=<TaskInstance: dbt_orchestrator.dbt_run_staging.dbt_run_stg_order_details scheduled__2024-12-12T08:45:00+00:00 [queued]>
[2024-12-12T09:06:09.004+0000] {taskinstance.py:2076} INFO - Dependencies all met for dep_context=requeueable deps ti=<TaskInstance: dbt_orchestrator.dbt_run_staging.dbt_run_stg_order_details scheduled__2024-12-12T08:45:00+00:00 [queued]>
[2024-12-12T09:06:09.005+0000] {taskinstance.py:2306} INFO - Starting attempt 2 of 2
[2024-12-12T09:06:09.040+0000] {taskinstance.py:2330} INFO - Executing <Task(BashOperator): dbt_run_staging.dbt_run_stg_order_details> on 2024-12-12 08:45:00+00:00
[2024-12-12T09:06:09.049+0000] {standard_task_runner.py:63} INFO - Started process 2610 to run task
[2024-12-12T09:06:09.058+0000] {standard_task_runner.py:90} INFO - Running: ['***', 'tasks', 'run', 'dbt_orchestrator', 'dbt_run_staging.dbt_run_stg_order_details', 'scheduled__2024-12-12T08:45:00+00:00', '--job-id', '393', '--raw', '--subdir', 'DAGS_FOLDER/pipeline.py', '--cfg-path', '/tmp/tmpq2bq7ul7']
[2024-12-12T09:06:09.060+0000] {standard_task_runner.py:91} INFO - Job 393: Subtask dbt_run_staging.dbt_run_stg_order_details
[2024-12-12T09:06:09.164+0000] {task_command.py:426} INFO - Running <TaskInstance: dbt_orchestrator.dbt_run_staging.dbt_run_stg_order_details scheduled__2024-12-12T08:45:00+00:00 [running]> on host 34fdc836a0bb
[2024-12-12T09:06:09.383+0000] {taskinstance.py:2648} INFO - Exporting env vars: AIRFLOW_CTX_DAG_OWNER='ma7moud' AIRFLOW_CTX_DAG_ID='dbt_orchestrator' AIRFLOW_CTX_TASK_ID='dbt_run_staging.dbt_run_stg_order_details' AIRFLOW_CTX_EXECUTION_DATE='2024-12-12T08:45:00+00:00' AIRFLOW_CTX_TRY_NUMBER='2' AIRFLOW_CTX_DAG_RUN_ID='scheduled__2024-12-12T08:45:00+00:00'
[2024-12-12T09:06:09.385+0000] {taskinstance.py:430} INFO - ::endgroup::
[2024-12-12T09:06:09.409+0000] {subprocess.py:63} INFO - Tmp dir root location: /tmp
[2024-12-12T09:06:09.410+0000] {subprocess.py:75} INFO - Running command: ['/usr/bin/bash', '-c', 'dbt run --profiles-dir /opt/***/dbt --project-dir /opt/***/dbt/ecommerce --models stg_order_details']
[2024-12-12T09:06:09.441+0000] {subprocess.py:86} INFO - Output:
[2024-12-12T09:06:13.426+0000] {subprocess.py:93} INFO - [0m09:06:13  Running with dbt=1.8.0
[2024-12-12T09:06:13.786+0000] {subprocess.py:93} INFO - [0m09:06:13  [[33mWARNING[0m]: Deprecated functionality
[2024-12-12T09:06:13.787+0000] {subprocess.py:93} INFO - The `tests` config has been renamed to `data_tests`. Please see
[2024-12-12T09:06:13.788+0000] {subprocess.py:93} INFO - https://docs.getdbt.com/docs/build/data-tests#new-data_tests-syntax for more
[2024-12-12T09:06:13.789+0000] {subprocess.py:93} INFO - information.
[2024-12-12T09:06:14.416+0000] {subprocess.py:93} INFO - [0m09:06:14  Registered adapter: postgres=1.8.0
[2024-12-12T09:06:19.127+0000] {subprocess.py:93} INFO - [0m09:06:19  Found 15 models, 1 snapshot, 112 data tests, 12 sources, 430 macros
[2024-12-12T09:06:19.152+0000] {subprocess.py:93} INFO - [0m09:06:19
[2024-12-12T09:06:20.876+0000] {subprocess.py:93} INFO - [0m09:06:20  Concurrency: 3 threads (target='dev')
[2024-12-12T09:06:20.884+0000] {subprocess.py:93} INFO - [0m09:06:20
[2024-12-12T09:06:20.921+0000] {subprocess.py:93} INFO - [0m09:06:20  1 of 1 START sql incremental model oltp_staging_tables.stg_order_details ....... [RUN]
[2024-12-12T09:06:21.654+0000] {subprocess.py:93} INFO - [0m09:06:21  1 of 1 OK created sql incremental model oltp_staging_tables.stg_order_details .. [[32mINSERT 0 1294[0m in 0.73s]
[2024-12-12T09:06:21.708+0000] {subprocess.py:93} INFO - [0m09:06:21
[2024-12-12T09:06:21.711+0000] {subprocess.py:93} INFO - [0m09:06:21  Finished running 1 incremental model in 0 hours 0 minutes and 2.55 seconds (2.55s).
[2024-12-12T09:06:22.035+0000] {subprocess.py:93} INFO - [0m09:06:22
[2024-12-12T09:06:22.037+0000] {subprocess.py:93} INFO - [0m09:06:22  [32mCompleted successfully[0m
[2024-12-12T09:06:22.044+0000] {subprocess.py:93} INFO - [0m09:06:22
[2024-12-12T09:06:22.045+0000] {subprocess.py:93} INFO - [0m09:06:22  Done. PASS=1 WARN=0 ERROR=0 SKIP=0 TOTAL=1
[2024-12-12T09:06:23.302+0000] {subprocess.py:97} INFO - Command exited with return code 0
[2024-12-12T09:06:23.303+0000] {taskinstance.py:441} INFO - ::group::Post task execution logs
[2024-12-12T09:06:23.341+0000] {taskinstance.py:1206} INFO - Marking task as SUCCESS. dag_id=dbt_orchestrator, task_id=dbt_run_staging.dbt_run_stg_order_details, run_id=scheduled__2024-12-12T08:45:00+00:00, execution_date=20241212T084500, start_date=20241212T090608, end_date=20241212T090623
[2024-12-12T09:06:23.427+0000] {local_task_job_runner.py:240} INFO - Task exited with return code 0
[2024-12-12T09:06:23.502+0000] {taskinstance.py:3498} INFO - 0 downstream tasks scheduled from follow-on schedule check
[2024-12-12T09:06:23.509+0000] {local_task_job_runner.py:222} INFO - ::endgroup::
