[2024-12-12T09:23:15.407+0000] {local_task_job_runner.py:120} INFO - ::group::Pre task execution logs
[2024-12-12T09:23:15.478+0000] {taskinstance.py:2076} INFO - Dependencies all met for dep_context=non-requeueable deps ti=<TaskInstance: dbt_orchestrator.dbt_run_dimensions.dbt_run_brand_dim scheduled__2024-12-12T09:00:00+00:00 [queued]>
[2024-12-12T09:23:15.511+0000] {taskinstance.py:2076} INFO - Dependencies all met for dep_context=requeueable deps ti=<TaskInstance: dbt_orchestrator.dbt_run_dimensions.dbt_run_brand_dim scheduled__2024-12-12T09:00:00+00:00 [queued]>
[2024-12-12T09:23:15.511+0000] {taskinstance.py:2306} INFO - Starting attempt 1 of 1
[2024-12-12T09:23:15.554+0000] {taskinstance.py:2330} INFO - Executing <Task(BashOperator): dbt_run_dimensions.dbt_run_brand_dim> on 2024-12-12 09:00:00+00:00
[2024-12-12T09:23:15.567+0000] {standard_task_runner.py:63} INFO - Started process 3270 to run task
[2024-12-12T09:23:15.574+0000] {standard_task_runner.py:90} INFO - Running: ['***', 'tasks', 'run', 'dbt_orchestrator', 'dbt_run_dimensions.dbt_run_brand_dim', 'scheduled__2024-12-12T09:00:00+00:00', '--job-id', '441', '--raw', '--subdir', 'DAGS_FOLDER/pipeline.py', '--cfg-path', '/tmp/tmp816or7n5']
[2024-12-12T09:23:15.576+0000] {standard_task_runner.py:91} INFO - Job 441: Subtask dbt_run_dimensions.dbt_run_brand_dim
[2024-12-12T09:23:15.710+0000] {task_command.py:426} INFO - Running <TaskInstance: dbt_orchestrator.dbt_run_dimensions.dbt_run_brand_dim scheduled__2024-12-12T09:00:00+00:00 [running]> on host 34fdc836a0bb
[2024-12-12T09:23:15.996+0000] {taskinstance.py:2648} INFO - Exporting env vars: AIRFLOW_CTX_DAG_OWNER='ma7moud' AIRFLOW_CTX_DAG_ID='dbt_orchestrator' AIRFLOW_CTX_TASK_ID='dbt_run_dimensions.dbt_run_brand_dim' AIRFLOW_CTX_EXECUTION_DATE='2024-12-12T09:00:00+00:00' AIRFLOW_CTX_TRY_NUMBER='1' AIRFLOW_CTX_DAG_RUN_ID='scheduled__2024-12-12T09:00:00+00:00'
[2024-12-12T09:23:16.000+0000] {taskinstance.py:430} INFO - ::endgroup::
[2024-12-12T09:23:16.036+0000] {subprocess.py:63} INFO - Tmp dir root location: /tmp
[2024-12-12T09:23:16.037+0000] {subprocess.py:75} INFO - Running command: ['/usr/bin/bash', '-c', 'dbt run --profiles-dir /opt/***/dbt --project-dir /opt/***/dbt/ecommerce --models brand_dim']
[2024-12-12T09:23:16.082+0000] {subprocess.py:86} INFO - Output:
[2024-12-12T09:23:20.337+0000] {subprocess.py:93} INFO - [0m09:23:20  Running with dbt=1.8.0
[2024-12-12T09:23:20.745+0000] {subprocess.py:93} INFO - [0m09:23:20  [[33mWARNING[0m]: Deprecated functionality
[2024-12-12T09:23:20.746+0000] {subprocess.py:93} INFO - The `tests` config has been renamed to `data_tests`. Please see
[2024-12-12T09:23:20.746+0000] {subprocess.py:93} INFO - https://docs.getdbt.com/docs/build/data-tests#new-data_tests-syntax for more
[2024-12-12T09:23:20.747+0000] {subprocess.py:93} INFO - information.
[2024-12-12T09:23:21.365+0000] {subprocess.py:93} INFO - [0m09:23:21  Registered adapter: postgres=1.8.0
[2024-12-12T09:23:23.174+0000] {subprocess.py:93} INFO - [0m09:23:23  Found 15 models, 1 snapshot, 112 data tests, 12 sources, 430 macros
[2024-12-12T09:23:23.180+0000] {subprocess.py:93} INFO - [0m09:23:23
[2024-12-12T09:23:23.618+0000] {subprocess.py:93} INFO - [0m09:23:23  Concurrency: 3 threads (target='dev')
[2024-12-12T09:23:23.619+0000] {subprocess.py:93} INFO - [0m09:23:23
[2024-12-12T09:23:23.629+0000] {subprocess.py:93} INFO - [0m09:23:23  1 of 1 START sql incremental model olap_model.brand_dim ........................ [RUN]
[2024-12-12T09:23:23.923+0000] {subprocess.py:93} INFO - [0m09:23:23  1 of 1 OK created sql incremental model olap_model.brand_dim ................... [[32mSELECT 10[0m in 0.29s]
[2024-12-12T09:23:23.949+0000] {subprocess.py:93} INFO - [0m09:23:23
[2024-12-12T09:23:23.952+0000] {subprocess.py:93} INFO - [0m09:23:23  Finished running 1 incremental model in 0 hours 0 minutes and 0.77 seconds (0.77s).
[2024-12-12T09:23:24.077+0000] {subprocess.py:93} INFO - [0m09:23:24
[2024-12-12T09:23:24.078+0000] {subprocess.py:93} INFO - [0m09:23:24  [32mCompleted successfully[0m
[2024-12-12T09:23:24.078+0000] {subprocess.py:93} INFO - [0m09:23:24
[2024-12-12T09:23:24.079+0000] {subprocess.py:93} INFO - [0m09:23:24  Done. PASS=1 WARN=0 ERROR=0 SKIP=0 TOTAL=1
[2024-12-12T09:23:25.277+0000] {subprocess.py:97} INFO - Command exited with return code 0
[2024-12-12T09:23:25.278+0000] {taskinstance.py:441} INFO - ::group::Post task execution logs
[2024-12-12T09:23:25.317+0000] {taskinstance.py:1206} INFO - Marking task as SUCCESS. dag_id=dbt_orchestrator, task_id=dbt_run_dimensions.dbt_run_brand_dim, run_id=scheduled__2024-12-12T09:00:00+00:00, execution_date=20241212T090000, start_date=20241212T092315, end_date=20241212T092325
[2024-12-12T09:23:25.373+0000] {local_task_job_runner.py:240} INFO - Task exited with return code 0
[2024-12-12T09:23:25.408+0000] {taskinstance.py:3498} INFO - 0 downstream tasks scheduled from follow-on schedule check
[2024-12-12T09:23:25.409+0000] {local_task_job_runner.py:222} INFO - ::endgroup::
