[2024-12-12T08:51:17.363+0000] {local_task_job_runner.py:120} INFO - ::group::Pre task execution logs
[2024-12-12T08:51:17.423+0000] {taskinstance.py:2076} INFO - Dependencies all met for dep_context=non-requeueable deps ti=<TaskInstance: dbt_orchestrator.dbt_run_staging.dbt_run_stg_suppliers manual__2024-12-12T08:51:03.221369+00:00 [queued]>
[2024-12-12T08:51:17.447+0000] {taskinstance.py:2076} INFO - Dependencies all met for dep_context=requeueable deps ti=<TaskInstance: dbt_orchestrator.dbt_run_staging.dbt_run_stg_suppliers manual__2024-12-12T08:51:03.221369+00:00 [queued]>
[2024-12-12T08:51:17.448+0000] {taskinstance.py:2306} INFO - Starting attempt 1 of 1
[2024-12-12T08:51:17.489+0000] {taskinstance.py:2330} INFO - Executing <Task(BashOperator): dbt_run_staging.dbt_run_stg_suppliers> on 2024-12-12 08:51:03.221369+00:00
[2024-12-12T08:51:17.501+0000] {standard_task_runner.py:63} INFO - Started process 1563 to run task
[2024-12-12T08:51:17.506+0000] {standard_task_runner.py:90} INFO - Running: ['***', 'tasks', 'run', 'dbt_orchestrator', 'dbt_run_staging.dbt_run_stg_suppliers', 'manual__2024-12-12T08:51:03.221369+00:00', '--job-id', '323', '--raw', '--subdir', 'DAGS_FOLDER/pipeline.py', '--cfg-path', '/tmp/tmpevntsi7s']
[2024-12-12T08:51:17.511+0000] {standard_task_runner.py:91} INFO - Job 323: Subtask dbt_run_staging.dbt_run_stg_suppliers
[2024-12-12T08:51:17.613+0000] {task_command.py:426} INFO - Running <TaskInstance: dbt_orchestrator.dbt_run_staging.dbt_run_stg_suppliers manual__2024-12-12T08:51:03.221369+00:00 [running]> on host 34fdc836a0bb
[2024-12-12T08:51:17.835+0000] {taskinstance.py:2648} INFO - Exporting env vars: AIRFLOW_CTX_DAG_OWNER='ma7moud' AIRFLOW_CTX_DAG_ID='dbt_orchestrator' AIRFLOW_CTX_TASK_ID='dbt_run_staging.dbt_run_stg_suppliers' AIRFLOW_CTX_EXECUTION_DATE='2024-12-12T08:51:03.221369+00:00' AIRFLOW_CTX_TRY_NUMBER='1' AIRFLOW_CTX_DAG_RUN_ID='manual__2024-12-12T08:51:03.221369+00:00'
[2024-12-12T08:51:17.836+0000] {taskinstance.py:430} INFO - ::endgroup::
[2024-12-12T08:51:17.888+0000] {subprocess.py:63} INFO - Tmp dir root location: /tmp
[2024-12-12T08:51:17.890+0000] {subprocess.py:75} INFO - Running command: ['/usr/bin/bash', '-c', 'dbt run --profiles-dir /opt/***/dbt --project-dir /opt/***/dbt/ecommerce --models stg_suppliers']
[2024-12-12T08:51:17.919+0000] {subprocess.py:86} INFO - Output:
[2024-12-12T08:51:23.631+0000] {subprocess.py:93} INFO - [0m08:51:23  Running with dbt=1.8.0
[2024-12-12T08:51:23.941+0000] {subprocess.py:93} INFO - [0m08:51:23  [[33mWARNING[0m]: Deprecated functionality
[2024-12-12T08:51:23.942+0000] {subprocess.py:93} INFO - The `tests` config has been renamed to `data_tests`. Please see
[2024-12-12T08:51:23.943+0000] {subprocess.py:93} INFO - https://docs.getdbt.com/docs/build/data-tests#new-data_tests-syntax for more
[2024-12-12T08:51:23.944+0000] {subprocess.py:93} INFO - information.
[2024-12-12T08:51:24.468+0000] {subprocess.py:93} INFO - [0m08:51:24  Registered adapter: postgres=1.8.0
[2024-12-12T08:51:27.169+0000] {subprocess.py:93} INFO - [0m08:51:27  Found 15 models, 1 snapshot, 112 data tests, 12 sources, 430 macros
[2024-12-12T08:51:27.195+0000] {subprocess.py:93} INFO - [0m08:51:27
[2024-12-12T08:51:28.395+0000] {subprocess.py:93} INFO - [0m08:51:28  Concurrency: 3 threads (target='dev')
[2024-12-12T08:51:28.398+0000] {subprocess.py:93} INFO - [0m08:51:28
[2024-12-12T08:51:28.407+0000] {subprocess.py:93} INFO - [0m08:51:28  1 of 1 START sql incremental model oltp_staging_tables.stg_suppliers ........... [RUN]
[2024-12-12T08:51:28.995+0000] {subprocess.py:93} INFO - [0m08:51:28  1 of 1 OK created sql incremental model oltp_staging_tables.stg_suppliers ...... [[32mINSERT 0 5[0m in 0.58s]
[2024-12-12T08:51:29.044+0000] {subprocess.py:93} INFO - [0m08:51:29
[2024-12-12T08:51:29.045+0000] {subprocess.py:93} INFO - [0m08:51:29  Finished running 1 incremental model in 0 hours 0 minutes and 1.84 seconds (1.84s).
[2024-12-12T08:51:29.220+0000] {subprocess.py:93} INFO - [0m08:51:29
[2024-12-12T08:51:29.222+0000] {subprocess.py:93} INFO - [0m08:51:29  [32mCompleted successfully[0m
[2024-12-12T08:51:29.224+0000] {subprocess.py:93} INFO - [0m08:51:29
[2024-12-12T08:51:29.227+0000] {subprocess.py:93} INFO - [0m08:51:29  Done. PASS=1 WARN=0 ERROR=0 SKIP=0 TOTAL=1
[2024-12-12T08:51:30.653+0000] {subprocess.py:97} INFO - Command exited with return code 0
[2024-12-12T08:51:30.655+0000] {taskinstance.py:441} INFO - ::group::Post task execution logs
[2024-12-12T08:51:30.708+0000] {taskinstance.py:1206} INFO - Marking task as SUCCESS. dag_id=dbt_orchestrator, task_id=dbt_run_staging.dbt_run_stg_suppliers, run_id=manual__2024-12-12T08:51:03.221369+00:00, execution_date=20241212T085103, start_date=20241212T085117, end_date=20241212T085130
[2024-12-12T08:51:30.746+0000] {local_task_job_runner.py:240} INFO - Task exited with return code 0
[2024-12-12T08:51:30.760+0000] {local_task_job_runner.py:222} INFO - ::endgroup::
