[2024-12-12T08:45:25.296+0000] {local_task_job_runner.py:120} INFO - ::group::Pre task execution logs
[2024-12-12T08:45:25.341+0000] {taskinstance.py:2076} INFO - Dependencies all met for dep_context=non-requeueable deps ti=<TaskInstance: dbt_orchestrator.dbt_run_dimensions.dbt_run_date_dim scheduled__2024-12-12T08:30:00+00:00 [queued]>
[2024-12-12T08:45:25.359+0000] {taskinstance.py:2076} INFO - Dependencies all met for dep_context=requeueable deps ti=<TaskInstance: dbt_orchestrator.dbt_run_dimensions.dbt_run_date_dim scheduled__2024-12-12T08:30:00+00:00 [queued]>
[2024-12-12T08:45:25.360+0000] {taskinstance.py:2306} INFO - Starting attempt 1 of 1
[2024-12-12T08:45:25.387+0000] {taskinstance.py:2330} INFO - Executing <Task(BashOperator): dbt_run_dimensions.dbt_run_date_dim> on 2024-12-12 08:30:00+00:00
[2024-12-12T08:45:25.394+0000] {standard_task_runner.py:63} INFO - Started process 1374 to run task
[2024-12-12T08:45:25.399+0000] {standard_task_runner.py:90} INFO - Running: ['***', 'tasks', 'run', 'dbt_orchestrator', 'dbt_run_dimensions.dbt_run_date_dim', 'scheduled__2024-12-12T08:30:00+00:00', '--job-id', '300', '--raw', '--subdir', 'DAGS_FOLDER/pipeline.py', '--cfg-path', '/tmp/tmppdw_5lmv']
[2024-12-12T08:45:25.401+0000] {standard_task_runner.py:91} INFO - Job 300: Subtask dbt_run_dimensions.dbt_run_date_dim
[2024-12-12T08:45:25.493+0000] {task_command.py:426} INFO - Running <TaskInstance: dbt_orchestrator.dbt_run_dimensions.dbt_run_date_dim scheduled__2024-12-12T08:30:00+00:00 [running]> on host 34fdc836a0bb
[2024-12-12T08:45:25.657+0000] {taskinstance.py:2648} INFO - Exporting env vars: AIRFLOW_CTX_DAG_OWNER='ma7moud' AIRFLOW_CTX_DAG_ID='dbt_orchestrator' AIRFLOW_CTX_TASK_ID='dbt_run_dimensions.dbt_run_date_dim' AIRFLOW_CTX_EXECUTION_DATE='2024-12-12T08:30:00+00:00' AIRFLOW_CTX_TRY_NUMBER='1' AIRFLOW_CTX_DAG_RUN_ID='scheduled__2024-12-12T08:30:00+00:00'
[2024-12-12T08:45:25.661+0000] {taskinstance.py:430} INFO - ::endgroup::
[2024-12-12T08:45:25.680+0000] {subprocess.py:63} INFO - Tmp dir root location: /tmp
[2024-12-12T08:45:25.681+0000] {subprocess.py:75} INFO - Running command: ['/usr/bin/bash', '-c', 'dbt run --profiles-dir /opt/***/dbt --project-dir /opt/***/dbt/ecommerce --models models/olap_model/dimensions/date_dim']
[2024-12-12T08:45:25.702+0000] {subprocess.py:86} INFO - Output:
[2024-12-12T08:45:29.330+0000] {subprocess.py:93} INFO - [0m08:45:29  Running with dbt=1.8.0
[2024-12-12T08:45:29.595+0000] {subprocess.py:93} INFO - [0m08:45:29  [[33mWARNING[0m]: Deprecated functionality
[2024-12-12T08:45:29.596+0000] {subprocess.py:93} INFO - The `tests` config has been renamed to `data_tests`. Please see
[2024-12-12T08:45:29.596+0000] {subprocess.py:93} INFO - https://docs.getdbt.com/docs/build/data-tests#new-data_tests-syntax for more
[2024-12-12T08:45:29.597+0000] {subprocess.py:93} INFO - information.
[2024-12-12T08:45:29.872+0000] {subprocess.py:93} INFO - [0m08:45:29  Registered adapter: postgres=1.8.0
[2024-12-12T08:45:31.446+0000] {subprocess.py:93} INFO - [0m08:45:31  Found 15 models, 1 snapshot, 112 data tests, 12 sources, 430 macros
[2024-12-12T08:45:31.458+0000] {subprocess.py:93} INFO - [0m08:45:31  The selection criterion 'models/olap_model/dimensions/date_dim' does not match any enabled nodes
[2024-12-12T08:45:31.462+0000] {subprocess.py:93} INFO - [0m08:45:31
[2024-12-12T08:45:31.463+0000] {subprocess.py:93} INFO - [0m08:45:31  Nothing to do. Try checking your model configs and model specification args
[2024-12-12T08:45:32.501+0000] {subprocess.py:97} INFO - Command exited with return code 0
[2024-12-12T08:45:32.502+0000] {taskinstance.py:441} INFO - ::group::Post task execution logs
[2024-12-12T08:45:32.542+0000] {taskinstance.py:1206} INFO - Marking task as SUCCESS. dag_id=dbt_orchestrator, task_id=dbt_run_dimensions.dbt_run_date_dim, run_id=scheduled__2024-12-12T08:30:00+00:00, execution_date=20241212T083000, start_date=20241212T084525, end_date=20241212T084532
[2024-12-12T08:45:32.603+0000] {local_task_job_runner.py:240} INFO - Task exited with return code 0
[2024-12-12T08:45:32.651+0000] {taskinstance.py:3498} INFO - 0 downstream tasks scheduled from follow-on schedule check
[2024-12-12T08:45:32.653+0000] {local_task_job_runner.py:222} INFO - ::endgroup::
