[2024-12-11T16:45:05.788+0000] {local_task_job_runner.py:120} INFO - ::group::Pre task execution logs
[2024-12-11T16:45:05.815+0000] {taskinstance.py:2076} INFO - Dependencies all met for dep_context=non-requeueable deps ti=<TaskInstance: dbt_orchestrator.dbt_snapshot_group.dbt_snapshot scheduled__2024-12-11T16:30:00+00:00 [queued]>
[2024-12-11T16:45:05.824+0000] {taskinstance.py:2076} INFO - Dependencies all met for dep_context=requeueable deps ti=<TaskInstance: dbt_orchestrator.dbt_snapshot_group.dbt_snapshot scheduled__2024-12-11T16:30:00+00:00 [queued]>
[2024-12-11T16:45:05.824+0000] {taskinstance.py:2306} INFO - Starting attempt 1 of 1
[2024-12-11T16:45:05.838+0000] {taskinstance.py:2330} INFO - Executing <Task(BashOperator): dbt_snapshot_group.dbt_snapshot> on 2024-12-11 16:30:00+00:00
[2024-12-11T16:45:05.844+0000] {standard_task_runner.py:63} INFO - Started process 398 to run task
[2024-12-11T16:45:05.847+0000] {standard_task_runner.py:90} INFO - Running: ['***', 'tasks', 'run', 'dbt_orchestrator', 'dbt_snapshot_group.dbt_snapshot', 'scheduled__2024-12-11T16:30:00+00:00', '--job-id', '49', '--raw', '--subdir', 'DAGS_FOLDER/pipeline.py', '--cfg-path', '/tmp/tmpg8ugzzta']
[2024-12-11T16:45:05.848+0000] {standard_task_runner.py:91} INFO - Job 49: Subtask dbt_snapshot_group.dbt_snapshot
[2024-12-11T16:45:05.901+0000] {task_command.py:426} INFO - Running <TaskInstance: dbt_orchestrator.dbt_snapshot_group.dbt_snapshot scheduled__2024-12-11T16:30:00+00:00 [running]> on host 49f8df2c9427
[2024-12-11T16:45:06.049+0000] {taskinstance.py:2648} INFO - Exporting env vars: AIRFLOW_CTX_DAG_OWNER='Mahmoud' AIRFLOW_CTX_DAG_ID='dbt_orchestrator' AIRFLOW_CTX_TASK_ID='dbt_snapshot_group.dbt_snapshot' AIRFLOW_CTX_EXECUTION_DATE='2024-12-11T16:30:00+00:00' AIRFLOW_CTX_TRY_NUMBER='1' AIRFLOW_CTX_DAG_RUN_ID='scheduled__2024-12-11T16:30:00+00:00'
[2024-12-11T16:45:06.050+0000] {taskinstance.py:430} INFO - ::endgroup::
[2024-12-11T16:45:06.062+0000] {subprocess.py:63} INFO - Tmp dir root location: /tmp
[2024-12-11T16:45:06.063+0000] {subprocess.py:75} INFO - Running command: ['/usr/bin/bash', '-c', 'dbt snapshot --profiles-dir /opt/***/dbt --project-dir /opt/***/dbt/ecommerce']
[2024-12-11T16:45:06.073+0000] {subprocess.py:86} INFO - Output:
[2024-12-11T16:45:08.068+0000] {subprocess.py:93} INFO - [0m16:45:08  Running with dbt=1.8.0
[2024-12-11T16:45:08.208+0000] {subprocess.py:93} INFO - [0m16:45:08  [[33mWARNING[0m]: Deprecated functionality
[2024-12-11T16:45:08.209+0000] {subprocess.py:93} INFO - The `tests` config has been renamed to `data_tests`. Please see
[2024-12-11T16:45:08.209+0000] {subprocess.py:93} INFO - https://docs.getdbt.com/docs/build/data-tests#new-data_tests-syntax for more
[2024-12-11T16:45:08.209+0000] {subprocess.py:93} INFO - information.
[2024-12-11T16:45:08.370+0000] {subprocess.py:93} INFO - [0m16:45:08  Registered adapter: postgres=1.8.0
[2024-12-11T16:45:08.871+0000] {subprocess.py:93} INFO - [0m16:45:08  [[33mWARNING[0m]: Configuration paths exist in your dbt_project.yml file which do not apply to any resources.
[2024-12-11T16:45:08.871+0000] {subprocess.py:93} INFO - There are 2 unused configuration paths:
[2024-12-11T16:45:08.872+0000] {subprocess.py:93} INFO - - models.ecommerce.marts.dimensions
[2024-12-11T16:45:08.872+0000] {subprocess.py:93} INFO - - models.ecommerce.marts.fact
[2024-12-11T16:45:09.228+0000] {subprocess.py:93} INFO - [0m16:45:09  Found 15 models, 1 snapshot, 112 data tests, 12 sources, 430 macros
[2024-12-11T16:45:09.234+0000] {subprocess.py:93} INFO - [0m16:45:09
[2024-12-11T16:45:09.490+0000] {subprocess.py:93} INFO - [0m16:45:09  Concurrency: 3 threads (target='dev')
[2024-12-11T16:45:09.490+0000] {subprocess.py:93} INFO - [0m16:45:09
[2024-12-11T16:45:09.496+0000] {subprocess.py:93} INFO - [0m16:45:09  1 of 1 START snapshot snapshots.CDC_product .................................... [RUN]
[2024-12-11T16:45:09.832+0000] {subprocess.py:93} INFO - [0m16:45:09  1 of 1 OK snapshotted snapshots.CDC_product .................................... [[32mINSERT 0 0[0m in 0.33s]
[2024-12-11T16:45:09.845+0000] {subprocess.py:93} INFO - [0m16:45:09
[2024-12-11T16:45:09.846+0000] {subprocess.py:93} INFO - [0m16:45:09  Finished running 1 snapshot in 0 hours 0 minutes and 0.61 seconds (0.61s).
[2024-12-11T16:45:09.926+0000] {subprocess.py:93} INFO - [0m16:45:09
[2024-12-11T16:45:09.927+0000] {subprocess.py:93} INFO - [0m16:45:09  [32mCompleted successfully[0m
[2024-12-11T16:45:09.928+0000] {subprocess.py:93} INFO - [0m16:45:09
[2024-12-11T16:45:09.928+0000] {subprocess.py:93} INFO - [0m16:45:09  Done. PASS=1 WARN=0 ERROR=0 SKIP=0 TOTAL=1
[2024-12-11T16:45:11.078+0000] {subprocess.py:97} INFO - Command exited with return code 0
[2024-12-11T16:45:11.079+0000] {taskinstance.py:441} INFO - ::group::Post task execution logs
[2024-12-11T16:45:11.108+0000] {taskinstance.py:1206} INFO - Marking task as SUCCESS. dag_id=dbt_orchestrator, task_id=dbt_snapshot_group.dbt_snapshot, run_id=scheduled__2024-12-11T16:30:00+00:00, execution_date=20241211T163000, start_date=20241211T164505, end_date=20241211T164511
[2024-12-11T16:45:11.133+0000] {local_task_job_runner.py:240} INFO - Task exited with return code 0
[2024-12-11T16:45:11.164+0000] {taskinstance.py:3498} INFO - 1 downstream tasks scheduled from follow-on schedule check
[2024-12-11T16:45:11.166+0000] {local_task_job_runner.py:222} INFO - ::endgroup::
