[2024-12-12T08:51:32.634+0000] {local_task_job_runner.py:120} INFO - ::group::Pre task execution logs
[2024-12-12T08:51:32.708+0000] {taskinstance.py:2076} INFO - Dependencies all met for dep_context=non-requeueable deps ti=<TaskInstance: dbt_orchestrator.dbt_run_dimensions.dbt_run_supplier_dim manual__2024-12-12T08:51:03.221369+00:00 [queued]>
[2024-12-12T08:51:32.739+0000] {taskinstance.py:2076} INFO - Dependencies all met for dep_context=requeueable deps ti=<TaskInstance: dbt_orchestrator.dbt_run_dimensions.dbt_run_supplier_dim manual__2024-12-12T08:51:03.221369+00:00 [queued]>
[2024-12-12T08:51:32.740+0000] {taskinstance.py:2306} INFO - Starting attempt 1 of 1
[2024-12-12T08:51:32.781+0000] {taskinstance.py:2330} INFO - Executing <Task(BashOperator): dbt_run_dimensions.dbt_run_supplier_dim> on 2024-12-12 08:51:03.221369+00:00
[2024-12-12T08:51:32.799+0000] {standard_task_runner.py:63} INFO - Started process 1679 to run task
[2024-12-12T08:51:32.804+0000] {standard_task_runner.py:90} INFO - Running: ['***', 'tasks', 'run', 'dbt_orchestrator', 'dbt_run_dimensions.dbt_run_supplier_dim', 'manual__2024-12-12T08:51:03.221369+00:00', '--job-id', '329', '--raw', '--subdir', 'DAGS_FOLDER/pipeline.py', '--cfg-path', '/tmp/tmppzhpqvoi']
[2024-12-12T08:51:32.810+0000] {standard_task_runner.py:91} INFO - Job 329: Subtask dbt_run_dimensions.dbt_run_supplier_dim
[2024-12-12T08:51:32.925+0000] {task_command.py:426} INFO - Running <TaskInstance: dbt_orchestrator.dbt_run_dimensions.dbt_run_supplier_dim manual__2024-12-12T08:51:03.221369+00:00 [running]> on host 34fdc836a0bb
[2024-12-12T08:51:33.146+0000] {taskinstance.py:2648} INFO - Exporting env vars: AIRFLOW_CTX_DAG_OWNER='ma7moud' AIRFLOW_CTX_DAG_ID='dbt_orchestrator' AIRFLOW_CTX_TASK_ID='dbt_run_dimensions.dbt_run_supplier_dim' AIRFLOW_CTX_EXECUTION_DATE='2024-12-12T08:51:03.221369+00:00' AIRFLOW_CTX_TRY_NUMBER='1' AIRFLOW_CTX_DAG_RUN_ID='manual__2024-12-12T08:51:03.221369+00:00'
[2024-12-12T08:51:33.147+0000] {taskinstance.py:430} INFO - ::endgroup::
[2024-12-12T08:51:33.176+0000] {subprocess.py:63} INFO - Tmp dir root location: /tmp
[2024-12-12T08:51:33.178+0000] {subprocess.py:75} INFO - Running command: ['/usr/bin/bash', '-c', 'dbt run --profiles-dir /opt/***/dbt --project-dir /opt/***/dbt/ecommerce --models supplier_dim']
[2024-12-12T08:51:33.201+0000] {subprocess.py:86} INFO - Output:
[2024-12-12T08:51:38.015+0000] {subprocess.py:93} INFO - [0m08:51:38  Running with dbt=1.8.0
[2024-12-12T08:51:38.394+0000] {subprocess.py:93} INFO - [0m08:51:38  [[33mWARNING[0m]: Deprecated functionality
[2024-12-12T08:51:38.395+0000] {subprocess.py:93} INFO - The `tests` config has been renamed to `data_tests`. Please see
[2024-12-12T08:51:38.396+0000] {subprocess.py:93} INFO - https://docs.getdbt.com/docs/build/data-tests#new-data_tests-syntax for more
[2024-12-12T08:51:38.396+0000] {subprocess.py:93} INFO - information.
[2024-12-12T08:51:38.815+0000] {subprocess.py:93} INFO - [0m08:51:38  Registered adapter: postgres=1.8.0
[2024-12-12T08:51:40.728+0000] {subprocess.py:93} INFO - [0m08:51:40  Found 15 models, 1 snapshot, 112 data tests, 12 sources, 430 macros
[2024-12-12T08:51:40.742+0000] {subprocess.py:93} INFO - [0m08:51:40
[2024-12-12T08:51:41.235+0000] {subprocess.py:93} INFO - [0m08:51:41  Concurrency: 3 threads (target='dev')
[2024-12-12T08:51:41.239+0000] {subprocess.py:93} INFO - [0m08:51:41
[2024-12-12T08:51:41.246+0000] {subprocess.py:93} INFO - [0m08:51:41  1 of 1 START sql incremental model oltp_dimensions.supplier_dim ................ [RUN]
[2024-12-12T08:51:41.776+0000] {subprocess.py:93} INFO - [0m08:51:41  1 of 1 OK created sql incremental model oltp_dimensions.supplier_dim ........... [[32mINSERT 0 5[0m in 0.52s]
[2024-12-12T08:51:41.816+0000] {subprocess.py:93} INFO - [0m08:51:41
[2024-12-12T08:51:41.818+0000] {subprocess.py:93} INFO - [0m08:51:41  Finished running 1 incremental model in 0 hours 0 minutes and 1.07 seconds (1.07s).
[2024-12-12T08:51:42.005+0000] {subprocess.py:93} INFO - [0m08:51:42
[2024-12-12T08:51:42.006+0000] {subprocess.py:93} INFO - [0m08:51:42  [32mCompleted successfully[0m
[2024-12-12T08:51:42.007+0000] {subprocess.py:93} INFO - [0m08:51:42
[2024-12-12T08:51:42.009+0000] {subprocess.py:93} INFO - [0m08:51:42  Done. PASS=1 WARN=0 ERROR=0 SKIP=0 TOTAL=1
[2024-12-12T08:51:43.159+0000] {subprocess.py:97} INFO - Command exited with return code 0
[2024-12-12T08:51:43.159+0000] {taskinstance.py:441} INFO - ::group::Post task execution logs
[2024-12-12T08:51:43.203+0000] {taskinstance.py:1206} INFO - Marking task as SUCCESS. dag_id=dbt_orchestrator, task_id=dbt_run_dimensions.dbt_run_supplier_dim, run_id=manual__2024-12-12T08:51:03.221369+00:00, execution_date=20241212T085103, start_date=20241212T085132, end_date=20241212T085143
[2024-12-12T08:51:43.265+0000] {local_task_job_runner.py:240} INFO - Task exited with return code 0
[2024-12-12T08:51:43.309+0000] {taskinstance.py:3498} INFO - 0 downstream tasks scheduled from follow-on schedule check
[2024-12-12T08:51:43.310+0000] {local_task_job_runner.py:222} INFO - ::endgroup::
