[2024-12-11T17:15:21.757+0000] {local_task_job_runner.py:120} INFO - ::group::Pre task execution logs
[2024-12-11T17:15:21.799+0000] {taskinstance.py:2076} INFO - Dependencies all met for dep_context=non-requeueable deps ti=<TaskInstance: dbt_orchestrator.dbt_run_dimensions.dbt_run_product_dim scheduled__2024-12-11T17:00:00+00:00 [queued]>
[2024-12-11T17:15:21.814+0000] {taskinstance.py:2076} INFO - Dependencies all met for dep_context=requeueable deps ti=<TaskInstance: dbt_orchestrator.dbt_run_dimensions.dbt_run_product_dim scheduled__2024-12-11T17:00:00+00:00 [queued]>
[2024-12-11T17:15:21.815+0000] {taskinstance.py:2306} INFO - Starting attempt 1 of 1
[2024-12-11T17:15:21.835+0000] {taskinstance.py:2330} INFO - Executing <Task(BashOperator): dbt_run_dimensions.dbt_run_product_dim> on 2024-12-11 17:00:00+00:00
[2024-12-11T17:15:21.844+0000] {standard_task_runner.py:63} INFO - Started process 651 to run task
[2024-12-11T17:15:21.849+0000] {standard_task_runner.py:90} INFO - Running: ['***', 'tasks', 'run', 'dbt_orchestrator', 'dbt_run_dimensions.dbt_run_product_dim', 'scheduled__2024-12-11T17:00:00+00:00', '--job-id', '83', '--raw', '--subdir', 'DAGS_FOLDER/pipeline.py', '--cfg-path', '/tmp/tmpuesl8wt8']
[2024-12-11T17:15:21.851+0000] {standard_task_runner.py:91} INFO - Job 83: Subtask dbt_run_dimensions.dbt_run_product_dim
[2024-12-11T17:15:21.918+0000] {task_command.py:426} INFO - Running <TaskInstance: dbt_orchestrator.dbt_run_dimensions.dbt_run_product_dim scheduled__2024-12-11T17:00:00+00:00 [running]> on host 49f8df2c9427
[2024-12-11T17:15:22.058+0000] {taskinstance.py:2648} INFO - Exporting env vars: AIRFLOW_CTX_DAG_OWNER='ma7moud' AIRFLOW_CTX_DAG_ID='dbt_orchestrator' AIRFLOW_CTX_TASK_ID='dbt_run_dimensions.dbt_run_product_dim' AIRFLOW_CTX_EXECUTION_DATE='2024-12-11T17:00:00+00:00' AIRFLOW_CTX_TRY_NUMBER='1' AIRFLOW_CTX_DAG_RUN_ID='scheduled__2024-12-11T17:00:00+00:00'
[2024-12-11T17:15:22.059+0000] {taskinstance.py:430} INFO - ::endgroup::
[2024-12-11T17:15:22.081+0000] {subprocess.py:63} INFO - Tmp dir root location: /tmp
[2024-12-11T17:15:22.082+0000] {subprocess.py:75} INFO - Running command: ['/usr/bin/bash', '-c', 'dbt run --profiles-dir /opt/***/dbt --project-dir /opt/***/dbt/ecommerce --models models/olap_model/dimensions/product_dim']
[2024-12-11T17:15:22.098+0000] {subprocess.py:86} INFO - Output:
[2024-12-11T17:15:25.200+0000] {subprocess.py:93} INFO - [0m17:15:25  Running with dbt=1.8.0
[2024-12-11T17:15:25.526+0000] {subprocess.py:93} INFO - [0m17:15:25  [[33mWARNING[0m]: Deprecated functionality
[2024-12-11T17:15:25.526+0000] {subprocess.py:93} INFO - The `tests` config has been renamed to `data_tests`. Please see
[2024-12-11T17:15:25.526+0000] {subprocess.py:93} INFO - https://docs.getdbt.com/docs/build/data-tests#new-data_tests-syntax for more
[2024-12-11T17:15:25.527+0000] {subprocess.py:93} INFO - information.
[2024-12-11T17:15:25.855+0000] {subprocess.py:93} INFO - [0m17:15:25  Registered adapter: postgres=1.8.0
[2024-12-11T17:15:26.602+0000] {subprocess.py:93} INFO - [0m17:15:26  [[33mWARNING[0m]: Configuration paths exist in your dbt_project.yml file which do not apply to any resources.
[2024-12-11T17:15:26.603+0000] {subprocess.py:93} INFO - There are 2 unused configuration paths:
[2024-12-11T17:15:26.603+0000] {subprocess.py:93} INFO - - models.ecommerce.marts.fact
[2024-12-11T17:15:26.603+0000] {subprocess.py:93} INFO - - models.ecommerce.marts.dimensions
[2024-12-11T17:15:27.271+0000] {subprocess.py:93} INFO - [0m17:15:27  Found 15 models, 1 snapshot, 112 data tests, 12 sources, 430 macros
[2024-12-11T17:15:27.281+0000] {subprocess.py:93} INFO - [0m17:15:27  The selection criterion 'models/olap_model/dimensions/product_dim' does not match any enabled nodes
[2024-12-11T17:15:27.285+0000] {subprocess.py:93} INFO - [0m17:15:27
[2024-12-11T17:15:27.286+0000] {subprocess.py:93} INFO - [0m17:15:27  Nothing to do. Try checking your model configs and model specification args
[2024-12-11T17:15:28.455+0000] {subprocess.py:97} INFO - Command exited with return code 0
[2024-12-11T17:15:28.456+0000] {taskinstance.py:441} INFO - ::group::Post task execution logs
[2024-12-11T17:15:28.485+0000] {taskinstance.py:1206} INFO - Marking task as SUCCESS. dag_id=dbt_orchestrator, task_id=dbt_run_dimensions.dbt_run_product_dim, run_id=scheduled__2024-12-11T17:00:00+00:00, execution_date=20241211T170000, start_date=20241211T171521, end_date=20241211T171528
[2024-12-11T17:15:28.532+0000] {local_task_job_runner.py:240} INFO - Task exited with return code 0
[2024-12-11T17:15:28.560+0000] {taskinstance.py:3498} INFO - 0 downstream tasks scheduled from follow-on schedule check
[2024-12-11T17:15:28.562+0000] {local_task_job_runner.py:222} INFO - ::endgroup::
