[2024-12-12T08:19:52.883+0000] {local_task_job_runner.py:120} INFO - ::group::Pre task execution logs
[2024-12-12T08:19:52.934+0000] {taskinstance.py:2076} INFO - Dependencies all met for dep_context=non-requeueable deps ti=<TaskInstance: dbt_orchestrator.dbt_run_staging.dbt_run_stg_order_details scheduled__2024-12-12T08:00:00+00:00 [queued]>
[2024-12-12T08:19:52.950+0000] {taskinstance.py:2076} INFO - Dependencies all met for dep_context=requeueable deps ti=<TaskInstance: dbt_orchestrator.dbt_run_staging.dbt_run_stg_order_details scheduled__2024-12-12T08:00:00+00:00 [queued]>
[2024-12-12T08:19:52.952+0000] {taskinstance.py:2306} INFO - Starting attempt 2 of 2
[2024-12-12T08:19:52.975+0000] {taskinstance.py:2330} INFO - Executing <Task(BashOperator): dbt_run_staging.dbt_run_stg_order_details> on 2024-12-12 08:00:00+00:00
[2024-12-12T08:19:52.984+0000] {standard_task_runner.py:63} INFO - Started process 751 to run task
[2024-12-12T08:19:52.990+0000] {standard_task_runner.py:90} INFO - Running: ['***', 'tasks', 'run', 'dbt_orchestrator', 'dbt_run_staging.dbt_run_stg_order_details', 'scheduled__2024-12-12T08:00:00+00:00', '--job-id', '206', '--raw', '--subdir', 'DAGS_FOLDER/pipeline.py', '--cfg-path', '/tmp/tmpva7ym49j']
[2024-12-12T08:19:52.992+0000] {standard_task_runner.py:91} INFO - Job 206: Subtask dbt_run_staging.dbt_run_stg_order_details
[2024-12-12T08:19:53.074+0000] {task_command.py:426} INFO - Running <TaskInstance: dbt_orchestrator.dbt_run_staging.dbt_run_stg_order_details scheduled__2024-12-12T08:00:00+00:00 [running]> on host 34fdc836a0bb
[2024-12-12T08:19:53.238+0000] {taskinstance.py:2648} INFO - Exporting env vars: AIRFLOW_CTX_DAG_OWNER='ma7moud' AIRFLOW_CTX_DAG_ID='dbt_orchestrator' AIRFLOW_CTX_TASK_ID='dbt_run_staging.dbt_run_stg_order_details' AIRFLOW_CTX_EXECUTION_DATE='2024-12-12T08:00:00+00:00' AIRFLOW_CTX_TRY_NUMBER='2' AIRFLOW_CTX_DAG_RUN_ID='scheduled__2024-12-12T08:00:00+00:00'
[2024-12-12T08:19:53.239+0000] {taskinstance.py:430} INFO - ::endgroup::
[2024-12-12T08:19:53.265+0000] {subprocess.py:63} INFO - Tmp dir root location: /tmp
[2024-12-12T08:19:53.266+0000] {subprocess.py:75} INFO - Running command: ['/usr/bin/bash', '-c', 'dbt run --profiles-dir /opt/***/dbt --project-dir /opt/***/dbt/ecommerce --models models/staging/stg_order_details']
[2024-12-12T08:19:53.286+0000] {subprocess.py:86} INFO - Output:
[2024-12-12T08:19:57.480+0000] {subprocess.py:93} INFO - [0m08:19:57  Running with dbt=1.8.0
[2024-12-12T08:19:57.820+0000] {subprocess.py:93} INFO - [0m08:19:57  [[33mWARNING[0m]: Deprecated functionality
[2024-12-12T08:19:57.821+0000] {subprocess.py:93} INFO - The `tests` config has been renamed to `data_tests`. Please see
[2024-12-12T08:19:57.823+0000] {subprocess.py:93} INFO - https://docs.getdbt.com/docs/build/data-tests#new-data_tests-syntax for more
[2024-12-12T08:19:57.825+0000] {subprocess.py:93} INFO - information.
[2024-12-12T08:19:58.320+0000] {subprocess.py:93} INFO - [0m08:19:58  Registered adapter: postgres=1.8.0
[2024-12-12T08:19:59.596+0000] {subprocess.py:93} INFO - [0m08:19:59  [[33mWARNING[0m]: Configuration paths exist in your dbt_project.yml file which do not apply to any resources.
[2024-12-12T08:19:59.597+0000] {subprocess.py:93} INFO - There are 2 unused configuration paths:
[2024-12-12T08:19:59.597+0000] {subprocess.py:93} INFO - - models.ecommerce.olap_model.dimensions
[2024-12-12T08:19:59.598+0000] {subprocess.py:93} INFO - - models.ecommerce.olap_model.fact
[2024-12-12T08:20:00.265+0000] {subprocess.py:93} INFO - [0m08:20:00  Found 15 models, 1 snapshot, 112 data tests, 12 sources, 430 macros
[2024-12-12T08:20:00.272+0000] {subprocess.py:93} INFO - [0m08:20:00  The selection criterion 'models/staging/stg_order_details' does not match any enabled nodes
[2024-12-12T08:20:00.277+0000] {subprocess.py:93} INFO - [0m08:20:00
[2024-12-12T08:20:00.279+0000] {subprocess.py:93} INFO - [0m08:20:00  Nothing to do. Try checking your model configs and model specification args
[2024-12-12T08:20:01.473+0000] {subprocess.py:97} INFO - Command exited with return code 0
[2024-12-12T08:20:01.475+0000] {taskinstance.py:441} INFO - ::group::Post task execution logs
[2024-12-12T08:20:01.517+0000] {taskinstance.py:1206} INFO - Marking task as SUCCESS. dag_id=dbt_orchestrator, task_id=dbt_run_staging.dbt_run_stg_order_details, run_id=scheduled__2024-12-12T08:00:00+00:00, execution_date=20241212T080000, start_date=20241212T081952, end_date=20241212T082001
[2024-12-12T08:20:01.562+0000] {local_task_job_runner.py:240} INFO - Task exited with return code 0
[2024-12-12T08:20:01.621+0000] {taskinstance.py:3498} INFO - 0 downstream tasks scheduled from follow-on schedule check
[2024-12-12T08:20:01.623+0000] {local_task_job_runner.py:222} INFO - ::endgroup::
