[2024-12-12T08:27:50.142+0000] {local_task_job_runner.py:120} INFO - ::group::Pre task execution logs
[2024-12-12T08:27:50.165+0000] {taskinstance.py:2076} INFO - Dependencies all met for dep_context=non-requeueable deps ti=<TaskInstance: dbt_orchestrator.run_snapshot.dbt_snapshot scheduled__2024-12-12T08:00:00+00:00 [queued]>
[2024-12-12T08:27:50.173+0000] {taskinstance.py:2076} INFO - Dependencies all met for dep_context=requeueable deps ti=<TaskInstance: dbt_orchestrator.run_snapshot.dbt_snapshot scheduled__2024-12-12T08:00:00+00:00 [queued]>
[2024-12-12T08:27:50.173+0000] {taskinstance.py:2306} INFO - Starting attempt 4 of 4
[2024-12-12T08:27:50.185+0000] {taskinstance.py:2330} INFO - Executing <Task(BashOperator): run_snapshot.dbt_snapshot> on 2024-12-12 08:00:00+00:00
[2024-12-12T08:27:50.191+0000] {standard_task_runner.py:63} INFO - Started process 837 to run task
[2024-12-12T08:27:50.193+0000] {standard_task_runner.py:90} INFO - Running: ['***', 'tasks', 'run', 'dbt_orchestrator', 'run_snapshot.dbt_snapshot', 'scheduled__2024-12-12T08:00:00+00:00', '--job-id', '220', '--raw', '--subdir', 'DAGS_FOLDER/pipeline.py', '--cfg-path', '/tmp/tmp3lmgp6jk']
[2024-12-12T08:27:50.194+0000] {standard_task_runner.py:91} INFO - Job 220: Subtask run_snapshot.dbt_snapshot
[2024-12-12T08:27:50.236+0000] {task_command.py:426} INFO - Running <TaskInstance: dbt_orchestrator.run_snapshot.dbt_snapshot scheduled__2024-12-12T08:00:00+00:00 [running]> on host 34fdc836a0bb
[2024-12-12T08:27:50.317+0000] {taskinstance.py:2648} INFO - Exporting env vars: AIRFLOW_CTX_DAG_OWNER='ma7moud' AIRFLOW_CTX_DAG_ID='dbt_orchestrator' AIRFLOW_CTX_TASK_ID='run_snapshot.dbt_snapshot' AIRFLOW_CTX_EXECUTION_DATE='2024-12-12T08:00:00+00:00' AIRFLOW_CTX_TRY_NUMBER='4' AIRFLOW_CTX_DAG_RUN_ID='scheduled__2024-12-12T08:00:00+00:00'
[2024-12-12T08:27:50.318+0000] {taskinstance.py:430} INFO - ::endgroup::
[2024-12-12T08:27:50.330+0000] {subprocess.py:63} INFO - Tmp dir root location: /tmp
[2024-12-12T08:27:50.330+0000] {subprocess.py:75} INFO - Running command: ['/usr/bin/bash', '-c', 'dbt snapshot --profiles-dir /opt/***/dbt --project-dir /opt/***/dbt/ecommerce']
[2024-12-12T08:27:50.342+0000] {subprocess.py:86} INFO - Output:
[2024-12-12T08:27:52.134+0000] {subprocess.py:93} INFO - [0m08:27:52  Running with dbt=1.8.0
[2024-12-12T08:27:52.274+0000] {subprocess.py:93} INFO - [0m08:27:52  [[33mWARNING[0m]: Deprecated functionality
[2024-12-12T08:27:52.274+0000] {subprocess.py:93} INFO - The `tests` config has been renamed to `data_tests`. Please see
[2024-12-12T08:27:52.275+0000] {subprocess.py:93} INFO - https://docs.getdbt.com/docs/build/data-tests#new-data_tests-syntax for more
[2024-12-12T08:27:52.275+0000] {subprocess.py:93} INFO - information.
[2024-12-12T08:27:52.422+0000] {subprocess.py:93} INFO - [0m08:27:52  Registered adapter: postgres=1.8.0
[2024-12-12T08:27:52.801+0000] {subprocess.py:93} INFO - [0m08:27:52  Unable to do partial parsing because of a version mismatch
[2024-12-12T08:27:55.389+0000] {subprocess.py:93} INFO - [0m08:27:55  Found 15 models, 1 snapshot, 112 data tests, 12 sources, 430 macros
[2024-12-12T08:27:55.394+0000] {subprocess.py:93} INFO - [0m08:27:55
[2024-12-12T08:27:55.689+0000] {subprocess.py:93} INFO - [0m08:27:55  Concurrency: 3 threads (target='dev')
[2024-12-12T08:27:55.690+0000] {subprocess.py:93} INFO - [0m08:27:55
[2024-12-12T08:27:55.695+0000] {subprocess.py:93} INFO - [0m08:27:55  1 of 1 START snapshot snapshots.CDC_product .................................... [RUN]
[2024-12-12T08:27:56.022+0000] {subprocess.py:93} INFO - [0m08:27:56  1 of 1 OK snapshotted snapshots.CDC_product .................................... [[32mINSERT 0 0[0m in 0.32s]
[2024-12-12T08:27:56.036+0000] {subprocess.py:93} INFO - [0m08:27:56
[2024-12-12T08:27:56.037+0000] {subprocess.py:93} INFO - [0m08:27:56  Finished running 1 snapshot in 0 hours 0 minutes and 0.64 seconds (0.64s).
[2024-12-12T08:27:56.126+0000] {subprocess.py:93} INFO - [0m08:27:56
[2024-12-12T08:27:56.127+0000] {subprocess.py:93} INFO - [0m08:27:56  [32mCompleted successfully[0m
[2024-12-12T08:27:56.128+0000] {subprocess.py:93} INFO - [0m08:27:56
[2024-12-12T08:27:56.128+0000] {subprocess.py:93} INFO - [0m08:27:56  Done. PASS=1 WARN=0 ERROR=0 SKIP=0 TOTAL=1
[2024-12-12T08:27:56.973+0000] {subprocess.py:97} INFO - Command exited with return code 0
[2024-12-12T08:27:56.974+0000] {taskinstance.py:441} INFO - ::group::Post task execution logs
[2024-12-12T08:27:56.998+0000] {taskinstance.py:1206} INFO - Marking task as SUCCESS. dag_id=dbt_orchestrator, task_id=run_snapshot.dbt_snapshot, run_id=scheduled__2024-12-12T08:00:00+00:00, execution_date=20241212T080000, start_date=20241212T082750, end_date=20241212T082756
[2024-12-12T08:27:57.023+0000] {local_task_job_runner.py:240} INFO - Task exited with return code 0
[2024-12-12T08:27:57.059+0000] {taskinstance.py:3498} INFO - 8 downstream tasks scheduled from follow-on schedule check
[2024-12-12T08:27:57.060+0000] {local_task_job_runner.py:222} INFO - ::endgroup::
