[2024-12-12T08:19:43.297+0000] {local_task_job_runner.py:120} INFO - ::group::Pre task execution logs
[2024-12-12T08:19:43.324+0000] {taskinstance.py:2076} INFO - Dependencies all met for dep_context=non-requeueable deps ti=<TaskInstance: dbt_orchestrator.run_snapshot.dbt_snapshot scheduled__2024-12-12T08:00:00+00:00 [queued]>
[2024-12-12T08:19:43.333+0000] {taskinstance.py:2076} INFO - Dependencies all met for dep_context=requeueable deps ti=<TaskInstance: dbt_orchestrator.run_snapshot.dbt_snapshot scheduled__2024-12-12T08:00:00+00:00 [queued]>
[2024-12-12T08:19:43.334+0000] {taskinstance.py:2306} INFO - Starting attempt 3 of 3
[2024-12-12T08:19:43.347+0000] {taskinstance.py:2330} INFO - Executing <Task(BashOperator): run_snapshot.dbt_snapshot> on 2024-12-12 08:00:00+00:00
[2024-12-12T08:19:43.353+0000] {standard_task_runner.py:63} INFO - Started process 718 to run task
[2024-12-12T08:19:43.357+0000] {standard_task_runner.py:90} INFO - Running: ['***', 'tasks', 'run', 'dbt_orchestrator', 'run_snapshot.dbt_snapshot', 'scheduled__2024-12-12T08:00:00+00:00', '--job-id', '202', '--raw', '--subdir', 'DAGS_FOLDER/pipeline.py', '--cfg-path', '/tmp/tmplubrk63u']
[2024-12-12T08:19:43.358+0000] {standard_task_runner.py:91} INFO - Job 202: Subtask run_snapshot.dbt_snapshot
[2024-12-12T08:19:43.406+0000] {task_command.py:426} INFO - Running <TaskInstance: dbt_orchestrator.run_snapshot.dbt_snapshot scheduled__2024-12-12T08:00:00+00:00 [running]> on host 34fdc836a0bb
[2024-12-12T08:19:43.508+0000] {taskinstance.py:2648} INFO - Exporting env vars: AIRFLOW_CTX_DAG_OWNER='ma7moud' AIRFLOW_CTX_DAG_ID='dbt_orchestrator' AIRFLOW_CTX_TASK_ID='run_snapshot.dbt_snapshot' AIRFLOW_CTX_EXECUTION_DATE='2024-12-12T08:00:00+00:00' AIRFLOW_CTX_TRY_NUMBER='3' AIRFLOW_CTX_DAG_RUN_ID='scheduled__2024-12-12T08:00:00+00:00'
[2024-12-12T08:19:43.510+0000] {taskinstance.py:430} INFO - ::endgroup::
[2024-12-12T08:19:43.524+0000] {subprocess.py:63} INFO - Tmp dir root location: /tmp
[2024-12-12T08:19:43.525+0000] {subprocess.py:75} INFO - Running command: ['/usr/bin/bash', '-c', 'dbt snapshot --profiles-dir /opt/***/dbt --project-dir /opt/***/dbt/ecommerce']
[2024-12-12T08:19:43.538+0000] {subprocess.py:86} INFO - Output:
[2024-12-12T08:19:45.869+0000] {subprocess.py:93} INFO - [0m08:19:45  Running with dbt=1.8.0
[2024-12-12T08:19:46.034+0000] {subprocess.py:93} INFO - [0m08:19:46  [[33mWARNING[0m]: Deprecated functionality
[2024-12-12T08:19:46.034+0000] {subprocess.py:93} INFO - The `tests` config has been renamed to `data_tests`. Please see
[2024-12-12T08:19:46.035+0000] {subprocess.py:93} INFO - https://docs.getdbt.com/docs/build/data-tests#new-data_tests-syntax for more
[2024-12-12T08:19:46.035+0000] {subprocess.py:93} INFO - information.
[2024-12-12T08:19:46.225+0000] {subprocess.py:93} INFO - [0m08:19:46  Registered adapter: postgres=1.8.0
[2024-12-12T08:19:46.652+0000] {subprocess.py:93} INFO - [0m08:19:46  Unable to do partial parsing because of a version mismatch
[2024-12-12T08:19:49.101+0000] {subprocess.py:93} INFO - [0m08:19:49  [[33mWARNING[0m]: Configuration paths exist in your dbt_project.yml file which do not apply to any resources.
[2024-12-12T08:19:49.101+0000] {subprocess.py:93} INFO - There are 2 unused configuration paths:
[2024-12-12T08:19:49.101+0000] {subprocess.py:93} INFO - - models.ecommerce.olap_model.dimensions
[2024-12-12T08:19:49.102+0000] {subprocess.py:93} INFO - - models.ecommerce.olap_model.fact
[2024-12-12T08:19:49.334+0000] {subprocess.py:93} INFO - [0m08:19:49  Found 15 models, 1 snapshot, 112 data tests, 12 sources, 430 macros
[2024-12-12T08:19:49.339+0000] {subprocess.py:93} INFO - [0m08:19:49
[2024-12-12T08:19:49.617+0000] {subprocess.py:93} INFO - [0m08:19:49  Concurrency: 3 threads (target='dev')
[2024-12-12T08:19:49.618+0000] {subprocess.py:93} INFO - [0m08:19:49
[2024-12-12T08:19:49.622+0000] {subprocess.py:93} INFO - [0m08:19:49  1 of 1 START snapshot snapshots.CDC_product .................................... [RUN]
[2024-12-12T08:19:49.927+0000] {subprocess.py:93} INFO - [0m08:19:49  1 of 1 OK snapshotted snapshots.CDC_product .................................... [[32mINSERT 0 0[0m in 0.30s]
[2024-12-12T08:19:49.941+0000] {subprocess.py:93} INFO - [0m08:19:49
[2024-12-12T08:19:49.941+0000] {subprocess.py:93} INFO - [0m08:19:49  Finished running 1 snapshot in 0 hours 0 minutes and 0.60 seconds (0.60s).
[2024-12-12T08:19:50.016+0000] {subprocess.py:93} INFO - [0m08:19:50
[2024-12-12T08:19:50.016+0000] {subprocess.py:93} INFO - [0m08:19:50  [32mCompleted successfully[0m
[2024-12-12T08:19:50.017+0000] {subprocess.py:93} INFO - [0m08:19:50
[2024-12-12T08:19:50.017+0000] {subprocess.py:93} INFO - [0m08:19:50  Done. PASS=1 WARN=0 ERROR=0 SKIP=0 TOTAL=1
[2024-12-12T08:19:51.005+0000] {subprocess.py:97} INFO - Command exited with return code 0
[2024-12-12T08:19:51.006+0000] {taskinstance.py:441} INFO - ::group::Post task execution logs
[2024-12-12T08:19:51.029+0000] {taskinstance.py:1206} INFO - Marking task as SUCCESS. dag_id=dbt_orchestrator, task_id=run_snapshot.dbt_snapshot, run_id=scheduled__2024-12-12T08:00:00+00:00, execution_date=20241212T080000, start_date=20241212T081943, end_date=20241212T081951
[2024-12-12T08:19:51.065+0000] {local_task_job_runner.py:240} INFO - Task exited with return code 0
[2024-12-12T08:19:51.099+0000] {taskinstance.py:3498} INFO - 8 downstream tasks scheduled from follow-on schedule check
[2024-12-12T08:19:51.100+0000] {local_task_job_runner.py:222} INFO - ::endgroup::
