[2024-12-12T08:39:20.268+0000] {local_task_job_runner.py:120} INFO - ::group::Pre task execution logs
[2024-12-12T08:39:20.291+0000] {taskinstance.py:2076} INFO - Dependencies all met for dep_context=non-requeueable deps ti=<TaskInstance: dbt_orchestrator.run_snapshot.dbt_snapshot scheduled__2024-12-12T08:00:00+00:00 [queued]>
[2024-12-12T08:39:20.298+0000] {taskinstance.py:2076} INFO - Dependencies all met for dep_context=requeueable deps ti=<TaskInstance: dbt_orchestrator.run_snapshot.dbt_snapshot scheduled__2024-12-12T08:00:00+00:00 [queued]>
[2024-12-12T08:39:20.298+0000] {taskinstance.py:2306} INFO - Starting attempt 5 of 5
[2024-12-12T08:39:20.310+0000] {taskinstance.py:2330} INFO - Executing <Task(BashOperator): run_snapshot.dbt_snapshot> on 2024-12-12 08:00:00+00:00
[2024-12-12T08:39:20.315+0000] {standard_task_runner.py:63} INFO - Started process 1195 to run task
[2024-12-12T08:39:20.318+0000] {standard_task_runner.py:90} INFO - Running: ['***', 'tasks', 'run', 'dbt_orchestrator', 'run_snapshot.dbt_snapshot', 'scheduled__2024-12-12T08:00:00+00:00', '--job-id', '273', '--raw', '--subdir', 'DAGS_FOLDER/pipeline.py', '--cfg-path', '/tmp/tmpg4f53v3m']
[2024-12-12T08:39:20.319+0000] {standard_task_runner.py:91} INFO - Job 273: Subtask run_snapshot.dbt_snapshot
[2024-12-12T08:39:20.363+0000] {task_command.py:426} INFO - Running <TaskInstance: dbt_orchestrator.run_snapshot.dbt_snapshot scheduled__2024-12-12T08:00:00+00:00 [running]> on host 34fdc836a0bb
[2024-12-12T08:39:20.442+0000] {taskinstance.py:2648} INFO - Exporting env vars: AIRFLOW_CTX_DAG_OWNER='ma7moud' AIRFLOW_CTX_DAG_ID='dbt_orchestrator' AIRFLOW_CTX_TASK_ID='run_snapshot.dbt_snapshot' AIRFLOW_CTX_EXECUTION_DATE='2024-12-12T08:00:00+00:00' AIRFLOW_CTX_TRY_NUMBER='5' AIRFLOW_CTX_DAG_RUN_ID='scheduled__2024-12-12T08:00:00+00:00'
[2024-12-12T08:39:20.443+0000] {taskinstance.py:430} INFO - ::endgroup::
[2024-12-12T08:39:20.454+0000] {subprocess.py:63} INFO - Tmp dir root location: /tmp
[2024-12-12T08:39:20.455+0000] {subprocess.py:75} INFO - Running command: ['/usr/bin/bash', '-c', 'dbt snapshot --profiles-dir /opt/***/dbt --project-dir /opt/***/dbt/ecommerce']
[2024-12-12T08:39:20.466+0000] {subprocess.py:86} INFO - Output:
[2024-12-12T08:39:22.278+0000] {subprocess.py:93} INFO - [0m08:39:22  Running with dbt=1.8.0
[2024-12-12T08:39:22.419+0000] {subprocess.py:93} INFO - [0m08:39:22  [[33mWARNING[0m]: Deprecated functionality
[2024-12-12T08:39:22.420+0000] {subprocess.py:93} INFO - The `tests` config has been renamed to `data_tests`. Please see
[2024-12-12T08:39:22.420+0000] {subprocess.py:93} INFO - https://docs.getdbt.com/docs/build/data-tests#new-data_tests-syntax for more
[2024-12-12T08:39:22.420+0000] {subprocess.py:93} INFO - information.
[2024-12-12T08:39:22.583+0000] {subprocess.py:93} INFO - [0m08:39:22  Registered adapter: postgres=1.8.0
[2024-12-12T08:39:22.985+0000] {subprocess.py:93} INFO - [0m08:39:22  Unable to do partial parsing because of a version mismatch
[2024-12-12T08:39:25.472+0000] {subprocess.py:93} INFO - [0m08:39:25  Found 15 models, 1 snapshot, 112 data tests, 12 sources, 430 macros
[2024-12-12T08:39:25.479+0000] {subprocess.py:93} INFO - [0m08:39:25
[2024-12-12T08:39:25.792+0000] {subprocess.py:93} INFO - [0m08:39:25  Concurrency: 3 threads (target='dev')
[2024-12-12T08:39:25.792+0000] {subprocess.py:93} INFO - [0m08:39:25
[2024-12-12T08:39:25.797+0000] {subprocess.py:93} INFO - [0m08:39:25  1 of 1 START snapshot snapshots.CDC_product .................................... [RUN]
[2024-12-12T08:39:26.096+0000] {subprocess.py:93} INFO - [0m08:39:26  1 of 1 OK snapshotted snapshots.CDC_product .................................... [[32mINSERT 0 0[0m in 0.30s]
[2024-12-12T08:39:26.109+0000] {subprocess.py:93} INFO - [0m08:39:26
[2024-12-12T08:39:26.110+0000] {subprocess.py:93} INFO - [0m08:39:26  Finished running 1 snapshot in 0 hours 0 minutes and 0.63 seconds (0.63s).
[2024-12-12T08:39:26.187+0000] {subprocess.py:93} INFO - [0m08:39:26
[2024-12-12T08:39:26.188+0000] {subprocess.py:93} INFO - [0m08:39:26  [32mCompleted successfully[0m
[2024-12-12T08:39:26.189+0000] {subprocess.py:93} INFO - [0m08:39:26
[2024-12-12T08:39:26.189+0000] {subprocess.py:93} INFO - [0m08:39:26  Done. PASS=1 WARN=0 ERROR=0 SKIP=0 TOTAL=1
[2024-12-12T08:39:27.172+0000] {subprocess.py:97} INFO - Command exited with return code 0
[2024-12-12T08:39:27.173+0000] {taskinstance.py:441} INFO - ::group::Post task execution logs
[2024-12-12T08:39:27.197+0000] {taskinstance.py:1206} INFO - Marking task as SUCCESS. dag_id=dbt_orchestrator, task_id=run_snapshot.dbt_snapshot, run_id=scheduled__2024-12-12T08:00:00+00:00, execution_date=20241212T080000, start_date=20241212T083920, end_date=20241212T083927
[2024-12-12T08:39:27.222+0000] {local_task_job_runner.py:240} INFO - Task exited with return code 0
[2024-12-12T08:39:27.258+0000] {taskinstance.py:3498} INFO - 8 downstream tasks scheduled from follow-on schedule check
[2024-12-12T08:39:27.260+0000] {local_task_job_runner.py:222} INFO - ::endgroup::
