[2024-12-12T08:18:26.025+0000] {local_task_job_runner.py:120} INFO - ::group::Pre task execution logs
[2024-12-12T08:18:26.047+0000] {taskinstance.py:2076} INFO - Dependencies all met for dep_context=non-requeueable deps ti=<TaskInstance: dbt_orchestrator.run_snapshot.dbt_snapshot scheduled__2024-12-12T08:00:00+00:00 [queued]>
[2024-12-12T08:18:26.055+0000] {taskinstance.py:2076} INFO - Dependencies all met for dep_context=requeueable deps ti=<TaskInstance: dbt_orchestrator.run_snapshot.dbt_snapshot scheduled__2024-12-12T08:00:00+00:00 [queued]>
[2024-12-12T08:18:26.056+0000] {taskinstance.py:2306} INFO - Starting attempt 2 of 2
[2024-12-12T08:18:26.066+0000] {taskinstance.py:2330} INFO - Executing <Task(BashOperator): run_snapshot.dbt_snapshot> on 2024-12-12 08:00:00+00:00
[2024-12-12T08:18:26.072+0000] {standard_task_runner.py:63} INFO - Started process 541 to run task
[2024-12-12T08:18:26.075+0000] {standard_task_runner.py:90} INFO - Running: ['***', 'tasks', 'run', 'dbt_orchestrator', 'run_snapshot.dbt_snapshot', 'scheduled__2024-12-12T08:00:00+00:00', '--job-id', '185', '--raw', '--subdir', 'DAGS_FOLDER/pipeline.py', '--cfg-path', '/tmp/tmpq7oczdcl']
[2024-12-12T08:18:26.076+0000] {standard_task_runner.py:91} INFO - Job 185: Subtask run_snapshot.dbt_snapshot
[2024-12-12T08:18:26.116+0000] {task_command.py:426} INFO - Running <TaskInstance: dbt_orchestrator.run_snapshot.dbt_snapshot scheduled__2024-12-12T08:00:00+00:00 [running]> on host 34fdc836a0bb
[2024-12-12T08:18:26.196+0000] {taskinstance.py:2648} INFO - Exporting env vars: AIRFLOW_CTX_DAG_OWNER='ma7moud' AIRFLOW_CTX_DAG_ID='dbt_orchestrator' AIRFLOW_CTX_TASK_ID='run_snapshot.dbt_snapshot' AIRFLOW_CTX_EXECUTION_DATE='2024-12-12T08:00:00+00:00' AIRFLOW_CTX_TRY_NUMBER='2' AIRFLOW_CTX_DAG_RUN_ID='scheduled__2024-12-12T08:00:00+00:00'
[2024-12-12T08:18:26.197+0000] {taskinstance.py:430} INFO - ::endgroup::
[2024-12-12T08:18:26.208+0000] {subprocess.py:63} INFO - Tmp dir root location: /tmp
[2024-12-12T08:18:26.209+0000] {subprocess.py:75} INFO - Running command: ['/usr/bin/bash', '-c', 'dbt snapshot --profiles-dir /opt/***/dbt --project-dir /opt/***/dbt/ecommerce']
[2024-12-12T08:18:26.221+0000] {subprocess.py:86} INFO - Output:
[2024-12-12T08:18:27.987+0000] {subprocess.py:93} INFO - [0m08:18:27  Running with dbt=1.8.0
[2024-12-12T08:18:28.129+0000] {subprocess.py:93} INFO - [0m08:18:28  [[33mWARNING[0m]: Deprecated functionality
[2024-12-12T08:18:28.129+0000] {subprocess.py:93} INFO - The `tests` config has been renamed to `data_tests`. Please see
[2024-12-12T08:18:28.129+0000] {subprocess.py:93} INFO - https://docs.getdbt.com/docs/build/data-tests#new-data_tests-syntax for more
[2024-12-12T08:18:28.130+0000] {subprocess.py:93} INFO - information.
[2024-12-12T08:18:28.276+0000] {subprocess.py:93} INFO - [0m08:18:28  Registered adapter: postgres=1.8.0
[2024-12-12T08:18:28.663+0000] {subprocess.py:93} INFO - [0m08:18:28  Unable to do partial parsing because of a version mismatch
[2024-12-12T08:18:30.880+0000] {subprocess.py:93} INFO - [0m08:18:30  [[33mWARNING[0m]: Configuration paths exist in your dbt_project.yml file which do not apply to any resources.
[2024-12-12T08:18:30.880+0000] {subprocess.py:93} INFO - There are 2 unused configuration paths:
[2024-12-12T08:18:30.881+0000] {subprocess.py:93} INFO - - models.ecommerce.fact
[2024-12-12T08:18:30.881+0000] {subprocess.py:93} INFO - - models.ecommerce.dimensions
[2024-12-12T08:18:31.125+0000] {subprocess.py:93} INFO - [0m08:18:31  Found 15 models, 1 snapshot, 112 data tests, 12 sources, 430 macros
[2024-12-12T08:18:31.130+0000] {subprocess.py:93} INFO - [0m08:18:31
[2024-12-12T08:18:31.396+0000] {subprocess.py:93} INFO - [0m08:18:31  Concurrency: 3 threads (target='dev')
[2024-12-12T08:18:31.397+0000] {subprocess.py:93} INFO - [0m08:18:31
[2024-12-12T08:18:31.402+0000] {subprocess.py:93} INFO - [0m08:18:31  1 of 1 START snapshot snapshots.CDC_product .................................... [RUN]
[2024-12-12T08:18:31.816+0000] {subprocess.py:93} INFO - [0m08:18:31  1 of 1 OK snapshotted snapshots.CDC_product .................................... [[32mINSERT 0 0[0m in 0.41s]
[2024-12-12T08:18:31.833+0000] {subprocess.py:93} INFO - [0m08:18:31
[2024-12-12T08:18:31.834+0000] {subprocess.py:93} INFO - [0m08:18:31  Finished running 1 snapshot in 0 hours 0 minutes and 0.70 seconds (0.70s).
[2024-12-12T08:18:31.915+0000] {subprocess.py:93} INFO - [0m08:18:31
[2024-12-12T08:18:31.915+0000] {subprocess.py:93} INFO - [0m08:18:31  [32mCompleted successfully[0m
[2024-12-12T08:18:31.916+0000] {subprocess.py:93} INFO - [0m08:18:31
[2024-12-12T08:18:31.917+0000] {subprocess.py:93} INFO - [0m08:18:31  Done. PASS=1 WARN=0 ERROR=0 SKIP=0 TOTAL=1
[2024-12-12T08:18:33.124+0000] {subprocess.py:97} INFO - Command exited with return code 0
[2024-12-12T08:18:33.124+0000] {taskinstance.py:441} INFO - ::group::Post task execution logs
[2024-12-12T08:18:33.160+0000] {taskinstance.py:1206} INFO - Marking task as SUCCESS. dag_id=dbt_orchestrator, task_id=run_snapshot.dbt_snapshot, run_id=scheduled__2024-12-12T08:00:00+00:00, execution_date=20241212T080000, start_date=20241212T081826, end_date=20241212T081833
[2024-12-12T08:18:33.218+0000] {local_task_job_runner.py:240} INFO - Task exited with return code 0
[2024-12-12T08:18:33.266+0000] {taskinstance.py:3498} INFO - 8 downstream tasks scheduled from follow-on schedule check
[2024-12-12T08:18:33.270+0000] {local_task_job_runner.py:222} INFO - ::endgroup::
