[2024-12-12T09:10:06.260+0000] {local_task_job_runner.py:120} INFO - ::group::Pre task execution logs
[2024-12-12T09:10:06.317+0000] {taskinstance.py:2076} INFO - Dependencies all met for dep_context=non-requeueable deps ti=<TaskInstance: dbt_orchestrator.dbt_run_staging.dbt_run_stg_order scheduled__2024-12-12T08:45:00+00:00 [queued]>
[2024-12-12T09:10:06.341+0000] {taskinstance.py:2076} INFO - Dependencies all met for dep_context=requeueable deps ti=<TaskInstance: dbt_orchestrator.dbt_run_staging.dbt_run_stg_order scheduled__2024-12-12T08:45:00+00:00 [queued]>
[2024-12-12T09:10:06.342+0000] {taskinstance.py:2306} INFO - Starting attempt 3 of 3
[2024-12-12T09:10:06.372+0000] {taskinstance.py:2330} INFO - Executing <Task(BashOperator): dbt_run_staging.dbt_run_stg_order> on 2024-12-12 08:45:00+00:00
[2024-12-12T09:10:06.385+0000] {standard_task_runner.py:63} INFO - Started process 2878 to run task
[2024-12-12T09:10:06.390+0000] {standard_task_runner.py:90} INFO - Running: ['***', 'tasks', 'run', 'dbt_orchestrator', 'dbt_run_staging.dbt_run_stg_order', 'scheduled__2024-12-12T08:45:00+00:00', '--job-id', '413', '--raw', '--subdir', 'DAGS_FOLDER/pipeline.py', '--cfg-path', '/tmp/tmpvo57vbo4']
[2024-12-12T09:10:06.392+0000] {standard_task_runner.py:91} INFO - Job 413: Subtask dbt_run_staging.dbt_run_stg_order
[2024-12-12T09:10:06.550+0000] {task_command.py:426} INFO - Running <TaskInstance: dbt_orchestrator.dbt_run_staging.dbt_run_stg_order scheduled__2024-12-12T08:45:00+00:00 [running]> on host 34fdc836a0bb
[2024-12-12T09:10:06.761+0000] {taskinstance.py:2648} INFO - Exporting env vars: AIRFLOW_CTX_DAG_OWNER='ma7moud' AIRFLOW_CTX_DAG_ID='dbt_orchestrator' AIRFLOW_CTX_TASK_ID='dbt_run_staging.dbt_run_stg_order' AIRFLOW_CTX_EXECUTION_DATE='2024-12-12T08:45:00+00:00' AIRFLOW_CTX_TRY_NUMBER='3' AIRFLOW_CTX_DAG_RUN_ID='scheduled__2024-12-12T08:45:00+00:00'
[2024-12-12T09:10:06.763+0000] {taskinstance.py:430} INFO - ::endgroup::
[2024-12-12T09:10:06.791+0000] {subprocess.py:63} INFO - Tmp dir root location: /tmp
[2024-12-12T09:10:06.792+0000] {subprocess.py:75} INFO - Running command: ['/usr/bin/bash', '-c', 'dbt run --profiles-dir /opt/***/dbt --project-dir /opt/***/dbt/ecommerce --models stg_order']
[2024-12-12T09:10:06.819+0000] {subprocess.py:86} INFO - Output:
[2024-12-12T09:10:12.400+0000] {subprocess.py:93} INFO - [0m09:10:12  Running with dbt=1.8.0
[2024-12-12T09:10:12.801+0000] {subprocess.py:93} INFO - [0m09:10:12  [[33mWARNING[0m]: Deprecated functionality
[2024-12-12T09:10:12.801+0000] {subprocess.py:93} INFO - The `tests` config has been renamed to `data_tests`. Please see
[2024-12-12T09:10:12.802+0000] {subprocess.py:93} INFO - https://docs.getdbt.com/docs/build/data-tests#new-data_tests-syntax for more
[2024-12-12T09:10:12.802+0000] {subprocess.py:93} INFO - information.
[2024-12-12T09:10:13.441+0000] {subprocess.py:93} INFO - [0m09:10:13  Registered adapter: postgres=1.8.0
[2024-12-12T09:10:16.691+0000] {subprocess.py:93} INFO - [0m09:10:16  Found 15 models, 1 snapshot, 112 data tests, 12 sources, 430 macros
[2024-12-12T09:10:16.706+0000] {subprocess.py:93} INFO - [0m09:10:16
[2024-12-12T09:10:17.573+0000] {subprocess.py:93} INFO - [0m09:10:17  Concurrency: 3 threads (target='dev')
[2024-12-12T09:10:17.585+0000] {subprocess.py:93} INFO - [0m09:10:17
[2024-12-12T09:10:17.619+0000] {subprocess.py:93} INFO - [0m09:10:17  1 of 1 START sql incremental model olap_model_staging_tables.stg_order ......... [RUN]
[2024-12-12T09:10:18.093+0000] {subprocess.py:93} INFO - [0m09:10:18  1 of 1 OK created sql incremental model olap_model_staging_tables.stg_order .... [[32mSELECT 622[0m in 0.46s]
[2024-12-12T09:10:18.128+0000] {subprocess.py:93} INFO - [0m09:10:18
[2024-12-12T09:10:18.135+0000] {subprocess.py:93} INFO - [0m09:10:18  Finished running 1 incremental model in 0 hours 0 minutes and 1.41 seconds (1.41s).
[2024-12-12T09:10:18.352+0000] {subprocess.py:93} INFO - [0m09:10:18
[2024-12-12T09:10:18.356+0000] {subprocess.py:93} INFO - [0m09:10:18  [32mCompleted successfully[0m
[2024-12-12T09:10:18.357+0000] {subprocess.py:93} INFO - [0m09:10:18
[2024-12-12T09:10:18.359+0000] {subprocess.py:93} INFO - [0m09:10:18  Done. PASS=1 WARN=0 ERROR=0 SKIP=0 TOTAL=1
[2024-12-12T09:10:19.600+0000] {subprocess.py:97} INFO - Command exited with return code 0
[2024-12-12T09:10:19.601+0000] {taskinstance.py:441} INFO - ::group::Post task execution logs
[2024-12-12T09:10:19.641+0000] {taskinstance.py:1206} INFO - Marking task as SUCCESS. dag_id=dbt_orchestrator, task_id=dbt_run_staging.dbt_run_stg_order, run_id=scheduled__2024-12-12T08:45:00+00:00, execution_date=20241212T084500, start_date=20241212T091006, end_date=20241212T091019
[2024-12-12T09:10:19.716+0000] {local_task_job_runner.py:240} INFO - Task exited with return code 0
[2024-12-12T09:10:19.760+0000] {taskinstance.py:3498} INFO - 0 downstream tasks scheduled from follow-on schedule check
[2024-12-12T09:10:19.763+0000] {local_task_job_runner.py:222} INFO - ::endgroup::
