[2024-12-12T09:00:14.637+0000] {local_task_job_runner.py:120} INFO - ::group::Pre task execution logs
[2024-12-12T09:00:14.706+0000] {taskinstance.py:2076} INFO - Dependencies all met for dep_context=non-requeueable deps ti=<TaskInstance: dbt_orchestrator.dbt_run_staging.dbt_run_stg_order scheduled__2024-12-12T08:45:00+00:00 [queued]>
[2024-12-12T09:00:14.748+0000] {taskinstance.py:2076} INFO - Dependencies all met for dep_context=requeueable deps ti=<TaskInstance: dbt_orchestrator.dbt_run_staging.dbt_run_stg_order scheduled__2024-12-12T08:45:00+00:00 [queued]>
[2024-12-12T09:00:14.748+0000] {taskinstance.py:2306} INFO - Starting attempt 1 of 1
[2024-12-12T09:00:14.798+0000] {taskinstance.py:2330} INFO - Executing <Task(BashOperator): dbt_run_staging.dbt_run_stg_order> on 2024-12-12 08:45:00+00:00
[2024-12-12T09:00:14.811+0000] {standard_task_runner.py:63} INFO - Started process 2336 to run task
[2024-12-12T09:00:14.817+0000] {standard_task_runner.py:90} INFO - Running: ['***', 'tasks', 'run', 'dbt_orchestrator', 'dbt_run_staging.dbt_run_stg_order', 'scheduled__2024-12-12T08:45:00+00:00', '--job-id', '375', '--raw', '--subdir', 'DAGS_FOLDER/pipeline.py', '--cfg-path', '/tmp/tmp02ofepu8']
[2024-12-12T09:00:14.820+0000] {standard_task_runner.py:91} INFO - Job 375: Subtask dbt_run_staging.dbt_run_stg_order
[2024-12-12T09:00:14.950+0000] {task_command.py:426} INFO - Running <TaskInstance: dbt_orchestrator.dbt_run_staging.dbt_run_stg_order scheduled__2024-12-12T08:45:00+00:00 [running]> on host 34fdc836a0bb
[2024-12-12T09:00:15.312+0000] {taskinstance.py:2648} INFO - Exporting env vars: AIRFLOW_CTX_DAG_OWNER='ma7moud' AIRFLOW_CTX_DAG_ID='dbt_orchestrator' AIRFLOW_CTX_TASK_ID='dbt_run_staging.dbt_run_stg_order' AIRFLOW_CTX_EXECUTION_DATE='2024-12-12T08:45:00+00:00' AIRFLOW_CTX_TRY_NUMBER='1' AIRFLOW_CTX_DAG_RUN_ID='scheduled__2024-12-12T08:45:00+00:00'
[2024-12-12T09:00:15.315+0000] {taskinstance.py:430} INFO - ::endgroup::
[2024-12-12T09:00:15.400+0000] {subprocess.py:63} INFO - Tmp dir root location: /tmp
[2024-12-12T09:00:15.401+0000] {subprocess.py:75} INFO - Running command: ['/usr/bin/bash', '-c', 'dbt run --profiles-dir /opt/***/dbt --project-dir /opt/***/dbt/ecommerce --models stg_order']
[2024-12-12T09:00:15.442+0000] {subprocess.py:86} INFO - Output:
[2024-12-12T09:00:21.926+0000] {subprocess.py:93} INFO - [0m09:00:21  Running with dbt=1.8.0
[2024-12-12T09:00:22.338+0000] {subprocess.py:93} INFO - [0m09:00:22  [[33mWARNING[0m]: Deprecated functionality
[2024-12-12T09:00:22.339+0000] {subprocess.py:93} INFO - The `tests` config has been renamed to `data_tests`. Please see
[2024-12-12T09:00:22.339+0000] {subprocess.py:93} INFO - https://docs.getdbt.com/docs/build/data-tests#new-data_tests-syntax for more
[2024-12-12T09:00:22.340+0000] {subprocess.py:93} INFO - information.
[2024-12-12T09:00:22.820+0000] {subprocess.py:93} INFO - [0m09:00:22  Registered adapter: postgres=1.8.0
[2024-12-12T09:00:25.498+0000] {subprocess.py:93} INFO - [0m09:00:25  Found 15 models, 1 snapshot, 112 data tests, 12 sources, 430 macros
[2024-12-12T09:00:25.512+0000] {subprocess.py:93} INFO - [0m09:00:25
[2024-12-12T09:00:26.517+0000] {subprocess.py:93} INFO - [0m09:00:26  Concurrency: 3 threads (target='dev')
[2024-12-12T09:00:26.522+0000] {subprocess.py:93} INFO - [0m09:00:26
[2024-12-12T09:00:26.530+0000] {subprocess.py:93} INFO - [0m09:00:26  1 of 1 START sql incremental model oltp_staging_tables.stg_order ............... [RUN]
[2024-12-12T09:00:27.205+0000] {subprocess.py:93} INFO - [0m09:00:27  1 of 1 OK created sql incremental model oltp_staging_tables.stg_order .......... [[32mINSERT 0 622[0m in 0.66s]
[2024-12-12T09:00:27.255+0000] {subprocess.py:93} INFO - [0m09:00:27
[2024-12-12T09:00:27.263+0000] {subprocess.py:93} INFO - [0m09:00:27  Finished running 1 incremental model in 0 hours 0 minutes and 1.74 seconds (1.74s).
[2024-12-12T09:00:27.524+0000] {subprocess.py:93} INFO - [0m09:00:27
[2024-12-12T09:00:27.529+0000] {subprocess.py:93} INFO - [0m09:00:27  [32mCompleted successfully[0m
[2024-12-12T09:00:27.533+0000] {subprocess.py:93} INFO - [0m09:00:27
[2024-12-12T09:00:27.534+0000] {subprocess.py:93} INFO - [0m09:00:27  Done. PASS=1 WARN=0 ERROR=0 SKIP=0 TOTAL=1
[2024-12-12T09:00:28.844+0000] {subprocess.py:97} INFO - Command exited with return code 0
[2024-12-12T09:00:28.845+0000] {taskinstance.py:441} INFO - ::group::Post task execution logs
[2024-12-12T09:00:28.876+0000] {taskinstance.py:1206} INFO - Marking task as SUCCESS. dag_id=dbt_orchestrator, task_id=dbt_run_staging.dbt_run_stg_order, run_id=scheduled__2024-12-12T08:45:00+00:00, execution_date=20241212T084500, start_date=20241212T090014, end_date=20241212T090028
[2024-12-12T09:00:28.900+0000] {local_task_job_runner.py:240} INFO - Task exited with return code 0
[2024-12-12T09:00:28.934+0000] {taskinstance.py:3498} INFO - 0 downstream tasks scheduled from follow-on schedule check
[2024-12-12T09:00:28.935+0000] {local_task_job_runner.py:222} INFO - ::endgroup::
