[2024-12-12T09:00:14.731+0000] {local_task_job_runner.py:120} INFO - ::group::Pre task execution logs
[2024-12-12T09:00:14.825+0000] {taskinstance.py:2076} INFO - Dependencies all met for dep_context=non-requeueable deps ti=<TaskInstance: dbt_orchestrator.dbt_run_staging.dbt_run_stg_product scheduled__2024-12-12T08:45:00+00:00 [queued]>
[2024-12-12T09:00:14.848+0000] {taskinstance.py:2076} INFO - Dependencies all met for dep_context=requeueable deps ti=<TaskInstance: dbt_orchestrator.dbt_run_staging.dbt_run_stg_product scheduled__2024-12-12T08:45:00+00:00 [queued]>
[2024-12-12T09:00:14.849+0000] {taskinstance.py:2306} INFO - Starting attempt 1 of 1
[2024-12-12T09:00:14.890+0000] {taskinstance.py:2330} INFO - Executing <Task(BashOperator): dbt_run_staging.dbt_run_stg_product> on 2024-12-12 08:45:00+00:00
[2024-12-12T09:00:14.906+0000] {standard_task_runner.py:63} INFO - Started process 2339 to run task
[2024-12-12T09:00:14.911+0000] {standard_task_runner.py:90} INFO - Running: ['***', 'tasks', 'run', 'dbt_orchestrator', 'dbt_run_staging.dbt_run_stg_product', 'scheduled__2024-12-12T08:45:00+00:00', '--job-id', '378', '--raw', '--subdir', 'DAGS_FOLDER/pipeline.py', '--cfg-path', '/tmp/tmpdfpdekpo']
[2024-12-12T09:00:14.914+0000] {standard_task_runner.py:91} INFO - Job 378: Subtask dbt_run_staging.dbt_run_stg_product
[2024-12-12T09:00:15.058+0000] {task_command.py:426} INFO - Running <TaskInstance: dbt_orchestrator.dbt_run_staging.dbt_run_stg_product scheduled__2024-12-12T08:45:00+00:00 [running]> on host 34fdc836a0bb
[2024-12-12T09:00:15.349+0000] {taskinstance.py:2648} INFO - Exporting env vars: AIRFLOW_CTX_DAG_OWNER='ma7moud' AIRFLOW_CTX_DAG_ID='dbt_orchestrator' AIRFLOW_CTX_TASK_ID='dbt_run_staging.dbt_run_stg_product' AIRFLOW_CTX_EXECUTION_DATE='2024-12-12T08:45:00+00:00' AIRFLOW_CTX_TRY_NUMBER='1' AIRFLOW_CTX_DAG_RUN_ID='scheduled__2024-12-12T08:45:00+00:00'
[2024-12-12T09:00:15.357+0000] {taskinstance.py:430} INFO - ::endgroup::
[2024-12-12T09:00:15.410+0000] {subprocess.py:63} INFO - Tmp dir root location: /tmp
[2024-12-12T09:00:15.411+0000] {subprocess.py:75} INFO - Running command: ['/usr/bin/bash', '-c', 'dbt run --profiles-dir /opt/***/dbt --project-dir /opt/***/dbt/ecommerce --models stg_product']
[2024-12-12T09:00:15.432+0000] {subprocess.py:86} INFO - Output:
[2024-12-12T09:00:22.469+0000] {subprocess.py:93} INFO - [0m09:00:22  Running with dbt=1.8.0
[2024-12-12T09:00:23.203+0000] {subprocess.py:93} INFO - [0m09:00:23  [[33mWARNING[0m]: Deprecated functionality
[2024-12-12T09:00:23.203+0000] {subprocess.py:93} INFO - The `tests` config has been renamed to `data_tests`. Please see
[2024-12-12T09:00:23.207+0000] {subprocess.py:93} INFO - https://docs.getdbt.com/docs/build/data-tests#new-data_tests-syntax for more
[2024-12-12T09:00:23.208+0000] {subprocess.py:93} INFO - information.
[2024-12-12T09:00:23.844+0000] {subprocess.py:93} INFO - [0m09:00:23  Registered adapter: postgres=1.8.0
[2024-12-12T09:00:26.302+0000] {subprocess.py:93} INFO - [0m09:00:26  Found 15 models, 1 snapshot, 112 data tests, 12 sources, 430 macros
[2024-12-12T09:00:26.314+0000] {subprocess.py:93} INFO - [0m09:00:26
[2024-12-12T09:00:27.336+0000] {subprocess.py:93} INFO - [0m09:00:27  Concurrency: 3 threads (target='dev')
[2024-12-12T09:00:27.337+0000] {subprocess.py:93} INFO - [0m09:00:27
[2024-12-12T09:00:27.345+0000] {subprocess.py:93} INFO - [0m09:00:27  1 of 1 START sql incremental model oltp_staging_tables.stg_product ............. [RUN]
[2024-12-12T09:00:28.028+0000] {subprocess.py:93} INFO - [0m09:00:28  1 of 1 OK created sql incremental model oltp_staging_tables.stg_product ........ [[32mINSERT 0 0[0m in 0.67s]
[2024-12-12T09:00:28.077+0000] {subprocess.py:93} INFO - [0m09:00:28
[2024-12-12T09:00:28.077+0000] {subprocess.py:93} INFO - [0m09:00:28  Finished running 1 incremental model in 0 hours 0 minutes and 1.76 seconds (1.76s).
[2024-12-12T09:00:28.272+0000] {subprocess.py:93} INFO - [0m09:00:28
[2024-12-12T09:00:28.276+0000] {subprocess.py:93} INFO - [0m09:00:28  [32mCompleted successfully[0m
[2024-12-12T09:00:28.277+0000] {subprocess.py:93} INFO - [0m09:00:28
[2024-12-12T09:00:28.277+0000] {subprocess.py:93} INFO - [0m09:00:28  Done. PASS=1 WARN=0 ERROR=0 SKIP=0 TOTAL=1
[2024-12-12T09:00:29.564+0000] {subprocess.py:97} INFO - Command exited with return code 0
[2024-12-12T09:00:29.567+0000] {taskinstance.py:441} INFO - ::group::Post task execution logs
[2024-12-12T09:00:29.627+0000] {taskinstance.py:1206} INFO - Marking task as SUCCESS. dag_id=dbt_orchestrator, task_id=dbt_run_staging.dbt_run_stg_product, run_id=scheduled__2024-12-12T08:45:00+00:00, execution_date=20241212T084500, start_date=20241212T090014, end_date=20241212T090029
[2024-12-12T09:00:29.705+0000] {local_task_job_runner.py:240} INFO - Task exited with return code 0
[2024-12-12T09:00:29.721+0000] {local_task_job_runner.py:222} INFO - ::endgroup::
