[2024-12-12T09:10:06.298+0000] {local_task_job_runner.py:120} INFO - ::group::Pre task execution logs
[2024-12-12T09:10:06.378+0000] {taskinstance.py:2076} INFO - Dependencies all met for dep_context=non-requeueable deps ti=<TaskInstance: dbt_orchestrator.dbt_run_staging.dbt_run_stg_product scheduled__2024-12-12T08:45:00+00:00 [queued]>
[2024-12-12T09:10:06.408+0000] {taskinstance.py:2076} INFO - Dependencies all met for dep_context=requeueable deps ti=<TaskInstance: dbt_orchestrator.dbt_run_staging.dbt_run_stg_product scheduled__2024-12-12T08:45:00+00:00 [queued]>
[2024-12-12T09:10:06.409+0000] {taskinstance.py:2306} INFO - Starting attempt 3 of 3
[2024-12-12T09:10:06.468+0000] {taskinstance.py:2330} INFO - Executing <Task(BashOperator): dbt_run_staging.dbt_run_stg_product> on 2024-12-12 08:45:00+00:00
[2024-12-12T09:10:06.477+0000] {standard_task_runner.py:63} INFO - Started process 2883 to run task
[2024-12-12T09:10:06.488+0000] {standard_task_runner.py:90} INFO - Running: ['***', 'tasks', 'run', 'dbt_orchestrator', 'dbt_run_staging.dbt_run_stg_product', 'scheduled__2024-12-12T08:45:00+00:00', '--job-id', '416', '--raw', '--subdir', 'DAGS_FOLDER/pipeline.py', '--cfg-path', '/tmp/tmp8o4ae3kd']
[2024-12-12T09:10:06.492+0000] {standard_task_runner.py:91} INFO - Job 416: Subtask dbt_run_staging.dbt_run_stg_product
[2024-12-12T09:10:06.624+0000] {task_command.py:426} INFO - Running <TaskInstance: dbt_orchestrator.dbt_run_staging.dbt_run_stg_product scheduled__2024-12-12T08:45:00+00:00 [running]> on host 34fdc836a0bb
[2024-12-12T09:10:06.858+0000] {taskinstance.py:2648} INFO - Exporting env vars: AIRFLOW_CTX_DAG_OWNER='ma7moud' AIRFLOW_CTX_DAG_ID='dbt_orchestrator' AIRFLOW_CTX_TASK_ID='dbt_run_staging.dbt_run_stg_product' AIRFLOW_CTX_EXECUTION_DATE='2024-12-12T08:45:00+00:00' AIRFLOW_CTX_TRY_NUMBER='3' AIRFLOW_CTX_DAG_RUN_ID='scheduled__2024-12-12T08:45:00+00:00'
[2024-12-12T09:10:06.859+0000] {taskinstance.py:430} INFO - ::endgroup::
[2024-12-12T09:10:06.904+0000] {subprocess.py:63} INFO - Tmp dir root location: /tmp
[2024-12-12T09:10:06.906+0000] {subprocess.py:75} INFO - Running command: ['/usr/bin/bash', '-c', 'dbt run --profiles-dir /opt/***/dbt --project-dir /opt/***/dbt/ecommerce --models stg_product']
[2024-12-12T09:10:06.941+0000] {subprocess.py:86} INFO - Output:
[2024-12-12T09:10:13.592+0000] {subprocess.py:93} INFO - [0m09:10:13  Running with dbt=1.8.0
[2024-12-12T09:10:14.158+0000] {subprocess.py:93} INFO - [0m09:10:14  [[33mWARNING[0m]: Deprecated functionality
[2024-12-12T09:10:14.159+0000] {subprocess.py:93} INFO - The `tests` config has been renamed to `data_tests`. Please see
[2024-12-12T09:10:14.164+0000] {subprocess.py:93} INFO - https://docs.getdbt.com/docs/build/data-tests#new-data_tests-syntax for more
[2024-12-12T09:10:14.164+0000] {subprocess.py:93} INFO - information.
[2024-12-12T09:10:14.901+0000] {subprocess.py:93} INFO - [0m09:10:14  Registered adapter: postgres=1.8.0
[2024-12-12T09:10:18.081+0000] {subprocess.py:93} INFO - [0m09:10:18  Found 15 models, 1 snapshot, 112 data tests, 12 sources, 430 macros
[2024-12-12T09:10:18.092+0000] {subprocess.py:93} INFO - [0m09:10:18
[2024-12-12T09:10:18.540+0000] {subprocess.py:93} INFO - [0m09:10:18  Concurrency: 3 threads (target='dev')
[2024-12-12T09:10:18.544+0000] {subprocess.py:93} INFO - [0m09:10:18
[2024-12-12T09:10:18.565+0000] {subprocess.py:93} INFO - [0m09:10:18  1 of 1 START sql incremental model olap_model_staging_tables.stg_product ....... [RUN]
[2024-12-12T09:10:18.825+0000] {subprocess.py:93} INFO - [0m09:10:18  1 of 1 OK created sql incremental model olap_model_staging_tables.stg_product .. [[32mSELECT 100[0m in 0.25s]
[2024-12-12T09:10:18.846+0000] {subprocess.py:93} INFO - [0m09:10:18
[2024-12-12T09:10:18.847+0000] {subprocess.py:93} INFO - [0m09:10:18  Finished running 1 incremental model in 0 hours 0 minutes and 0.75 seconds (0.75s).
[2024-12-12T09:10:18.961+0000] {subprocess.py:93} INFO - [0m09:10:18
[2024-12-12T09:10:18.962+0000] {subprocess.py:93} INFO - [0m09:10:18  [32mCompleted successfully[0m
[2024-12-12T09:10:18.964+0000] {subprocess.py:93} INFO - [0m09:10:18
[2024-12-12T09:10:18.965+0000] {subprocess.py:93} INFO - [0m09:10:18  Done. PASS=1 WARN=0 ERROR=0 SKIP=0 TOTAL=1
[2024-12-12T09:10:20.046+0000] {subprocess.py:97} INFO - Command exited with return code 0
[2024-12-12T09:10:20.046+0000] {taskinstance.py:441} INFO - ::group::Post task execution logs
[2024-12-12T09:10:20.072+0000] {taskinstance.py:1206} INFO - Marking task as SUCCESS. dag_id=dbt_orchestrator, task_id=dbt_run_staging.dbt_run_stg_product, run_id=scheduled__2024-12-12T08:45:00+00:00, execution_date=20241212T084500, start_date=20241212T091006, end_date=20241212T091020
[2024-12-12T09:10:20.129+0000] {local_task_job_runner.py:240} INFO - Task exited with return code 0
[2024-12-12T09:10:20.184+0000] {taskinstance.py:3498} INFO - 6 downstream tasks scheduled from follow-on schedule check
[2024-12-12T09:10:20.186+0000] {local_task_job_runner.py:222} INFO - ::endgroup::
