[2024-12-12T08:30:13.768+0000] {local_task_job_runner.py:120} INFO - ::group::Pre task execution logs
[2024-12-12T08:30:13.814+0000] {taskinstance.py:2076} INFO - Dependencies all met for dep_context=non-requeueable deps ti=<TaskInstance: dbt_orchestrator.dbt_run_staging.dbt_run_stg_product scheduled__2024-12-12T08:15:00+00:00 [queued]>
[2024-12-12T08:30:13.830+0000] {taskinstance.py:2076} INFO - Dependencies all met for dep_context=requeueable deps ti=<TaskInstance: dbt_orchestrator.dbt_run_staging.dbt_run_stg_product scheduled__2024-12-12T08:15:00+00:00 [queued]>
[2024-12-12T08:30:13.830+0000] {taskinstance.py:2306} INFO - Starting attempt 1 of 1
[2024-12-12T08:30:13.861+0000] {taskinstance.py:2330} INFO - Executing <Task(BashOperator): dbt_run_staging.dbt_run_stg_product> on 2024-12-12 08:15:00+00:00
[2024-12-12T08:30:13.870+0000] {standard_task_runner.py:63} INFO - Started process 988 to run task
[2024-12-12T08:30:13.878+0000] {standard_task_runner.py:90} INFO - Running: ['***', 'tasks', 'run', 'dbt_orchestrator', 'dbt_run_staging.dbt_run_stg_product', 'scheduled__2024-12-12T08:15:00+00:00', '--job-id', '241', '--raw', '--subdir', 'DAGS_FOLDER/pipeline.py', '--cfg-path', '/tmp/tmpsf4471wz']
[2024-12-12T08:30:13.880+0000] {standard_task_runner.py:91} INFO - Job 241: Subtask dbt_run_staging.dbt_run_stg_product
[2024-12-12T08:30:13.958+0000] {task_command.py:426} INFO - Running <TaskInstance: dbt_orchestrator.dbt_run_staging.dbt_run_stg_product scheduled__2024-12-12T08:15:00+00:00 [running]> on host 34fdc836a0bb
[2024-12-12T08:30:14.115+0000] {taskinstance.py:2648} INFO - Exporting env vars: AIRFLOW_CTX_DAG_OWNER='ma7moud' AIRFLOW_CTX_DAG_ID='dbt_orchestrator' AIRFLOW_CTX_TASK_ID='dbt_run_staging.dbt_run_stg_product' AIRFLOW_CTX_EXECUTION_DATE='2024-12-12T08:15:00+00:00' AIRFLOW_CTX_TRY_NUMBER='1' AIRFLOW_CTX_DAG_RUN_ID='scheduled__2024-12-12T08:15:00+00:00'
[2024-12-12T08:30:14.119+0000] {taskinstance.py:430} INFO - ::endgroup::
[2024-12-12T08:30:14.139+0000] {subprocess.py:63} INFO - Tmp dir root location: /tmp
[2024-12-12T08:30:14.142+0000] {subprocess.py:75} INFO - Running command: ['/usr/bin/bash', '-c', 'dbt run --profiles-dir /opt/***/dbt --project-dir /opt/***/dbt/ecommerce --models models/staging/stg_product']
[2024-12-12T08:30:14.163+0000] {subprocess.py:86} INFO - Output:
[2024-12-12T08:30:18.210+0000] {subprocess.py:93} INFO - [0m08:30:18  Running with dbt=1.8.0
[2024-12-12T08:30:18.511+0000] {subprocess.py:93} INFO - [0m08:30:18  [[33mWARNING[0m]: Deprecated functionality
[2024-12-12T08:30:18.511+0000] {subprocess.py:93} INFO - The `tests` config has been renamed to `data_tests`. Please see
[2024-12-12T08:30:18.512+0000] {subprocess.py:93} INFO - https://docs.getdbt.com/docs/build/data-tests#new-data_tests-syntax for more
[2024-12-12T08:30:18.512+0000] {subprocess.py:93} INFO - information.
[2024-12-12T08:30:18.881+0000] {subprocess.py:93} INFO - [0m08:30:18  Registered adapter: postgres=1.8.0
[2024-12-12T08:30:20.763+0000] {subprocess.py:93} INFO - [0m08:30:20  Found 15 models, 1 snapshot, 112 data tests, 12 sources, 430 macros
[2024-12-12T08:30:20.777+0000] {subprocess.py:93} INFO - [0m08:30:20  The selection criterion 'models/staging/stg_product' does not match any enabled nodes
[2024-12-12T08:30:20.780+0000] {subprocess.py:93} INFO - [0m08:30:20
[2024-12-12T08:30:20.782+0000] {subprocess.py:93} INFO - [0m08:30:20  Nothing to do. Try checking your model configs and model specification args
[2024-12-12T08:30:22.031+0000] {subprocess.py:97} INFO - Command exited with return code 0
[2024-12-12T08:30:22.032+0000] {taskinstance.py:441} INFO - ::group::Post task execution logs
[2024-12-12T08:30:22.073+0000] {taskinstance.py:1206} INFO - Marking task as SUCCESS. dag_id=dbt_orchestrator, task_id=dbt_run_staging.dbt_run_stg_product, run_id=scheduled__2024-12-12T08:15:00+00:00, execution_date=20241212T081500, start_date=20241212T083013, end_date=20241212T083022
[2024-12-12T08:30:22.115+0000] {local_task_job_runner.py:240} INFO - Task exited with return code 0
[2024-12-12T08:30:22.145+0000] {local_task_job_runner.py:222} INFO - ::endgroup::
