[2024-12-11T17:30:10.096+0000] {local_task_job_runner.py:120} INFO - ::group::Pre task execution logs
[2024-12-11T17:30:10.154+0000] {taskinstance.py:2076} INFO - Dependencies all met for dep_context=non-requeueable deps ti=<TaskInstance: dbt_orchestrator.dbt_run_staging.dbt_run_stg_date scheduled__2024-12-11T17:15:00+00:00 [queued]>
[2024-12-11T17:30:10.178+0000] {taskinstance.py:2076} INFO - Dependencies all met for dep_context=requeueable deps ti=<TaskInstance: dbt_orchestrator.dbt_run_staging.dbt_run_stg_date scheduled__2024-12-11T17:15:00+00:00 [queued]>
[2024-12-11T17:30:10.179+0000] {taskinstance.py:2306} INFO - Starting attempt 1 of 1
[2024-12-11T17:30:10.209+0000] {taskinstance.py:2330} INFO - Executing <Task(BashOperator): dbt_run_staging.dbt_run_stg_date> on 2024-12-11 17:15:00+00:00
[2024-12-11T17:30:10.218+0000] {standard_task_runner.py:63} INFO - Started process 723 to run task
[2024-12-11T17:30:10.224+0000] {standard_task_runner.py:90} INFO - Running: ['***', 'tasks', 'run', 'dbt_orchestrator', 'dbt_run_staging.dbt_run_stg_date', 'scheduled__2024-12-11T17:15:00+00:00', '--job-id', '92', '--raw', '--subdir', 'DAGS_FOLDER/pipeline.py', '--cfg-path', '/tmp/tmpev3da1el']
[2024-12-11T17:30:10.227+0000] {standard_task_runner.py:91} INFO - Job 92: Subtask dbt_run_staging.dbt_run_stg_date
[2024-12-11T17:30:10.319+0000] {task_command.py:426} INFO - Running <TaskInstance: dbt_orchestrator.dbt_run_staging.dbt_run_stg_date scheduled__2024-12-11T17:15:00+00:00 [running]> on host 49f8df2c9427
[2024-12-11T17:30:10.472+0000] {taskinstance.py:2648} INFO - Exporting env vars: AIRFLOW_CTX_DAG_OWNER='ma7moud' AIRFLOW_CTX_DAG_ID='dbt_orchestrator' AIRFLOW_CTX_TASK_ID='dbt_run_staging.dbt_run_stg_date' AIRFLOW_CTX_EXECUTION_DATE='2024-12-11T17:15:00+00:00' AIRFLOW_CTX_TRY_NUMBER='1' AIRFLOW_CTX_DAG_RUN_ID='scheduled__2024-12-11T17:15:00+00:00'
[2024-12-11T17:30:10.473+0000] {taskinstance.py:430} INFO - ::endgroup::
[2024-12-11T17:30:10.492+0000] {subprocess.py:63} INFO - Tmp dir root location: /tmp
[2024-12-11T17:30:10.493+0000] {subprocess.py:75} INFO - Running command: ['/usr/bin/bash', '-c', 'dbt run --profiles-dir /opt/***/dbt --project-dir /opt/***/dbt/ecommerce --models models/staging/stg_date']
[2024-12-11T17:30:10.518+0000] {subprocess.py:86} INFO - Output:
[2024-12-11T17:30:14.065+0000] {subprocess.py:93} INFO - [0m17:30:14  Running with dbt=1.8.0
[2024-12-11T17:30:14.327+0000] {subprocess.py:93} INFO - [0m17:30:14  [[33mWARNING[0m]: Deprecated functionality
[2024-12-11T17:30:14.328+0000] {subprocess.py:93} INFO - The `tests` config has been renamed to `data_tests`. Please see
[2024-12-11T17:30:14.329+0000] {subprocess.py:93} INFO - https://docs.getdbt.com/docs/build/data-tests#new-data_tests-syntax for more
[2024-12-11T17:30:14.330+0000] {subprocess.py:93} INFO - information.
[2024-12-11T17:30:14.620+0000] {subprocess.py:93} INFO - [0m17:30:14  Registered adapter: postgres=1.8.0
[2024-12-11T17:30:15.688+0000] {subprocess.py:93} INFO - [0m17:30:15  [[33mWARNING[0m]: Configuration paths exist in your dbt_project.yml file which do not apply to any resources.
[2024-12-11T17:30:15.689+0000] {subprocess.py:93} INFO - There are 2 unused configuration paths:
[2024-12-11T17:30:15.690+0000] {subprocess.py:93} INFO - - models.ecommerce.marts.fact
[2024-12-11T17:30:15.690+0000] {subprocess.py:93} INFO - - models.ecommerce.marts.dimensions
[2024-12-11T17:30:16.498+0000] {subprocess.py:93} INFO - [0m17:30:16  Found 15 models, 1 snapshot, 112 data tests, 12 sources, 430 macros
[2024-12-11T17:30:16.513+0000] {subprocess.py:93} INFO - [0m17:30:16  The selection criterion 'models/staging/stg_date' does not match any enabled nodes
[2024-12-11T17:30:16.515+0000] {subprocess.py:93} INFO - [0m17:30:16
[2024-12-11T17:30:16.516+0000] {subprocess.py:93} INFO - [0m17:30:16  Nothing to do. Try checking your model configs and model specification args
[2024-12-11T17:30:17.722+0000] {subprocess.py:97} INFO - Command exited with return code 0
[2024-12-11T17:30:17.724+0000] {taskinstance.py:441} INFO - ::group::Post task execution logs
[2024-12-11T17:30:17.778+0000] {taskinstance.py:1206} INFO - Marking task as SUCCESS. dag_id=dbt_orchestrator, task_id=dbt_run_staging.dbt_run_stg_date, run_id=scheduled__2024-12-11T17:15:00+00:00, execution_date=20241211T171500, start_date=20241211T173010, end_date=20241211T173017
[2024-12-11T17:30:17.836+0000] {local_task_job_runner.py:240} INFO - Task exited with return code 0
[2024-12-11T17:30:17.882+0000] {taskinstance.py:3498} INFO - 0 downstream tasks scheduled from follow-on schedule check
[2024-12-11T17:30:17.887+0000] {local_task_job_runner.py:222} INFO - ::endgroup::
