[2024-12-12T09:06:25.460+0000] {local_task_job_runner.py:120} INFO - ::group::Pre task execution logs
[2024-12-12T09:06:25.526+0000] {taskinstance.py:2076} INFO - Dependencies all met for dep_context=non-requeueable deps ti=<TaskInstance: dbt_orchestrator.dbt_run_dimensions.dbt_run_customer_dim scheduled__2024-12-12T08:45:00+00:00 [queued]>
[2024-12-12T09:06:25.555+0000] {taskinstance.py:2076} INFO - Dependencies all met for dep_context=requeueable deps ti=<TaskInstance: dbt_orchestrator.dbt_run_dimensions.dbt_run_customer_dim scheduled__2024-12-12T08:45:00+00:00 [queued]>
[2024-12-12T09:06:25.556+0000] {taskinstance.py:2306} INFO - Starting attempt 2 of 2
[2024-12-12T09:06:25.594+0000] {taskinstance.py:2330} INFO - Executing <Task(BashOperator): dbt_run_dimensions.dbt_run_customer_dim> on 2024-12-12 08:45:00+00:00
[2024-12-12T09:06:25.607+0000] {standard_task_runner.py:63} INFO - Started process 2743 to run task
[2024-12-12T09:06:25.611+0000] {standard_task_runner.py:90} INFO - Running: ['***', 'tasks', 'run', 'dbt_orchestrator', 'dbt_run_dimensions.dbt_run_customer_dim', 'scheduled__2024-12-12T08:45:00+00:00', '--job-id', '405', '--raw', '--subdir', 'DAGS_FOLDER/pipeline.py', '--cfg-path', '/tmp/tmplh1rjb7u']
[2024-12-12T09:06:25.615+0000] {standard_task_runner.py:91} INFO - Job 405: Subtask dbt_run_dimensions.dbt_run_customer_dim
[2024-12-12T09:06:25.702+0000] {task_command.py:426} INFO - Running <TaskInstance: dbt_orchestrator.dbt_run_dimensions.dbt_run_customer_dim scheduled__2024-12-12T08:45:00+00:00 [running]> on host 34fdc836a0bb
[2024-12-12T09:06:25.858+0000] {taskinstance.py:2648} INFO - Exporting env vars: AIRFLOW_CTX_DAG_OWNER='ma7moud' AIRFLOW_CTX_DAG_ID='dbt_orchestrator' AIRFLOW_CTX_TASK_ID='dbt_run_dimensions.dbt_run_customer_dim' AIRFLOW_CTX_EXECUTION_DATE='2024-12-12T08:45:00+00:00' AIRFLOW_CTX_TRY_NUMBER='2' AIRFLOW_CTX_DAG_RUN_ID='scheduled__2024-12-12T08:45:00+00:00'
[2024-12-12T09:06:25.860+0000] {taskinstance.py:430} INFO - ::endgroup::
[2024-12-12T09:06:25.882+0000] {subprocess.py:63} INFO - Tmp dir root location: /tmp
[2024-12-12T09:06:25.884+0000] {subprocess.py:75} INFO - Running command: ['/usr/bin/bash', '-c', 'dbt run --profiles-dir /opt/***/dbt --project-dir /opt/***/dbt/ecommerce --models customer_dim']
[2024-12-12T09:06:25.903+0000] {subprocess.py:86} INFO - Output:
[2024-12-12T09:06:30.977+0000] {subprocess.py:93} INFO - [0m09:06:30  Running with dbt=1.8.0
[2024-12-12T09:06:31.374+0000] {subprocess.py:93} INFO - [0m09:06:31  [[33mWARNING[0m]: Deprecated functionality
[2024-12-12T09:06:31.375+0000] {subprocess.py:93} INFO - The `tests` config has been renamed to `data_tests`. Please see
[2024-12-12T09:06:31.375+0000] {subprocess.py:93} INFO - https://docs.getdbt.com/docs/build/data-tests#new-data_tests-syntax for more
[2024-12-12T09:06:31.376+0000] {subprocess.py:93} INFO - information.
[2024-12-12T09:06:31.799+0000] {subprocess.py:93} INFO - [0m09:06:31  Registered adapter: postgres=1.8.0
[2024-12-12T09:06:33.761+0000] {subprocess.py:93} INFO - [0m09:06:33  Found 15 models, 1 snapshot, 112 data tests, 12 sources, 430 macros
[2024-12-12T09:06:33.782+0000] {subprocess.py:93} INFO - [0m09:06:33
[2024-12-12T09:06:34.228+0000] {subprocess.py:93} INFO - [0m09:06:34  Concurrency: 3 threads (target='dev')
[2024-12-12T09:06:34.231+0000] {subprocess.py:93} INFO - [0m09:06:34
[2024-12-12T09:06:34.245+0000] {subprocess.py:93} INFO - [0m09:06:34  1 of 1 START sql incremental model oltp_olap_model.customer_dim ................ [RUN]
[2024-12-12T09:06:34.553+0000] {subprocess.py:93} INFO - [0m09:06:34  1 of 1 OK created sql incremental model oltp_olap_model.customer_dim ........... [[32mSELECT 109[0m in 0.30s]
[2024-12-12T09:06:34.579+0000] {subprocess.py:93} INFO - [0m09:06:34
[2024-12-12T09:06:34.582+0000] {subprocess.py:93} INFO - [0m09:06:34  Finished running 1 incremental model in 0 hours 0 minutes and 0.80 seconds (0.80s).
[2024-12-12T09:06:34.746+0000] {subprocess.py:93} INFO - [0m09:06:34
[2024-12-12T09:06:34.747+0000] {subprocess.py:93} INFO - [0m09:06:34  [32mCompleted successfully[0m
[2024-12-12T09:06:34.748+0000] {subprocess.py:93} INFO - [0m09:06:34
[2024-12-12T09:06:34.749+0000] {subprocess.py:93} INFO - [0m09:06:34  Done. PASS=1 WARN=0 ERROR=0 SKIP=0 TOTAL=1
[2024-12-12T09:06:35.809+0000] {subprocess.py:97} INFO - Command exited with return code 0
[2024-12-12T09:06:35.810+0000] {taskinstance.py:441} INFO - ::group::Post task execution logs
[2024-12-12T09:06:35.844+0000] {taskinstance.py:1206} INFO - Marking task as SUCCESS. dag_id=dbt_orchestrator, task_id=dbt_run_dimensions.dbt_run_customer_dim, run_id=scheduled__2024-12-12T08:45:00+00:00, execution_date=20241212T084500, start_date=20241212T090625, end_date=20241212T090635
[2024-12-12T09:06:35.908+0000] {local_task_job_runner.py:240} INFO - Task exited with return code 0
[2024-12-12T09:06:35.948+0000] {taskinstance.py:3498} INFO - 0 downstream tasks scheduled from follow-on schedule check
[2024-12-12T09:06:35.949+0000] {local_task_job_runner.py:222} INFO - ::endgroup::
