[2024-12-12T09:00:32.035+0000] {local_task_job_runner.py:120} INFO - ::group::Pre task execution logs
[2024-12-12T09:00:32.091+0000] {taskinstance.py:2076} INFO - Dependencies all met for dep_context=non-requeueable deps ti=<TaskInstance: dbt_orchestrator.dbt_run_dimensions.dbt_run_customer_dim scheduled__2024-12-12T08:45:00+00:00 [queued]>
[2024-12-12T09:00:32.108+0000] {taskinstance.py:2076} INFO - Dependencies all met for dep_context=requeueable deps ti=<TaskInstance: dbt_orchestrator.dbt_run_dimensions.dbt_run_customer_dim scheduled__2024-12-12T08:45:00+00:00 [queued]>
[2024-12-12T09:00:32.109+0000] {taskinstance.py:2306} INFO - Starting attempt 1 of 1
[2024-12-12T09:00:32.132+0000] {taskinstance.py:2330} INFO - Executing <Task(BashOperator): dbt_run_dimensions.dbt_run_customer_dim> on 2024-12-12 08:45:00+00:00
[2024-12-12T09:00:32.154+0000] {standard_task_runner.py:63} INFO - Started process 2467 to run task
[2024-12-12T09:00:32.166+0000] {standard_task_runner.py:90} INFO - Running: ['***', 'tasks', 'run', 'dbt_orchestrator', 'dbt_run_dimensions.dbt_run_customer_dim', 'scheduled__2024-12-12T08:45:00+00:00', '--job-id', '383', '--raw', '--subdir', 'DAGS_FOLDER/pipeline.py', '--cfg-path', '/tmp/tmpt7db7bav']
[2024-12-12T09:00:32.176+0000] {standard_task_runner.py:91} INFO - Job 383: Subtask dbt_run_dimensions.dbt_run_customer_dim
[2024-12-12T09:00:32.314+0000] {task_command.py:426} INFO - Running <TaskInstance: dbt_orchestrator.dbt_run_dimensions.dbt_run_customer_dim scheduled__2024-12-12T08:45:00+00:00 [running]> on host 34fdc836a0bb
[2024-12-12T09:00:32.586+0000] {taskinstance.py:2648} INFO - Exporting env vars: AIRFLOW_CTX_DAG_OWNER='ma7moud' AIRFLOW_CTX_DAG_ID='dbt_orchestrator' AIRFLOW_CTX_TASK_ID='dbt_run_dimensions.dbt_run_customer_dim' AIRFLOW_CTX_EXECUTION_DATE='2024-12-12T08:45:00+00:00' AIRFLOW_CTX_TRY_NUMBER='1' AIRFLOW_CTX_DAG_RUN_ID='scheduled__2024-12-12T08:45:00+00:00'
[2024-12-12T09:00:32.591+0000] {taskinstance.py:430} INFO - ::endgroup::
[2024-12-12T09:00:32.633+0000] {subprocess.py:63} INFO - Tmp dir root location: /tmp
[2024-12-12T09:00:32.640+0000] {subprocess.py:75} INFO - Running command: ['/usr/bin/bash', '-c', 'dbt run --profiles-dir /opt/***/dbt --project-dir /opt/***/dbt/ecommerce --models customer_dim']
[2024-12-12T09:00:32.692+0000] {subprocess.py:86} INFO - Output:
[2024-12-12T09:00:37.397+0000] {subprocess.py:93} INFO - [0m09:00:37  Running with dbt=1.8.0
[2024-12-12T09:00:37.829+0000] {subprocess.py:93} INFO - [0m09:00:37  [[33mWARNING[0m]: Deprecated functionality
[2024-12-12T09:00:37.830+0000] {subprocess.py:93} INFO - The `tests` config has been renamed to `data_tests`. Please see
[2024-12-12T09:00:37.830+0000] {subprocess.py:93} INFO - https://docs.getdbt.com/docs/build/data-tests#new-data_tests-syntax for more
[2024-12-12T09:00:37.831+0000] {subprocess.py:93} INFO - information.
[2024-12-12T09:00:38.222+0000] {subprocess.py:93} INFO - [0m09:00:38  Registered adapter: postgres=1.8.0
[2024-12-12T09:00:40.256+0000] {subprocess.py:93} INFO - [0m09:00:40  Found 15 models, 1 snapshot, 112 data tests, 12 sources, 430 macros
[2024-12-12T09:00:40.265+0000] {subprocess.py:93} INFO - [0m09:00:40
[2024-12-12T09:00:40.832+0000] {subprocess.py:93} INFO - [0m09:00:40  Concurrency: 3 threads (target='dev')
[2024-12-12T09:00:40.835+0000] {subprocess.py:93} INFO - [0m09:00:40
[2024-12-12T09:00:40.848+0000] {subprocess.py:93} INFO - [0m09:00:40  1 of 1 START sql incremental model oltp.customer_dim ........................... [RUN]
[2024-12-12T09:00:41.433+0000] {subprocess.py:93} INFO - [0m09:00:41  1 of 1 OK created sql incremental model oltp.customer_dim ...................... [[32mINSERT 0 109[0m in 0.56s]
[2024-12-12T09:00:41.516+0000] {subprocess.py:93} INFO - [0m09:00:41
[2024-12-12T09:00:41.517+0000] {subprocess.py:93} INFO - [0m09:00:41  Finished running 1 incremental model in 0 hours 0 minutes and 1.25 seconds (1.25s).
[2024-12-12T09:00:41.754+0000] {subprocess.py:93} INFO - [0m09:00:41
[2024-12-12T09:00:41.756+0000] {subprocess.py:93} INFO - [0m09:00:41  [32mCompleted successfully[0m
[2024-12-12T09:00:41.757+0000] {subprocess.py:93} INFO - [0m09:00:41
[2024-12-12T09:00:41.759+0000] {subprocess.py:93} INFO - [0m09:00:41  Done. PASS=1 WARN=0 ERROR=0 SKIP=0 TOTAL=1
[2024-12-12T09:00:43.258+0000] {subprocess.py:97} INFO - Command exited with return code 0
[2024-12-12T09:00:43.260+0000] {taskinstance.py:441} INFO - ::group::Post task execution logs
[2024-12-12T09:00:43.316+0000] {taskinstance.py:1206} INFO - Marking task as SUCCESS. dag_id=dbt_orchestrator, task_id=dbt_run_dimensions.dbt_run_customer_dim, run_id=scheduled__2024-12-12T08:45:00+00:00, execution_date=20241212T084500, start_date=20241212T090032, end_date=20241212T090043
[2024-12-12T09:00:43.375+0000] {local_task_job_runner.py:240} INFO - Task exited with return code 0
[2024-12-12T09:00:43.424+0000] {taskinstance.py:3498} INFO - 0 downstream tasks scheduled from follow-on schedule check
[2024-12-12T09:00:43.426+0000] {local_task_job_runner.py:222} INFO - ::endgroup::
