[2024-12-11T16:10:53.795+0000] {local_task_job_runner.py:120} INFO - ::group::Pre task execution logs
[2024-12-11T16:10:53.820+0000] {taskinstance.py:2076} INFO - Dependencies all met for dep_context=non-requeueable deps ti=<TaskInstance: dbt_orchestrator.dbt_run_dimensions.dbt_run_dimensions manual__2024-12-11T16:10:36.196701+00:00 [queued]>
[2024-12-11T16:10:53.828+0000] {taskinstance.py:2076} INFO - Dependencies all met for dep_context=requeueable deps ti=<TaskInstance: dbt_orchestrator.dbt_run_dimensions.dbt_run_dimensions manual__2024-12-11T16:10:36.196701+00:00 [queued]>
[2024-12-11T16:10:53.829+0000] {taskinstance.py:2306} INFO - Starting attempt 1 of 1
[2024-12-11T16:10:53.841+0000] {taskinstance.py:2330} INFO - Executing <Task(BashOperator): dbt_run_dimensions.dbt_run_dimensions> on 2024-12-11 16:10:36.196701+00:00
[2024-12-11T16:10:53.846+0000] {standard_task_runner.py:63} INFO - Started process 155 to run task
[2024-12-11T16:10:53.849+0000] {standard_task_runner.py:90} INFO - Running: ['***', 'tasks', 'run', 'dbt_orchestrator', 'dbt_run_dimensions.dbt_run_dimensions', 'manual__2024-12-11T16:10:36.196701+00:00', '--job-id', '27', '--raw', '--subdir', 'DAGS_FOLDER/pipeline.py', '--cfg-path', '/tmp/tmps4uy21mg']
[2024-12-11T16:10:53.850+0000] {standard_task_runner.py:91} INFO - Job 27: Subtask dbt_run_dimensions.dbt_run_dimensions
[2024-12-11T16:10:53.889+0000] {task_command.py:426} INFO - Running <TaskInstance: dbt_orchestrator.dbt_run_dimensions.dbt_run_dimensions manual__2024-12-11T16:10:36.196701+00:00 [running]> on host 49f8df2c9427
[2024-12-11T16:10:53.967+0000] {taskinstance.py:2648} INFO - Exporting env vars: AIRFLOW_CTX_DAG_OWNER='Mahmoud' AIRFLOW_CTX_DAG_ID='dbt_orchestrator' AIRFLOW_CTX_TASK_ID='dbt_run_dimensions.dbt_run_dimensions' AIRFLOW_CTX_EXECUTION_DATE='2024-12-11T16:10:36.196701+00:00' AIRFLOW_CTX_TRY_NUMBER='1' AIRFLOW_CTX_DAG_RUN_ID='manual__2024-12-11T16:10:36.196701+00:00'
[2024-12-11T16:10:53.968+0000] {taskinstance.py:430} INFO - ::endgroup::
[2024-12-11T16:10:53.978+0000] {subprocess.py:63} INFO - Tmp dir root location: /tmp
[2024-12-11T16:10:53.979+0000] {subprocess.py:75} INFO - Running command: ['/usr/bin/bash', '-c', 'dbt run --profiles-dir /opt/***/dbt --project-dir /opt/***/dbt/ecommerce --select models/olap_model/dimensions']
[2024-12-11T16:10:53.990+0000] {subprocess.py:86} INFO - Output:
[2024-12-11T16:10:55.795+0000] {subprocess.py:93} INFO - [0m16:10:55  Running with dbt=1.8.0
[2024-12-11T16:10:55.973+0000] {subprocess.py:93} INFO - [0m16:10:55  [[33mWARNING[0m]: Deprecated functionality
[2024-12-11T16:10:55.973+0000] {subprocess.py:93} INFO - The `tests` config has been renamed to `data_tests`. Please see
[2024-12-11T16:10:55.973+0000] {subprocess.py:93} INFO - https://docs.getdbt.com/docs/build/data-tests#new-data_tests-syntax for more
[2024-12-11T16:10:55.973+0000] {subprocess.py:93} INFO - information.
[2024-12-11T16:10:56.124+0000] {subprocess.py:93} INFO - [0m16:10:56  Registered adapter: postgres=1.8.0
[2024-12-11T16:10:56.547+0000] {subprocess.py:93} INFO - [0m16:10:56  [[33mWARNING[0m]: Configuration paths exist in your dbt_project.yml file which do not apply to any resources.
[2024-12-11T16:10:56.548+0000] {subprocess.py:93} INFO - There are 2 unused configuration paths:
[2024-12-11T16:10:56.548+0000] {subprocess.py:93} INFO - - models.ecommerce.marts.dimensions
[2024-12-11T16:10:56.548+0000] {subprocess.py:93} INFO - - models.ecommerce.marts.fact
[2024-12-11T16:10:56.848+0000] {subprocess.py:93} INFO - [0m16:10:56  Found 15 models, 1 snapshot, 112 data tests, 12 sources, 430 macros
[2024-12-11T16:10:56.855+0000] {subprocess.py:93} INFO - [0m16:10:56
[2024-12-11T16:10:57.136+0000] {subprocess.py:93} INFO - [0m16:10:57  Concurrency: 3 threads (target='dev')
[2024-12-11T16:10:57.137+0000] {subprocess.py:93} INFO - [0m16:10:57
[2024-12-11T16:10:57.146+0000] {subprocess.py:93} INFO - [0m16:10:57  1 of 6 START sql incremental model oltp.brand_dim .............................. [RUN]
[2024-12-11T16:10:57.149+0000] {subprocess.py:93} INFO - [0m16:10:57  2 of 6 START sql incremental model oltp.customer_dim ........................... [RUN]
[2024-12-11T16:10:57.152+0000] {subprocess.py:93} INFO - [0m16:10:57  3 of 6 START sql incremental model oltp.data_dim ............................... [RUN]
[2024-12-11T16:10:57.543+0000] {subprocess.py:93} INFO - [0m16:10:57  3 of 6 OK created sql incremental model oltp.data_dim .......................... [[32mSELECT 402[0m in 0.38s]
[2024-12-11T16:10:57.544+0000] {subprocess.py:93} INFO - [0m16:10:57  1 of 6 OK created sql incremental model oltp.brand_dim ......................... [[32mSELECT 10[0m in 0.39s]
[2024-12-11T16:10:57.545+0000] {subprocess.py:93} INFO - [0m16:10:57  2 of 6 OK created sql incremental model oltp.customer_dim ...................... [[32mSELECT 109[0m in 0.39s]
[2024-12-11T16:10:57.555+0000] {subprocess.py:93} INFO - [0m16:10:57  4 of 6 START sql incremental model oltp.product_dim ............................ [RUN]
[2024-12-11T16:10:57.556+0000] {subprocess.py:93} INFO - [0m16:10:57  5 of 6 START sql incremental model oltp.store_dim .............................. [RUN]
[2024-12-11T16:10:57.558+0000] {subprocess.py:93} INFO - [0m16:10:57  6 of 6 START sql incremental model oltp.supplier_dim ........................... [RUN]
[2024-12-11T16:10:57.673+0000] {subprocess.py:93} INFO - [0m16:10:57  4 of 6 OK created sql incremental model oltp.product_dim ....................... [[32mSELECT 100[0m in 0.11s]
[2024-12-11T16:10:57.680+0000] {subprocess.py:93} INFO - [0m16:10:57  6 of 6 OK created sql incremental model oltp.supplier_dim ...................... [[32mSELECT 5[0m in 0.12s]
[2024-12-11T16:10:57.687+0000] {subprocess.py:93} INFO - [0m16:10:57  5 of 6 OK created sql incremental model oltp.store_dim ......................... [[32mSELECT 5[0m in 0.13s]
[2024-12-11T16:10:57.702+0000] {subprocess.py:93} INFO - [0m16:10:57
[2024-12-11T16:10:57.703+0000] {subprocess.py:93} INFO - [0m16:10:57  Finished running 6 incremental models in 0 hours 0 minutes and 0.85 seconds (0.85s).
[2024-12-11T16:10:57.800+0000] {subprocess.py:93} INFO - [0m16:10:57
[2024-12-11T16:10:57.801+0000] {subprocess.py:93} INFO - [0m16:10:57  [32mCompleted successfully[0m
[2024-12-11T16:10:57.801+0000] {subprocess.py:93} INFO - [0m16:10:57
[2024-12-11T16:10:57.802+0000] {subprocess.py:93} INFO - [0m16:10:57  Done. PASS=6 WARN=0 ERROR=0 SKIP=0 TOTAL=6
[2024-12-11T16:10:58.766+0000] {subprocess.py:97} INFO - Command exited with return code 0
[2024-12-11T16:10:58.767+0000] {taskinstance.py:441} INFO - ::group::Post task execution logs
[2024-12-11T16:10:58.792+0000] {taskinstance.py:1206} INFO - Marking task as SUCCESS. dag_id=dbt_orchestrator, task_id=dbt_run_dimensions.dbt_run_dimensions, run_id=manual__2024-12-11T16:10:36.196701+00:00, execution_date=20241211T161036, start_date=20241211T161053, end_date=20241211T161058
[2024-12-11T16:10:58.835+0000] {local_task_job_runner.py:240} INFO - Task exited with return code 0
[2024-12-11T16:10:58.867+0000] {taskinstance.py:3498} INFO - 1 downstream tasks scheduled from follow-on schedule check
[2024-12-11T16:10:58.868+0000] {local_task_job_runner.py:222} INFO - ::endgroup::
