[2024-12-12T09:30:25.010+0000] {local_task_job_runner.py:120} INFO - ::group::Pre task execution logs
[2024-12-12T09:30:25.054+0000] {taskinstance.py:2076} INFO - Dependencies all met for dep_context=non-requeueable deps ti=<TaskInstance: dbt_orchestrator.dbt_run_dimensions.dbt_run_product_dim scheduled__2024-12-12T09:15:00+00:00 [queued]>
[2024-12-12T09:30:25.068+0000] {taskinstance.py:2076} INFO - Dependencies all met for dep_context=requeueable deps ti=<TaskInstance: dbt_orchestrator.dbt_run_dimensions.dbt_run_product_dim scheduled__2024-12-12T09:15:00+00:00 [queued]>
[2024-12-12T09:30:25.069+0000] {taskinstance.py:2306} INFO - Starting attempt 1 of 1
[2024-12-12T09:30:25.088+0000] {taskinstance.py:2330} INFO - Executing <Task(BashOperator): dbt_run_dimensions.dbt_run_product_dim> on 2024-12-12 09:15:00+00:00
[2024-12-12T09:30:25.100+0000] {standard_task_runner.py:63} INFO - Started process 3586 to run task
[2024-12-12T09:30:25.104+0000] {standard_task_runner.py:90} INFO - Running: ['***', 'tasks', 'run', 'dbt_orchestrator', 'dbt_run_dimensions.dbt_run_product_dim', 'scheduled__2024-12-12T09:15:00+00:00', '--job-id', '463', '--raw', '--subdir', 'DAGS_FOLDER/pipeline.py', '--cfg-path', '/tmp/tmpowdenkz4']
[2024-12-12T09:30:25.107+0000] {standard_task_runner.py:91} INFO - Job 463: Subtask dbt_run_dimensions.dbt_run_product_dim
[2024-12-12T09:30:25.186+0000] {task_command.py:426} INFO - Running <TaskInstance: dbt_orchestrator.dbt_run_dimensions.dbt_run_product_dim scheduled__2024-12-12T09:15:00+00:00 [running]> on host 34fdc836a0bb
[2024-12-12T09:30:25.339+0000] {taskinstance.py:2648} INFO - Exporting env vars: AIRFLOW_CTX_DAG_OWNER='ma7moud' AIRFLOW_CTX_DAG_ID='dbt_orchestrator' AIRFLOW_CTX_TASK_ID='dbt_run_dimensions.dbt_run_product_dim' AIRFLOW_CTX_EXECUTION_DATE='2024-12-12T09:15:00+00:00' AIRFLOW_CTX_TRY_NUMBER='1' AIRFLOW_CTX_DAG_RUN_ID='scheduled__2024-12-12T09:15:00+00:00'
[2024-12-12T09:30:25.341+0000] {taskinstance.py:430} INFO - ::endgroup::
[2024-12-12T09:30:25.363+0000] {subprocess.py:63} INFO - Tmp dir root location: /tmp
[2024-12-12T09:30:25.364+0000] {subprocess.py:75} INFO - Running command: ['/usr/bin/bash', '-c', 'dbt run --profiles-dir /opt/***/dbt --project-dir /opt/***/dbt/ecommerce --models product_dim']
[2024-12-12T09:30:25.392+0000] {subprocess.py:86} INFO - Output:
[2024-12-12T09:30:28.428+0000] {subprocess.py:93} INFO - [0m09:30:28  Running with dbt=1.8.0
[2024-12-12T09:30:28.834+0000] {subprocess.py:93} INFO - [0m09:30:28  [[33mWARNING[0m]: Deprecated functionality
[2024-12-12T09:30:28.834+0000] {subprocess.py:93} INFO - The `tests` config has been renamed to `data_tests`. Please see
[2024-12-12T09:30:28.834+0000] {subprocess.py:93} INFO - https://docs.getdbt.com/docs/build/data-tests#new-data_tests-syntax for more
[2024-12-12T09:30:28.835+0000] {subprocess.py:93} INFO - information.
[2024-12-12T09:30:29.191+0000] {subprocess.py:93} INFO - [0m09:30:29  Registered adapter: postgres=1.8.0
[2024-12-12T09:30:30.936+0000] {subprocess.py:93} INFO - [0m09:30:30  Found 15 models, 1 snapshot, 111 data tests, 12 sources, 430 macros
[2024-12-12T09:30:30.945+0000] {subprocess.py:93} INFO - [0m09:30:30
[2024-12-12T09:30:31.415+0000] {subprocess.py:93} INFO - [0m09:30:31  Concurrency: 3 threads (target='dev')
[2024-12-12T09:30:31.421+0000] {subprocess.py:93} INFO - [0m09:30:31
[2024-12-12T09:30:31.429+0000] {subprocess.py:93} INFO - [0m09:30:31  1 of 1 START sql incremental model olap_model.product_dim ...................... [RUN]
[2024-12-12T09:30:31.908+0000] {subprocess.py:93} INFO - [0m09:30:31  1 of 1 OK created sql incremental model olap_model.product_dim ................. [[32mINSERT 0 100[0m in 0.47s]
[2024-12-12T09:30:31.935+0000] {subprocess.py:93} INFO - [0m09:30:31
[2024-12-12T09:30:31.939+0000] {subprocess.py:93} INFO - [0m09:30:31  Finished running 1 incremental model in 0 hours 0 minutes and 0.99 seconds (0.99s).
[2024-12-12T09:30:32.113+0000] {subprocess.py:93} INFO - [0m09:30:32
[2024-12-12T09:30:32.114+0000] {subprocess.py:93} INFO - [0m09:30:32  [32mCompleted successfully[0m
[2024-12-12T09:30:32.115+0000] {subprocess.py:93} INFO - [0m09:30:32
[2024-12-12T09:30:32.116+0000] {subprocess.py:93} INFO - [0m09:30:32  Done. PASS=1 WARN=0 ERROR=0 SKIP=0 TOTAL=1
[2024-12-12T09:30:33.104+0000] {subprocess.py:97} INFO - Command exited with return code 0
[2024-12-12T09:30:33.106+0000] {taskinstance.py:441} INFO - ::group::Post task execution logs
[2024-12-12T09:30:33.139+0000] {taskinstance.py:1206} INFO - Marking task as SUCCESS. dag_id=dbt_orchestrator, task_id=dbt_run_dimensions.dbt_run_product_dim, run_id=scheduled__2024-12-12T09:15:00+00:00, execution_date=20241212T091500, start_date=20241212T093025, end_date=20241212T093033
[2024-12-12T09:30:33.168+0000] {local_task_job_runner.py:240} INFO - Task exited with return code 0
[2024-12-12T09:30:33.204+0000] {taskinstance.py:3498} INFO - 0 downstream tasks scheduled from follow-on schedule check
[2024-12-12T09:30:33.206+0000] {local_task_job_runner.py:222} INFO - ::endgroup::
