[2024-12-12T08:39:28.910+0000] {local_task_job_runner.py:120} INFO - ::group::Pre task execution logs
[2024-12-12T08:39:28.967+0000] {taskinstance.py:2076} INFO - Dependencies all met for dep_context=non-requeueable deps ti=<TaskInstance: dbt_orchestrator.dbt_run_staging.dbt_run_stg_suppliers scheduled__2024-12-12T08:00:00+00:00 [queued]>
[2024-12-12T08:39:28.987+0000] {taskinstance.py:2076} INFO - Dependencies all met for dep_context=requeueable deps ti=<TaskInstance: dbt_orchestrator.dbt_run_staging.dbt_run_stg_suppliers scheduled__2024-12-12T08:00:00+00:00 [queued]>
[2024-12-12T08:39:28.988+0000] {taskinstance.py:2306} INFO - Starting attempt 4 of 4
[2024-12-12T08:39:29.013+0000] {taskinstance.py:2330} INFO - Executing <Task(BashOperator): dbt_run_staging.dbt_run_stg_suppliers> on 2024-12-12 08:00:00+00:00
[2024-12-12T08:39:29.024+0000] {standard_task_runner.py:63} INFO - Started process 1231 to run task
[2024-12-12T08:39:29.030+0000] {standard_task_runner.py:90} INFO - Running: ['***', 'tasks', 'run', 'dbt_orchestrator', 'dbt_run_staging.dbt_run_stg_suppliers', 'scheduled__2024-12-12T08:00:00+00:00', '--job-id', '280', '--raw', '--subdir', 'DAGS_FOLDER/pipeline.py', '--cfg-path', '/tmp/tmpl_vztikr']
[2024-12-12T08:39:29.033+0000] {standard_task_runner.py:91} INFO - Job 280: Subtask dbt_run_staging.dbt_run_stg_suppliers
[2024-12-12T08:39:29.152+0000] {task_command.py:426} INFO - Running <TaskInstance: dbt_orchestrator.dbt_run_staging.dbt_run_stg_suppliers scheduled__2024-12-12T08:00:00+00:00 [running]> on host 34fdc836a0bb
[2024-12-12T08:39:29.357+0000] {taskinstance.py:2648} INFO - Exporting env vars: AIRFLOW_CTX_DAG_OWNER='ma7moud' AIRFLOW_CTX_DAG_ID='dbt_orchestrator' AIRFLOW_CTX_TASK_ID='dbt_run_staging.dbt_run_stg_suppliers' AIRFLOW_CTX_EXECUTION_DATE='2024-12-12T08:00:00+00:00' AIRFLOW_CTX_TRY_NUMBER='4' AIRFLOW_CTX_DAG_RUN_ID='scheduled__2024-12-12T08:00:00+00:00'
[2024-12-12T08:39:29.358+0000] {taskinstance.py:430} INFO - ::endgroup::
[2024-12-12T08:39:29.377+0000] {subprocess.py:63} INFO - Tmp dir root location: /tmp
[2024-12-12T08:39:29.378+0000] {subprocess.py:75} INFO - Running command: ['/usr/bin/bash', '-c', 'dbt run --profiles-dir /opt/***/dbt --project-dir /opt/***/dbt/ecommerce --models models/staging/stg_suppliers']
[2024-12-12T08:39:29.399+0000] {subprocess.py:86} INFO - Output:
[2024-12-12T08:39:33.455+0000] {subprocess.py:93} INFO - [0m08:39:33  Running with dbt=1.8.0
[2024-12-12T08:39:33.723+0000] {subprocess.py:93} INFO - [0m08:39:33  [[33mWARNING[0m]: Deprecated functionality
[2024-12-12T08:39:33.724+0000] {subprocess.py:93} INFO - The `tests` config has been renamed to `data_tests`. Please see
[2024-12-12T08:39:33.724+0000] {subprocess.py:93} INFO - https://docs.getdbt.com/docs/build/data-tests#new-data_tests-syntax for more
[2024-12-12T08:39:33.724+0000] {subprocess.py:93} INFO - information.
[2024-12-12T08:39:34.229+0000] {subprocess.py:93} INFO - [0m08:39:34  Registered adapter: postgres=1.8.0
[2024-12-12T08:39:36.022+0000] {subprocess.py:93} INFO - [0m08:39:36  Found 15 models, 1 snapshot, 112 data tests, 12 sources, 430 macros
[2024-12-12T08:39:36.031+0000] {subprocess.py:93} INFO - [0m08:39:36  The selection criterion 'models/staging/stg_suppliers' does not match any enabled nodes
[2024-12-12T08:39:36.034+0000] {subprocess.py:93} INFO - [0m08:39:36
[2024-12-12T08:39:36.035+0000] {subprocess.py:93} INFO - [0m08:39:36  Nothing to do. Try checking your model configs and model specification args
[2024-12-12T08:39:37.117+0000] {subprocess.py:97} INFO - Command exited with return code 0
[2024-12-12T08:39:37.118+0000] {taskinstance.py:441} INFO - ::group::Post task execution logs
[2024-12-12T08:39:37.143+0000] {taskinstance.py:1206} INFO - Marking task as SUCCESS. dag_id=dbt_orchestrator, task_id=dbt_run_staging.dbt_run_stg_suppliers, run_id=scheduled__2024-12-12T08:00:00+00:00, execution_date=20241212T080000, start_date=20241212T083928, end_date=20241212T083937
[2024-12-12T08:39:37.186+0000] {local_task_job_runner.py:240} INFO - Task exited with return code 0
[2024-12-12T08:39:37.217+0000] {taskinstance.py:3498} INFO - 6 downstream tasks scheduled from follow-on schedule check
[2024-12-12T08:39:37.218+0000] {local_task_job_runner.py:222} INFO - ::endgroup::
