[2024-12-12T08:39:38.780+0000] {local_task_job_runner.py:120} INFO - ::group::Pre task execution logs
[2024-12-12T08:39:38.820+0000] {taskinstance.py:2076} INFO - Dependencies all met for dep_context=non-requeueable deps ti=<TaskInstance: dbt_orchestrator.dbt_run_dimensions.dbt_run_brand_dim scheduled__2024-12-12T08:00:00+00:00 [queued]>
[2024-12-12T08:39:38.833+0000] {taskinstance.py:2076} INFO - Dependencies all met for dep_context=requeueable deps ti=<TaskInstance: dbt_orchestrator.dbt_run_dimensions.dbt_run_brand_dim scheduled__2024-12-12T08:00:00+00:00 [queued]>
[2024-12-12T08:39:38.834+0000] {taskinstance.py:2306} INFO - Starting attempt 6 of 6
[2024-12-12T08:39:38.853+0000] {taskinstance.py:2330} INFO - Executing <Task(BashOperator): dbt_run_dimensions.dbt_run_brand_dim> on 2024-12-12 08:00:00+00:00
[2024-12-12T08:39:38.862+0000] {standard_task_runner.py:63} INFO - Started process 1263 to run task
[2024-12-12T08:39:38.865+0000] {standard_task_runner.py:90} INFO - Running: ['***', 'tasks', 'run', 'dbt_orchestrator', 'dbt_run_dimensions.dbt_run_brand_dim', 'scheduled__2024-12-12T08:00:00+00:00', '--job-id', '282', '--raw', '--subdir', 'DAGS_FOLDER/pipeline.py', '--cfg-path', '/tmp/tmpsmjyppvx']
[2024-12-12T08:39:38.867+0000] {standard_task_runner.py:91} INFO - Job 282: Subtask dbt_run_dimensions.dbt_run_brand_dim
[2024-12-12T08:39:38.937+0000] {task_command.py:426} INFO - Running <TaskInstance: dbt_orchestrator.dbt_run_dimensions.dbt_run_brand_dim scheduled__2024-12-12T08:00:00+00:00 [running]> on host 34fdc836a0bb
[2024-12-12T08:39:39.076+0000] {taskinstance.py:2648} INFO - Exporting env vars: AIRFLOW_CTX_DAG_OWNER='ma7moud' AIRFLOW_CTX_DAG_ID='dbt_orchestrator' AIRFLOW_CTX_TASK_ID='dbt_run_dimensions.dbt_run_brand_dim' AIRFLOW_CTX_EXECUTION_DATE='2024-12-12T08:00:00+00:00' AIRFLOW_CTX_TRY_NUMBER='6' AIRFLOW_CTX_DAG_RUN_ID='scheduled__2024-12-12T08:00:00+00:00'
[2024-12-12T08:39:39.077+0000] {taskinstance.py:430} INFO - ::endgroup::
[2024-12-12T08:39:39.096+0000] {subprocess.py:63} INFO - Tmp dir root location: /tmp
[2024-12-12T08:39:39.097+0000] {subprocess.py:75} INFO - Running command: ['/usr/bin/bash', '-c', 'dbt run --profiles-dir /opt/***/dbt --project-dir /opt/***/dbt/ecommerce --models models/olap_model/dimensions/brand_dim']
[2024-12-12T08:39:39.113+0000] {subprocess.py:86} INFO - Output:
[2024-12-12T08:39:42.571+0000] {subprocess.py:93} INFO - [0m08:39:42  Running with dbt=1.8.0
[2024-12-12T08:39:42.740+0000] {subprocess.py:93} INFO - [0m08:39:42  [[33mWARNING[0m]: Deprecated functionality
[2024-12-12T08:39:42.742+0000] {subprocess.py:93} INFO - The `tests` config has been renamed to `data_tests`. Please see
[2024-12-12T08:39:42.742+0000] {subprocess.py:93} INFO - https://docs.getdbt.com/docs/build/data-tests#new-data_tests-syntax for more
[2024-12-12T08:39:42.743+0000] {subprocess.py:93} INFO - information.
[2024-12-12T08:39:43.021+0000] {subprocess.py:93} INFO - [0m08:39:43  Registered adapter: postgres=1.8.0
[2024-12-12T08:39:44.763+0000] {subprocess.py:93} INFO - [0m08:39:44  Found 15 models, 1 snapshot, 112 data tests, 12 sources, 430 macros
[2024-12-12T08:39:44.775+0000] {subprocess.py:93} INFO - [0m08:39:44  The selection criterion 'models/olap_model/dimensions/brand_dim' does not match any enabled nodes
[2024-12-12T08:39:44.780+0000] {subprocess.py:93} INFO - [0m08:39:44
[2024-12-12T08:39:44.782+0000] {subprocess.py:93} INFO - [0m08:39:44  Nothing to do. Try checking your model configs and model specification args
[2024-12-12T08:39:46.086+0000] {subprocess.py:97} INFO - Command exited with return code 0
[2024-12-12T08:39:46.087+0000] {taskinstance.py:441} INFO - ::group::Post task execution logs
[2024-12-12T08:39:46.146+0000] {taskinstance.py:1206} INFO - Marking task as SUCCESS. dag_id=dbt_orchestrator, task_id=dbt_run_dimensions.dbt_run_brand_dim, run_id=scheduled__2024-12-12T08:00:00+00:00, execution_date=20241212T080000, start_date=20241212T083938, end_date=20241212T083946
[2024-12-12T08:39:46.191+0000] {local_task_job_runner.py:240} INFO - Task exited with return code 0
[2024-12-12T08:39:46.207+0000] {local_task_job_runner.py:222} INFO - ::endgroup::
