[2024-12-12T08:20:03.626+0000] {local_task_job_runner.py:120} INFO - ::group::Pre task execution logs
[2024-12-12T08:20:03.673+0000] {taskinstance.py:2076} INFO - Dependencies all met for dep_context=non-requeueable deps ti=<TaskInstance: dbt_orchestrator.dbt_run_dimensions.dbt_run_brand_dim scheduled__2024-12-12T08:00:00+00:00 [queued]>
[2024-12-12T08:20:03.697+0000] {taskinstance.py:2076} INFO - Dependencies all met for dep_context=requeueable deps ti=<TaskInstance: dbt_orchestrator.dbt_run_dimensions.dbt_run_brand_dim scheduled__2024-12-12T08:00:00+00:00 [queued]>
[2024-12-12T08:20:03.697+0000] {taskinstance.py:2306} INFO - Starting attempt 2 of 2
[2024-12-12T08:20:03.720+0000] {taskinstance.py:2330} INFO - Executing <Task(BashOperator): dbt_run_dimensions.dbt_run_brand_dim> on 2024-12-12 08:00:00+00:00
[2024-12-12T08:20:03.729+0000] {standard_task_runner.py:63} INFO - Started process 786 to run task
[2024-12-12T08:20:03.734+0000] {standard_task_runner.py:90} INFO - Running: ['***', 'tasks', 'run', 'dbt_orchestrator', 'dbt_run_dimensions.dbt_run_brand_dim', 'scheduled__2024-12-12T08:00:00+00:00', '--job-id', '211', '--raw', '--subdir', 'DAGS_FOLDER/pipeline.py', '--cfg-path', '/tmp/tmpbq1cd0l7']
[2024-12-12T08:20:03.737+0000] {standard_task_runner.py:91} INFO - Job 211: Subtask dbt_run_dimensions.dbt_run_brand_dim
[2024-12-12T08:20:03.814+0000] {task_command.py:426} INFO - Running <TaskInstance: dbt_orchestrator.dbt_run_dimensions.dbt_run_brand_dim scheduled__2024-12-12T08:00:00+00:00 [running]> on host 34fdc836a0bb
[2024-12-12T08:20:04.031+0000] {taskinstance.py:2648} INFO - Exporting env vars: AIRFLOW_CTX_DAG_OWNER='ma7moud' AIRFLOW_CTX_DAG_ID='dbt_orchestrator' AIRFLOW_CTX_TASK_ID='dbt_run_dimensions.dbt_run_brand_dim' AIRFLOW_CTX_EXECUTION_DATE='2024-12-12T08:00:00+00:00' AIRFLOW_CTX_TRY_NUMBER='2' AIRFLOW_CTX_DAG_RUN_ID='scheduled__2024-12-12T08:00:00+00:00'
[2024-12-12T08:20:04.033+0000] {taskinstance.py:430} INFO - ::endgroup::
[2024-12-12T08:20:04.062+0000] {subprocess.py:63} INFO - Tmp dir root location: /tmp
[2024-12-12T08:20:04.063+0000] {subprocess.py:75} INFO - Running command: ['/usr/bin/bash', '-c', 'dbt run --profiles-dir /opt/***/dbt --project-dir /opt/***/dbt/ecommerce --models models/olap_model/dimensions/brand_dim']
[2024-12-12T08:20:04.088+0000] {subprocess.py:86} INFO - Output:
[2024-12-12T08:20:07.901+0000] {subprocess.py:93} INFO - [0m08:20:07  Running with dbt=1.8.0
[2024-12-12T08:20:08.221+0000] {subprocess.py:93} INFO - [0m08:20:08  [[33mWARNING[0m]: Deprecated functionality
[2024-12-12T08:20:08.221+0000] {subprocess.py:93} INFO - The `tests` config has been renamed to `data_tests`. Please see
[2024-12-12T08:20:08.221+0000] {subprocess.py:93} INFO - https://docs.getdbt.com/docs/build/data-tests#new-data_tests-syntax for more
[2024-12-12T08:20:08.223+0000] {subprocess.py:93} INFO - information.
[2024-12-12T08:20:08.544+0000] {subprocess.py:93} INFO - [0m08:20:08  Registered adapter: postgres=1.8.0
[2024-12-12T08:20:09.493+0000] {subprocess.py:93} INFO - [0m08:20:09  [[33mWARNING[0m]: Configuration paths exist in your dbt_project.yml file which do not apply to any resources.
[2024-12-12T08:20:09.494+0000] {subprocess.py:93} INFO - There are 2 unused configuration paths:
[2024-12-12T08:20:09.495+0000] {subprocess.py:93} INFO - - models.ecommerce.olap_model.fact
[2024-12-12T08:20:09.495+0000] {subprocess.py:93} INFO - - models.ecommerce.olap_model.dimensions
[2024-12-12T08:20:10.228+0000] {subprocess.py:93} INFO - [0m08:20:10  Found 15 models, 1 snapshot, 112 data tests, 12 sources, 430 macros
[2024-12-12T08:20:10.238+0000] {subprocess.py:93} INFO - [0m08:20:10  The selection criterion 'models/olap_model/dimensions/brand_dim' does not match any enabled nodes
[2024-12-12T08:20:10.242+0000] {subprocess.py:93} INFO - [0m08:20:10
[2024-12-12T08:20:10.246+0000] {subprocess.py:93} INFO - [0m08:20:10  Nothing to do. Try checking your model configs and model specification args
[2024-12-12T08:20:11.349+0000] {subprocess.py:97} INFO - Command exited with return code 0
[2024-12-12T08:20:11.350+0000] {taskinstance.py:441} INFO - ::group::Post task execution logs
[2024-12-12T08:20:11.380+0000] {taskinstance.py:1206} INFO - Marking task as SUCCESS. dag_id=dbt_orchestrator, task_id=dbt_run_dimensions.dbt_run_brand_dim, run_id=scheduled__2024-12-12T08:00:00+00:00, execution_date=20241212T080000, start_date=20241212T082003, end_date=20241212T082011
[2024-12-12T08:20:11.411+0000] {local_task_job_runner.py:240} INFO - Task exited with return code 0
[2024-12-12T08:20:11.442+0000] {taskinstance.py:3498} INFO - 0 downstream tasks scheduled from follow-on schedule check
[2024-12-12T08:20:11.444+0000] {local_task_job_runner.py:222} INFO - ::endgroup::
