[2024-12-12T08:50:14.360+0000] {local_task_job_runner.py:120} INFO - ::group::Pre task execution logs
[2024-12-12T08:50:14.418+0000] {taskinstance.py:2076} INFO - Dependencies all met for dep_context=non-requeueable deps ti=<TaskInstance: dbt_orchestrator.dbt_run_dimensions.dbt_run_brand_dim scheduled__2024-12-12T08:00:00+00:00 [queued]>
[2024-12-12T08:50:14.437+0000] {taskinstance.py:2076} INFO - Dependencies all met for dep_context=requeueable deps ti=<TaskInstance: dbt_orchestrator.dbt_run_dimensions.dbt_run_brand_dim scheduled__2024-12-12T08:00:00+00:00 [queued]>
[2024-12-12T08:50:14.437+0000] {taskinstance.py:2306} INFO - Starting attempt 7 of 7
[2024-12-12T08:50:14.460+0000] {taskinstance.py:2330} INFO - Executing <Task(BashOperator): dbt_run_dimensions.dbt_run_brand_dim> on 2024-12-12 08:00:00+00:00
[2024-12-12T08:50:14.470+0000] {standard_task_runner.py:63} INFO - Started process 1441 to run task
[2024-12-12T08:50:14.473+0000] {standard_task_runner.py:90} INFO - Running: ['***', 'tasks', 'run', 'dbt_orchestrator', 'dbt_run_dimensions.dbt_run_brand_dim', 'scheduled__2024-12-12T08:00:00+00:00', '--job-id', '311', '--raw', '--subdir', 'DAGS_FOLDER/pipeline.py', '--cfg-path', '/tmp/tmpdhvmsxud']
[2024-12-12T08:50:14.475+0000] {standard_task_runner.py:91} INFO - Job 311: Subtask dbt_run_dimensions.dbt_run_brand_dim
[2024-12-12T08:50:14.560+0000] {task_command.py:426} INFO - Running <TaskInstance: dbt_orchestrator.dbt_run_dimensions.dbt_run_brand_dim scheduled__2024-12-12T08:00:00+00:00 [running]> on host 34fdc836a0bb
[2024-12-12T08:50:14.714+0000] {taskinstance.py:2648} INFO - Exporting env vars: AIRFLOW_CTX_DAG_OWNER='ma7moud' AIRFLOW_CTX_DAG_ID='dbt_orchestrator' AIRFLOW_CTX_TASK_ID='dbt_run_dimensions.dbt_run_brand_dim' AIRFLOW_CTX_EXECUTION_DATE='2024-12-12T08:00:00+00:00' AIRFLOW_CTX_TRY_NUMBER='7' AIRFLOW_CTX_DAG_RUN_ID='scheduled__2024-12-12T08:00:00+00:00'
[2024-12-12T08:50:14.715+0000] {taskinstance.py:430} INFO - ::endgroup::
[2024-12-12T08:50:14.737+0000] {subprocess.py:63} INFO - Tmp dir root location: /tmp
[2024-12-12T08:50:14.738+0000] {subprocess.py:75} INFO - Running command: ['/usr/bin/bash', '-c', 'dbt run --profiles-dir /opt/***/dbt --project-dir /opt/***/dbt/ecommerce --models brand_dim']
[2024-12-12T08:50:14.758+0000] {subprocess.py:86} INFO - Output:
[2024-12-12T08:50:18.483+0000] {subprocess.py:93} INFO - [0m08:50:18  Running with dbt=1.8.0
[2024-12-12T08:50:18.876+0000] {subprocess.py:93} INFO - [0m08:50:18  [[33mWARNING[0m]: Deprecated functionality
[2024-12-12T08:50:18.877+0000] {subprocess.py:93} INFO - The `tests` config has been renamed to `data_tests`. Please see
[2024-12-12T08:50:18.878+0000] {subprocess.py:93} INFO - https://docs.getdbt.com/docs/build/data-tests#new-data_tests-syntax for more
[2024-12-12T08:50:18.878+0000] {subprocess.py:93} INFO - information.
[2024-12-12T08:50:19.241+0000] {subprocess.py:93} INFO - [0m08:50:19  Registered adapter: postgres=1.8.0
[2024-12-12T08:50:20.939+0000] {subprocess.py:93} INFO - [0m08:50:20  Found 15 models, 1 snapshot, 112 data tests, 12 sources, 430 macros
[2024-12-12T08:50:20.945+0000] {subprocess.py:93} INFO - [0m08:50:20
[2024-12-12T08:50:21.313+0000] {subprocess.py:93} INFO - [0m08:50:21  Concurrency: 3 threads (target='dev')
[2024-12-12T08:50:21.314+0000] {subprocess.py:93} INFO - [0m08:50:21
[2024-12-12T08:50:21.318+0000] {subprocess.py:93} INFO - [0m08:50:21  1 of 1 START sql incremental model oltp_dimensions.brand_dim ................... [RUN]
[2024-12-12T08:50:21.561+0000] {subprocess.py:93} INFO - [0m08:50:21  1 of 1 OK created sql incremental model oltp_dimensions.brand_dim .............. [[32mSELECT 10[0m in 0.24s]
[2024-12-12T08:50:21.586+0000] {subprocess.py:93} INFO - [0m08:50:21
[2024-12-12T08:50:21.587+0000] {subprocess.py:93} INFO - [0m08:50:21  Finished running 1 incremental model in 0 hours 0 minutes and 0.64 seconds (0.64s).
[2024-12-12T08:50:21.668+0000] {subprocess.py:93} INFO - [0m08:50:21
[2024-12-12T08:50:21.669+0000] {subprocess.py:93} INFO - [0m08:50:21  [32mCompleted successfully[0m
[2024-12-12T08:50:21.670+0000] {subprocess.py:93} INFO - [0m08:50:21
[2024-12-12T08:50:21.671+0000] {subprocess.py:93} INFO - [0m08:50:21  Done. PASS=1 WARN=0 ERROR=0 SKIP=0 TOTAL=1
[2024-12-12T08:50:22.754+0000] {subprocess.py:97} INFO - Command exited with return code 0
[2024-12-12T08:50:22.755+0000] {taskinstance.py:441} INFO - ::group::Post task execution logs
[2024-12-12T08:50:22.784+0000] {taskinstance.py:1206} INFO - Marking task as SUCCESS. dag_id=dbt_orchestrator, task_id=dbt_run_dimensions.dbt_run_brand_dim, run_id=scheduled__2024-12-12T08:00:00+00:00, execution_date=20241212T080000, start_date=20241212T085014, end_date=20241212T085022
[2024-12-12T08:50:22.817+0000] {local_task_job_runner.py:240} INFO - Task exited with return code 0
[2024-12-12T08:50:22.853+0000] {taskinstance.py:3498} INFO - 1 downstream tasks scheduled from follow-on schedule check
[2024-12-12T08:50:22.854+0000] {local_task_job_runner.py:222} INFO - ::endgroup::
