[2024-12-11T16:15:11.727+0000] {local_task_job_runner.py:120} INFO - ::group::Pre task execution logs
[2024-12-11T16:15:11.760+0000] {taskinstance.py:2076} INFO - Dependencies all met for dep_context=non-requeueable deps ti=<TaskInstance: dbt_orchestrator.dbt_run_staging.dbt_run_staging_model_yellow_trip scheduled__2024-12-11T16:00:00+00:00 [queued]>
[2024-12-11T16:15:11.770+0000] {taskinstance.py:2076} INFO - Dependencies all met for dep_context=requeueable deps ti=<TaskInstance: dbt_orchestrator.dbt_run_staging.dbt_run_staging_model_yellow_trip scheduled__2024-12-11T16:00:00+00:00 [queued]>
[2024-12-11T16:15:11.771+0000] {taskinstance.py:2306} INFO - Starting attempt 1 of 1
[2024-12-11T16:15:11.784+0000] {taskinstance.py:2330} INFO - Executing <Task(BashOperator): dbt_run_staging.dbt_run_staging_model_yellow_trip> on 2024-12-11 16:00:00+00:00
[2024-12-11T16:15:11.791+0000] {standard_task_runner.py:63} INFO - Started process 224 to run task
[2024-12-11T16:15:11.794+0000] {standard_task_runner.py:90} INFO - Running: ['***', 'tasks', 'run', 'dbt_orchestrator', 'dbt_run_staging.dbt_run_staging_model_yellow_trip', 'scheduled__2024-12-11T16:00:00+00:00', '--job-id', '33', '--raw', '--subdir', 'DAGS_FOLDER/pipeline.py', '--cfg-path', '/tmp/tmpy7__1_qw']
[2024-12-11T16:15:11.795+0000] {standard_task_runner.py:91} INFO - Job 33: Subtask dbt_run_staging.dbt_run_staging_model_yellow_trip
[2024-12-11T16:15:11.843+0000] {task_command.py:426} INFO - Running <TaskInstance: dbt_orchestrator.dbt_run_staging.dbt_run_staging_model_yellow_trip scheduled__2024-12-11T16:00:00+00:00 [running]> on host 49f8df2c9427
[2024-12-11T16:15:11.948+0000] {taskinstance.py:2648} INFO - Exporting env vars: AIRFLOW_CTX_DAG_OWNER='Mahmoud' AIRFLOW_CTX_DAG_ID='dbt_orchestrator' AIRFLOW_CTX_TASK_ID='dbt_run_staging.dbt_run_staging_model_yellow_trip' AIRFLOW_CTX_EXECUTION_DATE='2024-12-11T16:00:00+00:00' AIRFLOW_CTX_TRY_NUMBER='1' AIRFLOW_CTX_DAG_RUN_ID='scheduled__2024-12-11T16:00:00+00:00'
[2024-12-11T16:15:11.949+0000] {taskinstance.py:430} INFO - ::endgroup::
[2024-12-11T16:15:11.962+0000] {subprocess.py:63} INFO - Tmp dir root location: /tmp
[2024-12-11T16:15:11.963+0000] {subprocess.py:75} INFO - Running command: ['/usr/bin/bash', '-c', 'dbt run --profiles-dir /opt/***/dbt --project-dir /opt/***/dbt/ecommerce --models models/staging/yellow_trip']
[2024-12-11T16:15:11.974+0000] {subprocess.py:86} INFO - Output:
[2024-12-11T16:15:14.189+0000] {subprocess.py:93} INFO - [0m16:15:14  Running with dbt=1.8.0
[2024-12-11T16:15:14.378+0000] {subprocess.py:93} INFO - [0m16:15:14  [[33mWARNING[0m]: Deprecated functionality
[2024-12-11T16:15:14.379+0000] {subprocess.py:93} INFO - The `tests` config has been renamed to `data_tests`. Please see
[2024-12-11T16:15:14.379+0000] {subprocess.py:93} INFO - https://docs.getdbt.com/docs/build/data-tests#new-data_tests-syntax for more
[2024-12-11T16:15:14.379+0000] {subprocess.py:93} INFO - information.
[2024-12-11T16:15:14.564+0000] {subprocess.py:93} INFO - [0m16:15:14  Registered adapter: postgres=1.8.0
[2024-12-11T16:15:15.046+0000] {subprocess.py:93} INFO - [0m16:15:15  [[33mWARNING[0m]: Configuration paths exist in your dbt_project.yml file which do not apply to any resources.
[2024-12-11T16:15:15.046+0000] {subprocess.py:93} INFO - There are 2 unused configuration paths:
[2024-12-11T16:15:15.046+0000] {subprocess.py:93} INFO - - models.ecommerce.marts.dimensions
[2024-12-11T16:15:15.046+0000] {subprocess.py:93} INFO - - models.ecommerce.marts.fact
[2024-12-11T16:15:15.383+0000] {subprocess.py:93} INFO - [0m16:15:15  Found 15 models, 1 snapshot, 112 data tests, 12 sources, 430 macros
[2024-12-11T16:15:15.388+0000] {subprocess.py:93} INFO - [0m16:15:15  The selection criterion 'models/staging/yellow_trip' does not match any enabled nodes
[2024-12-11T16:15:15.390+0000] {subprocess.py:93} INFO - [0m16:15:15
[2024-12-11T16:15:15.391+0000] {subprocess.py:93} INFO - [0m16:15:15  Nothing to do. Try checking your model configs and model specification args
[2024-12-11T16:15:16.456+0000] {subprocess.py:97} INFO - Command exited with return code 0
[2024-12-11T16:15:16.458+0000] {taskinstance.py:441} INFO - ::group::Post task execution logs
[2024-12-11T16:15:16.495+0000] {taskinstance.py:1206} INFO - Marking task as SUCCESS. dag_id=dbt_orchestrator, task_id=dbt_run_staging.dbt_run_staging_model_yellow_trip, run_id=scheduled__2024-12-11T16:00:00+00:00, execution_date=20241211T160000, start_date=20241211T161511, end_date=20241211T161516
[2024-12-11T16:15:16.538+0000] {local_task_job_runner.py:240} INFO - Task exited with return code 0
[2024-12-11T16:15:16.566+0000] {taskinstance.py:3498} INFO - 0 downstream tasks scheduled from follow-on schedule check
[2024-12-11T16:15:16.568+0000] {local_task_job_runner.py:222} INFO - ::endgroup::
