[2024-12-12T08:10:26.947+0000] {local_task_job_runner.py:120} INFO - ::group::Pre task execution logs
[2024-12-12T08:10:26.969+0000] {taskinstance.py:2076} INFO - Dependencies all met for dep_context=non-requeueable deps ti=<TaskInstance: dbt_orchestrator.run_snapshot.dbt_snapshot manual__2024-12-12T08:05:08.618053+00:00 [queued]>
[2024-12-12T08:10:26.977+0000] {taskinstance.py:2076} INFO - Dependencies all met for dep_context=requeueable deps ti=<TaskInstance: dbt_orchestrator.run_snapshot.dbt_snapshot manual__2024-12-12T08:05:08.618053+00:00 [queued]>
[2024-12-12T08:10:26.978+0000] {taskinstance.py:2306} INFO - Starting attempt 2 of 2
[2024-12-12T08:10:26.989+0000] {taskinstance.py:2330} INFO - Executing <Task(BashOperator): run_snapshot.dbt_snapshot> on 2024-12-12 08:05:08.618053+00:00
[2024-12-12T08:10:26.996+0000] {standard_task_runner.py:63} INFO - Started process 294 to run task
[2024-12-12T08:10:26.999+0000] {standard_task_runner.py:90} INFO - Running: ['***', 'tasks', 'run', 'dbt_orchestrator', 'run_snapshot.dbt_snapshot', 'manual__2024-12-12T08:05:08.618053+00:00', '--job-id', '147', '--raw', '--subdir', 'DAGS_FOLDER/pipeline.py', '--cfg-path', '/tmp/tmpw0dry19x']
[2024-12-12T08:10:27.000+0000] {standard_task_runner.py:91} INFO - Job 147: Subtask run_snapshot.dbt_snapshot
[2024-12-12T08:10:27.047+0000] {task_command.py:426} INFO - Running <TaskInstance: dbt_orchestrator.run_snapshot.dbt_snapshot manual__2024-12-12T08:05:08.618053+00:00 [running]> on host 34fdc836a0bb
[2024-12-12T08:10:27.142+0000] {taskinstance.py:2648} INFO - Exporting env vars: AIRFLOW_CTX_DAG_OWNER='ma7moud' AIRFLOW_CTX_DAG_ID='dbt_orchestrator' AIRFLOW_CTX_TASK_ID='run_snapshot.dbt_snapshot' AIRFLOW_CTX_EXECUTION_DATE='2024-12-12T08:05:08.618053+00:00' AIRFLOW_CTX_TRY_NUMBER='2' AIRFLOW_CTX_DAG_RUN_ID='manual__2024-12-12T08:05:08.618053+00:00'
[2024-12-12T08:10:27.143+0000] {taskinstance.py:430} INFO - ::endgroup::
[2024-12-12T08:10:27.156+0000] {subprocess.py:63} INFO - Tmp dir root location: /tmp
[2024-12-12T08:10:27.157+0000] {subprocess.py:75} INFO - Running command: ['/usr/bin/bash', '-c', 'dbt snapshot --profiles-dir /opt/***/dbt --project-dir /opt/***/dbt/ecommerce']
[2024-12-12T08:10:27.169+0000] {subprocess.py:86} INFO - Output:
[2024-12-12T08:10:29.133+0000] {subprocess.py:93} INFO - [0m08:10:29  Running with dbt=1.8.0
[2024-12-12T08:10:29.290+0000] {subprocess.py:93} INFO - [0m08:10:29  [[33mWARNING[0m]: Deprecated functionality
[2024-12-12T08:10:29.290+0000] {subprocess.py:93} INFO - The `tests` config has been renamed to `data_tests`. Please see
[2024-12-12T08:10:29.290+0000] {subprocess.py:93} INFO - https://docs.getdbt.com/docs/build/data-tests#new-data_tests-syntax for more
[2024-12-12T08:10:29.291+0000] {subprocess.py:93} INFO - information.
[2024-12-12T08:10:29.457+0000] {subprocess.py:93} INFO - [0m08:10:29  Registered adapter: postgres=1.8.0
[2024-12-12T08:10:29.895+0000] {subprocess.py:93} INFO - [0m08:10:29  Unable to do partial parsing because of a version mismatch
[2024-12-12T08:10:32.290+0000] {subprocess.py:93} INFO - [0m08:10:32  [[33mWARNING[0m]: Configuration paths exist in your dbt_project.yml file which do not apply to any resources.
[2024-12-12T08:10:32.290+0000] {subprocess.py:93} INFO - There are 2 unused configuration paths:
[2024-12-12T08:10:32.291+0000] {subprocess.py:93} INFO - - models.ecommerce.fact
[2024-12-12T08:10:32.291+0000] {subprocess.py:93} INFO - - models.ecommerce.dimensions
[2024-12-12T08:10:32.533+0000] {subprocess.py:93} INFO - [0m08:10:32  Found 15 models, 1 snapshot, 112 data tests, 12 sources, 430 macros
[2024-12-12T08:10:32.540+0000] {subprocess.py:93} INFO - [0m08:10:32
[2024-12-12T08:10:32.840+0000] {subprocess.py:93} INFO - [0m08:10:32  Concurrency: 3 threads (target='dev')
[2024-12-12T08:10:32.841+0000] {subprocess.py:93} INFO - [0m08:10:32
[2024-12-12T08:10:32.846+0000] {subprocess.py:93} INFO - [0m08:10:32  1 of 1 START snapshot snapshots.CDC_product .................................... [RUN]
[2024-12-12T08:10:33.315+0000] {subprocess.py:93} INFO - [0m08:10:33  1 of 1 OK snapshotted snapshots.CDC_product .................................... [[32mINSERT 0 0[0m in 0.46s]
[2024-12-12T08:10:33.334+0000] {subprocess.py:93} INFO - [0m08:10:33
[2024-12-12T08:10:33.334+0000] {subprocess.py:93} INFO - [0m08:10:33  Finished running 1 snapshot in 0 hours 0 minutes and 0.79 seconds (0.79s).
[2024-12-12T08:10:33.427+0000] {subprocess.py:93} INFO - [0m08:10:33
[2024-12-12T08:10:33.428+0000] {subprocess.py:93} INFO - [0m08:10:33  [32mCompleted successfully[0m
[2024-12-12T08:10:33.428+0000] {subprocess.py:93} INFO - [0m08:10:33
[2024-12-12T08:10:33.429+0000] {subprocess.py:93} INFO - [0m08:10:33  Done. PASS=1 WARN=0 ERROR=0 SKIP=0 TOTAL=1
[2024-12-12T08:10:34.374+0000] {subprocess.py:97} INFO - Command exited with return code 0
[2024-12-12T08:10:34.375+0000] {taskinstance.py:441} INFO - ::group::Post task execution logs
[2024-12-12T08:10:34.401+0000] {taskinstance.py:1206} INFO - Marking task as SUCCESS. dag_id=dbt_orchestrator, task_id=run_snapshot.dbt_snapshot, run_id=manual__2024-12-12T08:05:08.618053+00:00, execution_date=20241212T080508, start_date=20241212T081026, end_date=20241212T081034
[2024-12-12T08:10:34.426+0000] {local_task_job_runner.py:240} INFO - Task exited with return code 0
[2024-12-12T08:10:34.481+0000] {taskinstance.py:3498} INFO - 8 downstream tasks scheduled from follow-on schedule check
[2024-12-12T08:10:34.483+0000] {local_task_job_runner.py:222} INFO - ::endgroup::
