[2024-12-12T08:07:00.720+0000] {local_task_job_runner.py:120} INFO - ::group::Pre task execution logs
[2024-12-12T08:07:00.743+0000] {taskinstance.py:2076} INFO - Dependencies all met for dep_context=non-requeueable deps ti=<TaskInstance: dbt_orchestrator.run_snapshot.dbt_snapshot manual__2024-12-12T08:05:08.618053+00:00 [queued]>
[2024-12-12T08:07:00.750+0000] {taskinstance.py:2076} INFO - Dependencies all met for dep_context=requeueable deps ti=<TaskInstance: dbt_orchestrator.run_snapshot.dbt_snapshot manual__2024-12-12T08:05:08.618053+00:00 [queued]>
[2024-12-12T08:07:00.751+0000] {taskinstance.py:2306} INFO - Starting attempt 1 of 1
[2024-12-12T08:07:00.792+0000] {taskinstance.py:2330} INFO - Executing <Task(BashOperator): run_snapshot.dbt_snapshot> on 2024-12-12 08:05:08.618053+00:00
[2024-12-12T08:07:00.798+0000] {standard_task_runner.py:63} INFO - Started process 63 to run task
[2024-12-12T08:07:00.801+0000] {standard_task_runner.py:90} INFO - Running: ['***', 'tasks', 'run', 'dbt_orchestrator', 'run_snapshot.dbt_snapshot', 'manual__2024-12-12T08:05:08.618053+00:00', '--job-id', '111', '--raw', '--subdir', 'DAGS_FOLDER/pipeline.py', '--cfg-path', '/tmp/tmpjpsxpcl9']
[2024-12-12T08:07:00.802+0000] {standard_task_runner.py:91} INFO - Job 111: Subtask run_snapshot.dbt_snapshot
[2024-12-12T08:07:00.877+0000] {task_command.py:426} INFO - Running <TaskInstance: dbt_orchestrator.run_snapshot.dbt_snapshot manual__2024-12-12T08:05:08.618053+00:00 [running]> on host 34fdc836a0bb
[2024-12-12T08:07:01.113+0000] {taskinstance.py:2648} INFO - Exporting env vars: AIRFLOW_CTX_DAG_OWNER='ma7moud' AIRFLOW_CTX_DAG_ID='dbt_orchestrator' AIRFLOW_CTX_TASK_ID='run_snapshot.dbt_snapshot' AIRFLOW_CTX_EXECUTION_DATE='2024-12-12T08:05:08.618053+00:00' AIRFLOW_CTX_TRY_NUMBER='1' AIRFLOW_CTX_DAG_RUN_ID='manual__2024-12-12T08:05:08.618053+00:00'
[2024-12-12T08:07:01.114+0000] {taskinstance.py:430} INFO - ::endgroup::
[2024-12-12T08:07:01.125+0000] {subprocess.py:63} INFO - Tmp dir root location: /tmp
[2024-12-12T08:07:01.125+0000] {subprocess.py:75} INFO - Running command: ['/usr/bin/bash', '-c', 'dbt snapshot --profiles-dir /opt/***/dbt --project-dir /opt/***/dbt/ecommerce']
[2024-12-12T08:07:01.137+0000] {subprocess.py:86} INFO - Output:
[2024-12-12T08:07:03.195+0000] {subprocess.py:93} INFO - [0m08:07:03  Running with dbt=1.8.0
[2024-12-12T08:07:03.339+0000] {subprocess.py:93} INFO - [0m08:07:03  [[33mWARNING[0m]: Deprecated functionality
[2024-12-12T08:07:03.340+0000] {subprocess.py:93} INFO - The `tests` config has been renamed to `data_tests`. Please see
[2024-12-12T08:07:03.340+0000] {subprocess.py:93} INFO - https://docs.getdbt.com/docs/build/data-tests#new-data_tests-syntax for more
[2024-12-12T08:07:03.340+0000] {subprocess.py:93} INFO - information.
[2024-12-12T08:07:03.521+0000] {subprocess.py:93} INFO - [0m08:07:03  Registered adapter: postgres=1.8.0
[2024-12-12T08:07:03.936+0000] {subprocess.py:93} INFO - [0m08:07:03  Unable to do partial parsing because of a version mismatch
[2024-12-12T08:07:06.714+0000] {subprocess.py:93} INFO - [0m08:07:06  [[33mWARNING[0m]: Configuration paths exist in your dbt_project.yml file which do not apply to any resources.
[2024-12-12T08:07:06.715+0000] {subprocess.py:93} INFO - There are 2 unused configuration paths:
[2024-12-12T08:07:06.715+0000] {subprocess.py:93} INFO - - models.ecommerce.staging.dimensions
[2024-12-12T08:07:06.715+0000] {subprocess.py:93} INFO - - models.ecommerce.staging.fact
[2024-12-12T08:07:07.023+0000] {subprocess.py:93} INFO - [0m08:07:07  Found 15 models, 1 snapshot, 112 data tests, 12 sources, 430 macros
[2024-12-12T08:07:07.031+0000] {subprocess.py:93} INFO - [0m08:07:07
[2024-12-12T08:07:07.437+0000] {subprocess.py:93} INFO - [0m08:07:07  Concurrency: 3 threads (target='dev')
[2024-12-12T08:07:07.438+0000] {subprocess.py:93} INFO - [0m08:07:07
[2024-12-12T08:07:07.445+0000] {subprocess.py:93} INFO - [0m08:07:07  1 of 1 START snapshot snapshots.CDC_product .................................... [RUN]
[2024-12-12T08:07:07.918+0000] {subprocess.py:93} INFO - [0m08:07:07  1 of 1 OK snapshotted snapshots.CDC_product .................................... [[32mINSERT 0 0[0m in 0.47s]
[2024-12-12T08:07:07.934+0000] {subprocess.py:93} INFO - [0m08:07:07
[2024-12-12T08:07:07.935+0000] {subprocess.py:93} INFO - [0m08:07:07  Finished running 1 snapshot in 0 hours 0 minutes and 0.90 seconds (0.90s).
[2024-12-12T08:07:08.023+0000] {subprocess.py:93} INFO - [0m08:07:08
[2024-12-12T08:07:08.025+0000] {subprocess.py:93} INFO - [0m08:07:08  [32mCompleted successfully[0m
[2024-12-12T08:07:08.025+0000] {subprocess.py:93} INFO - [0m08:07:08
[2024-12-12T08:07:08.026+0000] {subprocess.py:93} INFO - [0m08:07:08  Done. PASS=1 WARN=0 ERROR=0 SKIP=0 TOTAL=1
[2024-12-12T08:07:08.991+0000] {subprocess.py:97} INFO - Command exited with return code 0
[2024-12-12T08:07:08.992+0000] {taskinstance.py:441} INFO - ::group::Post task execution logs
[2024-12-12T08:07:09.019+0000] {taskinstance.py:1206} INFO - Marking task as SUCCESS. dag_id=dbt_orchestrator, task_id=run_snapshot.dbt_snapshot, run_id=manual__2024-12-12T08:05:08.618053+00:00, execution_date=20241212T080508, start_date=20241212T080700, end_date=20241212T080709
[2024-12-12T08:07:09.073+0000] {local_task_job_runner.py:240} INFO - Task exited with return code 0
[2024-12-12T08:07:09.118+0000] {taskinstance.py:3498} INFO - 8 downstream tasks scheduled from follow-on schedule check
[2024-12-12T08:07:09.120+0000] {local_task_job_runner.py:222} INFO - ::endgroup::
