[2024-12-12T08:17:05.933+0000] {local_task_job_runner.py:120} INFO - ::group::Pre task execution logs
[2024-12-12T08:17:05.957+0000] {taskinstance.py:2076} INFO - Dependencies all met for dep_context=non-requeueable deps ti=<TaskInstance: dbt_orchestrator.run_snapshot.dbt_snapshot manual__2024-12-12T08:05:08.618053+00:00 [queued]>
[2024-12-12T08:17:05.964+0000] {taskinstance.py:2076} INFO - Dependencies all met for dep_context=requeueable deps ti=<TaskInstance: dbt_orchestrator.run_snapshot.dbt_snapshot manual__2024-12-12T08:05:08.618053+00:00 [queued]>
[2024-12-12T08:17:05.964+0000] {taskinstance.py:2306} INFO - Starting attempt 4 of 4
[2024-12-12T08:17:05.977+0000] {taskinstance.py:2330} INFO - Executing <Task(BashOperator): run_snapshot.dbt_snapshot> on 2024-12-12 08:05:08.618053+00:00
[2024-12-12T08:17:05.983+0000] {standard_task_runner.py:63} INFO - Started process 428 to run task
[2024-12-12T08:17:05.985+0000] {standard_task_runner.py:90} INFO - Running: ['***', 'tasks', 'run', 'dbt_orchestrator', 'run_snapshot.dbt_snapshot', 'manual__2024-12-12T08:05:08.618053+00:00', '--job-id', '168', '--raw', '--subdir', 'DAGS_FOLDER/pipeline.py', '--cfg-path', '/tmp/tmp_rptnj97']
[2024-12-12T08:17:05.987+0000] {standard_task_runner.py:91} INFO - Job 168: Subtask run_snapshot.dbt_snapshot
[2024-12-12T08:17:06.030+0000] {task_command.py:426} INFO - Running <TaskInstance: dbt_orchestrator.run_snapshot.dbt_snapshot manual__2024-12-12T08:05:08.618053+00:00 [running]> on host 34fdc836a0bb
[2024-12-12T08:17:06.120+0000] {taskinstance.py:2648} INFO - Exporting env vars: AIRFLOW_CTX_DAG_OWNER='ma7moud' AIRFLOW_CTX_DAG_ID='dbt_orchestrator' AIRFLOW_CTX_TASK_ID='run_snapshot.dbt_snapshot' AIRFLOW_CTX_EXECUTION_DATE='2024-12-12T08:05:08.618053+00:00' AIRFLOW_CTX_TRY_NUMBER='4' AIRFLOW_CTX_DAG_RUN_ID='manual__2024-12-12T08:05:08.618053+00:00'
[2024-12-12T08:17:06.121+0000] {taskinstance.py:430} INFO - ::endgroup::
[2024-12-12T08:17:06.134+0000] {subprocess.py:63} INFO - Tmp dir root location: /tmp
[2024-12-12T08:17:06.134+0000] {subprocess.py:75} INFO - Running command: ['/usr/bin/bash', '-c', 'dbt snapshot --profiles-dir /opt/***/dbt --project-dir /opt/***/dbt/ecommerce']
[2024-12-12T08:17:06.148+0000] {subprocess.py:86} INFO - Output:
[2024-12-12T08:17:08.046+0000] {subprocess.py:93} INFO - [0m08:17:08  Running with dbt=1.8.0
[2024-12-12T08:17:08.189+0000] {subprocess.py:93} INFO - [0m08:17:08  [[33mWARNING[0m]: Deprecated functionality
[2024-12-12T08:17:08.189+0000] {subprocess.py:93} INFO - The `tests` config has been renamed to `data_tests`. Please see
[2024-12-12T08:17:08.189+0000] {subprocess.py:93} INFO - https://docs.getdbt.com/docs/build/data-tests#new-data_tests-syntax for more
[2024-12-12T08:17:08.190+0000] {subprocess.py:93} INFO - information.
[2024-12-12T08:17:08.351+0000] {subprocess.py:93} INFO - [0m08:17:08  Registered adapter: postgres=1.8.0
[2024-12-12T08:17:08.825+0000] {subprocess.py:93} INFO - [0m08:17:08  Unable to do partial parsing because of a version mismatch
[2024-12-12T08:17:11.100+0000] {subprocess.py:93} INFO - [0m08:17:11  [[33mWARNING[0m]: Configuration paths exist in your dbt_project.yml file which do not apply to any resources.
[2024-12-12T08:17:11.101+0000] {subprocess.py:93} INFO - There are 2 unused configuration paths:
[2024-12-12T08:17:11.101+0000] {subprocess.py:93} INFO - - models.ecommerce.staging.dimensions
[2024-12-12T08:17:11.101+0000] {subprocess.py:93} INFO - - models.ecommerce.staging.fact
[2024-12-12T08:17:11.337+0000] {subprocess.py:93} INFO - [0m08:17:11  Found 15 models, 1 snapshot, 112 data tests, 12 sources, 430 macros
[2024-12-12T08:17:11.341+0000] {subprocess.py:93} INFO - [0m08:17:11
[2024-12-12T08:17:11.610+0000] {subprocess.py:93} INFO - [0m08:17:11  Concurrency: 3 threads (target='dev')
[2024-12-12T08:17:11.610+0000] {subprocess.py:93} INFO - [0m08:17:11
[2024-12-12T08:17:11.614+0000] {subprocess.py:93} INFO - [0m08:17:11  1 of 1 START snapshot snapshots.CDC_product .................................... [RUN]
[2024-12-12T08:17:11.918+0000] {subprocess.py:93} INFO - [0m08:17:11  1 of 1 OK snapshotted snapshots.CDC_product .................................... [[32mINSERT 0 0[0m in 0.30s]
[2024-12-12T08:17:11.932+0000] {subprocess.py:93} INFO - [0m08:17:11
[2024-12-12T08:17:11.932+0000] {subprocess.py:93} INFO - [0m08:17:11  Finished running 1 snapshot in 0 hours 0 minutes and 0.59 seconds (0.59s).
[2024-12-12T08:17:12.005+0000] {subprocess.py:93} INFO - [0m08:17:12
[2024-12-12T08:17:12.005+0000] {subprocess.py:93} INFO - [0m08:17:12  [32mCompleted successfully[0m
[2024-12-12T08:17:12.006+0000] {subprocess.py:93} INFO - [0m08:17:12
[2024-12-12T08:17:12.006+0000] {subprocess.py:93} INFO - [0m08:17:12  Done. PASS=1 WARN=0 ERROR=0 SKIP=0 TOTAL=1
[2024-12-12T08:17:13.058+0000] {subprocess.py:97} INFO - Command exited with return code 0
[2024-12-12T08:17:13.059+0000] {taskinstance.py:441} INFO - ::group::Post task execution logs
[2024-12-12T08:17:13.083+0000] {taskinstance.py:1206} INFO - Marking task as SUCCESS. dag_id=dbt_orchestrator, task_id=run_snapshot.dbt_snapshot, run_id=manual__2024-12-12T08:05:08.618053+00:00, execution_date=20241212T080508, start_date=20241212T081705, end_date=20241212T081713
[2024-12-12T08:17:13.131+0000] {local_task_job_runner.py:240} INFO - Task exited with return code 0
[2024-12-12T08:17:13.167+0000] {taskinstance.py:3498} INFO - 8 downstream tasks scheduled from follow-on schedule check
[2024-12-12T08:17:13.169+0000] {local_task_job_runner.py:222} INFO - ::endgroup::
