[2024-12-12T08:32:19.934+0000] {local_task_job_runner.py:120} INFO - ::group::Pre task execution logs
[2024-12-12T08:32:19.975+0000] {taskinstance.py:2076} INFO - Dependencies all met for dep_context=non-requeueable deps ti=<TaskInstance: dbt_orchestrator.dbt_run_dimensions.dbt_run_date_dim scheduled__2024-12-12T08:00:00+00:00 [queued]>
[2024-12-12T08:32:19.987+0000] {taskinstance.py:2076} INFO - Dependencies all met for dep_context=requeueable deps ti=<TaskInstance: dbt_orchestrator.dbt_run_dimensions.dbt_run_date_dim scheduled__2024-12-12T08:00:00+00:00 [queued]>
[2024-12-12T08:32:19.988+0000] {taskinstance.py:2306} INFO - Starting attempt 4 of 4
[2024-12-12T08:32:20.005+0000] {taskinstance.py:2330} INFO - Executing <Task(BashOperator): dbt_run_dimensions.dbt_run_date_dim> on 2024-12-12 08:00:00+00:00
[2024-12-12T08:32:20.013+0000] {standard_task_runner.py:63} INFO - Started process 1087 to run task
[2024-12-12T08:32:20.017+0000] {standard_task_runner.py:90} INFO - Running: ['***', 'tasks', 'run', 'dbt_orchestrator', 'dbt_run_dimensions.dbt_run_date_dim', 'scheduled__2024-12-12T08:00:00+00:00', '--job-id', '256', '--raw', '--subdir', 'DAGS_FOLDER/pipeline.py', '--cfg-path', '/tmp/tmp45n02438']
[2024-12-12T08:32:20.018+0000] {standard_task_runner.py:91} INFO - Job 256: Subtask dbt_run_dimensions.dbt_run_date_dim
[2024-12-12T08:32:20.092+0000] {task_command.py:426} INFO - Running <TaskInstance: dbt_orchestrator.dbt_run_dimensions.dbt_run_date_dim scheduled__2024-12-12T08:00:00+00:00 [running]> on host 34fdc836a0bb
[2024-12-12T08:32:20.236+0000] {taskinstance.py:2648} INFO - Exporting env vars: AIRFLOW_CTX_DAG_OWNER='ma7moud' AIRFLOW_CTX_DAG_ID='dbt_orchestrator' AIRFLOW_CTX_TASK_ID='dbt_run_dimensions.dbt_run_date_dim' AIRFLOW_CTX_EXECUTION_DATE='2024-12-12T08:00:00+00:00' AIRFLOW_CTX_TRY_NUMBER='4' AIRFLOW_CTX_DAG_RUN_ID='scheduled__2024-12-12T08:00:00+00:00'
[2024-12-12T08:32:20.237+0000] {taskinstance.py:430} INFO - ::endgroup::
[2024-12-12T08:32:20.255+0000] {subprocess.py:63} INFO - Tmp dir root location: /tmp
[2024-12-12T08:32:20.256+0000] {subprocess.py:75} INFO - Running command: ['/usr/bin/bash', '-c', 'dbt run --profiles-dir /opt/***/dbt --project-dir /opt/***/dbt/ecommerce --models models/olap_model/dimensions/date_dim']
[2024-12-12T08:32:20.271+0000] {subprocess.py:86} INFO - Output:
[2024-12-12T08:32:23.257+0000] {subprocess.py:93} INFO - [0m08:32:23  Running with dbt=1.8.0
[2024-12-12T08:32:23.543+0000] {subprocess.py:93} INFO - [0m08:32:23  [[33mWARNING[0m]: Deprecated functionality
[2024-12-12T08:32:23.544+0000] {subprocess.py:93} INFO - The `tests` config has been renamed to `data_tests`. Please see
[2024-12-12T08:32:23.544+0000] {subprocess.py:93} INFO - https://docs.getdbt.com/docs/build/data-tests#new-data_tests-syntax for more
[2024-12-12T08:32:23.544+0000] {subprocess.py:93} INFO - information.
[2024-12-12T08:32:23.815+0000] {subprocess.py:93} INFO - [0m08:32:23  Registered adapter: postgres=1.8.0
[2024-12-12T08:32:26.107+0000] {subprocess.py:93} INFO - [0m08:32:26  Found 15 models, 1 snapshot, 112 data tests, 12 sources, 430 macros
[2024-12-12T08:32:26.117+0000] {subprocess.py:93} INFO - [0m08:32:26  The selection criterion 'models/olap_model/dimensions/date_dim' does not match any enabled nodes
[2024-12-12T08:32:26.122+0000] {subprocess.py:93} INFO - [0m08:32:26
[2024-12-12T08:32:26.122+0000] {subprocess.py:93} INFO - [0m08:32:26  Nothing to do. Try checking your model configs and model specification args
[2024-12-12T08:32:27.481+0000] {subprocess.py:97} INFO - Command exited with return code 0
[2024-12-12T08:32:27.483+0000] {taskinstance.py:441} INFO - ::group::Post task execution logs
[2024-12-12T08:32:27.534+0000] {taskinstance.py:1206} INFO - Marking task as SUCCESS. dag_id=dbt_orchestrator, task_id=dbt_run_dimensions.dbt_run_date_dim, run_id=scheduled__2024-12-12T08:00:00+00:00, execution_date=20241212T080000, start_date=20241212T083219, end_date=20241212T083227
[2024-12-12T08:32:27.582+0000] {local_task_job_runner.py:240} INFO - Task exited with return code 0
[2024-12-12T08:32:27.618+0000] {taskinstance.py:3498} INFO - 0 downstream tasks scheduled from follow-on schedule check
[2024-12-12T08:32:27.620+0000] {local_task_job_runner.py:222} INFO - ::endgroup::
