[2024-12-12T08:59:30.172+0000] {local_task_job_runner.py:120} INFO - ::group::Pre task execution logs
[2024-12-12T08:59:30.225+0000] {taskinstance.py:2076} INFO - Dependencies all met for dep_context=non-requeueable deps ti=<TaskInstance: dbt_orchestrator.dbt_run_staging.dbt_run_data_dim manual__2024-12-12T08:59:17.259219+00:00 [queued]>
[2024-12-12T08:59:30.243+0000] {taskinstance.py:2076} INFO - Dependencies all met for dep_context=requeueable deps ti=<TaskInstance: dbt_orchestrator.dbt_run_staging.dbt_run_data_dim manual__2024-12-12T08:59:17.259219+00:00 [queued]>
[2024-12-12T08:59:30.244+0000] {taskinstance.py:2306} INFO - Starting attempt 1 of 1
[2024-12-12T08:59:30.283+0000] {taskinstance.py:2330} INFO - Executing <Task(BashOperator): dbt_run_staging.dbt_run_data_dim> on 2024-12-12 08:59:17.259219+00:00
[2024-12-12T08:59:30.302+0000] {standard_task_runner.py:63} INFO - Started process 2074 to run task
[2024-12-12T08:59:30.314+0000] {standard_task_runner.py:90} INFO - Running: ['***', 'tasks', 'run', 'dbt_orchestrator', 'dbt_run_staging.dbt_run_data_dim', 'manual__2024-12-12T08:59:17.259219+00:00', '--job-id', '362', '--raw', '--subdir', 'DAGS_FOLDER/pipeline.py', '--cfg-path', '/tmp/tmp_exdlbpa']
[2024-12-12T08:59:30.322+0000] {standard_task_runner.py:91} INFO - Job 362: Subtask dbt_run_staging.dbt_run_data_dim
[2024-12-12T08:59:30.443+0000] {task_command.py:426} INFO - Running <TaskInstance: dbt_orchestrator.dbt_run_staging.dbt_run_data_dim manual__2024-12-12T08:59:17.259219+00:00 [running]> on host 34fdc836a0bb
[2024-12-12T08:59:30.665+0000] {taskinstance.py:2648} INFO - Exporting env vars: AIRFLOW_CTX_DAG_OWNER='ma7moud' AIRFLOW_CTX_DAG_ID='dbt_orchestrator' AIRFLOW_CTX_TASK_ID='dbt_run_staging.dbt_run_data_dim' AIRFLOW_CTX_EXECUTION_DATE='2024-12-12T08:59:17.259219+00:00' AIRFLOW_CTX_TRY_NUMBER='1' AIRFLOW_CTX_DAG_RUN_ID='manual__2024-12-12T08:59:17.259219+00:00'
[2024-12-12T08:59:30.667+0000] {taskinstance.py:430} INFO - ::endgroup::
[2024-12-12T08:59:30.726+0000] {subprocess.py:63} INFO - Tmp dir root location: /tmp
[2024-12-12T08:59:30.732+0000] {subprocess.py:75} INFO - Running command: ['/usr/bin/bash', '-c', 'dbt run --profiles-dir /opt/***/dbt --project-dir /opt/***/dbt/ecommerce --models data_dim']
[2024-12-12T08:59:30.774+0000] {subprocess.py:86} INFO - Output:
[2024-12-12T08:59:36.208+0000] {subprocess.py:93} INFO - [0m08:59:36  Running with dbt=1.8.0
[2024-12-12T08:59:36.576+0000] {subprocess.py:93} INFO - [0m08:59:36  [[33mWARNING[0m]: Deprecated functionality
[2024-12-12T08:59:36.577+0000] {subprocess.py:93} INFO - The `tests` config has been renamed to `data_tests`. Please see
[2024-12-12T08:59:36.577+0000] {subprocess.py:93} INFO - https://docs.getdbt.com/docs/build/data-tests#new-data_tests-syntax for more
[2024-12-12T08:59:36.578+0000] {subprocess.py:93} INFO - information.
[2024-12-12T08:59:36.955+0000] {subprocess.py:93} INFO - [0m08:59:36  Registered adapter: postgres=1.8.0
[2024-12-12T08:59:39.981+0000] {subprocess.py:93} INFO - [0m08:59:39  Found 15 models, 1 snapshot, 112 data tests, 12 sources, 430 macros
[2024-12-12T08:59:39.997+0000] {subprocess.py:93} INFO - [0m08:59:39
[2024-12-12T08:59:41.107+0000] {subprocess.py:93} INFO - [0m08:59:41  Concurrency: 3 threads (target='dev')
[2024-12-12T08:59:41.111+0000] {subprocess.py:93} INFO - [0m08:59:41
[2024-12-12T08:59:41.129+0000] {subprocess.py:93} INFO - [0m08:59:41  1 of 1 START sql incremental model oltp.data_dim ............................... [RUN]
[2024-12-12T08:59:41.659+0000] {subprocess.py:93} INFO - [0m08:59:41  1 of 1 OK created sql incremental model oltp.data_dim .......................... [[32mINSERT 0 402[0m in 0.52s]
[2024-12-12T08:59:41.684+0000] {subprocess.py:93} INFO - [0m08:59:41
[2024-12-12T08:59:41.685+0000] {subprocess.py:93} INFO - [0m08:59:41  Finished running 1 incremental model in 0 hours 0 minutes and 1.68 seconds (1.68s).
[2024-12-12T08:59:41.790+0000] {subprocess.py:93} INFO - [0m08:59:41
[2024-12-12T08:59:41.791+0000] {subprocess.py:93} INFO - [0m08:59:41  [32mCompleted successfully[0m
[2024-12-12T08:59:41.792+0000] {subprocess.py:93} INFO - [0m08:59:41
[2024-12-12T08:59:41.793+0000] {subprocess.py:93} INFO - [0m08:59:41  Done. PASS=1 WARN=0 ERROR=0 SKIP=0 TOTAL=1
[2024-12-12T08:59:43.014+0000] {subprocess.py:97} INFO - Command exited with return code 0
[2024-12-12T08:59:43.015+0000] {taskinstance.py:441} INFO - ::group::Post task execution logs
[2024-12-12T08:59:43.054+0000] {taskinstance.py:1206} INFO - Marking task as SUCCESS. dag_id=dbt_orchestrator, task_id=dbt_run_staging.dbt_run_data_dim, run_id=manual__2024-12-12T08:59:17.259219+00:00, execution_date=20241212T085917, start_date=20241212T085930, end_date=20241212T085943
[2024-12-12T08:59:43.097+0000] {local_task_job_runner.py:240} INFO - Task exited with return code 0
[2024-12-12T08:59:43.107+0000] {local_task_job_runner.py:222} INFO - ::endgroup::
