[2024-12-12T09:30:34.606+0000] {local_task_job_runner.py:120} INFO - ::group::Pre task execution logs
[2024-12-12T09:30:34.630+0000] {taskinstance.py:2076} INFO - Dependencies all met for dep_context=non-requeueable deps ti=<TaskInstance: dbt_orchestrator.dbt_run_fact.dbt_run_fact_model_fact_sales scheduled__2024-12-12T09:15:00+00:00 [queued]>
[2024-12-12T09:30:34.639+0000] {taskinstance.py:2076} INFO - Dependencies all met for dep_context=requeueable deps ti=<TaskInstance: dbt_orchestrator.dbt_run_fact.dbt_run_fact_model_fact_sales scheduled__2024-12-12T09:15:00+00:00 [queued]>
[2024-12-12T09:30:34.640+0000] {taskinstance.py:2306} INFO - Starting attempt 1 of 1
[2024-12-12T09:30:34.653+0000] {taskinstance.py:2330} INFO - Executing <Task(BashOperator): dbt_run_fact.dbt_run_fact_model_fact_sales> on 2024-12-12 09:15:00+00:00
[2024-12-12T09:30:34.660+0000] {standard_task_runner.py:63} INFO - Started process 3667 to run task
[2024-12-12T09:30:34.662+0000] {standard_task_runner.py:90} INFO - Running: ['***', 'tasks', 'run', 'dbt_orchestrator', 'dbt_run_fact.dbt_run_fact_model_fact_sales', 'scheduled__2024-12-12T09:15:00+00:00', '--job-id', '465', '--raw', '--subdir', 'DAGS_FOLDER/pipeline.py', '--cfg-path', '/tmp/tmprz2r2x4j']
[2024-12-12T09:30:34.664+0000] {standard_task_runner.py:91} INFO - Job 465: Subtask dbt_run_fact.dbt_run_fact_model_fact_sales
[2024-12-12T09:30:34.716+0000] {task_command.py:426} INFO - Running <TaskInstance: dbt_orchestrator.dbt_run_fact.dbt_run_fact_model_fact_sales scheduled__2024-12-12T09:15:00+00:00 [running]> on host 34fdc836a0bb
[2024-12-12T09:30:34.802+0000] {taskinstance.py:2648} INFO - Exporting env vars: AIRFLOW_CTX_DAG_OWNER='ma7moud' AIRFLOW_CTX_DAG_ID='dbt_orchestrator' AIRFLOW_CTX_TASK_ID='dbt_run_fact.dbt_run_fact_model_fact_sales' AIRFLOW_CTX_EXECUTION_DATE='2024-12-12T09:15:00+00:00' AIRFLOW_CTX_TRY_NUMBER='1' AIRFLOW_CTX_DAG_RUN_ID='scheduled__2024-12-12T09:15:00+00:00'
[2024-12-12T09:30:34.803+0000] {taskinstance.py:430} INFO - ::endgroup::
[2024-12-12T09:30:34.815+0000] {subprocess.py:63} INFO - Tmp dir root location: /tmp
[2024-12-12T09:30:34.815+0000] {subprocess.py:75} INFO - Running command: ['/usr/bin/bash', '-c', 'dbt run --profiles-dir /opt/***/dbt --project-dir /opt/***/dbt/ecommerce --models fact_sales']
[2024-12-12T09:30:34.830+0000] {subprocess.py:86} INFO - Output:
[2024-12-12T09:30:36.720+0000] {subprocess.py:93} INFO - [0m09:30:36  Running with dbt=1.8.0
[2024-12-12T09:30:36.869+0000] {subprocess.py:93} INFO - [0m09:30:36  [[33mWARNING[0m]: Deprecated functionality
[2024-12-12T09:30:36.870+0000] {subprocess.py:93} INFO - The `tests` config has been renamed to `data_tests`. Please see
[2024-12-12T09:30:36.870+0000] {subprocess.py:93} INFO - https://docs.getdbt.com/docs/build/data-tests#new-data_tests-syntax for more
[2024-12-12T09:30:36.870+0000] {subprocess.py:93} INFO - information.
[2024-12-12T09:30:37.030+0000] {subprocess.py:93} INFO - [0m09:30:37  Registered adapter: postgres=1.8.0
[2024-12-12T09:30:37.819+0000] {subprocess.py:93} INFO - [0m09:30:37  Found 15 models, 1 snapshot, 111 data tests, 12 sources, 430 macros
[2024-12-12T09:30:37.823+0000] {subprocess.py:93} INFO - [0m09:30:37
[2024-12-12T09:30:38.062+0000] {subprocess.py:93} INFO - [0m09:30:38  Concurrency: 3 threads (target='dev')
[2024-12-12T09:30:38.062+0000] {subprocess.py:93} INFO - [0m09:30:38
[2024-12-12T09:30:38.066+0000] {subprocess.py:93} INFO - [0m09:30:38  1 of 1 START sql incremental model olap_model.fact_sales ....................... [RUN]
[2024-12-12T09:30:38.322+0000] {subprocess.py:93} INFO - [0m09:30:38  1 of 1 OK created sql incremental model olap_model.fact_sales .................. [[32mINSERT 0 1294[0m in 0.25s]
[2024-12-12T09:30:38.340+0000] {subprocess.py:93} INFO - [0m09:30:38
[2024-12-12T09:30:38.341+0000] {subprocess.py:93} INFO - [0m09:30:38  Finished running 1 incremental model in 0 hours 0 minutes and 0.52 seconds (0.52s).
[2024-12-12T09:30:38.420+0000] {subprocess.py:93} INFO - [0m09:30:38
[2024-12-12T09:30:38.420+0000] {subprocess.py:93} INFO - [0m09:30:38  [32mCompleted successfully[0m
[2024-12-12T09:30:38.421+0000] {subprocess.py:93} INFO - [0m09:30:38
[2024-12-12T09:30:38.422+0000] {subprocess.py:93} INFO - [0m09:30:38  Done. PASS=1 WARN=0 ERROR=0 SKIP=0 TOTAL=1
[2024-12-12T09:30:39.342+0000] {subprocess.py:97} INFO - Command exited with return code 0
[2024-12-12T09:30:39.343+0000] {taskinstance.py:441} INFO - ::group::Post task execution logs
[2024-12-12T09:30:39.370+0000] {taskinstance.py:1206} INFO - Marking task as SUCCESS. dag_id=dbt_orchestrator, task_id=dbt_run_fact.dbt_run_fact_model_fact_sales, run_id=scheduled__2024-12-12T09:15:00+00:00, execution_date=20241212T091500, start_date=20241212T093034, end_date=20241212T093039
[2024-12-12T09:30:39.408+0000] {local_task_job_runner.py:240} INFO - Task exited with return code 0
[2024-12-12T09:30:39.431+0000] {taskinstance.py:3498} INFO - 1 downstream tasks scheduled from follow-on schedule check
[2024-12-12T09:30:39.433+0000] {local_task_job_runner.py:222} INFO - ::endgroup::
