[2024-12-12T09:10:06.267+0000] {local_task_job_runner.py:120} INFO - ::group::Pre task execution logs
[2024-12-12T09:10:06.349+0000] {taskinstance.py:2076} INFO - Dependencies all met for dep_context=non-requeueable deps ti=<TaskInstance: dbt_orchestrator.dbt_run_staging.dbt_run_stg_brand scheduled__2024-12-12T08:45:00+00:00 [queued]>
[2024-12-12T09:10:06.384+0000] {taskinstance.py:2076} INFO - Dependencies all met for dep_context=requeueable deps ti=<TaskInstance: dbt_orchestrator.dbt_run_staging.dbt_run_stg_brand scheduled__2024-12-12T08:45:00+00:00 [queued]>
[2024-12-12T09:10:06.386+0000] {taskinstance.py:2306} INFO - Starting attempt 3 of 3
[2024-12-12T09:10:06.419+0000] {taskinstance.py:2330} INFO - Executing <Task(BashOperator): dbt_run_staging.dbt_run_stg_brand> on 2024-12-12 08:45:00+00:00
[2024-12-12T09:10:06.440+0000] {standard_task_runner.py:63} INFO - Started process 2880 to run task
[2024-12-12T09:10:06.452+0000] {standard_task_runner.py:90} INFO - Running: ['***', 'tasks', 'run', 'dbt_orchestrator', 'dbt_run_staging.dbt_run_stg_brand', 'scheduled__2024-12-12T08:45:00+00:00', '--job-id', '414', '--raw', '--subdir', 'DAGS_FOLDER/pipeline.py', '--cfg-path', '/tmp/tmpob_ox4mq']
[2024-12-12T09:10:06.453+0000] {standard_task_runner.py:91} INFO - Job 414: Subtask dbt_run_staging.dbt_run_stg_brand
[2024-12-12T09:10:06.602+0000] {task_command.py:426} INFO - Running <TaskInstance: dbt_orchestrator.dbt_run_staging.dbt_run_stg_brand scheduled__2024-12-12T08:45:00+00:00 [running]> on host 34fdc836a0bb
[2024-12-12T09:10:06.843+0000] {taskinstance.py:2648} INFO - Exporting env vars: AIRFLOW_CTX_DAG_OWNER='ma7moud' AIRFLOW_CTX_DAG_ID='dbt_orchestrator' AIRFLOW_CTX_TASK_ID='dbt_run_staging.dbt_run_stg_brand' AIRFLOW_CTX_EXECUTION_DATE='2024-12-12T08:45:00+00:00' AIRFLOW_CTX_TRY_NUMBER='3' AIRFLOW_CTX_DAG_RUN_ID='scheduled__2024-12-12T08:45:00+00:00'
[2024-12-12T09:10:06.844+0000] {taskinstance.py:430} INFO - ::endgroup::
[2024-12-12T09:10:06.904+0000] {subprocess.py:63} INFO - Tmp dir root location: /tmp
[2024-12-12T09:10:06.905+0000] {subprocess.py:75} INFO - Running command: ['/usr/bin/bash', '-c', 'dbt run --profiles-dir /opt/***/dbt --project-dir /opt/***/dbt/ecommerce --models stg_brand']
[2024-12-12T09:10:06.946+0000] {subprocess.py:86} INFO - Output:
[2024-12-12T09:10:12.484+0000] {subprocess.py:93} INFO - [0m09:10:12  Running with dbt=1.8.0
[2024-12-12T09:10:13.203+0000] {subprocess.py:93} INFO - [0m09:10:13  [[33mWARNING[0m]: Deprecated functionality
[2024-12-12T09:10:13.204+0000] {subprocess.py:93} INFO - The `tests` config has been renamed to `data_tests`. Please see
[2024-12-12T09:10:13.204+0000] {subprocess.py:93} INFO - https://docs.getdbt.com/docs/build/data-tests#new-data_tests-syntax for more
[2024-12-12T09:10:13.205+0000] {subprocess.py:93} INFO - information.
[2024-12-12T09:10:14.217+0000] {subprocess.py:93} INFO - [0m09:10:14  Registered adapter: postgres=1.8.0
[2024-12-12T09:10:16.410+0000] {subprocess.py:93} INFO - [0m09:10:16  Found 15 models, 1 snapshot, 112 data tests, 12 sources, 430 macros
[2024-12-12T09:10:16.422+0000] {subprocess.py:93} INFO - [0m09:10:16
[2024-12-12T09:10:17.258+0000] {subprocess.py:93} INFO - [0m09:10:17  Concurrency: 3 threads (target='dev')
[2024-12-12T09:10:17.269+0000] {subprocess.py:93} INFO - [0m09:10:17
[2024-12-12T09:10:17.287+0000] {subprocess.py:93} INFO - [0m09:10:17  1 of 1 START sql incremental model olap_model_staging_tables.stg_brand ......... [RUN]
[2024-12-12T09:10:18.042+0000] {subprocess.py:93} INFO - [0m09:10:18  1 of 1 OK created sql incremental model olap_model_staging_tables.stg_brand .... [[32mSELECT 10[0m in 0.72s]
[2024-12-12T09:10:18.086+0000] {subprocess.py:93} INFO - [0m09:10:18
[2024-12-12T09:10:18.087+0000] {subprocess.py:93} INFO - [0m09:10:18  Finished running 1 incremental model in 0 hours 0 minutes and 1.67 seconds (1.67s).
[2024-12-12T09:10:18.336+0000] {subprocess.py:93} INFO - [0m09:10:18
[2024-12-12T09:10:18.338+0000] {subprocess.py:93} INFO - [0m09:10:18  [32mCompleted successfully[0m
[2024-12-12T09:10:18.339+0000] {subprocess.py:93} INFO - [0m09:10:18
[2024-12-12T09:10:18.340+0000] {subprocess.py:93} INFO - [0m09:10:18  Done. PASS=1 WARN=0 ERROR=0 SKIP=0 TOTAL=1
[2024-12-12T09:10:19.598+0000] {subprocess.py:97} INFO - Command exited with return code 0
[2024-12-12T09:10:19.599+0000] {taskinstance.py:441} INFO - ::group::Post task execution logs
[2024-12-12T09:10:19.632+0000] {taskinstance.py:1206} INFO - Marking task as SUCCESS. dag_id=dbt_orchestrator, task_id=dbt_run_staging.dbt_run_stg_brand, run_id=scheduled__2024-12-12T08:45:00+00:00, execution_date=20241212T084500, start_date=20241212T091006, end_date=20241212T091019
[2024-12-12T09:10:19.673+0000] {local_task_job_runner.py:240} INFO - Task exited with return code 0
[2024-12-12T09:10:19.715+0000] {taskinstance.py:3498} INFO - 0 downstream tasks scheduled from follow-on schedule check
[2024-12-12T09:10:19.716+0000] {local_task_job_runner.py:222} INFO - ::endgroup::
