[2024-12-12T08:59:44.511+0000] {local_task_job_runner.py:120} INFO - ::group::Pre task execution logs
[2024-12-12T08:59:44.575+0000] {taskinstance.py:2076} INFO - Dependencies all met for dep_context=non-requeueable deps ti=<TaskInstance: dbt_orchestrator.dbt_run_dimensions.dbt_run_brand_dim manual__2024-12-12T08:59:17.259219+00:00 [queued]>
[2024-12-12T08:59:44.601+0000] {taskinstance.py:2076} INFO - Dependencies all met for dep_context=requeueable deps ti=<TaskInstance: dbt_orchestrator.dbt_run_dimensions.dbt_run_brand_dim manual__2024-12-12T08:59:17.259219+00:00 [queued]>
[2024-12-12T08:59:44.602+0000] {taskinstance.py:2306} INFO - Starting attempt 1 of 1
[2024-12-12T08:59:44.633+0000] {taskinstance.py:2330} INFO - Executing <Task(BashOperator): dbt_run_dimensions.dbt_run_brand_dim> on 2024-12-12 08:59:17.259219+00:00
[2024-12-12T08:59:44.645+0000] {standard_task_runner.py:63} INFO - Started process 2201 to run task
[2024-12-12T08:59:44.650+0000] {standard_task_runner.py:90} INFO - Running: ['***', 'tasks', 'run', 'dbt_orchestrator', 'dbt_run_dimensions.dbt_run_brand_dim', 'manual__2024-12-12T08:59:17.259219+00:00', '--job-id', '366', '--raw', '--subdir', 'DAGS_FOLDER/pipeline.py', '--cfg-path', '/tmp/tmp4fydub2p']
[2024-12-12T08:59:44.652+0000] {standard_task_runner.py:91} INFO - Job 366: Subtask dbt_run_dimensions.dbt_run_brand_dim
[2024-12-12T08:59:44.730+0000] {task_command.py:426} INFO - Running <TaskInstance: dbt_orchestrator.dbt_run_dimensions.dbt_run_brand_dim manual__2024-12-12T08:59:17.259219+00:00 [running]> on host 34fdc836a0bb
[2024-12-12T08:59:44.902+0000] {taskinstance.py:2648} INFO - Exporting env vars: AIRFLOW_CTX_DAG_OWNER='ma7moud' AIRFLOW_CTX_DAG_ID='dbt_orchestrator' AIRFLOW_CTX_TASK_ID='dbt_run_dimensions.dbt_run_brand_dim' AIRFLOW_CTX_EXECUTION_DATE='2024-12-12T08:59:17.259219+00:00' AIRFLOW_CTX_TRY_NUMBER='1' AIRFLOW_CTX_DAG_RUN_ID='manual__2024-12-12T08:59:17.259219+00:00'
[2024-12-12T08:59:44.904+0000] {taskinstance.py:430} INFO - ::endgroup::
[2024-12-12T08:59:44.929+0000] {subprocess.py:63} INFO - Tmp dir root location: /tmp
[2024-12-12T08:59:44.930+0000] {subprocess.py:75} INFO - Running command: ['/usr/bin/bash', '-c', 'dbt run --profiles-dir /opt/***/dbt --project-dir /opt/***/dbt/ecommerce --models brand_dim']
[2024-12-12T08:59:44.958+0000] {subprocess.py:86} INFO - Output:
[2024-12-12T08:59:49.034+0000] {subprocess.py:93} INFO - [0m08:59:49  Running with dbt=1.8.0
[2024-12-12T08:59:49.367+0000] {subprocess.py:93} INFO - [0m08:59:49  [[33mWARNING[0m]: Deprecated functionality
[2024-12-12T08:59:49.368+0000] {subprocess.py:93} INFO - The `tests` config has been renamed to `data_tests`. Please see
[2024-12-12T08:59:49.368+0000] {subprocess.py:93} INFO - https://docs.getdbt.com/docs/build/data-tests#new-data_tests-syntax for more
[2024-12-12T08:59:49.369+0000] {subprocess.py:93} INFO - information.
[2024-12-12T08:59:49.672+0000] {subprocess.py:93} INFO - [0m08:59:49  Registered adapter: postgres=1.8.0
[2024-12-12T08:59:51.503+0000] {subprocess.py:93} INFO - [0m08:59:51  Found 15 models, 1 snapshot, 112 data tests, 12 sources, 430 macros
[2024-12-12T08:59:51.512+0000] {subprocess.py:93} INFO - [0m08:59:51
[2024-12-12T08:59:51.967+0000] {subprocess.py:93} INFO - [0m08:59:51  Concurrency: 3 threads (target='dev')
[2024-12-12T08:59:51.968+0000] {subprocess.py:93} INFO - [0m08:59:51
[2024-12-12T08:59:51.978+0000] {subprocess.py:93} INFO - [0m08:59:51  1 of 1 START sql incremental model oltp.brand_dim .............................. [RUN]
[2024-12-12T08:59:52.402+0000] {subprocess.py:93} INFO - [0m08:59:52  1 of 1 OK created sql incremental model oltp.brand_dim ......................... [[32mINSERT 0 10[0m in 0.41s]
[2024-12-12T08:59:52.428+0000] {subprocess.py:93} INFO - [0m08:59:52
[2024-12-12T08:59:52.430+0000] {subprocess.py:93} INFO - [0m08:59:52  Finished running 1 incremental model in 0 hours 0 minutes and 0.91 seconds (0.91s).
[2024-12-12T08:59:52.537+0000] {subprocess.py:93} INFO - [0m08:59:52
[2024-12-12T08:59:52.538+0000] {subprocess.py:93} INFO - [0m08:59:52  [32mCompleted successfully[0m
[2024-12-12T08:59:52.539+0000] {subprocess.py:93} INFO - [0m08:59:52
[2024-12-12T08:59:52.542+0000] {subprocess.py:93} INFO - [0m08:59:52  Done. PASS=1 WARN=0 ERROR=0 SKIP=0 TOTAL=1
[2024-12-12T08:59:53.597+0000] {subprocess.py:97} INFO - Command exited with return code 0
[2024-12-12T08:59:53.597+0000] {taskinstance.py:441} INFO - ::group::Post task execution logs
[2024-12-12T08:59:53.631+0000] {taskinstance.py:1206} INFO - Marking task as SUCCESS. dag_id=dbt_orchestrator, task_id=dbt_run_dimensions.dbt_run_brand_dim, run_id=manual__2024-12-12T08:59:17.259219+00:00, execution_date=20241212T085917, start_date=20241212T085944, end_date=20241212T085953
[2024-12-12T08:59:53.688+0000] {local_task_job_runner.py:240} INFO - Task exited with return code 0
[2024-12-12T08:59:53.732+0000] {taskinstance.py:3498} INFO - 0 downstream tasks scheduled from follow-on schedule check
[2024-12-12T08:59:53.735+0000] {local_task_job_runner.py:222} INFO - ::endgroup::
