[2024-12-12T09:30:12.475+0000] {local_task_job_runner.py:120} INFO - ::group::Pre task execution logs
[2024-12-12T09:30:12.523+0000] {taskinstance.py:2076} INFO - Dependencies all met for dep_context=non-requeueable deps ti=<TaskInstance: dbt_orchestrator.dbt_run_staging.dbt_run_stg_customers scheduled__2024-12-12T09:15:00+00:00 [queued]>
[2024-12-12T09:30:12.549+0000] {taskinstance.py:2076} INFO - Dependencies all met for dep_context=requeueable deps ti=<TaskInstance: dbt_orchestrator.dbt_run_staging.dbt_run_stg_customers scheduled__2024-12-12T09:15:00+00:00 [queued]>
[2024-12-12T09:30:12.551+0000] {taskinstance.py:2306} INFO - Starting attempt 1 of 1
[2024-12-12T09:30:12.598+0000] {taskinstance.py:2330} INFO - Executing <Task(BashOperator): dbt_run_staging.dbt_run_stg_customers> on 2024-12-12 09:15:00+00:00
[2024-12-12T09:30:12.616+0000] {standard_task_runner.py:63} INFO - Started process 3467 to run task
[2024-12-12T09:30:12.621+0000] {standard_task_runner.py:90} INFO - Running: ['***', 'tasks', 'run', 'dbt_orchestrator', 'dbt_run_staging.dbt_run_stg_customers', 'scheduled__2024-12-12T09:15:00+00:00', '--job-id', '454', '--raw', '--subdir', 'DAGS_FOLDER/pipeline.py', '--cfg-path', '/tmp/tmpcs200sjk']
[2024-12-12T09:30:12.624+0000] {standard_task_runner.py:91} INFO - Job 454: Subtask dbt_run_staging.dbt_run_stg_customers
[2024-12-12T09:30:12.714+0000] {task_command.py:426} INFO - Running <TaskInstance: dbt_orchestrator.dbt_run_staging.dbt_run_stg_customers scheduled__2024-12-12T09:15:00+00:00 [running]> on host 34fdc836a0bb
[2024-12-12T09:30:12.899+0000] {taskinstance.py:2648} INFO - Exporting env vars: AIRFLOW_CTX_DAG_OWNER='ma7moud' AIRFLOW_CTX_DAG_ID='dbt_orchestrator' AIRFLOW_CTX_TASK_ID='dbt_run_staging.dbt_run_stg_customers' AIRFLOW_CTX_EXECUTION_DATE='2024-12-12T09:15:00+00:00' AIRFLOW_CTX_TRY_NUMBER='1' AIRFLOW_CTX_DAG_RUN_ID='scheduled__2024-12-12T09:15:00+00:00'
[2024-12-12T09:30:12.904+0000] {taskinstance.py:430} INFO - ::endgroup::
[2024-12-12T09:30:12.931+0000] {subprocess.py:63} INFO - Tmp dir root location: /tmp
[2024-12-12T09:30:12.932+0000] {subprocess.py:75} INFO - Running command: ['/usr/bin/bash', '-c', 'dbt run --profiles-dir /opt/***/dbt --project-dir /opt/***/dbt/ecommerce --models stg_customers']
[2024-12-12T09:30:12.958+0000] {subprocess.py:86} INFO - Output:
[2024-12-12T09:30:17.300+0000] {subprocess.py:93} INFO - [0m09:30:17  Running with dbt=1.8.0
[2024-12-12T09:30:17.621+0000] {subprocess.py:93} INFO - [0m09:30:17  [[33mWARNING[0m]: Deprecated functionality
[2024-12-12T09:30:17.622+0000] {subprocess.py:93} INFO - The `tests` config has been renamed to `data_tests`. Please see
[2024-12-12T09:30:17.625+0000] {subprocess.py:93} INFO - https://docs.getdbt.com/docs/build/data-tests#new-data_tests-syntax for more
[2024-12-12T09:30:17.625+0000] {subprocess.py:93} INFO - information.
[2024-12-12T09:30:17.951+0000] {subprocess.py:93} INFO - [0m09:30:17  Registered adapter: postgres=1.8.0
[2024-12-12T09:30:19.528+0000] {subprocess.py:93} INFO - [0m09:30:19  Found 15 models, 1 snapshot, 111 data tests, 12 sources, 430 macros
[2024-12-12T09:30:19.541+0000] {subprocess.py:93} INFO - [0m09:30:19
[2024-12-12T09:30:20.116+0000] {subprocess.py:93} INFO - [0m09:30:20  Concurrency: 3 threads (target='dev')
[2024-12-12T09:30:20.119+0000] {subprocess.py:93} INFO - [0m09:30:20
[2024-12-12T09:30:20.126+0000] {subprocess.py:93} INFO - [0m09:30:20  1 of 1 START sql incremental model olap_model_staging_tables.stg_customers ..... [RUN]
[2024-12-12T09:30:20.586+0000] {subprocess.py:93} INFO - [0m09:30:20  1 of 1 OK created sql incremental model olap_model_staging_tables.stg_customers  [[32mINSERT 0 109[0m in 0.45s]
[2024-12-12T09:30:20.637+0000] {subprocess.py:93} INFO - [0m09:30:20
[2024-12-12T09:30:20.640+0000] {subprocess.py:93} INFO - [0m09:30:20  Finished running 1 incremental model in 0 hours 0 minutes and 1.10 seconds (1.10s).
[2024-12-12T09:30:20.817+0000] {subprocess.py:93} INFO - [0m09:30:20
[2024-12-12T09:30:20.820+0000] {subprocess.py:93} INFO - [0m09:30:20  [32mCompleted successfully[0m
[2024-12-12T09:30:20.823+0000] {subprocess.py:93} INFO - [0m09:30:20
[2024-12-12T09:30:20.828+0000] {subprocess.py:93} INFO - [0m09:30:20  Done. PASS=1 WARN=0 ERROR=0 SKIP=0 TOTAL=1
[2024-12-12T09:30:22.072+0000] {subprocess.py:97} INFO - Command exited with return code 0
[2024-12-12T09:30:22.073+0000] {taskinstance.py:441} INFO - ::group::Post task execution logs
[2024-12-12T09:30:22.116+0000] {taskinstance.py:1206} INFO - Marking task as SUCCESS. dag_id=dbt_orchestrator, task_id=dbt_run_staging.dbt_run_stg_customers, run_id=scheduled__2024-12-12T09:15:00+00:00, execution_date=20241212T091500, start_date=20241212T093012, end_date=20241212T093022
[2024-12-12T09:30:22.167+0000] {local_task_job_runner.py:240} INFO - Task exited with return code 0
[2024-12-12T09:30:22.219+0000] {taskinstance.py:3498} INFO - 0 downstream tasks scheduled from follow-on schedule check
[2024-12-12T09:30:22.221+0000] {local_task_job_runner.py:222} INFO - ::endgroup::
