[2024-12-11T16:04:18.362+0000] {local_task_job_runner.py:120} INFO - ::group::Pre task execution logs
[2024-12-11T16:04:18.393+0000] {taskinstance.py:2076} INFO - Dependencies all met for dep_context=non-requeueable deps ti=<TaskInstance: dbt_orchestrator.dbt_connection_check.dbt_debug scheduled__2024-12-11T15:45:00+00:00 [queued]>
[2024-12-11T16:04:18.407+0000] {taskinstance.py:2076} INFO - Dependencies all met for dep_context=requeueable deps ti=<TaskInstance: dbt_orchestrator.dbt_connection_check.dbt_debug scheduled__2024-12-11T15:45:00+00:00 [queued]>
[2024-12-11T16:04:18.408+0000] {taskinstance.py:2306} INFO - Starting attempt 4 of 4
[2024-12-11T16:04:18.424+0000] {taskinstance.py:2330} INFO - Executing <Task(BashOperator): dbt_connection_check.dbt_debug> on 2024-12-11 15:45:00+00:00
[2024-12-11T16:04:18.430+0000] {standard_task_runner.py:63} INFO - Started process 81 to run task
[2024-12-11T16:04:18.433+0000] {standard_task_runner.py:90} INFO - Running: ['***', 'tasks', 'run', 'dbt_orchestrator', 'dbt_connection_check.dbt_debug', 'scheduled__2024-12-11T15:45:00+00:00', '--job-id', '20', '--raw', '--subdir', 'DAGS_FOLDER/pipeline.py', '--cfg-path', '/tmp/tmped1mij9x']
[2024-12-11T16:04:18.435+0000] {standard_task_runner.py:91} INFO - Job 20: Subtask dbt_connection_check.dbt_debug
[2024-12-11T16:04:18.482+0000] {task_command.py:426} INFO - Running <TaskInstance: dbt_orchestrator.dbt_connection_check.dbt_debug scheduled__2024-12-11T15:45:00+00:00 [running]> on host 49f8df2c9427
[2024-12-11T16:04:18.577+0000] {taskinstance.py:2648} INFO - Exporting env vars: AIRFLOW_CTX_DAG_OWNER='Mahmoud' AIRFLOW_CTX_DAG_ID='dbt_orchestrator' AIRFLOW_CTX_TASK_ID='dbt_connection_check.dbt_debug' AIRFLOW_CTX_EXECUTION_DATE='2024-12-11T15:45:00+00:00' AIRFLOW_CTX_TRY_NUMBER='4' AIRFLOW_CTX_DAG_RUN_ID='scheduled__2024-12-11T15:45:00+00:00'
[2024-12-11T16:04:18.577+0000] {taskinstance.py:430} INFO - ::endgroup::
[2024-12-11T16:04:18.589+0000] {subprocess.py:63} INFO - Tmp dir root location: /tmp
[2024-12-11T16:04:18.589+0000] {subprocess.py:75} INFO - Running command: ['/usr/bin/bash', '-c', 'dbt debug --profiles-dir /opt/***/dbt --project-dir /opt/***/dbt/ecommerce']
[2024-12-11T16:04:18.601+0000] {subprocess.py:86} INFO - Output:
[2024-12-11T16:04:20.510+0000] {subprocess.py:93} INFO - [0m16:04:20  Running with dbt=1.8.0
[2024-12-11T16:04:20.521+0000] {subprocess.py:93} INFO - [0m16:04:20  dbt version: 1.8.0
[2024-12-11T16:04:20.521+0000] {subprocess.py:93} INFO - [0m16:04:20  python version: 3.9.19
[2024-12-11T16:04:20.522+0000] {subprocess.py:93} INFO - [0m16:04:20  python path: /home/***/.local/bin/python
[2024-12-11T16:04:20.522+0000] {subprocess.py:93} INFO - [0m16:04:20  os info: Linux-6.8.0-49-generic-x86_64-with-glibc2.36
[2024-12-11T16:04:20.592+0000] {subprocess.py:93} INFO - [0m16:04:20  Using profiles dir at /opt/***/dbt
[2024-12-11T16:04:20.592+0000] {subprocess.py:93} INFO - [0m16:04:20  Using profiles.yml file at /opt/***/dbt/profiles.yml
[2024-12-11T16:04:20.592+0000] {subprocess.py:93} INFO - [0m16:04:20  Using dbt_project.yml file at /opt/***/dbt/ecommerce/dbt_project.yml
[2024-12-11T16:04:20.593+0000] {subprocess.py:93} INFO - [0m16:04:20  adapter type: postgres
[2024-12-11T16:04:20.594+0000] {subprocess.py:93} INFO - [0m16:04:20  adapter version: 1.8.0
[2024-12-11T16:04:20.671+0000] {subprocess.py:93} INFO - [0m16:04:20  [[33mWARNING[0m]: Deprecated functionality
[2024-12-11T16:04:20.672+0000] {subprocess.py:93} INFO - The `tests` config has been renamed to `data_tests`. Please see
[2024-12-11T16:04:20.672+0000] {subprocess.py:93} INFO - https://docs.getdbt.com/docs/build/data-tests#new-data_tests-syntax for more
[2024-12-11T16:04:20.672+0000] {subprocess.py:93} INFO - information.
[2024-12-11T16:04:20.717+0000] {subprocess.py:93} INFO - [0m16:04:20  Configuration:
[2024-12-11T16:04:20.718+0000] {subprocess.py:93} INFO - [0m16:04:20    profiles.yml file [[32mOK found and valid[0m]
[2024-12-11T16:04:20.718+0000] {subprocess.py:93} INFO - [0m16:04:20    dbt_project.yml file [[32mOK found and valid[0m]
[2024-12-11T16:04:20.719+0000] {subprocess.py:93} INFO - [0m16:04:20  Required dependencies:
[2024-12-11T16:04:20.727+0000] {subprocess.py:93} INFO - [0m16:04:20   - git [[32mOK found[0m]
[2024-12-11T16:04:20.727+0000] {subprocess.py:93} INFO - 
[2024-12-11T16:04:20.728+0000] {subprocess.py:93} INFO - [0m16:04:20  Connection:
[2024-12-11T16:04:20.728+0000] {subprocess.py:93} INFO - [0m16:04:20    host: 172.18.0.3
[2024-12-11T16:04:20.728+0000] {subprocess.py:93} INFO - [0m16:04:20    port: 5432
[2024-12-11T16:04:20.729+0000] {subprocess.py:93} INFO - [0m16:04:20    user: ***
[2024-12-11T16:04:20.729+0000] {subprocess.py:93} INFO - [0m16:04:20    database: ecommerce
[2024-12-11T16:04:20.730+0000] {subprocess.py:93} INFO - [0m16:04:20    schema: oltp
[2024-12-11T16:04:20.730+0000] {subprocess.py:93} INFO - [0m16:04:20    connect_timeout: 10
[2024-12-11T16:04:20.731+0000] {subprocess.py:93} INFO - [0m16:04:20    role: None
[2024-12-11T16:04:20.731+0000] {subprocess.py:93} INFO - [0m16:04:20    search_path: None
[2024-12-11T16:04:20.732+0000] {subprocess.py:93} INFO - [0m16:04:20    keepalives_idle: 0
[2024-12-11T16:04:20.732+0000] {subprocess.py:93} INFO - [0m16:04:20    sslmode: None
[2024-12-11T16:04:20.733+0000] {subprocess.py:93} INFO - [0m16:04:20    sslcert: None
[2024-12-11T16:04:20.733+0000] {subprocess.py:93} INFO - [0m16:04:20    sslkey: None
[2024-12-11T16:04:20.734+0000] {subprocess.py:93} INFO - [0m16:04:20    sslrootcert: None
[2024-12-11T16:04:20.734+0000] {subprocess.py:93} INFO - [0m16:04:20    application_name: dbt
[2024-12-11T16:04:20.735+0000] {subprocess.py:93} INFO - [0m16:04:20    retries: 1
[2024-12-11T16:04:20.736+0000] {subprocess.py:93} INFO - [0m16:04:20  Registered adapter: postgres=1.8.0
[2024-12-11T16:04:20.892+0000] {subprocess.py:93} INFO - [0m16:04:20    Connection test: [[32mOK connection ok[0m]
[2024-12-11T16:04:20.892+0000] {subprocess.py:93} INFO - 
[2024-12-11T16:04:20.892+0000] {subprocess.py:93} INFO - [0m16:04:20  [32mAll checks passed![0m
[2024-12-11T16:04:21.896+0000] {subprocess.py:97} INFO - Command exited with return code 0
[2024-12-11T16:04:21.896+0000] {taskinstance.py:441} INFO - ::group::Post task execution logs
[2024-12-11T16:04:21.922+0000] {taskinstance.py:1206} INFO - Marking task as SUCCESS. dag_id=dbt_orchestrator, task_id=dbt_connection_check.dbt_debug, run_id=scheduled__2024-12-11T15:45:00+00:00, execution_date=20241211T154500, start_date=20241211T160418, end_date=20241211T160421
[2024-12-11T16:04:21.975+0000] {local_task_job_runner.py:240} INFO - Task exited with return code 0
[2024-12-11T16:04:21.995+0000] {taskinstance.py:3498} INFO - 0 downstream tasks scheduled from follow-on schedule check
[2024-12-11T16:04:21.996+0000] {local_task_job_runner.py:222} INFO - ::endgroup::
