[2024-12-11T16:45:25.616+0000] {local_task_job_runner.py:120} INFO - ::group::Pre task execution logs
[2024-12-11T16:45:25.641+0000] {taskinstance.py:2076} INFO - Dependencies all met for dep_context=non-requeueable deps ti=<TaskInstance: dbt_orchestrator.dbt_run_fact.dbt_run_fact scheduled__2024-12-11T16:30:00+00:00 [queued]>
[2024-12-11T16:45:25.650+0000] {taskinstance.py:2076} INFO - Dependencies all met for dep_context=requeueable deps ti=<TaskInstance: dbt_orchestrator.dbt_run_fact.dbt_run_fact scheduled__2024-12-11T16:30:00+00:00 [queued]>
[2024-12-11T16:45:25.650+0000] {taskinstance.py:2306} INFO - Starting attempt 1 of 1
[2024-12-11T16:45:25.663+0000] {taskinstance.py:2330} INFO - Executing <Task(BashOperator): dbt_run_fact.dbt_run_fact> on 2024-12-11 16:30:00+00:00
[2024-12-11T16:45:25.668+0000] {standard_task_runner.py:63} INFO - Started process 443 to run task
[2024-12-11T16:45:25.671+0000] {standard_task_runner.py:90} INFO - Running: ['***', 'tasks', 'run', 'dbt_orchestrator', 'dbt_run_fact.dbt_run_fact', 'scheduled__2024-12-11T16:30:00+00:00', '--job-id', '52', '--raw', '--subdir', 'DAGS_FOLDER/pipeline.py', '--cfg-path', '/tmp/tmprf_vhs38']
[2024-12-11T16:45:25.672+0000] {standard_task_runner.py:91} INFO - Job 52: Subtask dbt_run_fact.dbt_run_fact
[2024-12-11T16:45:25.715+0000] {task_command.py:426} INFO - Running <TaskInstance: dbt_orchestrator.dbt_run_fact.dbt_run_fact scheduled__2024-12-11T16:30:00+00:00 [running]> on host 49f8df2c9427
[2024-12-11T16:45:25.798+0000] {taskinstance.py:2648} INFO - Exporting env vars: AIRFLOW_CTX_DAG_OWNER='Mahmoud' AIRFLOW_CTX_DAG_ID='dbt_orchestrator' AIRFLOW_CTX_TASK_ID='dbt_run_fact.dbt_run_fact' AIRFLOW_CTX_EXECUTION_DATE='2024-12-11T16:30:00+00:00' AIRFLOW_CTX_TRY_NUMBER='1' AIRFLOW_CTX_DAG_RUN_ID='scheduled__2024-12-11T16:30:00+00:00'
[2024-12-11T16:45:25.798+0000] {taskinstance.py:430} INFO - ::endgroup::
[2024-12-11T16:45:25.809+0000] {subprocess.py:63} INFO - Tmp dir root location: /tmp
[2024-12-11T16:45:25.810+0000] {subprocess.py:75} INFO - Running command: ['/usr/bin/bash', '-c', 'dbt run --profiles-dir /opt/***/dbt --project-dir /opt/***/dbt/ecommerce --select models/olap_model/fact']
[2024-12-11T16:45:25.821+0000] {subprocess.py:86} INFO - Output:
[2024-12-11T16:45:27.673+0000] {subprocess.py:93} INFO - [0m16:45:27  Running with dbt=1.8.0
[2024-12-11T16:45:27.816+0000] {subprocess.py:93} INFO - [0m16:45:27  [[33mWARNING[0m]: Deprecated functionality
[2024-12-11T16:45:27.816+0000] {subprocess.py:93} INFO - The `tests` config has been renamed to `data_tests`. Please see
[2024-12-11T16:45:27.817+0000] {subprocess.py:93} INFO - https://docs.getdbt.com/docs/build/data-tests#new-data_tests-syntax for more
[2024-12-11T16:45:27.817+0000] {subprocess.py:93} INFO - information.
[2024-12-11T16:45:27.961+0000] {subprocess.py:93} INFO - [0m16:45:27  Registered adapter: postgres=1.8.0
[2024-12-11T16:45:28.390+0000] {subprocess.py:93} INFO - [0m16:45:28  [[33mWARNING[0m]: Configuration paths exist in your dbt_project.yml file which do not apply to any resources.
[2024-12-11T16:45:28.391+0000] {subprocess.py:93} INFO - There are 2 unused configuration paths:
[2024-12-11T16:45:28.391+0000] {subprocess.py:93} INFO - - models.ecommerce.marts.fact
[2024-12-11T16:45:28.391+0000] {subprocess.py:93} INFO - - models.ecommerce.marts.dimensions
[2024-12-11T16:45:28.705+0000] {subprocess.py:93} INFO - [0m16:45:28  Found 15 models, 1 snapshot, 112 data tests, 12 sources, 430 macros
[2024-12-11T16:45:28.712+0000] {subprocess.py:93} INFO - [0m16:45:28
[2024-12-11T16:45:28.939+0000] {subprocess.py:93} INFO - [0m16:45:28  Concurrency: 3 threads (target='dev')
[2024-12-11T16:45:28.940+0000] {subprocess.py:93} INFO - [0m16:45:28
[2024-12-11T16:45:28.946+0000] {subprocess.py:93} INFO - [0m16:45:28  1 of 1 START sql incremental model oltp.fact_sales ............................. [RUN]
[2024-12-11T16:45:29.225+0000] {subprocess.py:93} INFO - [0m16:45:29  1 of 1 OK created sql incremental model oltp.fact_sales ........................ [[32mINSERT 0 1294[0m in 0.27s]
[2024-12-11T16:45:29.241+0000] {subprocess.py:93} INFO - [0m16:45:29
[2024-12-11T16:45:29.242+0000] {subprocess.py:93} INFO - [0m16:45:29  Finished running 1 incremental model in 0 hours 0 minutes and 0.53 seconds (0.53s).
[2024-12-11T16:45:29.323+0000] {subprocess.py:93} INFO - [0m16:45:29
[2024-12-11T16:45:29.324+0000] {subprocess.py:93} INFO - [0m16:45:29  [32mCompleted successfully[0m
[2024-12-11T16:45:29.324+0000] {subprocess.py:93} INFO - [0m16:45:29
[2024-12-11T16:45:29.325+0000] {subprocess.py:93} INFO - [0m16:45:29  Done. PASS=1 WARN=0 ERROR=0 SKIP=0 TOTAL=1
[2024-12-11T16:45:30.198+0000] {subprocess.py:97} INFO - Command exited with return code 0
[2024-12-11T16:45:30.199+0000] {taskinstance.py:441} INFO - ::group::Post task execution logs
[2024-12-11T16:45:30.222+0000] {taskinstance.py:1206} INFO - Marking task as SUCCESS. dag_id=dbt_orchestrator, task_id=dbt_run_fact.dbt_run_fact, run_id=scheduled__2024-12-11T16:30:00+00:00, execution_date=20241211T163000, start_date=20241211T164525, end_date=20241211T164530
[2024-12-11T16:45:30.255+0000] {local_task_job_runner.py:240} INFO - Task exited with return code 0
[2024-12-11T16:45:30.281+0000] {taskinstance.py:3498} INFO - 1 downstream tasks scheduled from follow-on schedule check
[2024-12-11T16:45:30.283+0000] {local_task_job_runner.py:222} INFO - ::endgroup::
