[2024-12-12T08:07:39.756+0000] {local_task_job_runner.py:120} INFO - ::group::Pre task execution logs
[2024-12-12T08:07:39.876+0000] {taskinstance.py:2076} INFO - Dependencies all met for dep_context=non-requeueable deps ti=<TaskInstance: dbt_orchestrator.dbt_run_dimensions.dbt_run_customer_dim manual__2024-12-12T08:05:08.618053+00:00 [queued]>
[2024-12-12T08:07:39.964+0000] {taskinstance.py:2076} INFO - Dependencies all met for dep_context=requeueable deps ti=<TaskInstance: dbt_orchestrator.dbt_run_dimensions.dbt_run_customer_dim manual__2024-12-12T08:05:08.618053+00:00 [queued]>
[2024-12-12T08:07:39.965+0000] {taskinstance.py:2306} INFO - Starting attempt 1 of 1
[2024-12-12T08:07:40.068+0000] {taskinstance.py:2330} INFO - Executing <Task(BashOperator): dbt_run_dimensions.dbt_run_customer_dim> on 2024-12-12 08:05:08.618053+00:00
[2024-12-12T08:07:40.102+0000] {standard_task_runner.py:90} INFO - Running: ['***', 'tasks', 'run', 'dbt_orchestrator', 'dbt_run_dimensions.dbt_run_customer_dim', 'manual__2024-12-12T08:05:08.618053+00:00', '--job-id', '137', '--raw', '--subdir', 'DAGS_FOLDER/pipeline.py', '--cfg-path', '/tmp/tmpn3kmcd3i']
[2024-12-12T08:07:40.092+0000] {standard_task_runner.py:63} INFO - Started process 215 to run task
[2024-12-12T08:07:40.105+0000] {standard_task_runner.py:91} INFO - Job 137: Subtask dbt_run_dimensions.dbt_run_customer_dim
[2024-12-12T08:07:40.328+0000] {task_command.py:426} INFO - Running <TaskInstance: dbt_orchestrator.dbt_run_dimensions.dbt_run_customer_dim manual__2024-12-12T08:05:08.618053+00:00 [running]> on host 34fdc836a0bb
[2024-12-12T08:07:40.755+0000] {taskinstance.py:2648} INFO - Exporting env vars: AIRFLOW_CTX_DAG_OWNER='ma7moud' AIRFLOW_CTX_DAG_ID='dbt_orchestrator' AIRFLOW_CTX_TASK_ID='dbt_run_dimensions.dbt_run_customer_dim' AIRFLOW_CTX_EXECUTION_DATE='2024-12-12T08:05:08.618053+00:00' AIRFLOW_CTX_TRY_NUMBER='1' AIRFLOW_CTX_DAG_RUN_ID='manual__2024-12-12T08:05:08.618053+00:00'
[2024-12-12T08:07:40.759+0000] {taskinstance.py:430} INFO - ::endgroup::
[2024-12-12T08:07:40.815+0000] {subprocess.py:63} INFO - Tmp dir root location: /tmp
[2024-12-12T08:07:40.816+0000] {subprocess.py:75} INFO - Running command: ['/usr/bin/bash', '-c', 'dbt run --profiles-dir /opt/***/dbt --project-dir /opt/***/dbt/ecommerce --models models/olap_model/dimensions/customer_dim']
[2024-12-12T08:07:40.866+0000] {subprocess.py:86} INFO - Output:
[2024-12-12T08:07:54.269+0000] {subprocess.py:93} INFO - [0m08:07:54  Running with dbt=1.8.0
[2024-12-12T08:07:55.509+0000] {subprocess.py:93} INFO - [0m08:07:55  [[33mWARNING[0m]: Deprecated functionality
[2024-12-12T08:07:55.511+0000] {subprocess.py:93} INFO - The `tests` config has been renamed to `data_tests`. Please see
[2024-12-12T08:07:55.511+0000] {subprocess.py:93} INFO - https://docs.getdbt.com/docs/build/data-tests#new-data_tests-syntax for more
[2024-12-12T08:07:55.512+0000] {subprocess.py:93} INFO - information.
[2024-12-12T08:07:56.071+0000] {subprocess.py:93} INFO - [0m08:07:56  Registered adapter: postgres=1.8.0
[2024-12-12T08:07:57.609+0000] {subprocess.py:93} INFO - [0m08:07:57  [[33mWARNING[0m]: Configuration paths exist in your dbt_project.yml file which do not apply to any resources.
[2024-12-12T08:07:57.611+0000] {subprocess.py:93} INFO - There are 2 unused configuration paths:
[2024-12-12T08:07:57.611+0000] {subprocess.py:93} INFO - - models.ecommerce.staging.dimensions
[2024-12-12T08:07:57.614+0000] {subprocess.py:93} INFO - - models.ecommerce.staging.fact
[2024-12-12T08:07:58.557+0000] {subprocess.py:93} INFO - [0m08:07:58  Found 15 models, 1 snapshot, 112 data tests, 12 sources, 430 macros
[2024-12-12T08:07:58.574+0000] {subprocess.py:93} INFO - [0m08:07:58  The selection criterion 'models/olap_model/dimensions/customer_dim' does not match any enabled nodes
[2024-12-12T08:07:58.580+0000] {subprocess.py:93} INFO - [0m08:07:58
[2024-12-12T08:07:58.581+0000] {subprocess.py:93} INFO - [0m08:07:58  Nothing to do. Try checking your model configs and model specification args
[2024-12-12T08:07:59.886+0000] {subprocess.py:97} INFO - Command exited with return code 0
[2024-12-12T08:07:59.887+0000] {taskinstance.py:441} INFO - ::group::Post task execution logs
[2024-12-12T08:07:59.917+0000] {taskinstance.py:1206} INFO - Marking task as SUCCESS. dag_id=dbt_orchestrator, task_id=dbt_run_dimensions.dbt_run_customer_dim, run_id=manual__2024-12-12T08:05:08.618053+00:00, execution_date=20241212T080508, start_date=20241212T080739, end_date=20241212T080759
[2024-12-12T08:07:59.942+0000] {local_task_job_runner.py:240} INFO - Task exited with return code 0
[2024-12-12T08:07:59.973+0000] {taskinstance.py:3498} INFO - 0 downstream tasks scheduled from follow-on schedule check
[2024-12-12T08:07:59.975+0000] {local_task_job_runner.py:222} INFO - ::endgroup::
