[2024-12-12T08:10:46.543+0000] {local_task_job_runner.py:120} INFO - ::group::Pre task execution logs
[2024-12-12T08:10:46.583+0000] {taskinstance.py:2076} INFO - Dependencies all met for dep_context=non-requeueable deps ti=<TaskInstance: dbt_orchestrator.dbt_run_dimensions.dbt_run_customer_dim manual__2024-12-12T08:05:08.618053+00:00 [queued]>
[2024-12-12T08:10:46.599+0000] {taskinstance.py:2076} INFO - Dependencies all met for dep_context=requeueable deps ti=<TaskInstance: dbt_orchestrator.dbt_run_dimensions.dbt_run_customer_dim manual__2024-12-12T08:05:08.618053+00:00 [queued]>
[2024-12-12T08:10:46.600+0000] {taskinstance.py:2306} INFO - Starting attempt 2 of 2
[2024-12-12T08:10:46.622+0000] {taskinstance.py:2330} INFO - Executing <Task(BashOperator): dbt_run_dimensions.dbt_run_customer_dim> on 2024-12-12 08:05:08.618053+00:00
[2024-12-12T08:10:46.630+0000] {standard_task_runner.py:63} INFO - Started process 362 to run task
[2024-12-12T08:10:46.635+0000] {standard_task_runner.py:90} INFO - Running: ['***', 'tasks', 'run', 'dbt_orchestrator', 'dbt_run_dimensions.dbt_run_customer_dim', 'manual__2024-12-12T08:05:08.618053+00:00', '--job-id', '156', '--raw', '--subdir', 'DAGS_FOLDER/pipeline.py', '--cfg-path', '/tmp/tmpw_o1ng_s']
[2024-12-12T08:10:46.637+0000] {standard_task_runner.py:91} INFO - Job 156: Subtask dbt_run_dimensions.dbt_run_customer_dim
[2024-12-12T08:10:46.709+0000] {task_command.py:426} INFO - Running <TaskInstance: dbt_orchestrator.dbt_run_dimensions.dbt_run_customer_dim manual__2024-12-12T08:05:08.618053+00:00 [running]> on host 34fdc836a0bb
[2024-12-12T08:10:46.840+0000] {taskinstance.py:2648} INFO - Exporting env vars: AIRFLOW_CTX_DAG_OWNER='ma7moud' AIRFLOW_CTX_DAG_ID='dbt_orchestrator' AIRFLOW_CTX_TASK_ID='dbt_run_dimensions.dbt_run_customer_dim' AIRFLOW_CTX_EXECUTION_DATE='2024-12-12T08:05:08.618053+00:00' AIRFLOW_CTX_TRY_NUMBER='2' AIRFLOW_CTX_DAG_RUN_ID='manual__2024-12-12T08:05:08.618053+00:00'
[2024-12-12T08:10:46.841+0000] {taskinstance.py:430} INFO - ::endgroup::
[2024-12-12T08:10:46.859+0000] {subprocess.py:63} INFO - Tmp dir root location: /tmp
[2024-12-12T08:10:46.860+0000] {subprocess.py:75} INFO - Running command: ['/usr/bin/bash', '-c', 'dbt run --profiles-dir /opt/***/dbt --project-dir /opt/***/dbt/ecommerce --models models/olap_model/dimensions/customer_dim']
[2024-12-12T08:10:46.887+0000] {subprocess.py:86} INFO - Output:
[2024-12-12T08:10:50.315+0000] {subprocess.py:93} INFO - [0m08:10:50  Running with dbt=1.8.0
[2024-12-12T08:10:50.628+0000] {subprocess.py:93} INFO - [0m08:10:50  [[33mWARNING[0m]: Deprecated functionality
[2024-12-12T08:10:50.629+0000] {subprocess.py:93} INFO - The `tests` config has been renamed to `data_tests`. Please see
[2024-12-12T08:10:50.629+0000] {subprocess.py:93} INFO - https://docs.getdbt.com/docs/build/data-tests#new-data_tests-syntax for more
[2024-12-12T08:10:50.630+0000] {subprocess.py:93} INFO - information.
[2024-12-12T08:10:50.938+0000] {subprocess.py:93} INFO - [0m08:10:50  Registered adapter: postgres=1.8.0
[2024-12-12T08:10:51.826+0000] {subprocess.py:93} INFO - [0m08:10:51  [[33mWARNING[0m]: Configuration paths exist in your dbt_project.yml file which do not apply to any resources.
[2024-12-12T08:10:51.827+0000] {subprocess.py:93} INFO - There are 2 unused configuration paths:
[2024-12-12T08:10:51.828+0000] {subprocess.py:93} INFO - - models.ecommerce.fact
[2024-12-12T08:10:51.829+0000] {subprocess.py:93} INFO - - models.ecommerce.dimensions
[2024-12-12T08:10:52.379+0000] {subprocess.py:93} INFO - [0m08:10:52  Found 15 models, 1 snapshot, 112 data tests, 12 sources, 430 macros
[2024-12-12T08:10:52.390+0000] {subprocess.py:93} INFO - [0m08:10:52  The selection criterion 'models/olap_model/dimensions/customer_dim' does not match any enabled nodes
[2024-12-12T08:10:52.394+0000] {subprocess.py:93} INFO - [0m08:10:52
[2024-12-12T08:10:52.396+0000] {subprocess.py:93} INFO - [0m08:10:52  Nothing to do. Try checking your model configs and model specification args
[2024-12-12T08:10:53.547+0000] {subprocess.py:97} INFO - Command exited with return code 0
[2024-12-12T08:10:53.548+0000] {taskinstance.py:441} INFO - ::group::Post task execution logs
[2024-12-12T08:10:53.572+0000] {taskinstance.py:1206} INFO - Marking task as SUCCESS. dag_id=dbt_orchestrator, task_id=dbt_run_dimensions.dbt_run_customer_dim, run_id=manual__2024-12-12T08:05:08.618053+00:00, execution_date=20241212T080508, start_date=20241212T081046, end_date=20241212T081053
[2024-12-12T08:10:53.607+0000] {local_task_job_runner.py:240} INFO - Task exited with return code 0
[2024-12-12T08:10:53.639+0000] {taskinstance.py:3498} INFO - 0 downstream tasks scheduled from follow-on schedule check
[2024-12-12T08:10:53.641+0000] {local_task_job_runner.py:222} INFO - ::endgroup::
