[2024-12-12T09:30:24.974+0000] {local_task_job_runner.py:120} INFO - ::group::Pre task execution logs
[2024-12-12T09:30:25.017+0000] {taskinstance.py:2076} INFO - Dependencies all met for dep_context=non-requeueable deps ti=<TaskInstance: dbt_orchestrator.dbt_run_dimensions.dbt_run_customer_dim scheduled__2024-12-12T09:15:00+00:00 [queued]>
[2024-12-12T09:30:25.040+0000] {taskinstance.py:2076} INFO - Dependencies all met for dep_context=requeueable deps ti=<TaskInstance: dbt_orchestrator.dbt_run_dimensions.dbt_run_customer_dim scheduled__2024-12-12T09:15:00+00:00 [queued]>
[2024-12-12T09:30:25.041+0000] {taskinstance.py:2306} INFO - Starting attempt 1 of 1
[2024-12-12T09:30:25.062+0000] {taskinstance.py:2330} INFO - Executing <Task(BashOperator): dbt_run_dimensions.dbt_run_customer_dim> on 2024-12-12 09:15:00+00:00
[2024-12-12T09:30:25.071+0000] {standard_task_runner.py:63} INFO - Started process 3585 to run task
[2024-12-12T09:30:25.076+0000] {standard_task_runner.py:90} INFO - Running: ['***', 'tasks', 'run', 'dbt_orchestrator', 'dbt_run_dimensions.dbt_run_customer_dim', 'scheduled__2024-12-12T09:15:00+00:00', '--job-id', '462', '--raw', '--subdir', 'DAGS_FOLDER/pipeline.py', '--cfg-path', '/tmp/tmp971ybncb']
[2024-12-12T09:30:25.077+0000] {standard_task_runner.py:91} INFO - Job 462: Subtask dbt_run_dimensions.dbt_run_customer_dim
[2024-12-12T09:30:25.153+0000] {task_command.py:426} INFO - Running <TaskInstance: dbt_orchestrator.dbt_run_dimensions.dbt_run_customer_dim scheduled__2024-12-12T09:15:00+00:00 [running]> on host 34fdc836a0bb
[2024-12-12T09:30:25.305+0000] {taskinstance.py:2648} INFO - Exporting env vars: AIRFLOW_CTX_DAG_OWNER='ma7moud' AIRFLOW_CTX_DAG_ID='dbt_orchestrator' AIRFLOW_CTX_TASK_ID='dbt_run_dimensions.dbt_run_customer_dim' AIRFLOW_CTX_EXECUTION_DATE='2024-12-12T09:15:00+00:00' AIRFLOW_CTX_TRY_NUMBER='1' AIRFLOW_CTX_DAG_RUN_ID='scheduled__2024-12-12T09:15:00+00:00'
[2024-12-12T09:30:25.306+0000] {taskinstance.py:430} INFO - ::endgroup::
[2024-12-12T09:30:25.323+0000] {subprocess.py:63} INFO - Tmp dir root location: /tmp
[2024-12-12T09:30:25.324+0000] {subprocess.py:75} INFO - Running command: ['/usr/bin/bash', '-c', 'dbt run --profiles-dir /opt/***/dbt --project-dir /opt/***/dbt/ecommerce --models customer_dim']
[2024-12-12T09:30:25.349+0000] {subprocess.py:86} INFO - Output:
[2024-12-12T09:30:29.006+0000] {subprocess.py:93} INFO - [0m09:30:29  Running with dbt=1.8.0
[2024-12-12T09:30:29.332+0000] {subprocess.py:93} INFO - [0m09:30:29  [[33mWARNING[0m]: Deprecated functionality
[2024-12-12T09:30:29.333+0000] {subprocess.py:93} INFO - The `tests` config has been renamed to `data_tests`. Please see
[2024-12-12T09:30:29.333+0000] {subprocess.py:93} INFO - https://docs.getdbt.com/docs/build/data-tests#new-data_tests-syntax for more
[2024-12-12T09:30:29.334+0000] {subprocess.py:93} INFO - information.
[2024-12-12T09:30:29.705+0000] {subprocess.py:93} INFO - [0m09:30:29  Registered adapter: postgres=1.8.0
[2024-12-12T09:30:31.321+0000] {subprocess.py:93} INFO - [0m09:30:31  Found 15 models, 1 snapshot, 111 data tests, 12 sources, 430 macros
[2024-12-12T09:30:31.329+0000] {subprocess.py:93} INFO - [0m09:30:31
[2024-12-12T09:30:31.728+0000] {subprocess.py:93} INFO - [0m09:30:31  Concurrency: 3 threads (target='dev')
[2024-12-12T09:30:31.728+0000] {subprocess.py:93} INFO - [0m09:30:31
[2024-12-12T09:30:31.741+0000] {subprocess.py:93} INFO - [0m09:30:31  1 of 1 START sql incremental model olap_model.customer_dim ..................... [RUN]
[2024-12-12T09:30:32.164+0000] {subprocess.py:93} INFO - [0m09:30:32  1 of 1 OK created sql incremental model olap_model.customer_dim ................ [[32mINSERT 0 109[0m in 0.42s]
[2024-12-12T09:30:32.182+0000] {subprocess.py:93} INFO - [0m09:30:32
[2024-12-12T09:30:32.183+0000] {subprocess.py:93} INFO - [0m09:30:32  Finished running 1 incremental model in 0 hours 0 minutes and 0.85 seconds (0.85s).
[2024-12-12T09:30:32.308+0000] {subprocess.py:93} INFO - [0m09:30:32
[2024-12-12T09:30:32.309+0000] {subprocess.py:93} INFO - [0m09:30:32  [32mCompleted successfully[0m
[2024-12-12T09:30:32.310+0000] {subprocess.py:93} INFO - [0m09:30:32
[2024-12-12T09:30:32.311+0000] {subprocess.py:93} INFO - [0m09:30:32  Done. PASS=1 WARN=0 ERROR=0 SKIP=0 TOTAL=1
[2024-12-12T09:30:33.323+0000] {subprocess.py:97} INFO - Command exited with return code 0
[2024-12-12T09:30:33.324+0000] {taskinstance.py:441} INFO - ::group::Post task execution logs
[2024-12-12T09:30:33.358+0000] {taskinstance.py:1206} INFO - Marking task as SUCCESS. dag_id=dbt_orchestrator, task_id=dbt_run_dimensions.dbt_run_customer_dim, run_id=scheduled__2024-12-12T09:15:00+00:00, execution_date=20241212T091500, start_date=20241212T093025, end_date=20241212T093033
[2024-12-12T09:30:33.385+0000] {local_task_job_runner.py:240} INFO - Task exited with return code 0
[2024-12-12T09:30:33.421+0000] {taskinstance.py:3498} INFO - 0 downstream tasks scheduled from follow-on schedule check
[2024-12-12T09:30:33.423+0000] {local_task_job_runner.py:222} INFO - ::endgroup::
