[2024-12-12T08:07:12.607+0000] {local_task_job_runner.py:120} INFO - ::group::Pre task execution logs
[2024-12-12T08:07:12.753+0000] {taskinstance.py:2076} INFO - Dependencies all met for dep_context=non-requeueable deps ti=<TaskInstance: dbt_orchestrator.dbt_run_staging.dbt_run_stg_customers scheduled__2024-12-12T07:45:00+00:00 [queued]>
[2024-12-12T08:07:12.823+0000] {taskinstance.py:2076} INFO - Dependencies all met for dep_context=requeueable deps ti=<TaskInstance: dbt_orchestrator.dbt_run_staging.dbt_run_stg_customers scheduled__2024-12-12T07:45:00+00:00 [queued]>
[2024-12-12T08:07:12.824+0000] {taskinstance.py:2306} INFO - Starting attempt 1 of 1
[2024-12-12T08:07:12.929+0000] {taskinstance.py:2330} INFO - Executing <Task(BashOperator): dbt_run_staging.dbt_run_stg_customers> on 2024-12-12 07:45:00+00:00
[2024-12-12T08:07:12.951+0000] {standard_task_runner.py:63} INFO - Started process 128 to run task
[2024-12-12T08:07:12.957+0000] {standard_task_runner.py:90} INFO - Running: ['***', 'tasks', 'run', 'dbt_orchestrator', 'dbt_run_staging.dbt_run_stg_customers', 'scheduled__2024-12-12T07:45:00+00:00', '--job-id', '118', '--raw', '--subdir', 'DAGS_FOLDER/pipeline.py', '--cfg-path', '/tmp/tmpaka2yn31']
[2024-12-12T08:07:12.959+0000] {standard_task_runner.py:91} INFO - Job 118: Subtask dbt_run_staging.dbt_run_stg_customers
[2024-12-12T08:07:13.196+0000] {task_command.py:426} INFO - Running <TaskInstance: dbt_orchestrator.dbt_run_staging.dbt_run_stg_customers scheduled__2024-12-12T07:45:00+00:00 [running]> on host 34fdc836a0bb
[2024-12-12T08:07:13.425+0000] {taskinstance.py:2648} INFO - Exporting env vars: AIRFLOW_CTX_DAG_OWNER='ma7moud' AIRFLOW_CTX_DAG_ID='dbt_orchestrator' AIRFLOW_CTX_TASK_ID='dbt_run_staging.dbt_run_stg_customers' AIRFLOW_CTX_EXECUTION_DATE='2024-12-12T07:45:00+00:00' AIRFLOW_CTX_TRY_NUMBER='1' AIRFLOW_CTX_DAG_RUN_ID='scheduled__2024-12-12T07:45:00+00:00'
[2024-12-12T08:07:13.426+0000] {taskinstance.py:430} INFO - ::endgroup::
[2024-12-12T08:07:13.468+0000] {subprocess.py:63} INFO - Tmp dir root location: /tmp
[2024-12-12T08:07:13.476+0000] {subprocess.py:75} INFO - Running command: ['/usr/bin/bash', '-c', 'dbt run --profiles-dir /opt/***/dbt --project-dir /opt/***/dbt/ecommerce --models models/staging/stg_customers']
[2024-12-12T08:07:13.553+0000] {subprocess.py:86} INFO - Output:
[2024-12-12T08:07:22.308+0000] {subprocess.py:93} INFO - [0m08:07:22  Running with dbt=1.8.0
[2024-12-12T08:07:22.694+0000] {subprocess.py:93} INFO - [0m08:07:22  [[33mWARNING[0m]: Deprecated functionality
[2024-12-12T08:07:22.697+0000] {subprocess.py:93} INFO - The `tests` config has been renamed to `data_tests`. Please see
[2024-12-12T08:07:22.698+0000] {subprocess.py:93} INFO - https://docs.getdbt.com/docs/build/data-tests#new-data_tests-syntax for more
[2024-12-12T08:07:22.700+0000] {subprocess.py:93} INFO - information.
[2024-12-12T08:07:23.861+0000] {subprocess.py:93} INFO - [0m08:07:23  Registered adapter: postgres=1.8.0
[2024-12-12T08:07:25.226+0000] {subprocess.py:93} INFO - [0m08:07:25  [[33mWARNING[0m]: Configuration paths exist in your dbt_project.yml file which do not apply to any resources.
[2024-12-12T08:07:25.227+0000] {subprocess.py:93} INFO - There are 2 unused configuration paths:
[2024-12-12T08:07:25.228+0000] {subprocess.py:93} INFO - - models.ecommerce.staging.dimensions
[2024-12-12T08:07:25.228+0000] {subprocess.py:93} INFO - - models.ecommerce.staging.fact
[2024-12-12T08:07:26.625+0000] {subprocess.py:93} INFO - [0m08:07:26  Found 15 models, 1 snapshot, 112 data tests, 12 sources, 430 macros
[2024-12-12T08:07:26.659+0000] {subprocess.py:93} INFO - [0m08:07:26  The selection criterion 'models/staging/stg_customers' does not match any enabled nodes
[2024-12-12T08:07:26.678+0000] {subprocess.py:93} INFO - [0m08:07:26
[2024-12-12T08:07:26.679+0000] {subprocess.py:93} INFO - [0m08:07:26  Nothing to do. Try checking your model configs and model specification args
[2024-12-12T08:07:29.433+0000] {subprocess.py:97} INFO - Command exited with return code 0
[2024-12-12T08:07:29.434+0000] {taskinstance.py:441} INFO - ::group::Post task execution logs
[2024-12-12T08:07:29.516+0000] {taskinstance.py:1206} INFO - Marking task as SUCCESS. dag_id=dbt_orchestrator, task_id=dbt_run_staging.dbt_run_stg_customers, run_id=scheduled__2024-12-12T07:45:00+00:00, execution_date=20241212T074500, start_date=20241212T080712, end_date=20241212T080729
[2024-12-12T08:07:29.592+0000] {local_task_job_runner.py:240} INFO - Task exited with return code 0
[2024-12-12T08:07:29.697+0000] {taskinstance.py:3498} INFO - 0 downstream tasks scheduled from follow-on schedule check
[2024-12-12T08:07:29.702+0000] {local_task_job_runner.py:222} INFO - ::endgroup::
