[2024-12-12T08:30:23.757+0000] {local_task_job_runner.py:120} INFO - ::group::Pre task execution logs
[2024-12-12T08:30:23.800+0000] {taskinstance.py:2076} INFO - Dependencies all met for dep_context=non-requeueable deps ti=<TaskInstance: dbt_orchestrator.dbt_run_dimensions.dbt_run_supplier_dim scheduled__2024-12-12T08:15:00+00:00 [queued]>
[2024-12-12T08:30:23.818+0000] {taskinstance.py:2076} INFO - Dependencies all met for dep_context=requeueable deps ti=<TaskInstance: dbt_orchestrator.dbt_run_dimensions.dbt_run_supplier_dim scheduled__2024-12-12T08:15:00+00:00 [queued]>
[2024-12-12T08:30:23.818+0000] {taskinstance.py:2306} INFO - Starting attempt 1 of 1
[2024-12-12T08:30:23.838+0000] {taskinstance.py:2330} INFO - Executing <Task(BashOperator): dbt_run_dimensions.dbt_run_supplier_dim> on 2024-12-12 08:15:00+00:00
[2024-12-12T08:30:23.846+0000] {standard_task_runner.py:63} INFO - Started process 1029 to run task
[2024-12-12T08:30:23.850+0000] {standard_task_runner.py:90} INFO - Running: ['***', 'tasks', 'run', 'dbt_orchestrator', 'dbt_run_dimensions.dbt_run_supplier_dim', 'scheduled__2024-12-12T08:15:00+00:00', '--job-id', '252', '--raw', '--subdir', 'DAGS_FOLDER/pipeline.py', '--cfg-path', '/tmp/tmp7fosq4j1']
[2024-12-12T08:30:23.851+0000] {standard_task_runner.py:91} INFO - Job 252: Subtask dbt_run_dimensions.dbt_run_supplier_dim
[2024-12-12T08:30:23.909+0000] {task_command.py:426} INFO - Running <TaskInstance: dbt_orchestrator.dbt_run_dimensions.dbt_run_supplier_dim scheduled__2024-12-12T08:15:00+00:00 [running]> on host 34fdc836a0bb
[2024-12-12T08:30:24.026+0000] {taskinstance.py:2648} INFO - Exporting env vars: AIRFLOW_CTX_DAG_OWNER='ma7moud' AIRFLOW_CTX_DAG_ID='dbt_orchestrator' AIRFLOW_CTX_TASK_ID='dbt_run_dimensions.dbt_run_supplier_dim' AIRFLOW_CTX_EXECUTION_DATE='2024-12-12T08:15:00+00:00' AIRFLOW_CTX_TRY_NUMBER='1' AIRFLOW_CTX_DAG_RUN_ID='scheduled__2024-12-12T08:15:00+00:00'
[2024-12-12T08:30:24.027+0000] {taskinstance.py:430} INFO - ::endgroup::
[2024-12-12T08:30:24.041+0000] {subprocess.py:63} INFO - Tmp dir root location: /tmp
[2024-12-12T08:30:24.042+0000] {subprocess.py:75} INFO - Running command: ['/usr/bin/bash', '-c', 'dbt run --profiles-dir /opt/***/dbt --project-dir /opt/***/dbt/ecommerce --models models/olap_model/dimensions/supplier_dim']
[2024-12-12T08:30:24.054+0000] {subprocess.py:86} INFO - Output:
[2024-12-12T08:30:26.970+0000] {subprocess.py:93} INFO - [0m08:30:26  Running with dbt=1.8.0
[2024-12-12T08:30:27.171+0000] {subprocess.py:93} INFO - [0m08:30:27  [[33mWARNING[0m]: Deprecated functionality
[2024-12-12T08:30:27.174+0000] {subprocess.py:93} INFO - The `tests` config has been renamed to `data_tests`. Please see
[2024-12-12T08:30:27.175+0000] {subprocess.py:93} INFO - https://docs.getdbt.com/docs/build/data-tests#new-data_tests-syntax for more
[2024-12-12T08:30:27.186+0000] {subprocess.py:93} INFO - information.
[2024-12-12T08:30:27.365+0000] {subprocess.py:93} INFO - [0m08:30:27  Registered adapter: postgres=1.8.0
[2024-12-12T08:30:28.737+0000] {subprocess.py:93} INFO - [0m08:30:28  Found 15 models, 1 snapshot, 112 data tests, 12 sources, 430 macros
[2024-12-12T08:30:28.743+0000] {subprocess.py:93} INFO - [0m08:30:28  The selection criterion 'models/olap_model/dimensions/supplier_dim' does not match any enabled nodes
[2024-12-12T08:30:28.746+0000] {subprocess.py:93} INFO - [0m08:30:28
[2024-12-12T08:30:28.747+0000] {subprocess.py:93} INFO - [0m08:30:28  Nothing to do. Try checking your model configs and model specification args
[2024-12-12T08:30:29.845+0000] {subprocess.py:97} INFO - Command exited with return code 0
[2024-12-12T08:30:29.846+0000] {taskinstance.py:441} INFO - ::group::Post task execution logs
[2024-12-12T08:30:29.876+0000] {taskinstance.py:1206} INFO - Marking task as SUCCESS. dag_id=dbt_orchestrator, task_id=dbt_run_dimensions.dbt_run_supplier_dim, run_id=scheduled__2024-12-12T08:15:00+00:00, execution_date=20241212T081500, start_date=20241212T083023, end_date=20241212T083029
[2024-12-12T08:30:29.896+0000] {local_task_job_runner.py:240} INFO - Task exited with return code 0
[2024-12-12T08:30:29.919+0000] {taskinstance.py:3498} INFO - 0 downstream tasks scheduled from follow-on schedule check
[2024-12-12T08:30:29.921+0000] {local_task_job_runner.py:222} INFO - ::endgroup::
