[2024-12-11T16:15:01.379+0000] {local_task_job_runner.py:120} INFO - ::group::Pre task execution logs
[2024-12-11T16:15:01.403+0000] {taskinstance.py:2076} INFO - Dependencies all met for dep_context=non-requeueable deps ti=<TaskInstance: dbt_orchestrator.dbt_connection_check.dbt_debug scheduled__2024-12-11T16:00:00+00:00 [queued]>
[2024-12-11T16:15:01.411+0000] {taskinstance.py:2076} INFO - Dependencies all met for dep_context=requeueable deps ti=<TaskInstance: dbt_orchestrator.dbt_connection_check.dbt_debug scheduled__2024-12-11T16:00:00+00:00 [queued]>
[2024-12-11T16:15:01.411+0000] {taskinstance.py:2306} INFO - Starting attempt 1 of 1
[2024-12-11T16:15:01.423+0000] {taskinstance.py:2330} INFO - Executing <Task(BashOperator): dbt_connection_check.dbt_debug> on 2024-12-11 16:00:00+00:00
[2024-12-11T16:15:01.430+0000] {standard_task_runner.py:63} INFO - Started process 200 to run task
[2024-12-11T16:15:01.433+0000] {standard_task_runner.py:90} INFO - Running: ['***', 'tasks', 'run', 'dbt_orchestrator', 'dbt_connection_check.dbt_debug', 'scheduled__2024-12-11T16:00:00+00:00', '--job-id', '30', '--raw', '--subdir', 'DAGS_FOLDER/pipeline.py', '--cfg-path', '/tmp/tmp0s7una5i']
[2024-12-11T16:15:01.434+0000] {standard_task_runner.py:91} INFO - Job 30: Subtask dbt_connection_check.dbt_debug
[2024-12-11T16:15:01.479+0000] {task_command.py:426} INFO - Running <TaskInstance: dbt_orchestrator.dbt_connection_check.dbt_debug scheduled__2024-12-11T16:00:00+00:00 [running]> on host 49f8df2c9427
[2024-12-11T16:15:01.563+0000] {taskinstance.py:2648} INFO - Exporting env vars: AIRFLOW_CTX_DAG_OWNER='Mahmoud' AIRFLOW_CTX_DAG_ID='dbt_orchestrator' AIRFLOW_CTX_TASK_ID='dbt_connection_check.dbt_debug' AIRFLOW_CTX_EXECUTION_DATE='2024-12-11T16:00:00+00:00' AIRFLOW_CTX_TRY_NUMBER='1' AIRFLOW_CTX_DAG_RUN_ID='scheduled__2024-12-11T16:00:00+00:00'
[2024-12-11T16:15:01.563+0000] {taskinstance.py:430} INFO - ::endgroup::
[2024-12-11T16:15:01.574+0000] {subprocess.py:63} INFO - Tmp dir root location: /tmp
[2024-12-11T16:15:01.574+0000] {subprocess.py:75} INFO - Running command: ['/usr/bin/bash', '-c', 'dbt debug --profiles-dir /opt/***/dbt --project-dir /opt/***/dbt/ecommerce']
[2024-12-11T16:15:01.586+0000] {subprocess.py:86} INFO - Output:
[2024-12-11T16:15:03.393+0000] {subprocess.py:93} INFO - [0m16:15:03  Running with dbt=1.8.0
[2024-12-11T16:15:03.403+0000] {subprocess.py:93} INFO - [0m16:15:03  dbt version: 1.8.0
[2024-12-11T16:15:03.404+0000] {subprocess.py:93} INFO - [0m16:15:03  python version: 3.9.19
[2024-12-11T16:15:03.404+0000] {subprocess.py:93} INFO - [0m16:15:03  python path: /home/***/.local/bin/python
[2024-12-11T16:15:03.405+0000] {subprocess.py:93} INFO - [0m16:15:03  os info: Linux-6.8.0-49-generic-x86_64-with-glibc2.36
[2024-12-11T16:15:03.469+0000] {subprocess.py:93} INFO - [0m16:15:03  Using profiles dir at /opt/***/dbt
[2024-12-11T16:15:03.469+0000] {subprocess.py:93} INFO - [0m16:15:03  Using profiles.yml file at /opt/***/dbt/profiles.yml
[2024-12-11T16:15:03.470+0000] {subprocess.py:93} INFO - [0m16:15:03  Using dbt_project.yml file at /opt/***/dbt/ecommerce/dbt_project.yml
[2024-12-11T16:15:03.471+0000] {subprocess.py:93} INFO - [0m16:15:03  adapter type: postgres
[2024-12-11T16:15:03.471+0000] {subprocess.py:93} INFO - [0m16:15:03  adapter version: 1.8.0
[2024-12-11T16:15:03.556+0000] {subprocess.py:93} INFO - [0m16:15:03  [[33mWARNING[0m]: Deprecated functionality
[2024-12-11T16:15:03.557+0000] {subprocess.py:93} INFO - The `tests` config has been renamed to `data_tests`. Please see
[2024-12-11T16:15:03.557+0000] {subprocess.py:93} INFO - https://docs.getdbt.com/docs/build/data-tests#new-data_tests-syntax for more
[2024-12-11T16:15:03.557+0000] {subprocess.py:93} INFO - information.
[2024-12-11T16:15:03.603+0000] {subprocess.py:93} INFO - [0m16:15:03  Configuration:
[2024-12-11T16:15:03.604+0000] {subprocess.py:93} INFO - [0m16:15:03    profiles.yml file [[32mOK found and valid[0m]
[2024-12-11T16:15:03.604+0000] {subprocess.py:93} INFO - [0m16:15:03    dbt_project.yml file [[32mOK found and valid[0m]
[2024-12-11T16:15:03.605+0000] {subprocess.py:93} INFO - [0m16:15:03  Required dependencies:
[2024-12-11T16:15:03.615+0000] {subprocess.py:93} INFO - [0m16:15:03   - git [[32mOK found[0m]
[2024-12-11T16:15:03.615+0000] {subprocess.py:93} INFO - 
[2024-12-11T16:15:03.615+0000] {subprocess.py:93} INFO - [0m16:15:03  Connection:
[2024-12-11T16:15:03.616+0000] {subprocess.py:93} INFO - [0m16:15:03    host: 172.18.0.3
[2024-12-11T16:15:03.616+0000] {subprocess.py:93} INFO - [0m16:15:03    port: 5432
[2024-12-11T16:15:03.617+0000] {subprocess.py:93} INFO - [0m16:15:03    user: ***
[2024-12-11T16:15:03.617+0000] {subprocess.py:93} INFO - [0m16:15:03    database: ecommerce
[2024-12-11T16:15:03.618+0000] {subprocess.py:93} INFO - [0m16:15:03    schema: oltp
[2024-12-11T16:15:03.618+0000] {subprocess.py:93} INFO - [0m16:15:03    connect_timeout: 10
[2024-12-11T16:15:03.619+0000] {subprocess.py:93} INFO - [0m16:15:03    role: None
[2024-12-11T16:15:03.619+0000] {subprocess.py:93} INFO - [0m16:15:03    search_path: None
[2024-12-11T16:15:03.620+0000] {subprocess.py:93} INFO - [0m16:15:03    keepalives_idle: 0
[2024-12-11T16:15:03.620+0000] {subprocess.py:93} INFO - [0m16:15:03    sslmode: None
[2024-12-11T16:15:03.621+0000] {subprocess.py:93} INFO - [0m16:15:03    sslcert: None
[2024-12-11T16:15:03.621+0000] {subprocess.py:93} INFO - [0m16:15:03    sslkey: None
[2024-12-11T16:15:03.622+0000] {subprocess.py:93} INFO - [0m16:15:03    sslrootcert: None
[2024-12-11T16:15:03.622+0000] {subprocess.py:93} INFO - [0m16:15:03    application_name: dbt
[2024-12-11T16:15:03.623+0000] {subprocess.py:93} INFO - [0m16:15:03    retries: 1
[2024-12-11T16:15:03.624+0000] {subprocess.py:93} INFO - [0m16:15:03  Registered adapter: postgres=1.8.0
[2024-12-11T16:15:03.783+0000] {subprocess.py:93} INFO - [0m16:15:03    Connection test: [[32mOK connection ok[0m]
[2024-12-11T16:15:03.784+0000] {subprocess.py:93} INFO - 
[2024-12-11T16:15:03.784+0000] {subprocess.py:93} INFO - [0m16:15:03  [32mAll checks passed![0m
[2024-12-11T16:15:04.742+0000] {subprocess.py:97} INFO - Command exited with return code 0
[2024-12-11T16:15:04.743+0000] {taskinstance.py:441} INFO - ::group::Post task execution logs
[2024-12-11T16:15:04.768+0000] {taskinstance.py:1206} INFO - Marking task as SUCCESS. dag_id=dbt_orchestrator, task_id=dbt_connection_check.dbt_debug, run_id=scheduled__2024-12-11T16:00:00+00:00, execution_date=20241211T160000, start_date=20241211T161501, end_date=20241211T161504
[2024-12-11T16:15:04.814+0000] {local_task_job_runner.py:240} INFO - Task exited with return code 0
[2024-12-11T16:15:04.845+0000] {taskinstance.py:3498} INFO - 1 downstream tasks scheduled from follow-on schedule check
[2024-12-11T16:15:04.846+0000] {local_task_job_runner.py:222} INFO - ::endgroup::
