[2024-12-12T09:26:14.528+0000] {local_task_job_runner.py:120} INFO - ::group::Pre task execution logs
[2024-12-12T09:26:14.568+0000] {taskinstance.py:2076} INFO - Dependencies all met for dep_context=non-requeueable deps ti=<TaskInstance: dbt_orchestrator.dbt_run_fact.dbt_run_fact_model_fact_sales scheduled__2024-12-12T09:00:00+00:00 [queued]>
[2024-12-12T09:26:14.588+0000] {taskinstance.py:2076} INFO - Dependencies all met for dep_context=requeueable deps ti=<TaskInstance: dbt_orchestrator.dbt_run_fact.dbt_run_fact_model_fact_sales scheduled__2024-12-12T09:00:00+00:00 [queued]>
[2024-12-12T09:26:14.589+0000] {taskinstance.py:2306} INFO - Starting attempt 2 of 2
[2024-12-12T09:26:14.604+0000] {taskinstance.py:2330} INFO - Executing <Task(BashOperator): dbt_run_fact.dbt_run_fact_model_fact_sales> on 2024-12-12 09:00:00+00:00
[2024-12-12T09:26:14.611+0000] {standard_task_runner.py:63} INFO - Started process 3406 to run task
[2024-12-12T09:26:14.614+0000] {standard_task_runner.py:90} INFO - Running: ['***', 'tasks', 'run', 'dbt_orchestrator', 'dbt_run_fact.dbt_run_fact_model_fact_sales', 'scheduled__2024-12-12T09:00:00+00:00', '--job-id', '447', '--raw', '--subdir', 'DAGS_FOLDER/pipeline.py', '--cfg-path', '/tmp/tmpimbz6n0p']
[2024-12-12T09:26:14.615+0000] {standard_task_runner.py:91} INFO - Job 447: Subtask dbt_run_fact.dbt_run_fact_model_fact_sales
[2024-12-12T09:26:14.677+0000] {task_command.py:426} INFO - Running <TaskInstance: dbt_orchestrator.dbt_run_fact.dbt_run_fact_model_fact_sales scheduled__2024-12-12T09:00:00+00:00 [running]> on host 34fdc836a0bb
[2024-12-12T09:26:14.787+0000] {taskinstance.py:2648} INFO - Exporting env vars: AIRFLOW_CTX_DAG_OWNER='ma7moud' AIRFLOW_CTX_DAG_ID='dbt_orchestrator' AIRFLOW_CTX_TASK_ID='dbt_run_fact.dbt_run_fact_model_fact_sales' AIRFLOW_CTX_EXECUTION_DATE='2024-12-12T09:00:00+00:00' AIRFLOW_CTX_TRY_NUMBER='2' AIRFLOW_CTX_DAG_RUN_ID='scheduled__2024-12-12T09:00:00+00:00'
[2024-12-12T09:26:14.789+0000] {taskinstance.py:430} INFO - ::endgroup::
[2024-12-12T09:26:14.801+0000] {subprocess.py:63} INFO - Tmp dir root location: /tmp
[2024-12-12T09:26:14.802+0000] {subprocess.py:75} INFO - Running command: ['/usr/bin/bash', '-c', 'dbt run --profiles-dir /opt/***/dbt --project-dir /opt/***/dbt/ecommerce --models fact_sales']
[2024-12-12T09:26:14.816+0000] {subprocess.py:86} INFO - Output:
[2024-12-12T09:26:16.945+0000] {subprocess.py:93} INFO - [0m09:26:16  Running with dbt=1.8.0
[2024-12-12T09:26:17.111+0000] {subprocess.py:93} INFO - [0m09:26:17  [[33mWARNING[0m]: Deprecated functionality
[2024-12-12T09:26:17.112+0000] {subprocess.py:93} INFO - The `tests` config has been renamed to `data_tests`. Please see
[2024-12-12T09:26:17.112+0000] {subprocess.py:93} INFO - https://docs.getdbt.com/docs/build/data-tests#new-data_tests-syntax for more
[2024-12-12T09:26:17.112+0000] {subprocess.py:93} INFO - information.
[2024-12-12T09:26:17.305+0000] {subprocess.py:93} INFO - [0m09:26:17  Registered adapter: postgres=1.8.0
[2024-12-12T09:26:18.254+0000] {subprocess.py:93} INFO - [0m09:26:18  Found 15 models, 1 snapshot, 111 data tests, 12 sources, 430 macros
[2024-12-12T09:26:18.258+0000] {subprocess.py:93} INFO - [0m09:26:18
[2024-12-12T09:26:18.481+0000] {subprocess.py:93} INFO - [0m09:26:18  Concurrency: 3 threads (target='dev')
[2024-12-12T09:26:18.482+0000] {subprocess.py:93} INFO - [0m09:26:18
[2024-12-12T09:26:18.486+0000] {subprocess.py:93} INFO - [0m09:26:18  1 of 1 START sql incremental model olap_model.fact_sales ....................... [RUN]
[2024-12-12T09:26:18.698+0000] {subprocess.py:93} INFO - [0m09:26:18  1 of 1 OK created sql incremental model olap_model.fact_sales .................. [[32mSELECT 1294[0m in 0.21s]
[2024-12-12T09:26:18.712+0000] {subprocess.py:93} INFO - [0m09:26:18
[2024-12-12T09:26:18.712+0000] {subprocess.py:93} INFO - [0m09:26:18  Finished running 1 incremental model in 0 hours 0 minutes and 0.45 seconds (0.45s).
[2024-12-12T09:26:18.795+0000] {subprocess.py:93} INFO - [0m09:26:18
[2024-12-12T09:26:18.796+0000] {subprocess.py:93} INFO - [0m09:26:18  [32mCompleted successfully[0m
[2024-12-12T09:26:18.796+0000] {subprocess.py:93} INFO - [0m09:26:18
[2024-12-12T09:26:18.797+0000] {subprocess.py:93} INFO - [0m09:26:18  Done. PASS=1 WARN=0 ERROR=0 SKIP=0 TOTAL=1
[2024-12-12T09:26:19.745+0000] {subprocess.py:97} INFO - Command exited with return code 0
[2024-12-12T09:26:19.746+0000] {taskinstance.py:441} INFO - ::group::Post task execution logs
[2024-12-12T09:26:19.775+0000] {taskinstance.py:1206} INFO - Marking task as SUCCESS. dag_id=dbt_orchestrator, task_id=dbt_run_fact.dbt_run_fact_model_fact_sales, run_id=scheduled__2024-12-12T09:00:00+00:00, execution_date=20241212T090000, start_date=20241212T092614, end_date=20241212T092619
[2024-12-12T09:26:19.803+0000] {local_task_job_runner.py:240} INFO - Task exited with return code 0
[2024-12-12T09:26:19.824+0000] {taskinstance.py:3498} INFO - 1 downstream tasks scheduled from follow-on schedule check
[2024-12-12T09:26:19.825+0000] {local_task_job_runner.py:222} INFO - ::endgroup::
