[2024-12-11T17:08:35.200+0000] {local_task_job_runner.py:120} INFO - ::group::Pre task execution logs
[2024-12-11T17:08:35.262+0000] {taskinstance.py:2076} INFO - Dependencies all met for dep_context=non-requeueable deps ti=<TaskInstance: dbt_orchestrator.dbt_run_staging.dbt_run_stg_date scheduled__2024-12-11T16:45:00+00:00 [queued]>
[2024-12-11T17:08:35.298+0000] {taskinstance.py:2076} INFO - Dependencies all met for dep_context=requeueable deps ti=<TaskInstance: dbt_orchestrator.dbt_run_staging.dbt_run_stg_date scheduled__2024-12-11T16:45:00+00:00 [queued]>
[2024-12-11T17:08:35.303+0000] {taskinstance.py:2306} INFO - Starting attempt 1 of 1
[2024-12-11T17:08:35.336+0000] {taskinstance.py:2330} INFO - Executing <Task(BashOperator): dbt_run_staging.dbt_run_stg_date> on 2024-12-11 16:45:00+00:00
[2024-12-11T17:08:35.350+0000] {standard_task_runner.py:63} INFO - Started process 506 to run task
[2024-12-11T17:08:35.354+0000] {standard_task_runner.py:90} INFO - Running: ['***', 'tasks', 'run', 'dbt_orchestrator', 'dbt_run_staging.dbt_run_stg_date', 'scheduled__2024-12-11T16:45:00+00:00', '--job-id', '61', '--raw', '--subdir', 'DAGS_FOLDER/pipeline.py', '--cfg-path', '/tmp/tmpvy12dvic']
[2024-12-11T17:08:35.358+0000] {standard_task_runner.py:91} INFO - Job 61: Subtask dbt_run_staging.dbt_run_stg_date
[2024-12-11T17:08:35.457+0000] {task_command.py:426} INFO - Running <TaskInstance: dbt_orchestrator.dbt_run_staging.dbt_run_stg_date scheduled__2024-12-11T16:45:00+00:00 [running]> on host 49f8df2c9427
[2024-12-11T17:08:35.643+0000] {taskinstance.py:2648} INFO - Exporting env vars: AIRFLOW_CTX_DAG_OWNER='ma7moud' AIRFLOW_CTX_DAG_ID='dbt_orchestrator' AIRFLOW_CTX_TASK_ID='dbt_run_staging.dbt_run_stg_date' AIRFLOW_CTX_EXECUTION_DATE='2024-12-11T16:45:00+00:00' AIRFLOW_CTX_TRY_NUMBER='1' AIRFLOW_CTX_DAG_RUN_ID='scheduled__2024-12-11T16:45:00+00:00'
[2024-12-11T17:08:35.644+0000] {taskinstance.py:430} INFO - ::endgroup::
[2024-12-11T17:08:35.664+0000] {subprocess.py:63} INFO - Tmp dir root location: /tmp
[2024-12-11T17:08:35.666+0000] {subprocess.py:75} INFO - Running command: ['/usr/bin/bash', '-c', 'dbt run --profiles-dir /opt/***/dbt --project-dir /opt/***/dbt/ecommerce --models models/staging/stg_date']
[2024-12-11T17:08:35.692+0000] {subprocess.py:86} INFO - Output:
[2024-12-11T17:08:40.990+0000] {subprocess.py:93} INFO - [0m17:08:40  Running with dbt=1.8.0
[2024-12-11T17:08:41.586+0000] {subprocess.py:93} INFO - [0m17:08:41  [[33mWARNING[0m]: Deprecated functionality
[2024-12-11T17:08:41.586+0000] {subprocess.py:93} INFO - The `tests` config has been renamed to `data_tests`. Please see
[2024-12-11T17:08:41.587+0000] {subprocess.py:93} INFO - https://docs.getdbt.com/docs/build/data-tests#new-data_tests-syntax for more
[2024-12-11T17:08:41.587+0000] {subprocess.py:93} INFO - information.
[2024-12-11T17:08:42.170+0000] {subprocess.py:93} INFO - [0m17:08:42  Registered adapter: postgres=1.8.0
[2024-12-11T17:08:43.233+0000] {subprocess.py:93} INFO - [0m17:08:43  [[33mWARNING[0m]: Configuration paths exist in your dbt_project.yml file which do not apply to any resources.
[2024-12-11T17:08:43.234+0000] {subprocess.py:93} INFO - There are 2 unused configuration paths:
[2024-12-11T17:08:43.234+0000] {subprocess.py:93} INFO - - models.ecommerce.marts.dimensions
[2024-12-11T17:08:43.235+0000] {subprocess.py:93} INFO - - models.ecommerce.marts.fact
[2024-12-11T17:08:43.903+0000] {subprocess.py:93} INFO - [0m17:08:43  Found 15 models, 1 snapshot, 112 data tests, 12 sources, 430 macros
[2024-12-11T17:08:43.910+0000] {subprocess.py:93} INFO - [0m17:08:43  The selection criterion 'models/staging/stg_date' does not match any enabled nodes
[2024-12-11T17:08:43.912+0000] {subprocess.py:93} INFO - [0m17:08:43
[2024-12-11T17:08:43.912+0000] {subprocess.py:93} INFO - [0m17:08:43  Nothing to do. Try checking your model configs and model specification args
[2024-12-11T17:08:45.052+0000] {subprocess.py:97} INFO - Command exited with return code 0
[2024-12-11T17:08:45.053+0000] {taskinstance.py:441} INFO - ::group::Post task execution logs
[2024-12-11T17:08:45.075+0000] {taskinstance.py:1206} INFO - Marking task as SUCCESS. dag_id=dbt_orchestrator, task_id=dbt_run_staging.dbt_run_stg_date, run_id=scheduled__2024-12-11T16:45:00+00:00, execution_date=20241211T164500, start_date=20241211T170835, end_date=20241211T170845
[2024-12-11T17:08:45.097+0000] {local_task_job_runner.py:240} INFO - Task exited with return code 0
[2024-12-11T17:08:45.124+0000] {taskinstance.py:3498} INFO - 6 downstream tasks scheduled from follow-on schedule check
[2024-12-11T17:08:45.125+0000] {local_task_job_runner.py:222} INFO - ::endgroup::
