[2024-12-12T08:07:39.693+0000] {local_task_job_runner.py:120} INFO - ::group::Pre task execution logs
[2024-12-12T08:07:39.804+0000] {taskinstance.py:2076} INFO - Dependencies all met for dep_context=non-requeueable deps ti=<TaskInstance: dbt_orchestrator.dbt_run_dimensions.dbt_run_store_dim manual__2024-12-12T08:05:08.618053+00:00 [queued]>
[2024-12-12T08:07:39.831+0000] {taskinstance.py:2076} INFO - Dependencies all met for dep_context=requeueable deps ti=<TaskInstance: dbt_orchestrator.dbt_run_dimensions.dbt_run_store_dim manual__2024-12-12T08:05:08.618053+00:00 [queued]>
[2024-12-12T08:07:39.840+0000] {taskinstance.py:2306} INFO - Starting attempt 1 of 1
[2024-12-12T08:07:39.934+0000] {taskinstance.py:2330} INFO - Executing <Task(BashOperator): dbt_run_dimensions.dbt_run_store_dim> on 2024-12-12 08:05:08.618053+00:00
[2024-12-12T08:07:39.975+0000] {standard_task_runner.py:63} INFO - Started process 212 to run task
[2024-12-12T08:07:40.004+0000] {standard_task_runner.py:90} INFO - Running: ['***', 'tasks', 'run', 'dbt_orchestrator', 'dbt_run_dimensions.dbt_run_store_dim', 'manual__2024-12-12T08:05:08.618053+00:00', '--job-id', '136', '--raw', '--subdir', 'DAGS_FOLDER/pipeline.py', '--cfg-path', '/tmp/tmpsceo0ucr']
[2024-12-12T08:07:40.010+0000] {standard_task_runner.py:91} INFO - Job 136: Subtask dbt_run_dimensions.dbt_run_store_dim
[2024-12-12T08:07:40.227+0000] {task_command.py:426} INFO - Running <TaskInstance: dbt_orchestrator.dbt_run_dimensions.dbt_run_store_dim manual__2024-12-12T08:05:08.618053+00:00 [running]> on host 34fdc836a0bb
[2024-12-12T08:07:40.645+0000] {taskinstance.py:2648} INFO - Exporting env vars: AIRFLOW_CTX_DAG_OWNER='ma7moud' AIRFLOW_CTX_DAG_ID='dbt_orchestrator' AIRFLOW_CTX_TASK_ID='dbt_run_dimensions.dbt_run_store_dim' AIRFLOW_CTX_EXECUTION_DATE='2024-12-12T08:05:08.618053+00:00' AIRFLOW_CTX_TRY_NUMBER='1' AIRFLOW_CTX_DAG_RUN_ID='manual__2024-12-12T08:05:08.618053+00:00'
[2024-12-12T08:07:40.646+0000] {taskinstance.py:430} INFO - ::endgroup::
[2024-12-12T08:07:40.729+0000] {subprocess.py:63} INFO - Tmp dir root location: /tmp
[2024-12-12T08:07:40.730+0000] {subprocess.py:75} INFO - Running command: ['/usr/bin/bash', '-c', 'dbt run --profiles-dir /opt/***/dbt --project-dir /opt/***/dbt/ecommerce --models models/olap_model/dimensions/store_dim']
[2024-12-12T08:07:40.854+0000] {subprocess.py:86} INFO - Output:
[2024-12-12T08:07:50.660+0000] {subprocess.py:93} INFO - [0m08:07:50  Running with dbt=1.8.0
[2024-12-12T08:07:51.253+0000] {subprocess.py:93} INFO - [0m08:07:51  [[33mWARNING[0m]: Deprecated functionality
[2024-12-12T08:07:51.255+0000] {subprocess.py:93} INFO - The `tests` config has been renamed to `data_tests`. Please see
[2024-12-12T08:07:51.260+0000] {subprocess.py:93} INFO - https://docs.getdbt.com/docs/build/data-tests#new-data_tests-syntax for more
[2024-12-12T08:07:51.263+0000] {subprocess.py:93} INFO - information.
[2024-12-12T08:07:52.505+0000] {subprocess.py:93} INFO - [0m08:07:52  Registered adapter: postgres=1.8.0
[2024-12-12T08:07:55.383+0000] {subprocess.py:93} INFO - [0m08:07:55  [[33mWARNING[0m]: Configuration paths exist in your dbt_project.yml file which do not apply to any resources.
[2024-12-12T08:07:55.383+0000] {subprocess.py:93} INFO - There are 2 unused configuration paths:
[2024-12-12T08:07:55.384+0000] {subprocess.py:93} INFO - - models.ecommerce.staging.fact
[2024-12-12T08:07:55.384+0000] {subprocess.py:93} INFO - - models.ecommerce.staging.dimensions
[2024-12-12T08:07:56.409+0000] {subprocess.py:93} INFO - [0m08:07:56  Found 15 models, 1 snapshot, 112 data tests, 12 sources, 430 macros
[2024-12-12T08:07:56.419+0000] {subprocess.py:93} INFO - [0m08:07:56  The selection criterion 'models/olap_model/dimensions/store_dim' does not match any enabled nodes
[2024-12-12T08:07:56.428+0000] {subprocess.py:93} INFO - [0m08:07:56
[2024-12-12T08:07:56.429+0000] {subprocess.py:93} INFO - [0m08:07:56  Nothing to do. Try checking your model configs and model specification args
[2024-12-12T08:07:58.302+0000] {subprocess.py:97} INFO - Command exited with return code 0
[2024-12-12T08:07:58.303+0000] {taskinstance.py:441} INFO - ::group::Post task execution logs
[2024-12-12T08:07:58.345+0000] {taskinstance.py:1206} INFO - Marking task as SUCCESS. dag_id=dbt_orchestrator, task_id=dbt_run_dimensions.dbt_run_store_dim, run_id=manual__2024-12-12T08:05:08.618053+00:00, execution_date=20241212T080508, start_date=20241212T080739, end_date=20241212T080758
[2024-12-12T08:07:58.415+0000] {local_task_job_runner.py:240} INFO - Task exited with return code 0
[2024-12-12T08:07:58.458+0000] {taskinstance.py:3498} INFO - 0 downstream tasks scheduled from follow-on schedule check
[2024-12-12T08:07:58.465+0000] {local_task_job_runner.py:222} INFO - ::endgroup::
