[2024-12-12T08:17:24.713+0000] {local_task_job_runner.py:120} INFO - ::group::Pre task execution logs
[2024-12-12T08:17:24.765+0000] {taskinstance.py:2076} INFO - Dependencies all met for dep_context=non-requeueable deps ti=<TaskInstance: dbt_orchestrator.dbt_run_dimensions.dbt_run_store_dim manual__2024-12-12T08:05:08.618053+00:00 [queued]>
[2024-12-12T08:17:24.780+0000] {taskinstance.py:2076} INFO - Dependencies all met for dep_context=requeueable deps ti=<TaskInstance: dbt_orchestrator.dbt_run_dimensions.dbt_run_store_dim manual__2024-12-12T08:05:08.618053+00:00 [queued]>
[2024-12-12T08:17:24.781+0000] {taskinstance.py:2306} INFO - Starting attempt 3 of 3
[2024-12-12T08:17:24.808+0000] {taskinstance.py:2330} INFO - Executing <Task(BashOperator): dbt_run_dimensions.dbt_run_store_dim> on 2024-12-12 08:05:08.618053+00:00
[2024-12-12T08:17:24.817+0000] {standard_task_runner.py:63} INFO - Started process 500 to run task
[2024-12-12T08:17:24.821+0000] {standard_task_runner.py:90} INFO - Running: ['***', 'tasks', 'run', 'dbt_orchestrator', 'dbt_run_dimensions.dbt_run_store_dim', 'manual__2024-12-12T08:05:08.618053+00:00', '--job-id', '181', '--raw', '--subdir', 'DAGS_FOLDER/pipeline.py', '--cfg-path', '/tmp/tmpxos3bgbr']
[2024-12-12T08:17:24.823+0000] {standard_task_runner.py:91} INFO - Job 181: Subtask dbt_run_dimensions.dbt_run_store_dim
[2024-12-12T08:17:24.924+0000] {task_command.py:426} INFO - Running <TaskInstance: dbt_orchestrator.dbt_run_dimensions.dbt_run_store_dim manual__2024-12-12T08:05:08.618053+00:00 [running]> on host 34fdc836a0bb
[2024-12-12T08:17:25.112+0000] {taskinstance.py:2648} INFO - Exporting env vars: AIRFLOW_CTX_DAG_OWNER='ma7moud' AIRFLOW_CTX_DAG_ID='dbt_orchestrator' AIRFLOW_CTX_TASK_ID='dbt_run_dimensions.dbt_run_store_dim' AIRFLOW_CTX_EXECUTION_DATE='2024-12-12T08:05:08.618053+00:00' AIRFLOW_CTX_TRY_NUMBER='3' AIRFLOW_CTX_DAG_RUN_ID='manual__2024-12-12T08:05:08.618053+00:00'
[2024-12-12T08:17:25.117+0000] {taskinstance.py:430} INFO - ::endgroup::
[2024-12-12T08:17:25.153+0000] {subprocess.py:63} INFO - Tmp dir root location: /tmp
[2024-12-12T08:17:25.154+0000] {subprocess.py:75} INFO - Running command: ['/usr/bin/bash', '-c', 'dbt run --profiles-dir /opt/***/dbt --project-dir /opt/***/dbt/ecommerce --models models/olap_model/dimensions/store_dim']
[2024-12-12T08:17:25.185+0000] {subprocess.py:86} INFO - Output:
[2024-12-12T08:17:28.683+0000] {subprocess.py:93} INFO - [0m08:17:28  Running with dbt=1.8.0
[2024-12-12T08:17:28.964+0000] {subprocess.py:93} INFO - [0m08:17:28  [[33mWARNING[0m]: Deprecated functionality
[2024-12-12T08:17:28.965+0000] {subprocess.py:93} INFO - The `tests` config has been renamed to `data_tests`. Please see
[2024-12-12T08:17:28.965+0000] {subprocess.py:93} INFO - https://docs.getdbt.com/docs/build/data-tests#new-data_tests-syntax for more
[2024-12-12T08:17:28.966+0000] {subprocess.py:93} INFO - information.
[2024-12-12T08:17:29.312+0000] {subprocess.py:93} INFO - [0m08:17:29  Registered adapter: postgres=1.8.0
[2024-12-12T08:17:30.227+0000] {subprocess.py:93} INFO - [0m08:17:30  [[33mWARNING[0m]: Configuration paths exist in your dbt_project.yml file which do not apply to any resources.
[2024-12-12T08:17:30.228+0000] {subprocess.py:93} INFO - There are 2 unused configuration paths:
[2024-12-12T08:17:30.228+0000] {subprocess.py:93} INFO - - models.ecommerce.staging.dimensions
[2024-12-12T08:17:30.229+0000] {subprocess.py:93} INFO - - models.ecommerce.staging.fact
[2024-12-12T08:17:30.931+0000] {subprocess.py:93} INFO - [0m08:17:30  Found 15 models, 1 snapshot, 112 data tests, 12 sources, 430 macros
[2024-12-12T08:17:30.941+0000] {subprocess.py:93} INFO - [0m08:17:30  The selection criterion 'models/olap_model/dimensions/store_dim' does not match any enabled nodes
[2024-12-12T08:17:30.945+0000] {subprocess.py:93} INFO - [0m08:17:30
[2024-12-12T08:17:30.946+0000] {subprocess.py:93} INFO - [0m08:17:30  Nothing to do. Try checking your model configs and model specification args
[2024-12-12T08:17:32.077+0000] {subprocess.py:97} INFO - Command exited with return code 0
[2024-12-12T08:17:32.078+0000] {taskinstance.py:441} INFO - ::group::Post task execution logs
[2024-12-12T08:17:32.114+0000] {taskinstance.py:1206} INFO - Marking task as SUCCESS. dag_id=dbt_orchestrator, task_id=dbt_run_dimensions.dbt_run_store_dim, run_id=manual__2024-12-12T08:05:08.618053+00:00, execution_date=20241212T080508, start_date=20241212T081724, end_date=20241212T081732
[2024-12-12T08:17:32.169+0000] {local_task_job_runner.py:240} INFO - Task exited with return code 0
[2024-12-12T08:17:32.179+0000] {local_task_job_runner.py:222} INFO - ::endgroup::
