[2024-12-12T08:30:23.740+0000] {local_task_job_runner.py:120} INFO - ::group::Pre task execution logs
[2024-12-12T08:30:23.773+0000] {taskinstance.py:2076} INFO - Dependencies all met for dep_context=non-requeueable deps ti=<TaskInstance: dbt_orchestrator.dbt_run_dimensions.dbt_run_brand_dim scheduled__2024-12-12T08:15:00+00:00 [queued]>
[2024-12-12T08:30:23.789+0000] {taskinstance.py:2076} INFO - Dependencies all met for dep_context=requeueable deps ti=<TaskInstance: dbt_orchestrator.dbt_run_dimensions.dbt_run_brand_dim scheduled__2024-12-12T08:15:00+00:00 [queued]>
[2024-12-12T08:30:23.789+0000] {taskinstance.py:2306} INFO - Starting attempt 1 of 1
[2024-12-12T08:30:23.807+0000] {taskinstance.py:2330} INFO - Executing <Task(BashOperator): dbt_run_dimensions.dbt_run_brand_dim> on 2024-12-12 08:15:00+00:00
[2024-12-12T08:30:23.816+0000] {standard_task_runner.py:63} INFO - Started process 1027 to run task
[2024-12-12T08:30:23.820+0000] {standard_task_runner.py:90} INFO - Running: ['***', 'tasks', 'run', 'dbt_orchestrator', 'dbt_run_dimensions.dbt_run_brand_dim', 'scheduled__2024-12-12T08:15:00+00:00', '--job-id', '251', '--raw', '--subdir', 'DAGS_FOLDER/pipeline.py', '--cfg-path', '/tmp/tmp267vj6qo']
[2024-12-12T08:30:23.822+0000] {standard_task_runner.py:91} INFO - Job 251: Subtask dbt_run_dimensions.dbt_run_brand_dim
[2024-12-12T08:30:23.886+0000] {task_command.py:426} INFO - Running <TaskInstance: dbt_orchestrator.dbt_run_dimensions.dbt_run_brand_dim scheduled__2024-12-12T08:15:00+00:00 [running]> on host 34fdc836a0bb
[2024-12-12T08:30:24.014+0000] {taskinstance.py:2648} INFO - Exporting env vars: AIRFLOW_CTX_DAG_OWNER='ma7moud' AIRFLOW_CTX_DAG_ID='dbt_orchestrator' AIRFLOW_CTX_TASK_ID='dbt_run_dimensions.dbt_run_brand_dim' AIRFLOW_CTX_EXECUTION_DATE='2024-12-12T08:15:00+00:00' AIRFLOW_CTX_TRY_NUMBER='1' AIRFLOW_CTX_DAG_RUN_ID='scheduled__2024-12-12T08:15:00+00:00'
[2024-12-12T08:30:24.015+0000] {taskinstance.py:430} INFO - ::endgroup::
[2024-12-12T08:30:24.029+0000] {subprocess.py:63} INFO - Tmp dir root location: /tmp
[2024-12-12T08:30:24.030+0000] {subprocess.py:75} INFO - Running command: ['/usr/bin/bash', '-c', 'dbt run --profiles-dir /opt/***/dbt --project-dir /opt/***/dbt/ecommerce --models models/olap_model/dimensions/brand_dim']
[2024-12-12T08:30:24.046+0000] {subprocess.py:86} INFO - Output:
[2024-12-12T08:30:27.801+0000] {subprocess.py:93} INFO - [0m08:30:27  Running with dbt=1.8.0
[2024-12-12T08:30:28.095+0000] {subprocess.py:93} INFO - [0m08:30:28  [[33mWARNING[0m]: Deprecated functionality
[2024-12-12T08:30:28.096+0000] {subprocess.py:93} INFO - The `tests` config has been renamed to `data_tests`. Please see
[2024-12-12T08:30:28.096+0000] {subprocess.py:93} INFO - https://docs.getdbt.com/docs/build/data-tests#new-data_tests-syntax for more
[2024-12-12T08:30:28.097+0000] {subprocess.py:93} INFO - information.
[2024-12-12T08:30:28.380+0000] {subprocess.py:93} INFO - [0m08:30:28  Registered adapter: postgres=1.8.0
[2024-12-12T08:30:29.457+0000] {subprocess.py:93} INFO - [0m08:30:29  Found 15 models, 1 snapshot, 112 data tests, 12 sources, 430 macros
[2024-12-12T08:30:29.462+0000] {subprocess.py:93} INFO - [0m08:30:29  The selection criterion 'models/olap_model/dimensions/brand_dim' does not match any enabled nodes
[2024-12-12T08:30:29.464+0000] {subprocess.py:93} INFO - [0m08:30:29
[2024-12-12T08:30:29.465+0000] {subprocess.py:93} INFO - [0m08:30:29  Nothing to do. Try checking your model configs and model specification args
[2024-12-12T08:30:30.603+0000] {subprocess.py:97} INFO - Command exited with return code 0
[2024-12-12T08:30:30.604+0000] {taskinstance.py:441} INFO - ::group::Post task execution logs
[2024-12-12T08:30:30.631+0000] {taskinstance.py:1206} INFO - Marking task as SUCCESS. dag_id=dbt_orchestrator, task_id=dbt_run_dimensions.dbt_run_brand_dim, run_id=scheduled__2024-12-12T08:15:00+00:00, execution_date=20241212T081500, start_date=20241212T083023, end_date=20241212T083030
[2024-12-12T08:30:30.677+0000] {local_task_job_runner.py:240} INFO - Task exited with return code 0
[2024-12-12T08:30:30.703+0000] {taskinstance.py:3498} INFO - 1 downstream tasks scheduled from follow-on schedule check
[2024-12-12T08:30:30.704+0000] {local_task_job_runner.py:222} INFO - ::endgroup::
