[2024-12-12T09:06:08.993+0000] {local_task_job_runner.py:120} INFO - ::group::Pre task execution logs
[2024-12-12T09:06:09.048+0000] {taskinstance.py:2076} INFO - Dependencies all met for dep_context=non-requeueable deps ti=<TaskInstance: dbt_orchestrator.dbt_run_staging.dbt_run_stg_suppliers scheduled__2024-12-12T08:45:00+00:00 [queued]>
[2024-12-12T09:06:09.066+0000] {taskinstance.py:2076} INFO - Dependencies all met for dep_context=requeueable deps ti=<TaskInstance: dbt_orchestrator.dbt_run_staging.dbt_run_stg_suppliers scheduled__2024-12-12T08:45:00+00:00 [queued]>
[2024-12-12T09:06:09.067+0000] {taskinstance.py:2306} INFO - Starting attempt 2 of 2
[2024-12-12T09:06:09.100+0000] {taskinstance.py:2330} INFO - Executing <Task(BashOperator): dbt_run_staging.dbt_run_stg_suppliers> on 2024-12-12 08:45:00+00:00
[2024-12-12T09:06:09.113+0000] {standard_task_runner.py:63} INFO - Started process 2611 to run task
[2024-12-12T09:06:09.123+0000] {standard_task_runner.py:90} INFO - Running: ['***', 'tasks', 'run', 'dbt_orchestrator', 'dbt_run_staging.dbt_run_stg_suppliers', 'scheduled__2024-12-12T08:45:00+00:00', '--job-id', '395', '--raw', '--subdir', 'DAGS_FOLDER/pipeline.py', '--cfg-path', '/tmp/tmpu0vijiu7']
[2024-12-12T09:06:09.127+0000] {standard_task_runner.py:91} INFO - Job 395: Subtask dbt_run_staging.dbt_run_stg_suppliers
[2024-12-12T09:06:09.241+0000] {task_command.py:426} INFO - Running <TaskInstance: dbt_orchestrator.dbt_run_staging.dbt_run_stg_suppliers scheduled__2024-12-12T08:45:00+00:00 [running]> on host 34fdc836a0bb
[2024-12-12T09:06:09.483+0000] {taskinstance.py:2648} INFO - Exporting env vars: AIRFLOW_CTX_DAG_OWNER='ma7moud' AIRFLOW_CTX_DAG_ID='dbt_orchestrator' AIRFLOW_CTX_TASK_ID='dbt_run_staging.dbt_run_stg_suppliers' AIRFLOW_CTX_EXECUTION_DATE='2024-12-12T08:45:00+00:00' AIRFLOW_CTX_TRY_NUMBER='2' AIRFLOW_CTX_DAG_RUN_ID='scheduled__2024-12-12T08:45:00+00:00'
[2024-12-12T09:06:09.484+0000] {taskinstance.py:430} INFO - ::endgroup::
[2024-12-12T09:06:09.513+0000] {subprocess.py:63} INFO - Tmp dir root location: /tmp
[2024-12-12T09:06:09.514+0000] {subprocess.py:75} INFO - Running command: ['/usr/bin/bash', '-c', 'dbt run --profiles-dir /opt/***/dbt --project-dir /opt/***/dbt/ecommerce --models stg_suppliers']
[2024-12-12T09:06:09.555+0000] {subprocess.py:86} INFO - Output:
[2024-12-12T09:06:14.516+0000] {subprocess.py:93} INFO - [0m09:06:14  Running with dbt=1.8.0
[2024-12-12T09:06:14.870+0000] {subprocess.py:93} INFO - [0m09:06:14  [[33mWARNING[0m]: Deprecated functionality
[2024-12-12T09:06:14.871+0000] {subprocess.py:93} INFO - The `tests` config has been renamed to `data_tests`. Please see
[2024-12-12T09:06:14.872+0000] {subprocess.py:93} INFO - https://docs.getdbt.com/docs/build/data-tests#new-data_tests-syntax for more
[2024-12-12T09:06:14.872+0000] {subprocess.py:93} INFO - information.
[2024-12-12T09:06:15.253+0000] {subprocess.py:93} INFO - [0m09:06:15  Registered adapter: postgres=1.8.0
[2024-12-12T09:06:18.479+0000] {subprocess.py:93} INFO - [0m09:06:18  Found 15 models, 1 snapshot, 112 data tests, 12 sources, 430 macros
[2024-12-12T09:06:18.502+0000] {subprocess.py:93} INFO - [0m09:06:18
[2024-12-12T09:06:19.633+0000] {subprocess.py:93} INFO - [0m09:06:19  Concurrency: 3 threads (target='dev')
[2024-12-12T09:06:19.642+0000] {subprocess.py:93} INFO - [0m09:06:19
[2024-12-12T09:06:19.653+0000] {subprocess.py:93} INFO - [0m09:06:19  1 of 1 START sql incremental model oltp_staging_tables.stg_suppliers ........... [RUN]
[2024-12-12T09:06:20.843+0000] {subprocess.py:93} INFO - [0m09:06:20  1 of 1 OK created sql incremental model oltp_staging_tables.stg_suppliers ...... [[32mINSERT 0 5[0m in 1.15s]
[2024-12-12T09:06:20.948+0000] {subprocess.py:93} INFO - [0m09:06:20
[2024-12-12T09:06:20.967+0000] {subprocess.py:93} INFO - [0m09:06:20  Finished running 1 incremental model in 0 hours 0 minutes and 2.44 seconds (2.44s).
[2024-12-12T09:06:21.266+0000] {subprocess.py:93} INFO - [0m09:06:21
[2024-12-12T09:06:21.269+0000] {subprocess.py:93} INFO - [0m09:06:21  [32mCompleted successfully[0m
[2024-12-12T09:06:21.270+0000] {subprocess.py:93} INFO - [0m09:06:21
[2024-12-12T09:06:21.275+0000] {subprocess.py:93} INFO - [0m09:06:21  Done. PASS=1 WARN=0 ERROR=0 SKIP=0 TOTAL=1
[2024-12-12T09:06:22.616+0000] {subprocess.py:97} INFO - Command exited with return code 0
[2024-12-12T09:06:22.616+0000] {taskinstance.py:441} INFO - ::group::Post task execution logs
[2024-12-12T09:06:22.663+0000] {taskinstance.py:1206} INFO - Marking task as SUCCESS. dag_id=dbt_orchestrator, task_id=dbt_run_staging.dbt_run_stg_suppliers, run_id=scheduled__2024-12-12T08:45:00+00:00, execution_date=20241212T084500, start_date=20241212T090609, end_date=20241212T090622
[2024-12-12T09:06:22.721+0000] {local_task_job_runner.py:240} INFO - Task exited with return code 0
[2024-12-12T09:06:22.798+0000] {taskinstance.py:3498} INFO - 0 downstream tasks scheduled from follow-on schedule check
[2024-12-12T09:06:22.800+0000] {local_task_job_runner.py:222} INFO - ::endgroup::
