[2024-12-12T09:10:06.180+0000] {local_task_job_runner.py:120} INFO - ::group::Pre task execution logs
[2024-12-12T09:10:06.233+0000] {taskinstance.py:2076} INFO - Dependencies all met for dep_context=non-requeueable deps ti=<TaskInstance: dbt_orchestrator.dbt_run_staging.dbt_run_stg_suppliers scheduled__2024-12-12T08:45:00+00:00 [queued]>
[2024-12-12T09:10:06.257+0000] {taskinstance.py:2076} INFO - Dependencies all met for dep_context=requeueable deps ti=<TaskInstance: dbt_orchestrator.dbt_run_staging.dbt_run_stg_suppliers scheduled__2024-12-12T08:45:00+00:00 [queued]>
[2024-12-12T09:10:06.258+0000] {taskinstance.py:2306} INFO - Starting attempt 3 of 3
[2024-12-12T09:10:06.294+0000] {taskinstance.py:2330} INFO - Executing <Task(BashOperator): dbt_run_staging.dbt_run_stg_suppliers> on 2024-12-12 08:45:00+00:00
[2024-12-12T09:10:06.308+0000] {standard_task_runner.py:63} INFO - Started process 2877 to run task
[2024-12-12T09:10:06.314+0000] {standard_task_runner.py:90} INFO - Running: ['***', 'tasks', 'run', 'dbt_orchestrator', 'dbt_run_staging.dbt_run_stg_suppliers', 'scheduled__2024-12-12T08:45:00+00:00', '--job-id', '412', '--raw', '--subdir', 'DAGS_FOLDER/pipeline.py', '--cfg-path', '/tmp/tmpw5c69yv8']
[2024-12-12T09:10:06.320+0000] {standard_task_runner.py:91} INFO - Job 412: Subtask dbt_run_staging.dbt_run_stg_suppliers
[2024-12-12T09:10:06.425+0000] {task_command.py:426} INFO - Running <TaskInstance: dbt_orchestrator.dbt_run_staging.dbt_run_stg_suppliers scheduled__2024-12-12T08:45:00+00:00 [running]> on host 34fdc836a0bb
[2024-12-12T09:10:06.667+0000] {taskinstance.py:2648} INFO - Exporting env vars: AIRFLOW_CTX_DAG_OWNER='ma7moud' AIRFLOW_CTX_DAG_ID='dbt_orchestrator' AIRFLOW_CTX_TASK_ID='dbt_run_staging.dbt_run_stg_suppliers' AIRFLOW_CTX_EXECUTION_DATE='2024-12-12T08:45:00+00:00' AIRFLOW_CTX_TRY_NUMBER='3' AIRFLOW_CTX_DAG_RUN_ID='scheduled__2024-12-12T08:45:00+00:00'
[2024-12-12T09:10:06.668+0000] {taskinstance.py:430} INFO - ::endgroup::
[2024-12-12T09:10:06.699+0000] {subprocess.py:63} INFO - Tmp dir root location: /tmp
[2024-12-12T09:10:06.700+0000] {subprocess.py:75} INFO - Running command: ['/usr/bin/bash', '-c', 'dbt run --profiles-dir /opt/***/dbt --project-dir /opt/***/dbt/ecommerce --models stg_suppliers']
[2024-12-12T09:10:06.728+0000] {subprocess.py:86} INFO - Output:
[2024-12-12T09:10:13.072+0000] {subprocess.py:93} INFO - [0m09:10:13  Running with dbt=1.8.0
[2024-12-12T09:10:13.952+0000] {subprocess.py:93} INFO - [0m09:10:13  [[33mWARNING[0m]: Deprecated functionality
[2024-12-12T09:10:13.955+0000] {subprocess.py:93} INFO - The `tests` config has been renamed to `data_tests`. Please see
[2024-12-12T09:10:13.957+0000] {subprocess.py:93} INFO - https://docs.getdbt.com/docs/build/data-tests#new-data_tests-syntax for more
[2024-12-12T09:10:13.958+0000] {subprocess.py:93} INFO - information.
[2024-12-12T09:10:14.435+0000] {subprocess.py:93} INFO - [0m09:10:14  Registered adapter: postgres=1.8.0
[2024-12-12T09:10:16.348+0000] {subprocess.py:93} INFO - [0m09:10:16  Found 15 models, 1 snapshot, 112 data tests, 12 sources, 430 macros
[2024-12-12T09:10:16.349+0000] {subprocess.py:93} INFO - [0m09:10:16
[2024-12-12T09:10:17.138+0000] {subprocess.py:93} INFO - [0m09:10:17  Concurrency: 3 threads (target='dev')
[2024-12-12T09:10:17.139+0000] {subprocess.py:93} INFO - [0m09:10:17
[2024-12-12T09:10:17.155+0000] {subprocess.py:93} INFO - [0m09:10:17  1 of 1 START sql incremental model olap_model_staging_tables.stg_suppliers ..... [RUN]
[2024-12-12T09:10:17.726+0000] {subprocess.py:93} INFO - [0m09:10:17  1 of 1 OK created sql incremental model olap_model_staging_tables.stg_suppliers  [[32mSELECT 5[0m in 0.56s]
[2024-12-12T09:10:17.801+0000] {subprocess.py:93} INFO - [0m09:10:17
[2024-12-12T09:10:17.804+0000] {subprocess.py:93} INFO - [0m09:10:17  Finished running 1 incremental model in 0 hours 0 minutes and 1.46 seconds (1.46s).
[2024-12-12T09:10:18.036+0000] {subprocess.py:93} INFO - [0m09:10:18
[2024-12-12T09:10:18.039+0000] {subprocess.py:93} INFO - [0m09:10:18  [32mCompleted successfully[0m
[2024-12-12T09:10:18.041+0000] {subprocess.py:93} INFO - [0m09:10:18
[2024-12-12T09:10:18.048+0000] {subprocess.py:93} INFO - [0m09:10:18  Done. PASS=1 WARN=0 ERROR=0 SKIP=0 TOTAL=1
[2024-12-12T09:10:19.237+0000] {subprocess.py:97} INFO - Command exited with return code 0
[2024-12-12T09:10:19.238+0000] {taskinstance.py:441} INFO - ::group::Post task execution logs
[2024-12-12T09:10:19.287+0000] {taskinstance.py:1206} INFO - Marking task as SUCCESS. dag_id=dbt_orchestrator, task_id=dbt_run_staging.dbt_run_stg_suppliers, run_id=scheduled__2024-12-12T08:45:00+00:00, execution_date=20241212T084500, start_date=20241212T091006, end_date=20241212T091019
[2024-12-12T09:10:19.335+0000] {local_task_job_runner.py:240} INFO - Task exited with return code 0
[2024-12-12T09:10:19.405+0000] {taskinstance.py:3498} INFO - 0 downstream tasks scheduled from follow-on schedule check
[2024-12-12T09:10:19.411+0000] {local_task_job_runner.py:222} INFO - ::endgroup::
