[2024-12-12T09:23:01.608+0000] {local_task_job_runner.py:120} INFO - ::group::Pre task execution logs
[2024-12-12T09:23:01.661+0000] {taskinstance.py:2076} INFO - Dependencies all met for dep_context=non-requeueable deps ti=<TaskInstance: dbt_orchestrator.dbt_run_staging.dbt_run_stg_order_details scheduled__2024-12-12T09:00:00+00:00 [queued]>
[2024-12-12T09:23:01.678+0000] {taskinstance.py:2076} INFO - Dependencies all met for dep_context=requeueable deps ti=<TaskInstance: dbt_orchestrator.dbt_run_staging.dbt_run_stg_order_details scheduled__2024-12-12T09:00:00+00:00 [queued]>
[2024-12-12T09:23:01.679+0000] {taskinstance.py:2306} INFO - Starting attempt 1 of 1
[2024-12-12T09:23:01.709+0000] {taskinstance.py:2330} INFO - Executing <Task(BashOperator): dbt_run_staging.dbt_run_stg_order_details> on 2024-12-12 09:00:00+00:00
[2024-12-12T09:23:01.723+0000] {standard_task_runner.py:63} INFO - Started process 3153 to run task
[2024-12-12T09:23:01.729+0000] {standard_task_runner.py:90} INFO - Running: ['***', 'tasks', 'run', 'dbt_orchestrator', 'dbt_run_staging.dbt_run_stg_order_details', 'scheduled__2024-12-12T09:00:00+00:00', '--job-id', '433', '--raw', '--subdir', 'DAGS_FOLDER/pipeline.py', '--cfg-path', '/tmp/tmp7s13b2ie']
[2024-12-12T09:23:01.732+0000] {standard_task_runner.py:91} INFO - Job 433: Subtask dbt_run_staging.dbt_run_stg_order_details
[2024-12-12T09:23:01.859+0000] {task_command.py:426} INFO - Running <TaskInstance: dbt_orchestrator.dbt_run_staging.dbt_run_stg_order_details scheduled__2024-12-12T09:00:00+00:00 [running]> on host 34fdc836a0bb
[2024-12-12T09:23:02.108+0000] {taskinstance.py:2648} INFO - Exporting env vars: AIRFLOW_CTX_DAG_OWNER='ma7moud' AIRFLOW_CTX_DAG_ID='dbt_orchestrator' AIRFLOW_CTX_TASK_ID='dbt_run_staging.dbt_run_stg_order_details' AIRFLOW_CTX_EXECUTION_DATE='2024-12-12T09:00:00+00:00' AIRFLOW_CTX_TRY_NUMBER='1' AIRFLOW_CTX_DAG_RUN_ID='scheduled__2024-12-12T09:00:00+00:00'
[2024-12-12T09:23:02.109+0000] {taskinstance.py:430} INFO - ::endgroup::
[2024-12-12T09:23:02.134+0000] {subprocess.py:63} INFO - Tmp dir root location: /tmp
[2024-12-12T09:23:02.135+0000] {subprocess.py:75} INFO - Running command: ['/usr/bin/bash', '-c', 'dbt run --profiles-dir /opt/***/dbt --project-dir /opt/***/dbt/ecommerce --models stg_order_details']
[2024-12-12T09:23:02.164+0000] {subprocess.py:86} INFO - Output:
[2024-12-12T09:23:06.330+0000] {subprocess.py:93} INFO - [0m09:23:06  Running with dbt=1.8.0
[2024-12-12T09:23:06.672+0000] {subprocess.py:93} INFO - [0m09:23:06  [[33mWARNING[0m]: Deprecated functionality
[2024-12-12T09:23:06.673+0000] {subprocess.py:93} INFO - The `tests` config has been renamed to `data_tests`. Please see
[2024-12-12T09:23:06.674+0000] {subprocess.py:93} INFO - https://docs.getdbt.com/docs/build/data-tests#new-data_tests-syntax for more
[2024-12-12T09:23:06.674+0000] {subprocess.py:93} INFO - information.
[2024-12-12T09:23:07.064+0000] {subprocess.py:93} INFO - [0m09:23:07  Registered adapter: postgres=1.8.0
[2024-12-12T09:23:09.257+0000] {subprocess.py:93} INFO - [0m09:23:09  Found 15 models, 1 snapshot, 112 data tests, 12 sources, 430 macros
[2024-12-12T09:23:09.266+0000] {subprocess.py:93} INFO - [0m09:23:09
[2024-12-12T09:23:09.911+0000] {subprocess.py:93} INFO - [0m09:23:09  Concurrency: 3 threads (target='dev')
[2024-12-12T09:23:09.913+0000] {subprocess.py:93} INFO - [0m09:23:09
[2024-12-12T09:23:09.933+0000] {subprocess.py:93} INFO - [0m09:23:09  1 of 1 START sql incremental model olap_model_staging_tables.stg_order_details . [RUN]
[2024-12-12T09:23:10.418+0000] {subprocess.py:93} INFO - [0m09:23:10  1 of 1 OK created sql incremental model olap_model_staging_tables.stg_order_details  [[32mSELECT 1294[0m in 0.47s]
[2024-12-12T09:23:10.478+0000] {subprocess.py:93} INFO - [0m09:23:10
[2024-12-12T09:23:10.483+0000] {subprocess.py:93} INFO - [0m09:23:10  Finished running 1 incremental model in 0 hours 0 minutes and 1.21 seconds (1.21s).
[2024-12-12T09:23:10.854+0000] {subprocess.py:93} INFO - [0m09:23:10
[2024-12-12T09:23:10.855+0000] {subprocess.py:93} INFO - [0m09:23:10  [32mCompleted successfully[0m
[2024-12-12T09:23:10.856+0000] {subprocess.py:93} INFO - [0m09:23:10
[2024-12-12T09:23:10.860+0000] {subprocess.py:93} INFO - [0m09:23:10  Done. PASS=1 WARN=0 ERROR=0 SKIP=0 TOTAL=1
[2024-12-12T09:23:12.244+0000] {subprocess.py:97} INFO - Command exited with return code 0
[2024-12-12T09:23:12.245+0000] {taskinstance.py:441} INFO - ::group::Post task execution logs
[2024-12-12T09:23:12.287+0000] {taskinstance.py:1206} INFO - Marking task as SUCCESS. dag_id=dbt_orchestrator, task_id=dbt_run_staging.dbt_run_stg_order_details, run_id=scheduled__2024-12-12T09:00:00+00:00, execution_date=20241212T090000, start_date=20241212T092301, end_date=20241212T092312
[2024-12-12T09:23:12.351+0000] {local_task_job_runner.py:240} INFO - Task exited with return code 0
[2024-12-12T09:23:12.395+0000] {taskinstance.py:3498} INFO - 0 downstream tasks scheduled from follow-on schedule check
[2024-12-12T09:23:12.397+0000] {local_task_job_runner.py:222} INFO - ::endgroup::
