[2024-12-11T16:45:18.832+0000] {local_task_job_runner.py:120} INFO - ::group::Pre task execution logs
[2024-12-11T16:45:18.854+0000] {taskinstance.py:2076} INFO - Dependencies all met for dep_context=non-requeueable deps ti=<TaskInstance: dbt_orchestrator.dbt_run_dimensions.dbt_run_dimensions scheduled__2024-12-11T16:30:00+00:00 [queued]>
[2024-12-11T16:45:18.863+0000] {taskinstance.py:2076} INFO - Dependencies all met for dep_context=requeueable deps ti=<TaskInstance: dbt_orchestrator.dbt_run_dimensions.dbt_run_dimensions scheduled__2024-12-11T16:30:00+00:00 [queued]>
[2024-12-11T16:45:18.863+0000] {taskinstance.py:2306} INFO - Starting attempt 1 of 1
[2024-12-11T16:45:18.874+0000] {taskinstance.py:2330} INFO - Executing <Task(BashOperator): dbt_run_dimensions.dbt_run_dimensions> on 2024-12-11 16:30:00+00:00
[2024-12-11T16:45:18.880+0000] {standard_task_runner.py:63} INFO - Started process 428 to run task
[2024-12-11T16:45:18.883+0000] {standard_task_runner.py:90} INFO - Running: ['***', 'tasks', 'run', 'dbt_orchestrator', 'dbt_run_dimensions.dbt_run_dimensions', 'scheduled__2024-12-11T16:30:00+00:00', '--job-id', '51', '--raw', '--subdir', 'DAGS_FOLDER/pipeline.py', '--cfg-path', '/tmp/tmp0p8bpd2k']
[2024-12-11T16:45:18.884+0000] {standard_task_runner.py:91} INFO - Job 51: Subtask dbt_run_dimensions.dbt_run_dimensions
[2024-12-11T16:45:18.927+0000] {task_command.py:426} INFO - Running <TaskInstance: dbt_orchestrator.dbt_run_dimensions.dbt_run_dimensions scheduled__2024-12-11T16:30:00+00:00 [running]> on host 49f8df2c9427
[2024-12-11T16:45:19.009+0000] {taskinstance.py:2648} INFO - Exporting env vars: AIRFLOW_CTX_DAG_OWNER='Mahmoud' AIRFLOW_CTX_DAG_ID='dbt_orchestrator' AIRFLOW_CTX_TASK_ID='dbt_run_dimensions.dbt_run_dimensions' AIRFLOW_CTX_EXECUTION_DATE='2024-12-11T16:30:00+00:00' AIRFLOW_CTX_TRY_NUMBER='1' AIRFLOW_CTX_DAG_RUN_ID='scheduled__2024-12-11T16:30:00+00:00'
[2024-12-11T16:45:19.010+0000] {taskinstance.py:430} INFO - ::endgroup::
[2024-12-11T16:45:19.032+0000] {subprocess.py:63} INFO - Tmp dir root location: /tmp
[2024-12-11T16:45:19.033+0000] {subprocess.py:75} INFO - Running command: ['/usr/bin/bash', '-c', 'dbt run --profiles-dir /opt/***/dbt --project-dir /opt/***/dbt/ecommerce --select models/olap_model/dimensions']
[2024-12-11T16:45:19.062+0000] {subprocess.py:86} INFO - Output:
[2024-12-11T16:45:20.980+0000] {subprocess.py:93} INFO - [0m16:45:20  Running with dbt=1.8.0
[2024-12-11T16:45:21.122+0000] {subprocess.py:93} INFO - [0m16:45:21  [[33mWARNING[0m]: Deprecated functionality
[2024-12-11T16:45:21.123+0000] {subprocess.py:93} INFO - The `tests` config has been renamed to `data_tests`. Please see
[2024-12-11T16:45:21.123+0000] {subprocess.py:93} INFO - https://docs.getdbt.com/docs/build/data-tests#new-data_tests-syntax for more
[2024-12-11T16:45:21.123+0000] {subprocess.py:93} INFO - information.
[2024-12-11T16:45:21.275+0000] {subprocess.py:93} INFO - [0m16:45:21  Registered adapter: postgres=1.8.0
[2024-12-11T16:45:21.708+0000] {subprocess.py:93} INFO - [0m16:45:21  [[33mWARNING[0m]: Configuration paths exist in your dbt_project.yml file which do not apply to any resources.
[2024-12-11T16:45:21.709+0000] {subprocess.py:93} INFO - There are 2 unused configuration paths:
[2024-12-11T16:45:21.709+0000] {subprocess.py:93} INFO - - models.ecommerce.marts.fact
[2024-12-11T16:45:21.709+0000] {subprocess.py:93} INFO - - models.ecommerce.marts.dimensions
[2024-12-11T16:45:22.015+0000] {subprocess.py:93} INFO - [0m16:45:22  Found 15 models, 1 snapshot, 112 data tests, 12 sources, 430 macros
[2024-12-11T16:45:22.021+0000] {subprocess.py:93} INFO - [0m16:45:22
[2024-12-11T16:45:22.238+0000] {subprocess.py:93} INFO - [0m16:45:22  Concurrency: 3 threads (target='dev')
[2024-12-11T16:45:22.239+0000] {subprocess.py:93} INFO - [0m16:45:22
[2024-12-11T16:45:22.245+0000] {subprocess.py:93} INFO - [0m16:45:22  1 of 6 START sql incremental model oltp.brand_dim .............................. [RUN]
[2024-12-11T16:45:22.246+0000] {subprocess.py:93} INFO - [0m16:45:22  2 of 6 START sql incremental model oltp.customer_dim ........................... [RUN]
[2024-12-11T16:45:22.247+0000] {subprocess.py:93} INFO - [0m16:45:22  3 of 6 START sql incremental model oltp.data_dim ............................... [RUN]
[2024-12-11T16:45:22.725+0000] {subprocess.py:93} INFO - [0m16:45:22  1 of 6 OK created sql incremental model oltp.brand_dim ......................... [[32mINSERT 0 10[0m in 0.47s]
[2024-12-11T16:45:22.726+0000] {subprocess.py:93} INFO - [0m16:45:22  3 of 6 OK created sql incremental model oltp.data_dim .......................... [[32mINSERT 0 402[0m in 0.47s]
[2024-12-11T16:45:22.727+0000] {subprocess.py:93} INFO - [0m16:45:22  2 of 6 OK created sql incremental model oltp.customer_dim ...................... [[32mINSERT 0 109[0m in 0.47s]
[2024-12-11T16:45:22.733+0000] {subprocess.py:93} INFO - [0m16:45:22  4 of 6 START sql incremental model oltp.product_dim ............................ [RUN]
[2024-12-11T16:45:22.734+0000] {subprocess.py:93} INFO - [0m16:45:22  5 of 6 START sql incremental model oltp.store_dim .............................. [RUN]
[2024-12-11T16:45:22.735+0000] {subprocess.py:93} INFO - [0m16:45:22  6 of 6 START sql incremental model oltp.supplier_dim ........................... [RUN]
[2024-12-11T16:45:22.977+0000] {subprocess.py:93} INFO - [0m16:45:22  6 of 6 OK created sql incremental model oltp.supplier_dim ...................... [[32mINSERT 0 5[0m in 0.24s]
[2024-12-11T16:45:22.987+0000] {subprocess.py:93} INFO - [0m16:45:22  5 of 6 OK created sql incremental model oltp.store_dim ......................... [[32mINSERT 0 5[0m in 0.25s]
[2024-12-11T16:45:22.989+0000] {subprocess.py:93} INFO - [0m16:45:22  4 of 6 OK created sql incremental model oltp.product_dim ....................... [[32mINSERT 0 100[0m in 0.25s]
[2024-12-11T16:45:23.003+0000] {subprocess.py:93} INFO - [0m16:45:23
[2024-12-11T16:45:23.004+0000] {subprocess.py:93} INFO - [0m16:45:23  Finished running 6 incremental models in 0 hours 0 minutes and 0.98 seconds (0.98s).
[2024-12-11T16:45:23.087+0000] {subprocess.py:93} INFO - [0m16:45:23
[2024-12-11T16:45:23.088+0000] {subprocess.py:93} INFO - [0m16:45:23  [32mCompleted successfully[0m
[2024-12-11T16:45:23.089+0000] {subprocess.py:93} INFO - [0m16:45:23
[2024-12-11T16:45:23.089+0000] {subprocess.py:93} INFO - [0m16:45:23  Done. PASS=6 WARN=0 ERROR=0 SKIP=0 TOTAL=6
[2024-12-11T16:45:24.152+0000] {subprocess.py:97} INFO - Command exited with return code 0
[2024-12-11T16:45:24.153+0000] {taskinstance.py:441} INFO - ::group::Post task execution logs
[2024-12-11T16:45:24.178+0000] {taskinstance.py:1206} INFO - Marking task as SUCCESS. dag_id=dbt_orchestrator, task_id=dbt_run_dimensions.dbt_run_dimensions, run_id=scheduled__2024-12-11T16:30:00+00:00, execution_date=20241211T163000, start_date=20241211T164518, end_date=20241211T164524
[2024-12-11T16:45:24.231+0000] {local_task_job_runner.py:240} INFO - Task exited with return code 0
[2024-12-11T16:45:24.267+0000] {taskinstance.py:3498} INFO - 1 downstream tasks scheduled from follow-on schedule check
[2024-12-11T16:45:24.268+0000] {local_task_job_runner.py:222} INFO - ::endgroup::
