[2024-12-12T08:45:12.948+0000] {local_task_job_runner.py:120} INFO - ::group::Pre task execution logs
[2024-12-12T08:45:13.021+0000] {taskinstance.py:2076} INFO - Dependencies all met for dep_context=non-requeueable deps ti=<TaskInstance: dbt_orchestrator.dbt_run_staging.dbt_run_stg_customers scheduled__2024-12-12T08:30:00+00:00 [queued]>
[2024-12-12T08:45:13.049+0000] {taskinstance.py:2076} INFO - Dependencies all met for dep_context=requeueable deps ti=<TaskInstance: dbt_orchestrator.dbt_run_staging.dbt_run_stg_customers scheduled__2024-12-12T08:30:00+00:00 [queued]>
[2024-12-12T08:45:13.050+0000] {taskinstance.py:2306} INFO - Starting attempt 1 of 1
[2024-12-12T08:45:13.072+0000] {taskinstance.py:2330} INFO - Executing <Task(BashOperator): dbt_run_staging.dbt_run_stg_customers> on 2024-12-12 08:30:00+00:00
[2024-12-12T08:45:13.083+0000] {standard_task_runner.py:63} INFO - Started process 1339 to run task
[2024-12-12T08:45:13.092+0000] {standard_task_runner.py:90} INFO - Running: ['***', 'tasks', 'run', 'dbt_orchestrator', 'dbt_run_staging.dbt_run_stg_customers', 'scheduled__2024-12-12T08:30:00+00:00', '--job-id', '295', '--raw', '--subdir', 'DAGS_FOLDER/pipeline.py', '--cfg-path', '/tmp/tmpuricb7og']
[2024-12-12T08:45:13.094+0000] {standard_task_runner.py:91} INFO - Job 295: Subtask dbt_run_staging.dbt_run_stg_customers
[2024-12-12T08:45:13.214+0000] {task_command.py:426} INFO - Running <TaskInstance: dbt_orchestrator.dbt_run_staging.dbt_run_stg_customers scheduled__2024-12-12T08:30:00+00:00 [running]> on host 34fdc836a0bb
[2024-12-12T08:45:13.569+0000] {taskinstance.py:2648} INFO - Exporting env vars: AIRFLOW_CTX_DAG_OWNER='ma7moud' AIRFLOW_CTX_DAG_ID='dbt_orchestrator' AIRFLOW_CTX_TASK_ID='dbt_run_staging.dbt_run_stg_customers' AIRFLOW_CTX_EXECUTION_DATE='2024-12-12T08:30:00+00:00' AIRFLOW_CTX_TRY_NUMBER='1' AIRFLOW_CTX_DAG_RUN_ID='scheduled__2024-12-12T08:30:00+00:00'
[2024-12-12T08:45:13.571+0000] {taskinstance.py:430} INFO - ::endgroup::
[2024-12-12T08:45:13.603+0000] {subprocess.py:63} INFO - Tmp dir root location: /tmp
[2024-12-12T08:45:13.604+0000] {subprocess.py:75} INFO - Running command: ['/usr/bin/bash', '-c', 'dbt run --profiles-dir /opt/***/dbt --project-dir /opt/***/dbt/ecommerce --models models/staging/stg_customers']
[2024-12-12T08:45:13.640+0000] {subprocess.py:86} INFO - Output:
[2024-12-12T08:45:18.662+0000] {subprocess.py:93} INFO - [0m08:45:18  Running with dbt=1.8.0
[2024-12-12T08:45:18.991+0000] {subprocess.py:93} INFO - [0m08:45:18  [[33mWARNING[0m]: Deprecated functionality
[2024-12-12T08:45:18.992+0000] {subprocess.py:93} INFO - The `tests` config has been renamed to `data_tests`. Please see
[2024-12-12T08:45:18.992+0000] {subprocess.py:93} INFO - https://docs.getdbt.com/docs/build/data-tests#new-data_tests-syntax for more
[2024-12-12T08:45:18.992+0000] {subprocess.py:93} INFO - information.
[2024-12-12T08:45:19.330+0000] {subprocess.py:93} INFO - [0m08:45:19  Registered adapter: postgres=1.8.0
[2024-12-12T08:45:21.194+0000] {subprocess.py:93} INFO - [0m08:45:21  Found 15 models, 1 snapshot, 112 data tests, 12 sources, 430 macros
[2024-12-12T08:45:21.203+0000] {subprocess.py:93} INFO - [0m08:45:21  The selection criterion 'models/staging/stg_customers' does not match any enabled nodes
[2024-12-12T08:45:21.209+0000] {subprocess.py:93} INFO - [0m08:45:21
[2024-12-12T08:45:21.211+0000] {subprocess.py:93} INFO - [0m08:45:21  Nothing to do. Try checking your model configs and model specification args
[2024-12-12T08:45:22.760+0000] {subprocess.py:97} INFO - Command exited with return code 0
[2024-12-12T08:45:22.761+0000] {taskinstance.py:441} INFO - ::group::Post task execution logs
[2024-12-12T08:45:22.804+0000] {taskinstance.py:1206} INFO - Marking task as SUCCESS. dag_id=dbt_orchestrator, task_id=dbt_run_staging.dbt_run_stg_customers, run_id=scheduled__2024-12-12T08:30:00+00:00, execution_date=20241212T083000, start_date=20241212T084513, end_date=20241212T084522
[2024-12-12T08:45:22.874+0000] {local_task_job_runner.py:240} INFO - Task exited with return code 0
[2024-12-12T08:45:22.893+0000] {local_task_job_runner.py:222} INFO - ::endgroup::
