[2024-12-12T08:33:34.656+0000] {local_task_job_runner.py:120} INFO - ::group::Pre task execution logs
[2024-12-12T08:33:34.680+0000] {taskinstance.py:2076} INFO - Dependencies all met for dep_context=non-requeueable deps ti=<TaskInstance: dbt_orchestrator.dbt_run_fact.dbt_run_fact_model_fact_sales scheduled__2024-12-12T08:00:00+00:00 [queued]>
[2024-12-12T08:33:34.692+0000] {taskinstance.py:2076} INFO - Dependencies all met for dep_context=requeueable deps ti=<TaskInstance: dbt_orchestrator.dbt_run_fact.dbt_run_fact_model_fact_sales scheduled__2024-12-12T08:00:00+00:00 [queued]>
[2024-12-12T08:33:34.692+0000] {taskinstance.py:2306} INFO - Starting attempt 5 of 5
[2024-12-12T08:33:34.704+0000] {taskinstance.py:2330} INFO - Executing <Task(BashOperator): dbt_run_fact.dbt_run_fact_model_fact_sales> on 2024-12-12 08:00:00+00:00
[2024-12-12T08:33:34.710+0000] {standard_task_runner.py:63} INFO - Started process 1175 to run task
[2024-12-12T08:33:34.713+0000] {standard_task_runner.py:90} INFO - Running: ['***', 'tasks', 'run', 'dbt_orchestrator', 'dbt_run_fact.dbt_run_fact_model_fact_sales', 'scheduled__2024-12-12T08:00:00+00:00', '--job-id', '271', '--raw', '--subdir', 'DAGS_FOLDER/pipeline.py', '--cfg-path', '/tmp/tmp_rki_2fm']
[2024-12-12T08:33:34.714+0000] {standard_task_runner.py:91} INFO - Job 271: Subtask dbt_run_fact.dbt_run_fact_model_fact_sales
[2024-12-12T08:33:34.761+0000] {task_command.py:426} INFO - Running <TaskInstance: dbt_orchestrator.dbt_run_fact.dbt_run_fact_model_fact_sales scheduled__2024-12-12T08:00:00+00:00 [running]> on host 34fdc836a0bb
[2024-12-12T08:33:34.844+0000] {taskinstance.py:2648} INFO - Exporting env vars: AIRFLOW_CTX_DAG_OWNER='ma7moud' AIRFLOW_CTX_DAG_ID='dbt_orchestrator' AIRFLOW_CTX_TASK_ID='dbt_run_fact.dbt_run_fact_model_fact_sales' AIRFLOW_CTX_EXECUTION_DATE='2024-12-12T08:00:00+00:00' AIRFLOW_CTX_TRY_NUMBER='5' AIRFLOW_CTX_DAG_RUN_ID='scheduled__2024-12-12T08:00:00+00:00'
[2024-12-12T08:33:34.844+0000] {taskinstance.py:430} INFO - ::endgroup::
[2024-12-12T08:33:34.855+0000] {subprocess.py:63} INFO - Tmp dir root location: /tmp
[2024-12-12T08:33:34.856+0000] {subprocess.py:75} INFO - Running command: ['/usr/bin/bash', '-c', 'dbt run --profiles-dir /opt/***/dbt --project-dir /opt/***/dbt/ecommerce --models models/olap_model/fact/fact_sales']
[2024-12-12T08:33:34.867+0000] {subprocess.py:86} INFO - Output:
[2024-12-12T08:33:36.690+0000] {subprocess.py:93} INFO - [0m08:33:36  Running with dbt=1.8.0
[2024-12-12T08:33:36.834+0000] {subprocess.py:93} INFO - [0m08:33:36  [[33mWARNING[0m]: Deprecated functionality
[2024-12-12T08:33:36.835+0000] {subprocess.py:93} INFO - The `tests` config has been renamed to `data_tests`. Please see
[2024-12-12T08:33:36.835+0000] {subprocess.py:93} INFO - https://docs.getdbt.com/docs/build/data-tests#new-data_tests-syntax for more
[2024-12-12T08:33:36.835+0000] {subprocess.py:93} INFO - information.
[2024-12-12T08:33:36.986+0000] {subprocess.py:93} INFO - [0m08:33:36  Registered adapter: postgres=1.8.0
[2024-12-12T08:33:37.735+0000] {subprocess.py:93} INFO - [0m08:33:37  Found 15 models, 1 snapshot, 112 data tests, 12 sources, 430 macros
[2024-12-12T08:33:37.740+0000] {subprocess.py:93} INFO - [0m08:33:37  The selection criterion 'models/olap_model/fact/fact_sales' does not match any enabled nodes
[2024-12-12T08:33:37.742+0000] {subprocess.py:93} INFO - [0m08:33:37
[2024-12-12T08:33:37.743+0000] {subprocess.py:93} INFO - [0m08:33:37  Nothing to do. Try checking your model configs and model specification args
[2024-12-12T08:33:38.644+0000] {subprocess.py:97} INFO - Command exited with return code 0
[2024-12-12T08:33:38.645+0000] {taskinstance.py:441} INFO - ::group::Post task execution logs
[2024-12-12T08:33:38.671+0000] {taskinstance.py:1206} INFO - Marking task as SUCCESS. dag_id=dbt_orchestrator, task_id=dbt_run_fact.dbt_run_fact_model_fact_sales, run_id=scheduled__2024-12-12T08:00:00+00:00, execution_date=20241212T080000, start_date=20241212T083334, end_date=20241212T083338
[2024-12-12T08:33:38.695+0000] {local_task_job_runner.py:240} INFO - Task exited with return code 0
[2024-12-12T08:33:38.718+0000] {taskinstance.py:3498} INFO - 1 downstream tasks scheduled from follow-on schedule check
[2024-12-12T08:33:38.719+0000] {local_task_job_runner.py:222} INFO - ::endgroup::
