[2024-12-12T08:28:18.062+0000] {local_task_job_runner.py:120} INFO - ::group::Pre task execution logs
[2024-12-12T08:28:18.090+0000] {taskinstance.py:2076} INFO - Dependencies all met for dep_context=non-requeueable deps ti=<TaskInstance: dbt_orchestrator.dbt_run_fact.dbt_run_fact_model_fact_sales scheduled__2024-12-12T08:00:00+00:00 [queued]>
[2024-12-12T08:28:18.099+0000] {taskinstance.py:2076} INFO - Dependencies all met for dep_context=requeueable deps ti=<TaskInstance: dbt_orchestrator.dbt_run_fact.dbt_run_fact_model_fact_sales scheduled__2024-12-12T08:00:00+00:00 [queued]>
[2024-12-12T08:28:18.099+0000] {taskinstance.py:2306} INFO - Starting attempt 3 of 3
[2024-12-12T08:28:18.112+0000] {taskinstance.py:2330} INFO - Executing <Task(BashOperator): dbt_run_fact.dbt_run_fact_model_fact_sales> on 2024-12-12 08:00:00+00:00
[2024-12-12T08:28:18.119+0000] {standard_task_runner.py:63} INFO - Started process 930 to run task
[2024-12-12T08:28:18.122+0000] {standard_task_runner.py:90} INFO - Running: ['***', 'tasks', 'run', 'dbt_orchestrator', 'dbt_run_fact.dbt_run_fact_model_fact_sales', 'scheduled__2024-12-12T08:00:00+00:00', '--job-id', '235', '--raw', '--subdir', 'DAGS_FOLDER/pipeline.py', '--cfg-path', '/tmp/tmpi70kpta7']
[2024-12-12T08:28:18.123+0000] {standard_task_runner.py:91} INFO - Job 235: Subtask dbt_run_fact.dbt_run_fact_model_fact_sales
[2024-12-12T08:28:18.164+0000] {task_command.py:426} INFO - Running <TaskInstance: dbt_orchestrator.dbt_run_fact.dbt_run_fact_model_fact_sales scheduled__2024-12-12T08:00:00+00:00 [running]> on host 34fdc836a0bb
[2024-12-12T08:28:18.256+0000] {taskinstance.py:2648} INFO - Exporting env vars: AIRFLOW_CTX_DAG_OWNER='ma7moud' AIRFLOW_CTX_DAG_ID='dbt_orchestrator' AIRFLOW_CTX_TASK_ID='dbt_run_fact.dbt_run_fact_model_fact_sales' AIRFLOW_CTX_EXECUTION_DATE='2024-12-12T08:00:00+00:00' AIRFLOW_CTX_TRY_NUMBER='3' AIRFLOW_CTX_DAG_RUN_ID='scheduled__2024-12-12T08:00:00+00:00'
[2024-12-12T08:28:18.257+0000] {taskinstance.py:430} INFO - ::endgroup::
[2024-12-12T08:28:18.269+0000] {subprocess.py:63} INFO - Tmp dir root location: /tmp
[2024-12-12T08:28:18.269+0000] {subprocess.py:75} INFO - Running command: ['/usr/bin/bash', '-c', 'dbt run --profiles-dir /opt/***/dbt --project-dir /opt/***/dbt/ecommerce --models models/olap_model/fact/fact_sales']
[2024-12-12T08:28:18.281+0000] {subprocess.py:86} INFO - Output:
[2024-12-12T08:28:20.089+0000] {subprocess.py:93} INFO - [0m08:28:20  Running with dbt=1.8.0
[2024-12-12T08:28:20.228+0000] {subprocess.py:93} INFO - [0m08:28:20  [[33mWARNING[0m]: Deprecated functionality
[2024-12-12T08:28:20.228+0000] {subprocess.py:93} INFO - The `tests` config has been renamed to `data_tests`. Please see
[2024-12-12T08:28:20.229+0000] {subprocess.py:93} INFO - https://docs.getdbt.com/docs/build/data-tests#new-data_tests-syntax for more
[2024-12-12T08:28:20.229+0000] {subprocess.py:93} INFO - information.
[2024-12-12T08:28:20.373+0000] {subprocess.py:93} INFO - [0m08:28:20  Registered adapter: postgres=1.8.0
[2024-12-12T08:28:21.143+0000] {subprocess.py:93} INFO - [0m08:28:21  Found 15 models, 1 snapshot, 112 data tests, 12 sources, 430 macros
[2024-12-12T08:28:21.147+0000] {subprocess.py:93} INFO - [0m08:28:21  The selection criterion 'models/olap_model/fact/fact_sales' does not match any enabled nodes
[2024-12-12T08:28:21.149+0000] {subprocess.py:93} INFO - [0m08:28:21
[2024-12-12T08:28:21.150+0000] {subprocess.py:93} INFO - [0m08:28:21  Nothing to do. Try checking your model configs and model specification args
[2024-12-12T08:28:22.068+0000] {subprocess.py:97} INFO - Command exited with return code 0
[2024-12-12T08:28:22.069+0000] {taskinstance.py:441} INFO - ::group::Post task execution logs
[2024-12-12T08:28:22.092+0000] {taskinstance.py:1206} INFO - Marking task as SUCCESS. dag_id=dbt_orchestrator, task_id=dbt_run_fact.dbt_run_fact_model_fact_sales, run_id=scheduled__2024-12-12T08:00:00+00:00, execution_date=20241212T080000, start_date=20241212T082818, end_date=20241212T082822
[2024-12-12T08:28:22.144+0000] {local_task_job_runner.py:240} INFO - Task exited with return code 0
[2024-12-12T08:28:22.167+0000] {taskinstance.py:3498} INFO - 1 downstream tasks scheduled from follow-on schedule check
[2024-12-12T08:28:22.168+0000] {local_task_job_runner.py:222} INFO - ::endgroup::
