[2024-12-12T08:54:56.851+0000] {local_task_job_runner.py:120} INFO - ::group::Pre task execution logs
[2024-12-12T08:54:56.875+0000] {taskinstance.py:2076} INFO - Dependencies all met for dep_context=non-requeueable deps ti=<TaskInstance: dbt_orchestrator.dbt_run_fact.dbt_run_fact_model_fact_sales manual__2024-12-12T08:51:03.221369+00:00 [queued]>
[2024-12-12T08:54:56.886+0000] {taskinstance.py:2076} INFO - Dependencies all met for dep_context=requeueable deps ti=<TaskInstance: dbt_orchestrator.dbt_run_fact.dbt_run_fact_model_fact_sales manual__2024-12-12T08:51:03.221369+00:00 [queued]>
[2024-12-12T08:54:56.887+0000] {taskinstance.py:2306} INFO - Starting attempt 2 of 2
[2024-12-12T08:54:56.898+0000] {taskinstance.py:2330} INFO - Executing <Task(BashOperator): dbt_run_fact.dbt_run_fact_model_fact_sales> on 2024-12-12 08:51:03.221369+00:00
[2024-12-12T08:54:56.904+0000] {standard_task_runner.py:63} INFO - Started process 1994 to run task
[2024-12-12T08:54:56.907+0000] {standard_task_runner.py:90} INFO - Running: ['***', 'tasks', 'run', 'dbt_orchestrator', 'dbt_run_fact.dbt_run_fact_model_fact_sales', 'manual__2024-12-12T08:51:03.221369+00:00', '--job-id', '349', '--raw', '--subdir', 'DAGS_FOLDER/pipeline.py', '--cfg-path', '/tmp/tmpncc6cf7i']
[2024-12-12T08:54:56.908+0000] {standard_task_runner.py:91} INFO - Job 349: Subtask dbt_run_fact.dbt_run_fact_model_fact_sales
[2024-12-12T08:54:56.954+0000] {task_command.py:426} INFO - Running <TaskInstance: dbt_orchestrator.dbt_run_fact.dbt_run_fact_model_fact_sales manual__2024-12-12T08:51:03.221369+00:00 [running]> on host 34fdc836a0bb
[2024-12-12T08:54:57.037+0000] {taskinstance.py:2648} INFO - Exporting env vars: AIRFLOW_CTX_DAG_OWNER='ma7moud' AIRFLOW_CTX_DAG_ID='dbt_orchestrator' AIRFLOW_CTX_TASK_ID='dbt_run_fact.dbt_run_fact_model_fact_sales' AIRFLOW_CTX_EXECUTION_DATE='2024-12-12T08:51:03.221369+00:00' AIRFLOW_CTX_TRY_NUMBER='2' AIRFLOW_CTX_DAG_RUN_ID='manual__2024-12-12T08:51:03.221369+00:00'
[2024-12-12T08:54:57.038+0000] {taskinstance.py:430} INFO - ::endgroup::
[2024-12-12T08:54:57.052+0000] {subprocess.py:63} INFO - Tmp dir root location: /tmp
[2024-12-12T08:54:57.053+0000] {subprocess.py:75} INFO - Running command: ['/usr/bin/bash', '-c', 'dbt run --profiles-dir /opt/***/dbt --project-dir /opt/***/dbt/ecommerce --models fact_sales']
[2024-12-12T08:54:57.066+0000] {subprocess.py:86} INFO - Output:
[2024-12-12T08:54:59.119+0000] {subprocess.py:93} INFO - [0m08:54:59  Running with dbt=1.8.0
[2024-12-12T08:54:59.300+0000] {subprocess.py:93} INFO - [0m08:54:59  [[33mWARNING[0m]: Deprecated functionality
[2024-12-12T08:54:59.301+0000] {subprocess.py:93} INFO - The `tests` config has been renamed to `data_tests`. Please see
[2024-12-12T08:54:59.301+0000] {subprocess.py:93} INFO - https://docs.getdbt.com/docs/build/data-tests#new-data_tests-syntax for more
[2024-12-12T08:54:59.301+0000] {subprocess.py:93} INFO - information.
[2024-12-12T08:54:59.453+0000] {subprocess.py:93} INFO - [0m08:54:59  Registered adapter: postgres=1.8.0
[2024-12-12T08:55:00.310+0000] {subprocess.py:93} INFO - [0m08:55:00  Found 15 models, 1 snapshot, 112 data tests, 12 sources, 430 macros
[2024-12-12T08:55:00.314+0000] {subprocess.py:93} INFO - [0m08:55:00
[2024-12-12T08:55:00.544+0000] {subprocess.py:93} INFO - [0m08:55:00  Concurrency: 3 threads (target='dev')
[2024-12-12T08:55:00.545+0000] {subprocess.py:93} INFO - [0m08:55:00
[2024-12-12T08:55:00.549+0000] {subprocess.py:93} INFO - [0m08:55:00  1 of 1 START sql incremental model oltp.fact_sales ............................. [RUN]
[2024-12-12T08:55:00.803+0000] {subprocess.py:93} INFO - [0m08:55:00  1 of 1 OK created sql incremental model oltp.fact_sales ........................ [[32mINSERT 0 1294[0m in 0.25s]
[2024-12-12T08:55:00.817+0000] {subprocess.py:93} INFO - [0m08:55:00
[2024-12-12T08:55:00.817+0000] {subprocess.py:93} INFO - [0m08:55:00  Finished running 1 incremental model in 0 hours 0 minutes and 0.50 seconds (0.50s).
[2024-12-12T08:55:00.910+0000] {subprocess.py:93} INFO - [0m08:55:00
[2024-12-12T08:55:00.911+0000] {subprocess.py:93} INFO - [0m08:55:00  [32mCompleted successfully[0m
[2024-12-12T08:55:00.911+0000] {subprocess.py:93} INFO - [0m08:55:00
[2024-12-12T08:55:00.912+0000] {subprocess.py:93} INFO - [0m08:55:00  Done. PASS=1 WARN=0 ERROR=0 SKIP=0 TOTAL=1
[2024-12-12T08:55:01.807+0000] {subprocess.py:97} INFO - Command exited with return code 0
[2024-12-12T08:55:01.808+0000] {taskinstance.py:441} INFO - ::group::Post task execution logs
[2024-12-12T08:55:01.840+0000] {taskinstance.py:1206} INFO - Marking task as SUCCESS. dag_id=dbt_orchestrator, task_id=dbt_run_fact.dbt_run_fact_model_fact_sales, run_id=manual__2024-12-12T08:51:03.221369+00:00, execution_date=20241212T085103, start_date=20241212T085456, end_date=20241212T085501
[2024-12-12T08:55:01.893+0000] {local_task_job_runner.py:240} INFO - Task exited with return code 0
[2024-12-12T08:55:01.914+0000] {taskinstance.py:3498} INFO - 1 downstream tasks scheduled from follow-on schedule check
[2024-12-12T08:55:01.915+0000] {local_task_job_runner.py:222} INFO - ::endgroup::
