[2024-12-12T09:30:24.884+0000] {local_task_job_runner.py:120} INFO - ::group::Pre task execution logs
[2024-12-12T09:30:24.951+0000] {taskinstance.py:2076} INFO - Dependencies all met for dep_context=non-requeueable deps ti=<TaskInstance: dbt_orchestrator.dbt_run_dimensions.dbt_run_date_dim scheduled__2024-12-12T09:15:00+00:00 [queued]>
[2024-12-12T09:30:24.982+0000] {taskinstance.py:2076} INFO - Dependencies all met for dep_context=requeueable deps ti=<TaskInstance: dbt_orchestrator.dbt_run_dimensions.dbt_run_date_dim scheduled__2024-12-12T09:15:00+00:00 [queued]>
[2024-12-12T09:30:24.983+0000] {taskinstance.py:2306} INFO - Starting attempt 1 of 1
[2024-12-12T09:30:25.007+0000] {taskinstance.py:2330} INFO - Executing <Task(BashOperator): dbt_run_dimensions.dbt_run_date_dim> on 2024-12-12 09:15:00+00:00
[2024-12-12T09:30:25.016+0000] {standard_task_runner.py:63} INFO - Started process 3582 to run task
[2024-12-12T09:30:25.020+0000] {standard_task_runner.py:90} INFO - Running: ['***', 'tasks', 'run', 'dbt_orchestrator', 'dbt_run_dimensions.dbt_run_date_dim', 'scheduled__2024-12-12T09:15:00+00:00', '--job-id', '459', '--raw', '--subdir', 'DAGS_FOLDER/pipeline.py', '--cfg-path', '/tmp/tmpvczt_7fa']
[2024-12-12T09:30:25.022+0000] {standard_task_runner.py:91} INFO - Job 459: Subtask dbt_run_dimensions.dbt_run_date_dim
[2024-12-12T09:30:25.096+0000] {task_command.py:426} INFO - Running <TaskInstance: dbt_orchestrator.dbt_run_dimensions.dbt_run_date_dim scheduled__2024-12-12T09:15:00+00:00 [running]> on host 34fdc836a0bb
[2024-12-12T09:30:25.247+0000] {taskinstance.py:2648} INFO - Exporting env vars: AIRFLOW_CTX_DAG_OWNER='ma7moud' AIRFLOW_CTX_DAG_ID='dbt_orchestrator' AIRFLOW_CTX_TASK_ID='dbt_run_dimensions.dbt_run_date_dim' AIRFLOW_CTX_EXECUTION_DATE='2024-12-12T09:15:00+00:00' AIRFLOW_CTX_TRY_NUMBER='1' AIRFLOW_CTX_DAG_RUN_ID='scheduled__2024-12-12T09:15:00+00:00'
[2024-12-12T09:30:25.248+0000] {taskinstance.py:430} INFO - ::endgroup::
[2024-12-12T09:30:25.266+0000] {subprocess.py:63} INFO - Tmp dir root location: /tmp
[2024-12-12T09:30:25.267+0000] {subprocess.py:75} INFO - Running command: ['/usr/bin/bash', '-c', 'dbt run --profiles-dir /opt/***/dbt --project-dir /opt/***/dbt/ecommerce --models date_dim']
[2024-12-12T09:30:25.293+0000] {subprocess.py:86} INFO - Output:
[2024-12-12T09:30:29.052+0000] {subprocess.py:93} INFO - [0m09:30:29  Running with dbt=1.8.0
[2024-12-12T09:30:29.377+0000] {subprocess.py:93} INFO - [0m09:30:29  [[33mWARNING[0m]: Deprecated functionality
[2024-12-12T09:30:29.380+0000] {subprocess.py:93} INFO - The `tests` config has been renamed to `data_tests`. Please see
[2024-12-12T09:30:29.381+0000] {subprocess.py:93} INFO - https://docs.getdbt.com/docs/build/data-tests#new-data_tests-syntax for more
[2024-12-12T09:30:29.382+0000] {subprocess.py:93} INFO - information.
[2024-12-12T09:30:29.646+0000] {subprocess.py:93} INFO - [0m09:30:29  Registered adapter: postgres=1.8.0
[2024-12-12T09:30:31.408+0000] {subprocess.py:93} INFO - [0m09:30:31  Found 15 models, 1 snapshot, 111 data tests, 12 sources, 430 macros
[2024-12-12T09:30:31.418+0000] {subprocess.py:93} INFO - [0m09:30:31
[2024-12-12T09:30:31.867+0000] {subprocess.py:93} INFO - [0m09:30:31  Concurrency: 3 threads (target='dev')
[2024-12-12T09:30:31.870+0000] {subprocess.py:93} INFO - [0m09:30:31
[2024-12-12T09:30:31.881+0000] {subprocess.py:93} INFO - [0m09:30:31  1 of 1 START sql incremental model olap_model.date_dim ......................... [RUN]
[2024-12-12T09:30:32.280+0000] {subprocess.py:93} INFO - [0m09:30:32  1 of 1 OK created sql incremental model olap_model.date_dim .................... [[32mINSERT 0 402[0m in 0.39s]
[2024-12-12T09:30:32.303+0000] {subprocess.py:93} INFO - [0m09:30:32
[2024-12-12T09:30:32.306+0000] {subprocess.py:93} INFO - [0m09:30:32  Finished running 1 incremental model in 0 hours 0 minutes and 0.88 seconds (0.88s).
[2024-12-12T09:30:32.409+0000] {subprocess.py:93} INFO - [0m09:30:32
[2024-12-12T09:30:32.410+0000] {subprocess.py:93} INFO - [0m09:30:32  [32mCompleted successfully[0m
[2024-12-12T09:30:32.411+0000] {subprocess.py:93} INFO - [0m09:30:32
[2024-12-12T09:30:32.412+0000] {subprocess.py:93} INFO - [0m09:30:32  Done. PASS=1 WARN=0 ERROR=0 SKIP=0 TOTAL=1
[2024-12-12T09:30:33.462+0000] {subprocess.py:97} INFO - Command exited with return code 0
[2024-12-12T09:30:33.462+0000] {taskinstance.py:441} INFO - ::group::Post task execution logs
[2024-12-12T09:30:33.488+0000] {taskinstance.py:1206} INFO - Marking task as SUCCESS. dag_id=dbt_orchestrator, task_id=dbt_run_dimensions.dbt_run_date_dim, run_id=scheduled__2024-12-12T09:15:00+00:00, execution_date=20241212T091500, start_date=20241212T093024, end_date=20241212T093033
[2024-12-12T09:30:33.549+0000] {local_task_job_runner.py:240} INFO - Task exited with return code 0
[2024-12-12T09:30:33.575+0000] {taskinstance.py:3498} INFO - 0 downstream tasks scheduled from follow-on schedule check
[2024-12-12T09:30:33.576+0000] {local_task_job_runner.py:222} INFO - ::endgroup::
