[2024-12-12T08:45:05.625+0000] {local_task_job_runner.py:120} INFO - ::group::Pre task execution logs
[2024-12-12T08:45:05.649+0000] {taskinstance.py:2076} INFO - Dependencies all met for dep_context=non-requeueable deps ti=<TaskInstance: dbt_orchestrator.run_snapshot.dbt_snapshot scheduled__2024-12-12T08:30:00+00:00 [queued]>
[2024-12-12T08:45:05.656+0000] {taskinstance.py:2076} INFO - Dependencies all met for dep_context=requeueable deps ti=<TaskInstance: dbt_orchestrator.run_snapshot.dbt_snapshot scheduled__2024-12-12T08:30:00+00:00 [queued]>
[2024-12-12T08:45:05.656+0000] {taskinstance.py:2306} INFO - Starting attempt 1 of 1
[2024-12-12T08:45:05.668+0000] {taskinstance.py:2330} INFO - Executing <Task(BashOperator): run_snapshot.dbt_snapshot> on 2024-12-12 08:30:00+00:00
[2024-12-12T08:45:05.674+0000] {standard_task_runner.py:63} INFO - Started process 1314 to run task
[2024-12-12T08:45:05.677+0000] {standard_task_runner.py:90} INFO - Running: ['***', 'tasks', 'run', 'dbt_orchestrator', 'run_snapshot.dbt_snapshot', 'scheduled__2024-12-12T08:30:00+00:00', '--job-id', '291', '--raw', '--subdir', 'DAGS_FOLDER/pipeline.py', '--cfg-path', '/tmp/tmp4mzrcig7']
[2024-12-12T08:45:05.678+0000] {standard_task_runner.py:91} INFO - Job 291: Subtask run_snapshot.dbt_snapshot
[2024-12-12T08:45:05.721+0000] {task_command.py:426} INFO - Running <TaskInstance: dbt_orchestrator.run_snapshot.dbt_snapshot scheduled__2024-12-12T08:30:00+00:00 [running]> on host 34fdc836a0bb
[2024-12-12T08:45:05.802+0000] {taskinstance.py:2648} INFO - Exporting env vars: AIRFLOW_CTX_DAG_OWNER='ma7moud' AIRFLOW_CTX_DAG_ID='dbt_orchestrator' AIRFLOW_CTX_TASK_ID='run_snapshot.dbt_snapshot' AIRFLOW_CTX_EXECUTION_DATE='2024-12-12T08:30:00+00:00' AIRFLOW_CTX_TRY_NUMBER='1' AIRFLOW_CTX_DAG_RUN_ID='scheduled__2024-12-12T08:30:00+00:00'
[2024-12-12T08:45:05.802+0000] {taskinstance.py:430} INFO - ::endgroup::
[2024-12-12T08:45:05.814+0000] {subprocess.py:63} INFO - Tmp dir root location: /tmp
[2024-12-12T08:45:05.815+0000] {subprocess.py:75} INFO - Running command: ['/usr/bin/bash', '-c', 'dbt snapshot --profiles-dir /opt/***/dbt --project-dir /opt/***/dbt/ecommerce']
[2024-12-12T08:45:05.828+0000] {subprocess.py:86} INFO - Output:
[2024-12-12T08:45:07.987+0000] {subprocess.py:93} INFO - [0m08:45:07  Running with dbt=1.8.0
[2024-12-12T08:45:08.136+0000] {subprocess.py:93} INFO - [0m08:45:08  [[33mWARNING[0m]: Deprecated functionality
[2024-12-12T08:45:08.136+0000] {subprocess.py:93} INFO - The `tests` config has been renamed to `data_tests`. Please see
[2024-12-12T08:45:08.137+0000] {subprocess.py:93} INFO - https://docs.getdbt.com/docs/build/data-tests#new-data_tests-syntax for more
[2024-12-12T08:45:08.137+0000] {subprocess.py:93} INFO - information.
[2024-12-12T08:45:08.303+0000] {subprocess.py:93} INFO - [0m08:45:08  Registered adapter: postgres=1.8.0
[2024-12-12T08:45:09.162+0000] {subprocess.py:93} INFO - [0m08:45:09  Found 15 models, 1 snapshot, 112 data tests, 12 sources, 430 macros
[2024-12-12T08:45:09.171+0000] {subprocess.py:93} INFO - [0m08:45:09
[2024-12-12T08:45:09.469+0000] {subprocess.py:93} INFO - [0m08:45:09  Concurrency: 3 threads (target='dev')
[2024-12-12T08:45:09.470+0000] {subprocess.py:93} INFO - [0m08:45:09
[2024-12-12T08:45:09.475+0000] {subprocess.py:93} INFO - [0m08:45:09  1 of 1 START snapshot snapshots.CDC_product .................................... [RUN]
[2024-12-12T08:45:09.853+0000] {subprocess.py:93} INFO - [0m08:45:09  1 of 1 OK snapshotted snapshots.CDC_product .................................... [[32mINSERT 0 0[0m in 0.37s]
[2024-12-12T08:45:09.869+0000] {subprocess.py:93} INFO - [0m08:45:09
[2024-12-12T08:45:09.870+0000] {subprocess.py:93} INFO - [0m08:45:09  Finished running 1 snapshot in 0 hours 0 minutes and 0.70 seconds (0.70s).
[2024-12-12T08:45:09.949+0000] {subprocess.py:93} INFO - [0m08:45:09
[2024-12-12T08:45:09.949+0000] {subprocess.py:93} INFO - [0m08:45:09  [32mCompleted successfully[0m
[2024-12-12T08:45:09.950+0000] {subprocess.py:93} INFO - [0m08:45:09
[2024-12-12T08:45:09.950+0000] {subprocess.py:93} INFO - [0m08:45:09  Done. PASS=1 WARN=0 ERROR=0 SKIP=0 TOTAL=1
[2024-12-12T08:45:10.871+0000] {subprocess.py:97} INFO - Command exited with return code 0
[2024-12-12T08:45:10.873+0000] {taskinstance.py:441} INFO - ::group::Post task execution logs
[2024-12-12T08:45:10.912+0000] {taskinstance.py:1206} INFO - Marking task as SUCCESS. dag_id=dbt_orchestrator, task_id=run_snapshot.dbt_snapshot, run_id=scheduled__2024-12-12T08:30:00+00:00, execution_date=20241212T083000, start_date=20241212T084505, end_date=20241212T084510
[2024-12-12T08:45:10.945+0000] {local_task_job_runner.py:240} INFO - Task exited with return code 0
[2024-12-12T08:45:10.982+0000] {taskinstance.py:3498} INFO - 8 downstream tasks scheduled from follow-on schedule check
[2024-12-12T08:45:10.984+0000] {local_task_job_runner.py:222} INFO - ::endgroup::
