[2024-12-12T09:10:06.285+0000] {local_task_job_runner.py:120} INFO - ::group::Pre task execution logs
[2024-12-12T09:10:06.338+0000] {taskinstance.py:2076} INFO - Dependencies all met for dep_context=non-requeueable deps ti=<TaskInstance: dbt_orchestrator.dbt_run_staging.dbt_run_stg_store scheduled__2024-12-12T08:45:00+00:00 [queued]>
[2024-12-12T09:10:06.359+0000] {taskinstance.py:2076} INFO - Dependencies all met for dep_context=requeueable deps ti=<TaskInstance: dbt_orchestrator.dbt_run_staging.dbt_run_stg_store scheduled__2024-12-12T08:45:00+00:00 [queued]>
[2024-12-12T09:10:06.359+0000] {taskinstance.py:2306} INFO - Starting attempt 3 of 3
[2024-12-12T09:10:06.410+0000] {taskinstance.py:2330} INFO - Executing <Task(BashOperator): dbt_run_staging.dbt_run_stg_store> on 2024-12-12 08:45:00+00:00
[2024-12-12T09:10:06.433+0000] {standard_task_runner.py:63} INFO - Started process 2879 to run task
[2024-12-12T09:10:06.441+0000] {standard_task_runner.py:90} INFO - Running: ['***', 'tasks', 'run', 'dbt_orchestrator', 'dbt_run_staging.dbt_run_stg_store', 'scheduled__2024-12-12T08:45:00+00:00', '--job-id', '415', '--raw', '--subdir', 'DAGS_FOLDER/pipeline.py', '--cfg-path', '/tmp/tmpc_nb5k42']
[2024-12-12T09:10:06.446+0000] {standard_task_runner.py:91} INFO - Job 415: Subtask dbt_run_staging.dbt_run_stg_store
[2024-12-12T09:10:06.586+0000] {task_command.py:426} INFO - Running <TaskInstance: dbt_orchestrator.dbt_run_staging.dbt_run_stg_store scheduled__2024-12-12T08:45:00+00:00 [running]> on host 34fdc836a0bb
[2024-12-12T09:10:06.822+0000] {taskinstance.py:2648} INFO - Exporting env vars: AIRFLOW_CTX_DAG_OWNER='ma7moud' AIRFLOW_CTX_DAG_ID='dbt_orchestrator' AIRFLOW_CTX_TASK_ID='dbt_run_staging.dbt_run_stg_store' AIRFLOW_CTX_EXECUTION_DATE='2024-12-12T08:45:00+00:00' AIRFLOW_CTX_TRY_NUMBER='3' AIRFLOW_CTX_DAG_RUN_ID='scheduled__2024-12-12T08:45:00+00:00'
[2024-12-12T09:10:06.823+0000] {taskinstance.py:430} INFO - ::endgroup::
[2024-12-12T09:10:06.859+0000] {subprocess.py:63} INFO - Tmp dir root location: /tmp
[2024-12-12T09:10:06.859+0000] {subprocess.py:75} INFO - Running command: ['/usr/bin/bash', '-c', 'dbt run --profiles-dir /opt/***/dbt --project-dir /opt/***/dbt/ecommerce --models stg_store']
[2024-12-12T09:10:06.900+0000] {subprocess.py:86} INFO - Output:
[2024-12-12T09:10:11.635+0000] {subprocess.py:93} INFO - [0m09:10:11  Running with dbt=1.8.0
[2024-12-12T09:10:12.069+0000] {subprocess.py:93} INFO - [0m09:10:12  [[33mWARNING[0m]: Deprecated functionality
[2024-12-12T09:10:12.071+0000] {subprocess.py:93} INFO - The `tests` config has been renamed to `data_tests`. Please see
[2024-12-12T09:10:12.074+0000] {subprocess.py:93} INFO - https://docs.getdbt.com/docs/build/data-tests#new-data_tests-syntax for more
[2024-12-12T09:10:12.077+0000] {subprocess.py:93} INFO - information.
[2024-12-12T09:10:12.570+0000] {subprocess.py:93} INFO - [0m09:10:12  Registered adapter: postgres=1.8.0
[2024-12-12T09:10:15.471+0000] {subprocess.py:93} INFO - [0m09:10:15  Found 15 models, 1 snapshot, 112 data tests, 12 sources, 430 macros
[2024-12-12T09:10:15.485+0000] {subprocess.py:93} INFO - [0m09:10:15
[2024-12-12T09:10:16.307+0000] {subprocess.py:93} INFO - [0m09:10:16  Concurrency: 3 threads (target='dev')
[2024-12-12T09:10:16.309+0000] {subprocess.py:93} INFO - [0m09:10:16
[2024-12-12T09:10:16.347+0000] {subprocess.py:93} INFO - [0m09:10:16  1 of 1 START sql incremental model olap_model_staging_tables.stg_store ......... [RUN]
[2024-12-12T09:10:16.849+0000] {subprocess.py:93} INFO - [0m09:10:16  1 of 1 OK created sql incremental model olap_model_staging_tables.stg_store .... [[32mSELECT 5[0m in 0.47s]
[2024-12-12T09:10:16.930+0000] {subprocess.py:93} INFO - [0m09:10:16
[2024-12-12T09:10:16.931+0000] {subprocess.py:93} INFO - [0m09:10:16  Finished running 1 incremental model in 0 hours 0 minutes and 1.44 seconds (1.44s).
[2024-12-12T09:10:17.237+0000] {subprocess.py:93} INFO - [0m09:10:17
[2024-12-12T09:10:17.241+0000] {subprocess.py:93} INFO - [0m09:10:17  [32mCompleted successfully[0m
[2024-12-12T09:10:17.247+0000] {subprocess.py:93} INFO - [0m09:10:17
[2024-12-12T09:10:17.250+0000] {subprocess.py:93} INFO - [0m09:10:17  Done. PASS=1 WARN=0 ERROR=0 SKIP=0 TOTAL=1
[2024-12-12T09:10:18.633+0000] {subprocess.py:97} INFO - Command exited with return code 0
[2024-12-12T09:10:18.634+0000] {taskinstance.py:441} INFO - ::group::Post task execution logs
[2024-12-12T09:10:18.668+0000] {taskinstance.py:1206} INFO - Marking task as SUCCESS. dag_id=dbt_orchestrator, task_id=dbt_run_staging.dbt_run_stg_store, run_id=scheduled__2024-12-12T08:45:00+00:00, execution_date=20241212T084500, start_date=20241212T091006, end_date=20241212T091018
[2024-12-12T09:10:18.703+0000] {local_task_job_runner.py:240} INFO - Task exited with return code 0
[2024-12-12T09:10:18.739+0000] {taskinstance.py:3498} INFO - 0 downstream tasks scheduled from follow-on schedule check
[2024-12-12T09:10:18.742+0000] {local_task_job_runner.py:222} INFO - ::endgroup::
