[2024-12-12T09:23:15.323+0000] {local_task_job_runner.py:120} INFO - ::group::Pre task execution logs
[2024-12-12T09:23:15.375+0000] {taskinstance.py:2076} INFO - Dependencies all met for dep_context=non-requeueable deps ti=<TaskInstance: dbt_orchestrator.dbt_run_dimensions.dbt_run_supplier_dim scheduled__2024-12-12T09:00:00+00:00 [queued]>
[2024-12-12T09:23:15.397+0000] {taskinstance.py:2076} INFO - Dependencies all met for dep_context=requeueable deps ti=<TaskInstance: dbt_orchestrator.dbt_run_dimensions.dbt_run_supplier_dim scheduled__2024-12-12T09:00:00+00:00 [queued]>
[2024-12-12T09:23:15.398+0000] {taskinstance.py:2306} INFO - Starting attempt 1 of 1
[2024-12-12T09:23:15.425+0000] {taskinstance.py:2330} INFO - Executing <Task(BashOperator): dbt_run_dimensions.dbt_run_supplier_dim> on 2024-12-12 09:00:00+00:00
[2024-12-12T09:23:15.437+0000] {standard_task_runner.py:63} INFO - Started process 3268 to run task
[2024-12-12T09:23:15.459+0000] {standard_task_runner.py:90} INFO - Running: ['***', 'tasks', 'run', 'dbt_orchestrator', 'dbt_run_dimensions.dbt_run_supplier_dim', 'scheduled__2024-12-12T09:00:00+00:00', '--job-id', '438', '--raw', '--subdir', 'DAGS_FOLDER/pipeline.py', '--cfg-path', '/tmp/tmpmb2qs2ya']
[2024-12-12T09:23:15.461+0000] {standard_task_runner.py:91} INFO - Job 438: Subtask dbt_run_dimensions.dbt_run_supplier_dim
[2024-12-12T09:23:15.613+0000] {task_command.py:426} INFO - Running <TaskInstance: dbt_orchestrator.dbt_run_dimensions.dbt_run_supplier_dim scheduled__2024-12-12T09:00:00+00:00 [running]> on host 34fdc836a0bb
[2024-12-12T09:23:15.843+0000] {taskinstance.py:2648} INFO - Exporting env vars: AIRFLOW_CTX_DAG_OWNER='ma7moud' AIRFLOW_CTX_DAG_ID='dbt_orchestrator' AIRFLOW_CTX_TASK_ID='dbt_run_dimensions.dbt_run_supplier_dim' AIRFLOW_CTX_EXECUTION_DATE='2024-12-12T09:00:00+00:00' AIRFLOW_CTX_TRY_NUMBER='1' AIRFLOW_CTX_DAG_RUN_ID='scheduled__2024-12-12T09:00:00+00:00'
[2024-12-12T09:23:15.844+0000] {taskinstance.py:430} INFO - ::endgroup::
[2024-12-12T09:23:15.867+0000] {subprocess.py:63} INFO - Tmp dir root location: /tmp
[2024-12-12T09:23:15.869+0000] {subprocess.py:75} INFO - Running command: ['/usr/bin/bash', '-c', 'dbt run --profiles-dir /opt/***/dbt --project-dir /opt/***/dbt/ecommerce --models supplier_dim']
[2024-12-12T09:23:15.908+0000] {subprocess.py:86} INFO - Output:
[2024-12-12T09:23:20.032+0000] {subprocess.py:93} INFO - [0m09:23:20  Running with dbt=1.8.0
[2024-12-12T09:23:20.408+0000] {subprocess.py:93} INFO - [0m09:23:20  [[33mWARNING[0m]: Deprecated functionality
[2024-12-12T09:23:20.409+0000] {subprocess.py:93} INFO - The `tests` config has been renamed to `data_tests`. Please see
[2024-12-12T09:23:20.409+0000] {subprocess.py:93} INFO - https://docs.getdbt.com/docs/build/data-tests#new-data_tests-syntax for more
[2024-12-12T09:23:20.410+0000] {subprocess.py:93} INFO - information.
[2024-12-12T09:23:20.811+0000] {subprocess.py:93} INFO - [0m09:23:20  Registered adapter: postgres=1.8.0
[2024-12-12T09:23:22.862+0000] {subprocess.py:93} INFO - [0m09:23:22  Found 15 models, 1 snapshot, 112 data tests, 12 sources, 430 macros
[2024-12-12T09:23:22.873+0000] {subprocess.py:93} INFO - [0m09:23:22
[2024-12-12T09:23:23.422+0000] {subprocess.py:93} INFO - [0m09:23:23  Concurrency: 3 threads (target='dev')
[2024-12-12T09:23:23.423+0000] {subprocess.py:93} INFO - [0m09:23:23
[2024-12-12T09:23:23.430+0000] {subprocess.py:93} INFO - [0m09:23:23  1 of 1 START sql incremental model olap_model.supplier_dim ..................... [RUN]
[2024-12-12T09:23:23.772+0000] {subprocess.py:93} INFO - [0m09:23:23  1 of 1 OK created sql incremental model olap_model.supplier_dim ................ [[32mSELECT 5[0m in 0.33s]
[2024-12-12T09:23:23.810+0000] {subprocess.py:93} INFO - [0m09:23:23
[2024-12-12T09:23:23.811+0000] {subprocess.py:93} INFO - [0m09:23:23  Finished running 1 incremental model in 0 hours 0 minutes and 0.93 seconds (0.93s).
[2024-12-12T09:23:23.942+0000] {subprocess.py:93} INFO - [0m09:23:23
[2024-12-12T09:23:23.945+0000] {subprocess.py:93} INFO - [0m09:23:23  [32mCompleted successfully[0m
[2024-12-12T09:23:23.946+0000] {subprocess.py:93} INFO - [0m09:23:23
[2024-12-12T09:23:23.946+0000] {subprocess.py:93} INFO - [0m09:23:23  Done. PASS=1 WARN=0 ERROR=0 SKIP=0 TOTAL=1
[2024-12-12T09:23:25.158+0000] {subprocess.py:97} INFO - Command exited with return code 0
[2024-12-12T09:23:25.160+0000] {taskinstance.py:441} INFO - ::group::Post task execution logs
[2024-12-12T09:23:25.207+0000] {taskinstance.py:1206} INFO - Marking task as SUCCESS. dag_id=dbt_orchestrator, task_id=dbt_run_dimensions.dbt_run_supplier_dim, run_id=scheduled__2024-12-12T09:00:00+00:00, execution_date=20241212T090000, start_date=20241212T092315, end_date=20241212T092325
[2024-12-12T09:23:25.255+0000] {local_task_job_runner.py:240} INFO - Task exited with return code 0
[2024-12-12T09:23:25.307+0000] {taskinstance.py:3498} INFO - 0 downstream tasks scheduled from follow-on schedule check
[2024-12-12T09:23:25.309+0000] {local_task_job_runner.py:222} INFO - ::endgroup::
