[2024-12-12T08:17:14.426+0000] {local_task_job_runner.py:120} INFO - ::group::Pre task execution logs
[2024-12-12T08:17:14.474+0000] {taskinstance.py:2076} INFO - Dependencies all met for dep_context=non-requeueable deps ti=<TaskInstance: dbt_orchestrator.dbt_run_staging.dbt_run_stg_brand manual__2024-12-12T08:05:08.618053+00:00 [queued]>
[2024-12-12T08:17:14.495+0000] {taskinstance.py:2076} INFO - Dependencies all met for dep_context=requeueable deps ti=<TaskInstance: dbt_orchestrator.dbt_run_staging.dbt_run_stg_brand manual__2024-12-12T08:05:08.618053+00:00 [queued]>
[2024-12-12T08:17:14.496+0000] {taskinstance.py:2306} INFO - Starting attempt 4 of 4
[2024-12-12T08:17:14.520+0000] {taskinstance.py:2330} INFO - Executing <Task(BashOperator): dbt_run_staging.dbt_run_stg_brand> on 2024-12-12 08:05:08.618053+00:00
[2024-12-12T08:17:14.536+0000] {standard_task_runner.py:63} INFO - Started process 461 to run task
[2024-12-12T08:17:14.540+0000] {standard_task_runner.py:90} INFO - Running: ['***', 'tasks', 'run', 'dbt_orchestrator', 'dbt_run_staging.dbt_run_stg_brand', 'manual__2024-12-12T08:05:08.618053+00:00', '--job-id', '172', '--raw', '--subdir', 'DAGS_FOLDER/pipeline.py', '--cfg-path', '/tmp/tmp9ibnaicl']
[2024-12-12T08:17:14.542+0000] {standard_task_runner.py:91} INFO - Job 172: Subtask dbt_run_staging.dbt_run_stg_brand
[2024-12-12T08:17:14.622+0000] {task_command.py:426} INFO - Running <TaskInstance: dbt_orchestrator.dbt_run_staging.dbt_run_stg_brand manual__2024-12-12T08:05:08.618053+00:00 [running]> on host 34fdc836a0bb
[2024-12-12T08:17:14.817+0000] {taskinstance.py:2648} INFO - Exporting env vars: AIRFLOW_CTX_DAG_OWNER='ma7moud' AIRFLOW_CTX_DAG_ID='dbt_orchestrator' AIRFLOW_CTX_TASK_ID='dbt_run_staging.dbt_run_stg_brand' AIRFLOW_CTX_EXECUTION_DATE='2024-12-12T08:05:08.618053+00:00' AIRFLOW_CTX_TRY_NUMBER='4' AIRFLOW_CTX_DAG_RUN_ID='manual__2024-12-12T08:05:08.618053+00:00'
[2024-12-12T08:17:14.818+0000] {taskinstance.py:430} INFO - ::endgroup::
[2024-12-12T08:17:14.838+0000] {subprocess.py:63} INFO - Tmp dir root location: /tmp
[2024-12-12T08:17:14.839+0000] {subprocess.py:75} INFO - Running command: ['/usr/bin/bash', '-c', 'dbt run --profiles-dir /opt/***/dbt --project-dir /opt/***/dbt/ecommerce --models models/staging/stg_brand']
[2024-12-12T08:17:14.859+0000] {subprocess.py:86} INFO - Output:
[2024-12-12T08:17:18.824+0000] {subprocess.py:93} INFO - [0m08:17:18  Running with dbt=1.8.0
[2024-12-12T08:17:19.168+0000] {subprocess.py:93} INFO - [0m08:17:19  [[33mWARNING[0m]: Deprecated functionality
[2024-12-12T08:17:19.169+0000] {subprocess.py:93} INFO - The `tests` config has been renamed to `data_tests`. Please see
[2024-12-12T08:17:19.169+0000] {subprocess.py:93} INFO - https://docs.getdbt.com/docs/build/data-tests#new-data_tests-syntax for more
[2024-12-12T08:17:19.170+0000] {subprocess.py:93} INFO - information.
[2024-12-12T08:17:19.692+0000] {subprocess.py:93} INFO - [0m08:17:19  Registered adapter: postgres=1.8.0
[2024-12-12T08:17:20.760+0000] {subprocess.py:93} INFO - [0m08:17:20  [[33mWARNING[0m]: Configuration paths exist in your dbt_project.yml file which do not apply to any resources.
[2024-12-12T08:17:20.760+0000] {subprocess.py:93} INFO - There are 2 unused configuration paths:
[2024-12-12T08:17:20.761+0000] {subprocess.py:93} INFO - - models.ecommerce.staging.fact
[2024-12-12T08:17:20.761+0000] {subprocess.py:93} INFO - - models.ecommerce.staging.dimensions
[2024-12-12T08:17:21.640+0000] {subprocess.py:93} INFO - [0m08:17:21  Found 15 models, 1 snapshot, 112 data tests, 12 sources, 430 macros
[2024-12-12T08:17:21.660+0000] {subprocess.py:93} INFO - [0m08:17:21  The selection criterion 'models/staging/stg_brand' does not match any enabled nodes
[2024-12-12T08:17:21.669+0000] {subprocess.py:93} INFO - [0m08:17:21
[2024-12-12T08:17:21.672+0000] {subprocess.py:93} INFO - [0m08:17:21  Nothing to do. Try checking your model configs and model specification args
[2024-12-12T08:17:22.775+0000] {subprocess.py:97} INFO - Command exited with return code 0
[2024-12-12T08:17:22.776+0000] {taskinstance.py:441} INFO - ::group::Post task execution logs
[2024-12-12T08:17:22.806+0000] {taskinstance.py:1206} INFO - Marking task as SUCCESS. dag_id=dbt_orchestrator, task_id=dbt_run_staging.dbt_run_stg_brand, run_id=manual__2024-12-12T08:05:08.618053+00:00, execution_date=20241212T080508, start_date=20241212T081714, end_date=20241212T081722
[2024-12-12T08:17:22.837+0000] {local_task_job_runner.py:240} INFO - Task exited with return code 0
[2024-12-12T08:17:22.868+0000] {taskinstance.py:3498} INFO - 0 downstream tasks scheduled from follow-on schedule check
[2024-12-12T08:17:22.869+0000] {local_task_job_runner.py:222} INFO - ::endgroup::
