[2024-12-11T16:45:12.561+0000] {local_task_job_runner.py:120} INFO - ::group::Pre task execution logs
[2024-12-11T16:45:12.583+0000] {taskinstance.py:2076} INFO - Dependencies all met for dep_context=non-requeueable deps ti=<TaskInstance: dbt_orchestrator.dbt_run_staging.dbt_run_staging scheduled__2024-12-11T16:30:00+00:00 [queued]>
[2024-12-11T16:45:12.592+0000] {taskinstance.py:2076} INFO - Dependencies all met for dep_context=requeueable deps ti=<TaskInstance: dbt_orchestrator.dbt_run_staging.dbt_run_staging scheduled__2024-12-11T16:30:00+00:00 [queued]>
[2024-12-11T16:45:12.592+0000] {taskinstance.py:2306} INFO - Starting attempt 1 of 1
[2024-12-11T16:45:12.604+0000] {taskinstance.py:2330} INFO - Executing <Task(BashOperator): dbt_run_staging.dbt_run_staging> on 2024-12-11 16:30:00+00:00
[2024-12-11T16:45:12.611+0000] {standard_task_runner.py:63} INFO - Started process 413 to run task
[2024-12-11T16:45:12.613+0000] {standard_task_runner.py:90} INFO - Running: ['***', 'tasks', 'run', 'dbt_orchestrator', 'dbt_run_staging.dbt_run_staging', 'scheduled__2024-12-11T16:30:00+00:00', '--job-id', '50', '--raw', '--subdir', 'DAGS_FOLDER/pipeline.py', '--cfg-path', '/tmp/tmpazhvjra0']
[2024-12-11T16:45:12.614+0000] {standard_task_runner.py:91} INFO - Job 50: Subtask dbt_run_staging.dbt_run_staging
[2024-12-11T16:45:12.660+0000] {task_command.py:426} INFO - Running <TaskInstance: dbt_orchestrator.dbt_run_staging.dbt_run_staging scheduled__2024-12-11T16:30:00+00:00 [running]> on host 49f8df2c9427
[2024-12-11T16:45:12.750+0000] {taskinstance.py:2648} INFO - Exporting env vars: AIRFLOW_CTX_DAG_OWNER='Mahmoud' AIRFLOW_CTX_DAG_ID='dbt_orchestrator' AIRFLOW_CTX_TASK_ID='dbt_run_staging.dbt_run_staging' AIRFLOW_CTX_EXECUTION_DATE='2024-12-11T16:30:00+00:00' AIRFLOW_CTX_TRY_NUMBER='1' AIRFLOW_CTX_DAG_RUN_ID='scheduled__2024-12-11T16:30:00+00:00'
[2024-12-11T16:45:12.751+0000] {taskinstance.py:430} INFO - ::endgroup::
[2024-12-11T16:45:12.763+0000] {subprocess.py:63} INFO - Tmp dir root location: /tmp
[2024-12-11T16:45:12.763+0000] {subprocess.py:75} INFO - Running command: ['/usr/bin/bash', '-c', 'dbt run --profiles-dir /opt/***/dbt --project-dir /opt/***/dbt/ecommerce --select models/staging']
[2024-12-11T16:45:12.775+0000] {subprocess.py:86} INFO - Output:
[2024-12-11T16:45:14.757+0000] {subprocess.py:93} INFO - [0m16:45:14  Running with dbt=1.8.0
[2024-12-11T16:45:14.895+0000] {subprocess.py:93} INFO - [0m16:45:14  [[33mWARNING[0m]: Deprecated functionality
[2024-12-11T16:45:14.895+0000] {subprocess.py:93} INFO - The `tests` config has been renamed to `data_tests`. Please see
[2024-12-11T16:45:14.896+0000] {subprocess.py:93} INFO - https://docs.getdbt.com/docs/build/data-tests#new-data_tests-syntax for more
[2024-12-11T16:45:14.896+0000] {subprocess.py:93} INFO - information.
[2024-12-11T16:45:15.057+0000] {subprocess.py:93} INFO - [0m16:45:15  Registered adapter: postgres=1.8.0
[2024-12-11T16:45:15.496+0000] {subprocess.py:93} INFO - [0m16:45:15  [[33mWARNING[0m]: Configuration paths exist in your dbt_project.yml file which do not apply to any resources.
[2024-12-11T16:45:15.496+0000] {subprocess.py:93} INFO - There are 2 unused configuration paths:
[2024-12-11T16:45:15.497+0000] {subprocess.py:93} INFO - - models.ecommerce.marts.fact
[2024-12-11T16:45:15.497+0000] {subprocess.py:93} INFO - - models.ecommerce.marts.dimensions
[2024-12-11T16:45:15.814+0000] {subprocess.py:93} INFO - [0m16:45:15  Found 15 models, 1 snapshot, 112 data tests, 12 sources, 430 macros
[2024-12-11T16:45:15.820+0000] {subprocess.py:93} INFO - [0m16:45:15
[2024-12-11T16:45:16.052+0000] {subprocess.py:93} INFO - [0m16:45:16  Concurrency: 3 threads (target='dev')
[2024-12-11T16:45:16.053+0000] {subprocess.py:93} INFO - [0m16:45:16
[2024-12-11T16:45:16.057+0000] {subprocess.py:93} INFO - [0m16:45:16  1 of 8 START sql incremental model oltp_staging_tables.stg_brand ............... [RUN]
[2024-12-11T16:45:16.059+0000] {subprocess.py:93} INFO - [0m16:45:16  2 of 8 START sql incremental model oltp_staging_tables.stg_customers ........... [RUN]
[2024-12-11T16:45:16.063+0000] {subprocess.py:93} INFO - [0m16:45:16  3 of 8 START sql incremental model oltp_staging_tables.stg_date ................ [RUN]
[2024-12-11T16:45:16.561+0000] {subprocess.py:93} INFO - [0m16:45:16  1 of 8 OK created sql incremental model oltp_staging_tables.stg_brand .......... [[32mINSERT 0 10[0m in 0.49s]
[2024-12-11T16:45:16.562+0000] {subprocess.py:93} INFO - [0m16:45:16  2 of 8 OK created sql incremental model oltp_staging_tables.stg_customers ...... [[32mINSERT 0 109[0m in 0.50s]
[2024-12-11T16:45:16.567+0000] {subprocess.py:93} INFO - [0m16:45:16  4 of 8 START sql incremental model oltp_staging_tables.stg_order ............... [RUN]
[2024-12-11T16:45:16.569+0000] {subprocess.py:93} INFO - [0m16:45:16  5 of 8 START sql incremental model oltp_staging_tables.stg_order_details ....... [RUN]
[2024-12-11T16:45:16.580+0000] {subprocess.py:93} INFO - [0m16:45:16  3 of 8 OK created sql incremental model oltp_staging_tables.stg_date ........... [[32mINSERT 0 0[0m in 0.51s]
[2024-12-11T16:45:16.598+0000] {subprocess.py:93} INFO - [0m16:45:16  6 of 8 START sql incremental model oltp_staging_tables.stg_product ............. [RUN]
[2024-12-11T16:45:16.827+0000] {subprocess.py:93} INFO - [0m16:45:16  4 of 8 OK created sql incremental model oltp_staging_tables.stg_order .......... [[32mINSERT 0 622[0m in 0.25s]
[2024-12-11T16:45:16.829+0000] {subprocess.py:93} INFO - [0m16:45:16  5 of 8 OK created sql incremental model oltp_staging_tables.stg_order_details .. [[32mINSERT 0 1294[0m in 0.25s]
[2024-12-11T16:45:16.835+0000] {subprocess.py:93} INFO - [0m16:45:16  7 of 8 START sql incremental model oltp_staging_tables.stg_store ............... [RUN]
[2024-12-11T16:45:16.836+0000] {subprocess.py:93} INFO - [0m16:45:16  6 of 8 OK created sql incremental model oltp_staging_tables.stg_product ........ [[32mINSERT 0 0[0m in 0.23s]
[2024-12-11T16:45:16.837+0000] {subprocess.py:93} INFO - [0m16:45:16  8 of 8 START sql incremental model oltp_staging_tables.stg_suppliers ........... [RUN]
[2024-12-11T16:45:16.988+0000] {subprocess.py:93} INFO - [0m16:45:16  8 of 8 OK created sql incremental model oltp_staging_tables.stg_suppliers ...... [[32mINSERT 0 5[0m in 0.15s]
[2024-12-11T16:45:16.991+0000] {subprocess.py:93} INFO - [0m16:45:16  7 of 8 OK created sql incremental model oltp_staging_tables.stg_store .......... [[32mINSERT 0 5[0m in 0.15s]
[2024-12-11T16:45:17.004+0000] {subprocess.py:93} INFO - [0m16:45:17
[2024-12-11T16:45:17.005+0000] {subprocess.py:93} INFO - [0m16:45:17  Finished running 8 incremental models in 0 hours 0 minutes and 1.18 seconds (1.18s).
[2024-12-11T16:45:17.089+0000] {subprocess.py:93} INFO - [0m16:45:17
[2024-12-11T16:45:17.090+0000] {subprocess.py:93} INFO - [0m16:45:17  [32mCompleted successfully[0m
[2024-12-11T16:45:17.090+0000] {subprocess.py:93} INFO - [0m16:45:17
[2024-12-11T16:45:17.091+0000] {subprocess.py:93} INFO - [0m16:45:17  Done. PASS=8 WARN=0 ERROR=0 SKIP=0 TOTAL=8
[2024-12-11T16:45:18.135+0000] {subprocess.py:97} INFO - Command exited with return code 0
[2024-12-11T16:45:18.136+0000] {taskinstance.py:441} INFO - ::group::Post task execution logs
[2024-12-11T16:45:18.161+0000] {taskinstance.py:1206} INFO - Marking task as SUCCESS. dag_id=dbt_orchestrator, task_id=dbt_run_staging.dbt_run_staging, run_id=scheduled__2024-12-11T16:30:00+00:00, execution_date=20241211T163000, start_date=20241211T164512, end_date=20241211T164518
[2024-12-11T16:45:18.203+0000] {local_task_job_runner.py:240} INFO - Task exited with return code 0
[2024-12-11T16:45:18.226+0000] {taskinstance.py:3498} INFO - 1 downstream tasks scheduled from follow-on schedule check
[2024-12-11T16:45:18.228+0000] {local_task_job_runner.py:222} INFO - ::endgroup::
