[2024-12-12T09:00:14.707+0000] {local_task_job_runner.py:120} INFO - ::group::Pre task execution logs
[2024-12-12T09:00:14.795+0000] {taskinstance.py:2076} INFO - Dependencies all met for dep_context=non-requeueable deps ti=<TaskInstance: dbt_orchestrator.dbt_run_staging.dbt_run_data_dim scheduled__2024-12-12T08:45:00+00:00 [queued]>
[2024-12-12T09:00:14.840+0000] {taskinstance.py:2076} INFO - Dependencies all met for dep_context=requeueable deps ti=<TaskInstance: dbt_orchestrator.dbt_run_staging.dbt_run_data_dim scheduled__2024-12-12T08:45:00+00:00 [queued]>
[2024-12-12T09:00:14.842+0000] {taskinstance.py:2306} INFO - Starting attempt 1 of 1
[2024-12-12T09:00:14.883+0000] {taskinstance.py:2330} INFO - Executing <Task(BashOperator): dbt_run_staging.dbt_run_data_dim> on 2024-12-12 08:45:00+00:00
[2024-12-12T09:00:14.896+0000] {standard_task_runner.py:63} INFO - Started process 2338 to run task
[2024-12-12T09:00:14.904+0000] {standard_task_runner.py:90} INFO - Running: ['***', 'tasks', 'run', 'dbt_orchestrator', 'dbt_run_staging.dbt_run_data_dim', 'scheduled__2024-12-12T08:45:00+00:00', '--job-id', '377', '--raw', '--subdir', 'DAGS_FOLDER/pipeline.py', '--cfg-path', '/tmp/tmpqyfn49oi']
[2024-12-12T09:00:14.906+0000] {standard_task_runner.py:91} INFO - Job 377: Subtask dbt_run_staging.dbt_run_data_dim
[2024-12-12T09:00:15.041+0000] {task_command.py:426} INFO - Running <TaskInstance: dbt_orchestrator.dbt_run_staging.dbt_run_data_dim scheduled__2024-12-12T08:45:00+00:00 [running]> on host 34fdc836a0bb
[2024-12-12T09:00:15.398+0000] {taskinstance.py:2648} INFO - Exporting env vars: AIRFLOW_CTX_DAG_OWNER='ma7moud' AIRFLOW_CTX_DAG_ID='dbt_orchestrator' AIRFLOW_CTX_TASK_ID='dbt_run_staging.dbt_run_data_dim' AIRFLOW_CTX_EXECUTION_DATE='2024-12-12T08:45:00+00:00' AIRFLOW_CTX_TRY_NUMBER='1' AIRFLOW_CTX_DAG_RUN_ID='scheduled__2024-12-12T08:45:00+00:00'
[2024-12-12T09:00:15.402+0000] {taskinstance.py:430} INFO - ::endgroup::
[2024-12-12T09:00:15.447+0000] {subprocess.py:63} INFO - Tmp dir root location: /tmp
[2024-12-12T09:00:15.448+0000] {subprocess.py:75} INFO - Running command: ['/usr/bin/bash', '-c', 'dbt run --profiles-dir /opt/***/dbt --project-dir /opt/***/dbt/ecommerce --models data_dim']
[2024-12-12T09:00:15.497+0000] {subprocess.py:86} INFO - Output:
[2024-12-12T09:00:20.836+0000] {subprocess.py:93} INFO - [0m09:00:20  Running with dbt=1.8.0
[2024-12-12T09:00:21.233+0000] {subprocess.py:93} INFO - [0m09:00:21  [[33mWARNING[0m]: Deprecated functionality
[2024-12-12T09:00:21.234+0000] {subprocess.py:93} INFO - The `tests` config has been renamed to `data_tests`. Please see
[2024-12-12T09:00:21.235+0000] {subprocess.py:93} INFO - https://docs.getdbt.com/docs/build/data-tests#new-data_tests-syntax for more
[2024-12-12T09:00:21.236+0000] {subprocess.py:93} INFO - information.
[2024-12-12T09:00:21.817+0000] {subprocess.py:93} INFO - [0m09:00:21  Registered adapter: postgres=1.8.0
[2024-12-12T09:00:24.754+0000] {subprocess.py:93} INFO - [0m09:00:24  Found 15 models, 1 snapshot, 112 data tests, 12 sources, 430 macros
[2024-12-12T09:00:24.764+0000] {subprocess.py:93} INFO - [0m09:00:24
[2024-12-12T09:00:25.974+0000] {subprocess.py:93} INFO - [0m09:00:25  Concurrency: 3 threads (target='dev')
[2024-12-12T09:00:25.979+0000] {subprocess.py:93} INFO - [0m09:00:25
[2024-12-12T09:00:26.018+0000] {subprocess.py:93} INFO - [0m09:00:26  1 of 1 START sql incremental model oltp.data_dim ............................... [RUN]
[2024-12-12T09:00:26.940+0000] {subprocess.py:93} INFO - [0m09:00:26  1 of 1 OK created sql incremental model oltp.data_dim .......................... [[32mINSERT 0 402[0m in 0.88s]
[2024-12-12T09:00:27.021+0000] {subprocess.py:93} INFO - [0m09:00:27
[2024-12-12T09:00:27.022+0000] {subprocess.py:93} INFO - [0m09:00:27  Finished running 1 incremental model in 0 hours 0 minutes and 2.25 seconds (2.25s).
[2024-12-12T09:00:27.281+0000] {subprocess.py:93} INFO - [0m09:00:27
[2024-12-12T09:00:27.283+0000] {subprocess.py:93} INFO - [0m09:00:27  [32mCompleted successfully[0m
[2024-12-12T09:00:27.285+0000] {subprocess.py:93} INFO - [0m09:00:27
[2024-12-12T09:00:27.293+0000] {subprocess.py:93} INFO - [0m09:00:27  Done. PASS=1 WARN=0 ERROR=0 SKIP=0 TOTAL=1
[2024-12-12T09:00:28.649+0000] {subprocess.py:97} INFO - Command exited with return code 0
[2024-12-12T09:00:28.651+0000] {taskinstance.py:441} INFO - ::group::Post task execution logs
[2024-12-12T09:00:28.694+0000] {taskinstance.py:1206} INFO - Marking task as SUCCESS. dag_id=dbt_orchestrator, task_id=dbt_run_staging.dbt_run_data_dim, run_id=scheduled__2024-12-12T08:45:00+00:00, execution_date=20241212T084500, start_date=20241212T090014, end_date=20241212T090028
[2024-12-12T09:00:28.755+0000] {local_task_job_runner.py:240} INFO - Task exited with return code 0
[2024-12-12T09:00:28.803+0000] {taskinstance.py:3498} INFO - 0 downstream tasks scheduled from follow-on schedule check
[2024-12-12T09:00:28.805+0000] {local_task_job_runner.py:222} INFO - ::endgroup::
