[2024-12-12T09:10:06.150+0000] {local_task_job_runner.py:120} INFO - ::group::Pre task execution logs
[2024-12-12T09:10:06.205+0000] {taskinstance.py:2076} INFO - Dependencies all met for dep_context=non-requeueable deps ti=<TaskInstance: dbt_orchestrator.dbt_run_staging.dbt_run_data_dim scheduled__2024-12-12T08:45:00+00:00 [queued]>
[2024-12-12T09:10:06.221+0000] {taskinstance.py:2076} INFO - Dependencies all met for dep_context=requeueable deps ti=<TaskInstance: dbt_orchestrator.dbt_run_staging.dbt_run_data_dim scheduled__2024-12-12T08:45:00+00:00 [queued]>
[2024-12-12T09:10:06.221+0000] {taskinstance.py:2306} INFO - Starting attempt 3 of 3
[2024-12-12T09:10:06.253+0000] {taskinstance.py:2330} INFO - Executing <Task(BashOperator): dbt_run_staging.dbt_run_data_dim> on 2024-12-12 08:45:00+00:00
[2024-12-12T09:10:06.268+0000] {standard_task_runner.py:63} INFO - Started process 2875 to run task
[2024-12-12T09:10:06.275+0000] {standard_task_runner.py:90} INFO - Running: ['***', 'tasks', 'run', 'dbt_orchestrator', 'dbt_run_staging.dbt_run_data_dim', 'scheduled__2024-12-12T08:45:00+00:00', '--job-id', '410', '--raw', '--subdir', 'DAGS_FOLDER/pipeline.py', '--cfg-path', '/tmp/tmp6p3pd87c']
[2024-12-12T09:10:06.287+0000] {standard_task_runner.py:91} INFO - Job 410: Subtask dbt_run_staging.dbt_run_data_dim
[2024-12-12T09:10:06.420+0000] {task_command.py:426} INFO - Running <TaskInstance: dbt_orchestrator.dbt_run_staging.dbt_run_data_dim scheduled__2024-12-12T08:45:00+00:00 [running]> on host 34fdc836a0bb
[2024-12-12T09:10:06.680+0000] {taskinstance.py:2648} INFO - Exporting env vars: AIRFLOW_CTX_DAG_OWNER='ma7moud' AIRFLOW_CTX_DAG_ID='dbt_orchestrator' AIRFLOW_CTX_TASK_ID='dbt_run_staging.dbt_run_data_dim' AIRFLOW_CTX_EXECUTION_DATE='2024-12-12T08:45:00+00:00' AIRFLOW_CTX_TRY_NUMBER='3' AIRFLOW_CTX_DAG_RUN_ID='scheduled__2024-12-12T08:45:00+00:00'
[2024-12-12T09:10:06.681+0000] {taskinstance.py:430} INFO - ::endgroup::
[2024-12-12T09:10:06.706+0000] {subprocess.py:63} INFO - Tmp dir root location: /tmp
[2024-12-12T09:10:06.707+0000] {subprocess.py:75} INFO - Running command: ['/usr/bin/bash', '-c', 'dbt run --profiles-dir /opt/***/dbt --project-dir /opt/***/dbt/ecommerce --models data_dim']
[2024-12-12T09:10:06.734+0000] {subprocess.py:86} INFO - Output:
[2024-12-12T09:10:12.872+0000] {subprocess.py:93} INFO - [0m09:10:12  Running with dbt=1.8.0
[2024-12-12T09:10:13.216+0000] {subprocess.py:93} INFO - [0m09:10:13  [[33mWARNING[0m]: Deprecated functionality
[2024-12-12T09:10:13.217+0000] {subprocess.py:93} INFO - The `tests` config has been renamed to `data_tests`. Please see
[2024-12-12T09:10:13.217+0000] {subprocess.py:93} INFO - https://docs.getdbt.com/docs/build/data-tests#new-data_tests-syntax for more
[2024-12-12T09:10:13.218+0000] {subprocess.py:93} INFO - information.
[2024-12-12T09:10:14.024+0000] {subprocess.py:93} INFO - [0m09:10:14  Registered adapter: postgres=1.8.0
[2024-12-12T09:10:16.995+0000] {subprocess.py:93} INFO - [0m09:10:16  Found 15 models, 1 snapshot, 112 data tests, 12 sources, 430 macros
[2024-12-12T09:10:17.005+0000] {subprocess.py:93} INFO - [0m09:10:17
[2024-12-12T09:10:17.759+0000] {subprocess.py:93} INFO - [0m09:10:17  Concurrency: 3 threads (target='dev')
[2024-12-12T09:10:17.766+0000] {subprocess.py:93} INFO - [0m09:10:17
[2024-12-12T09:10:17.790+0000] {subprocess.py:93} INFO - [0m09:10:17  1 of 1 START sql incremental model olap_model.data_dim ......................... [RUN]
[2024-12-12T09:10:18.247+0000] {subprocess.py:93} INFO - [0m09:10:18  1 of 1 OK created sql incremental model olap_model.data_dim .................... [[32mSELECT 402[0m in 0.45s]
[2024-12-12T09:10:18.290+0000] {subprocess.py:93} INFO - [0m09:10:18
[2024-12-12T09:10:18.290+0000] {subprocess.py:93} INFO - [0m09:10:18  Finished running 1 incremental model in 0 hours 0 minutes and 1.28 seconds (1.28s).
[2024-12-12T09:10:18.488+0000] {subprocess.py:93} INFO - [0m09:10:18
[2024-12-12T09:10:18.489+0000] {subprocess.py:93} INFO - [0m09:10:18  [32mCompleted successfully[0m
[2024-12-12T09:10:18.489+0000] {subprocess.py:93} INFO - [0m09:10:18
[2024-12-12T09:10:18.490+0000] {subprocess.py:93} INFO - [0m09:10:18  Done. PASS=1 WARN=0 ERROR=0 SKIP=0 TOTAL=1
[2024-12-12T09:10:19.768+0000] {subprocess.py:97} INFO - Command exited with return code 0
[2024-12-12T09:10:19.769+0000] {taskinstance.py:441} INFO - ::group::Post task execution logs
[2024-12-12T09:10:19.812+0000] {taskinstance.py:1206} INFO - Marking task as SUCCESS. dag_id=dbt_orchestrator, task_id=dbt_run_staging.dbt_run_data_dim, run_id=scheduled__2024-12-12T08:45:00+00:00, execution_date=20241212T084500, start_date=20241212T091006, end_date=20241212T091019
[2024-12-12T09:10:19.862+0000] {local_task_job_runner.py:240} INFO - Task exited with return code 0
[2024-12-12T09:10:19.915+0000] {taskinstance.py:3498} INFO - 0 downstream tasks scheduled from follow-on schedule check
[2024-12-12T09:10:19.916+0000] {local_task_job_runner.py:222} INFO - ::endgroup::
