[2024-12-12T08:59:30.172+0000] {local_task_job_runner.py:120} INFO - ::group::Pre task execution logs
[2024-12-12T08:59:30.232+0000] {taskinstance.py:2076} INFO - Dependencies all met for dep_context=non-requeueable deps ti=<TaskInstance: dbt_orchestrator.dbt_run_staging.dbt_run_stg_order_details manual__2024-12-12T08:59:17.259219+00:00 [queued]>
[2024-12-12T08:59:30.255+0000] {taskinstance.py:2076} INFO - Dependencies all met for dep_context=requeueable deps ti=<TaskInstance: dbt_orchestrator.dbt_run_staging.dbt_run_stg_order_details manual__2024-12-12T08:59:17.259219+00:00 [queued]>
[2024-12-12T08:59:30.256+0000] {taskinstance.py:2306} INFO - Starting attempt 1 of 1
[2024-12-12T08:59:30.297+0000] {taskinstance.py:2330} INFO - Executing <Task(BashOperator): dbt_run_staging.dbt_run_stg_order_details> on 2024-12-12 08:59:17.259219+00:00
[2024-12-12T08:59:30.319+0000] {standard_task_runner.py:63} INFO - Started process 2075 to run task
[2024-12-12T08:59:30.326+0000] {standard_task_runner.py:90} INFO - Running: ['***', 'tasks', 'run', 'dbt_orchestrator', 'dbt_run_staging.dbt_run_stg_order_details', 'manual__2024-12-12T08:59:17.259219+00:00', '--job-id', '360', '--raw', '--subdir', 'DAGS_FOLDER/pipeline.py', '--cfg-path', '/tmp/tmpaaoxb1je']
[2024-12-12T08:59:30.329+0000] {standard_task_runner.py:91} INFO - Job 360: Subtask dbt_run_staging.dbt_run_stg_order_details
[2024-12-12T08:59:30.429+0000] {task_command.py:426} INFO - Running <TaskInstance: dbt_orchestrator.dbt_run_staging.dbt_run_stg_order_details manual__2024-12-12T08:59:17.259219+00:00 [running]> on host 34fdc836a0bb
[2024-12-12T08:59:30.637+0000] {taskinstance.py:2648} INFO - Exporting env vars: AIRFLOW_CTX_DAG_OWNER='ma7moud' AIRFLOW_CTX_DAG_ID='dbt_orchestrator' AIRFLOW_CTX_TASK_ID='dbt_run_staging.dbt_run_stg_order_details' AIRFLOW_CTX_EXECUTION_DATE='2024-12-12T08:59:17.259219+00:00' AIRFLOW_CTX_TRY_NUMBER='1' AIRFLOW_CTX_DAG_RUN_ID='manual__2024-12-12T08:59:17.259219+00:00'
[2024-12-12T08:59:30.639+0000] {taskinstance.py:430} INFO - ::endgroup::
[2024-12-12T08:59:30.681+0000] {subprocess.py:63} INFO - Tmp dir root location: /tmp
[2024-12-12T08:59:30.685+0000] {subprocess.py:75} INFO - Running command: ['/usr/bin/bash', '-c', 'dbt run --profiles-dir /opt/***/dbt --project-dir /opt/***/dbt/ecommerce --models stg_order_details']
[2024-12-12T08:59:30.740+0000] {subprocess.py:86} INFO - Output:
[2024-12-12T08:59:36.129+0000] {subprocess.py:93} INFO - [0m08:59:36  Running with dbt=1.8.0
[2024-12-12T08:59:36.567+0000] {subprocess.py:93} INFO - [0m08:59:36  [[33mWARNING[0m]: Deprecated functionality
[2024-12-12T08:59:36.569+0000] {subprocess.py:93} INFO - The `tests` config has been renamed to `data_tests`. Please see
[2024-12-12T08:59:36.572+0000] {subprocess.py:93} INFO - https://docs.getdbt.com/docs/build/data-tests#new-data_tests-syntax for more
[2024-12-12T08:59:36.573+0000] {subprocess.py:93} INFO - information.
[2024-12-12T08:59:37.117+0000] {subprocess.py:93} INFO - [0m08:59:37  Registered adapter: postgres=1.8.0
[2024-12-12T08:59:39.968+0000] {subprocess.py:93} INFO - [0m08:59:39  Found 15 models, 1 snapshot, 112 data tests, 12 sources, 430 macros
[2024-12-12T08:59:39.980+0000] {subprocess.py:93} INFO - [0m08:59:39
[2024-12-12T08:59:41.053+0000] {subprocess.py:93} INFO - [0m08:59:41  Concurrency: 3 threads (target='dev')
[2024-12-12T08:59:41.055+0000] {subprocess.py:93} INFO - [0m08:59:41
[2024-12-12T08:59:41.078+0000] {subprocess.py:93} INFO - [0m08:59:41  1 of 1 START sql incremental model oltp_staging_tables.stg_order_details ....... [RUN]
[2024-12-12T08:59:41.628+0000] {subprocess.py:93} INFO - [0m08:59:41  1 of 1 OK created sql incremental model oltp_staging_tables.stg_order_details .. [[32mINSERT 0 1294[0m in 0.54s]
[2024-12-12T08:59:41.653+0000] {subprocess.py:93} INFO - [0m08:59:41
[2024-12-12T08:59:41.654+0000] {subprocess.py:93} INFO - [0m08:59:41  Finished running 1 incremental model in 0 hours 0 minutes and 1.67 seconds (1.67s).
[2024-12-12T08:59:41.754+0000] {subprocess.py:93} INFO - [0m08:59:41
[2024-12-12T08:59:41.755+0000] {subprocess.py:93} INFO - [0m08:59:41  [32mCompleted successfully[0m
[2024-12-12T08:59:41.755+0000] {subprocess.py:93} INFO - [0m08:59:41
[2024-12-12T08:59:41.756+0000] {subprocess.py:93} INFO - [0m08:59:41  Done. PASS=1 WARN=0 ERROR=0 SKIP=0 TOTAL=1
[2024-12-12T08:59:42.985+0000] {subprocess.py:97} INFO - Command exited with return code 0
[2024-12-12T08:59:42.985+0000] {taskinstance.py:441} INFO - ::group::Post task execution logs
[2024-12-12T08:59:43.027+0000] {taskinstance.py:1206} INFO - Marking task as SUCCESS. dag_id=dbt_orchestrator, task_id=dbt_run_staging.dbt_run_stg_order_details, run_id=manual__2024-12-12T08:59:17.259219+00:00, execution_date=20241212T085917, start_date=20241212T085930, end_date=20241212T085943
[2024-12-12T08:59:43.080+0000] {local_task_job_runner.py:240} INFO - Task exited with return code 0
[2024-12-12T08:59:43.122+0000] {taskinstance.py:3498} INFO - 6 downstream tasks scheduled from follow-on schedule check
[2024-12-12T08:59:43.126+0000] {local_task_job_runner.py:222} INFO - ::endgroup::
