[2024-12-11T16:15:45.219+0000] {local_task_job_runner.py:120} INFO - ::group::Pre task execution logs
[2024-12-11T16:15:45.244+0000] {taskinstance.py:2076} INFO - Dependencies all met for dep_context=non-requeueable deps ti=<TaskInstance: dbt_orchestrator.dbt_run_dimensions.dbt_run_dimensions scheduled__2024-12-11T16:00:00+00:00 [queued]>
[2024-12-11T16:15:45.254+0000] {taskinstance.py:2076} INFO - Dependencies all met for dep_context=requeueable deps ti=<TaskInstance: dbt_orchestrator.dbt_run_dimensions.dbt_run_dimensions scheduled__2024-12-11T16:00:00+00:00 [queued]>
[2024-12-11T16:15:45.254+0000] {taskinstance.py:2306} INFO - Starting attempt 1 of 1
[2024-12-11T16:15:45.267+0000] {taskinstance.py:2330} INFO - Executing <Task(BashOperator): dbt_run_dimensions.dbt_run_dimensions> on 2024-12-11 16:00:00+00:00
[2024-12-11T16:15:45.272+0000] {standard_task_runner.py:63} INFO - Started process 281 to run task
[2024-12-11T16:15:45.275+0000] {standard_task_runner.py:90} INFO - Running: ['***', 'tasks', 'run', 'dbt_orchestrator', 'dbt_run_dimensions.dbt_run_dimensions', 'scheduled__2024-12-11T16:00:00+00:00', '--job-id', '40', '--raw', '--subdir', 'DAGS_FOLDER/pipeline.py', '--cfg-path', '/tmp/tmpitp8vatw']
[2024-12-11T16:15:45.276+0000] {standard_task_runner.py:91} INFO - Job 40: Subtask dbt_run_dimensions.dbt_run_dimensions
[2024-12-11T16:15:45.322+0000] {task_command.py:426} INFO - Running <TaskInstance: dbt_orchestrator.dbt_run_dimensions.dbt_run_dimensions scheduled__2024-12-11T16:00:00+00:00 [running]> on host 49f8df2c9427
[2024-12-11T16:15:45.405+0000] {taskinstance.py:2648} INFO - Exporting env vars: AIRFLOW_CTX_DAG_OWNER='Mahmoud' AIRFLOW_CTX_DAG_ID='dbt_orchestrator' AIRFLOW_CTX_TASK_ID='dbt_run_dimensions.dbt_run_dimensions' AIRFLOW_CTX_EXECUTION_DATE='2024-12-11T16:00:00+00:00' AIRFLOW_CTX_TRY_NUMBER='1' AIRFLOW_CTX_DAG_RUN_ID='scheduled__2024-12-11T16:00:00+00:00'
[2024-12-11T16:15:45.406+0000] {taskinstance.py:430} INFO - ::endgroup::
[2024-12-11T16:15:45.418+0000] {subprocess.py:63} INFO - Tmp dir root location: /tmp
[2024-12-11T16:15:45.419+0000] {subprocess.py:75} INFO - Running command: ['/usr/bin/bash', '-c', 'dbt run --profiles-dir /opt/***/dbt --project-dir /opt/***/dbt/ecommerce --select models/olap_model/dimensions']
[2024-12-11T16:15:45.431+0000] {subprocess.py:86} INFO - Output:
[2024-12-11T16:15:47.400+0000] {subprocess.py:93} INFO - [0m16:15:47  Running with dbt=1.8.0
[2024-12-11T16:15:47.542+0000] {subprocess.py:93} INFO - [0m16:15:47  [[33mWARNING[0m]: Deprecated functionality
[2024-12-11T16:15:47.542+0000] {subprocess.py:93} INFO - The `tests` config has been renamed to `data_tests`. Please see
[2024-12-11T16:15:47.542+0000] {subprocess.py:93} INFO - https://docs.getdbt.com/docs/build/data-tests#new-data_tests-syntax for more
[2024-12-11T16:15:47.543+0000] {subprocess.py:93} INFO - information.
[2024-12-11T16:15:47.689+0000] {subprocess.py:93} INFO - [0m16:15:47  Registered adapter: postgres=1.8.0
[2024-12-11T16:15:48.118+0000] {subprocess.py:93} INFO - [0m16:15:48  [[33mWARNING[0m]: Configuration paths exist in your dbt_project.yml file which do not apply to any resources.
[2024-12-11T16:15:48.118+0000] {subprocess.py:93} INFO - There are 2 unused configuration paths:
[2024-12-11T16:15:48.119+0000] {subprocess.py:93} INFO - - models.ecommerce.marts.dimensions
[2024-12-11T16:15:48.119+0000] {subprocess.py:93} INFO - - models.ecommerce.marts.fact
[2024-12-11T16:15:48.427+0000] {subprocess.py:93} INFO - [0m16:15:48  Found 15 models, 1 snapshot, 112 data tests, 12 sources, 430 macros
[2024-12-11T16:15:48.434+0000] {subprocess.py:93} INFO - [0m16:15:48
[2024-12-11T16:15:48.671+0000] {subprocess.py:93} INFO - [0m16:15:48  Concurrency: 3 threads (target='dev')
[2024-12-11T16:15:48.672+0000] {subprocess.py:93} INFO - [0m16:15:48
[2024-12-11T16:15:48.680+0000] {subprocess.py:93} INFO - [0m16:15:48  1 of 6 START sql incremental model oltp.brand_dim .............................. [RUN]
[2024-12-11T16:15:48.680+0000] {subprocess.py:93} INFO - [0m16:15:48  2 of 6 START sql incremental model oltp.customer_dim ........................... [RUN]
[2024-12-11T16:15:48.682+0000] {subprocess.py:93} INFO - [0m16:15:48  3 of 6 START sql incremental model oltp.data_dim ............................... [RUN]
[2024-12-11T16:15:49.174+0000] {subprocess.py:93} INFO - [0m16:15:49  1 of 6 OK created sql incremental model oltp.brand_dim ......................... [[32mINSERT 0 10[0m in 0.48s]
[2024-12-11T16:15:49.175+0000] {subprocess.py:93} INFO - [0m16:15:49  2 of 6 OK created sql incremental model oltp.customer_dim ...................... [[32mINSERT 0 109[0m in 0.49s]
[2024-12-11T16:15:49.176+0000] {subprocess.py:93} INFO - [0m16:15:49  3 of 6 OK created sql incremental model oltp.data_dim .......................... [[32mINSERT 0 402[0m in 0.49s]
[2024-12-11T16:15:49.189+0000] {subprocess.py:93} INFO - [0m16:15:49  4 of 6 START sql incremental model oltp.product_dim ............................ [RUN]
[2024-12-11T16:15:49.190+0000] {subprocess.py:93} INFO - [0m16:15:49  5 of 6 START sql incremental model oltp.store_dim .............................. [RUN]
[2024-12-11T16:15:49.191+0000] {subprocess.py:93} INFO - [0m16:15:49  6 of 6 START sql incremental model oltp.supplier_dim ........................... [RUN]
[2024-12-11T16:15:49.456+0000] {subprocess.py:93} INFO - [0m16:15:49  5 of 6 OK created sql incremental model oltp.store_dim ......................... [[32mINSERT 0 5[0m in 0.26s]
[2024-12-11T16:15:49.457+0000] {subprocess.py:93} INFO - [0m16:15:49  6 of 6 OK created sql incremental model oltp.supplier_dim ...................... [[32mINSERT 0 5[0m in 0.26s]
[2024-12-11T16:15:49.461+0000] {subprocess.py:93} INFO - [0m16:15:49  4 of 6 OK created sql incremental model oltp.product_dim ....................... [[32mINSERT 0 100[0m in 0.27s]
[2024-12-11T16:15:49.479+0000] {subprocess.py:93} INFO - [0m16:15:49
[2024-12-11T16:15:49.480+0000] {subprocess.py:93} INFO - [0m16:15:49  Finished running 6 incremental models in 0 hours 0 minutes and 1.04 seconds (1.04s).
[2024-12-11T16:15:49.575+0000] {subprocess.py:93} INFO - [0m16:15:49
[2024-12-11T16:15:49.576+0000] {subprocess.py:93} INFO - [0m16:15:49  [32mCompleted successfully[0m
[2024-12-11T16:15:49.577+0000] {subprocess.py:93} INFO - [0m16:15:49
[2024-12-11T16:15:49.577+0000] {subprocess.py:93} INFO - [0m16:15:49  Done. PASS=6 WARN=0 ERROR=0 SKIP=0 TOTAL=6
[2024-12-11T16:15:50.565+0000] {subprocess.py:97} INFO - Command exited with return code 0
[2024-12-11T16:15:50.566+0000] {taskinstance.py:441} INFO - ::group::Post task execution logs
[2024-12-11T16:15:50.589+0000] {taskinstance.py:1206} INFO - Marking task as SUCCESS. dag_id=dbt_orchestrator, task_id=dbt_run_dimensions.dbt_run_dimensions, run_id=scheduled__2024-12-11T16:00:00+00:00, execution_date=20241211T160000, start_date=20241211T161545, end_date=20241211T161550
[2024-12-11T16:15:50.617+0000] {local_task_job_runner.py:240} INFO - Task exited with return code 0
[2024-12-11T16:15:50.641+0000] {taskinstance.py:3498} INFO - 1 downstream tasks scheduled from follow-on schedule check
[2024-12-11T16:15:50.642+0000] {local_task_job_runner.py:222} INFO - ::endgroup::
