[2024-12-12T08:59:44.622+0000] {local_task_job_runner.py:120} INFO - ::group::Pre task execution logs
[2024-12-12T08:59:44.674+0000] {taskinstance.py:2076} INFO - Dependencies all met for dep_context=non-requeueable deps ti=<TaskInstance: dbt_orchestrator.dbt_run_dimensions.dbt_run_date_dim manual__2024-12-12T08:59:17.259219+00:00 [queued]>
[2024-12-12T08:59:44.694+0000] {taskinstance.py:2076} INFO - Dependencies all met for dep_context=requeueable deps ti=<TaskInstance: dbt_orchestrator.dbt_run_dimensions.dbt_run_date_dim manual__2024-12-12T08:59:17.259219+00:00 [queued]>
[2024-12-12T08:59:44.695+0000] {taskinstance.py:2306} INFO - Starting attempt 1 of 1
[2024-12-12T08:59:44.716+0000] {taskinstance.py:2330} INFO - Executing <Task(BashOperator): dbt_run_dimensions.dbt_run_date_dim> on 2024-12-12 08:59:17.259219+00:00
[2024-12-12T08:59:44.725+0000] {standard_task_runner.py:63} INFO - Started process 2205 to run task
[2024-12-12T08:59:44.730+0000] {standard_task_runner.py:90} INFO - Running: ['***', 'tasks', 'run', 'dbt_orchestrator', 'dbt_run_dimensions.dbt_run_date_dim', 'manual__2024-12-12T08:59:17.259219+00:00', '--job-id', '368', '--raw', '--subdir', 'DAGS_FOLDER/pipeline.py', '--cfg-path', '/tmp/tmpv17l7ytp']
[2024-12-12T08:59:44.732+0000] {standard_task_runner.py:91} INFO - Job 368: Subtask dbt_run_dimensions.dbt_run_date_dim
[2024-12-12T08:59:44.808+0000] {task_command.py:426} INFO - Running <TaskInstance: dbt_orchestrator.dbt_run_dimensions.dbt_run_date_dim manual__2024-12-12T08:59:17.259219+00:00 [running]> on host 34fdc836a0bb
[2024-12-12T08:59:45.002+0000] {taskinstance.py:2648} INFO - Exporting env vars: AIRFLOW_CTX_DAG_OWNER='ma7moud' AIRFLOW_CTX_DAG_ID='dbt_orchestrator' AIRFLOW_CTX_TASK_ID='dbt_run_dimensions.dbt_run_date_dim' AIRFLOW_CTX_EXECUTION_DATE='2024-12-12T08:59:17.259219+00:00' AIRFLOW_CTX_TRY_NUMBER='1' AIRFLOW_CTX_DAG_RUN_ID='manual__2024-12-12T08:59:17.259219+00:00'
[2024-12-12T08:59:45.003+0000] {taskinstance.py:430} INFO - ::endgroup::
[2024-12-12T08:59:45.032+0000] {subprocess.py:63} INFO - Tmp dir root location: /tmp
[2024-12-12T08:59:45.034+0000] {subprocess.py:75} INFO - Running command: ['/usr/bin/bash', '-c', 'dbt run --profiles-dir /opt/***/dbt --project-dir /opt/***/dbt/ecommerce --models date_dim']
[2024-12-12T08:59:45.062+0000] {subprocess.py:86} INFO - Output:
[2024-12-12T08:59:49.151+0000] {subprocess.py:93} INFO - [0m08:59:49  Running with dbt=1.8.0
[2024-12-12T08:59:49.488+0000] {subprocess.py:93} INFO - [0m08:59:49  [[33mWARNING[0m]: Deprecated functionality
[2024-12-12T08:59:49.489+0000] {subprocess.py:93} INFO - The `tests` config has been renamed to `data_tests`. Please see
[2024-12-12T08:59:49.491+0000] {subprocess.py:93} INFO - https://docs.getdbt.com/docs/build/data-tests#new-data_tests-syntax for more
[2024-12-12T08:59:49.493+0000] {subprocess.py:93} INFO - information.
[2024-12-12T08:59:49.840+0000] {subprocess.py:93} INFO - [0m08:59:49  Registered adapter: postgres=1.8.0
[2024-12-12T08:59:51.653+0000] {subprocess.py:93} INFO - [0m08:59:51  Found 15 models, 1 snapshot, 112 data tests, 12 sources, 430 macros
[2024-12-12T08:59:51.659+0000] {subprocess.py:93} INFO - [0m08:59:51  The selection criterion 'date_dim' does not match any enabled nodes
[2024-12-12T08:59:51.670+0000] {subprocess.py:93} INFO - [0m08:59:51
[2024-12-12T08:59:51.677+0000] {subprocess.py:93} INFO - [0m08:59:51  Nothing to do. Try checking your model configs and model specification args
[2024-12-12T08:59:52.890+0000] {subprocess.py:97} INFO - Command exited with return code 0
[2024-12-12T08:59:52.891+0000] {taskinstance.py:441} INFO - ::group::Post task execution logs
[2024-12-12T08:59:52.921+0000] {taskinstance.py:1206} INFO - Marking task as SUCCESS. dag_id=dbt_orchestrator, task_id=dbt_run_dimensions.dbt_run_date_dim, run_id=manual__2024-12-12T08:59:17.259219+00:00, execution_date=20241212T085917, start_date=20241212T085944, end_date=20241212T085952
[2024-12-12T08:59:52.979+0000] {local_task_job_runner.py:240} INFO - Task exited with return code 0
[2024-12-12T08:59:53.003+0000] {taskinstance.py:3498} INFO - 0 downstream tasks scheduled from follow-on schedule check
[2024-12-12T08:59:53.005+0000] {local_task_job_runner.py:222} INFO - ::endgroup::
