[2024-12-12T09:10:21.381+0000] {local_task_job_runner.py:120} INFO - ::group::Pre task execution logs
[2024-12-12T09:10:21.428+0000] {taskinstance.py:2076} INFO - Dependencies all met for dep_context=non-requeueable deps ti=<TaskInstance: dbt_orchestrator.dbt_run_dimensions.dbt_run_product_dim scheduled__2024-12-12T08:45:00+00:00 [queued]>
[2024-12-12T09:10:21.449+0000] {taskinstance.py:2076} INFO - Dependencies all met for dep_context=requeueable deps ti=<TaskInstance: dbt_orchestrator.dbt_run_dimensions.dbt_run_product_dim scheduled__2024-12-12T08:45:00+00:00 [queued]>
[2024-12-12T09:10:21.449+0000] {taskinstance.py:2306} INFO - Starting attempt 3 of 3
[2024-12-12T09:10:21.477+0000] {taskinstance.py:2330} INFO - Executing <Task(BashOperator): dbt_run_dimensions.dbt_run_product_dim> on 2024-12-12 08:45:00+00:00
[2024-12-12T09:10:21.488+0000] {standard_task_runner.py:63} INFO - Started process 3009 to run task
[2024-12-12T09:10:21.494+0000] {standard_task_runner.py:90} INFO - Running: ['***', 'tasks', 'run', 'dbt_orchestrator', 'dbt_run_dimensions.dbt_run_product_dim', 'scheduled__2024-12-12T08:45:00+00:00', '--job-id', '420', '--raw', '--subdir', 'DAGS_FOLDER/pipeline.py', '--cfg-path', '/tmp/tmpwiofbax4']
[2024-12-12T09:10:21.498+0000] {standard_task_runner.py:91} INFO - Job 420: Subtask dbt_run_dimensions.dbt_run_product_dim
[2024-12-12T09:10:21.586+0000] {task_command.py:426} INFO - Running <TaskInstance: dbt_orchestrator.dbt_run_dimensions.dbt_run_product_dim scheduled__2024-12-12T08:45:00+00:00 [running]> on host 34fdc836a0bb
[2024-12-12T09:10:21.791+0000] {taskinstance.py:2648} INFO - Exporting env vars: AIRFLOW_CTX_DAG_OWNER='ma7moud' AIRFLOW_CTX_DAG_ID='dbt_orchestrator' AIRFLOW_CTX_TASK_ID='dbt_run_dimensions.dbt_run_product_dim' AIRFLOW_CTX_EXECUTION_DATE='2024-12-12T08:45:00+00:00' AIRFLOW_CTX_TRY_NUMBER='3' AIRFLOW_CTX_DAG_RUN_ID='scheduled__2024-12-12T08:45:00+00:00'
[2024-12-12T09:10:21.792+0000] {taskinstance.py:430} INFO - ::endgroup::
[2024-12-12T09:10:21.818+0000] {subprocess.py:63} INFO - Tmp dir root location: /tmp
[2024-12-12T09:10:21.819+0000] {subprocess.py:75} INFO - Running command: ['/usr/bin/bash', '-c', 'dbt run --profiles-dir /opt/***/dbt --project-dir /opt/***/dbt/ecommerce --models product_dim']
[2024-12-12T09:10:21.844+0000] {subprocess.py:86} INFO - Output:
[2024-12-12T09:10:26.295+0000] {subprocess.py:93} INFO - [0m09:10:26  Running with dbt=1.8.0
[2024-12-12T09:10:26.685+0000] {subprocess.py:93} INFO - [0m09:10:26  [[33mWARNING[0m]: Deprecated functionality
[2024-12-12T09:10:26.686+0000] {subprocess.py:93} INFO - The `tests` config has been renamed to `data_tests`. Please see
[2024-12-12T09:10:26.688+0000] {subprocess.py:93} INFO - https://docs.getdbt.com/docs/build/data-tests#new-data_tests-syntax for more
[2024-12-12T09:10:26.689+0000] {subprocess.py:93} INFO - information.
[2024-12-12T09:10:27.220+0000] {subprocess.py:93} INFO - [0m09:10:27  Registered adapter: postgres=1.8.0
[2024-12-12T09:10:29.064+0000] {subprocess.py:93} INFO - [0m09:10:29  Found 15 models, 1 snapshot, 112 data tests, 12 sources, 430 macros
[2024-12-12T09:10:29.072+0000] {subprocess.py:93} INFO - [0m09:10:29
[2024-12-12T09:10:29.494+0000] {subprocess.py:93} INFO - [0m09:10:29  Concurrency: 3 threads (target='dev')
[2024-12-12T09:10:29.496+0000] {subprocess.py:93} INFO - [0m09:10:29
[2024-12-12T09:10:29.502+0000] {subprocess.py:93} INFO - [0m09:10:29  1 of 1 START sql incremental model olap_model.product_dim ...................... [RUN]
[2024-12-12T09:10:29.823+0000] {subprocess.py:93} INFO - [0m09:10:29  1 of 1 OK created sql incremental model olap_model.product_dim ................. [[32mSELECT 100[0m in 0.32s]
[2024-12-12T09:10:29.844+0000] {subprocess.py:93} INFO - [0m09:10:29
[2024-12-12T09:10:29.845+0000] {subprocess.py:93} INFO - [0m09:10:29  Finished running 1 incremental model in 0 hours 0 minutes and 0.77 seconds (0.77s).
[2024-12-12T09:10:29.964+0000] {subprocess.py:93} INFO - [0m09:10:29
[2024-12-12T09:10:29.965+0000] {subprocess.py:93} INFO - [0m09:10:29  [32mCompleted successfully[0m
[2024-12-12T09:10:29.966+0000] {subprocess.py:93} INFO - [0m09:10:29
[2024-12-12T09:10:29.966+0000] {subprocess.py:93} INFO - [0m09:10:29  Done. PASS=1 WARN=0 ERROR=0 SKIP=0 TOTAL=1
[2024-12-12T09:10:31.100+0000] {subprocess.py:97} INFO - Command exited with return code 0
[2024-12-12T09:10:31.101+0000] {taskinstance.py:441} INFO - ::group::Post task execution logs
[2024-12-12T09:10:31.134+0000] {taskinstance.py:1206} INFO - Marking task as SUCCESS. dag_id=dbt_orchestrator, task_id=dbt_run_dimensions.dbt_run_product_dim, run_id=scheduled__2024-12-12T08:45:00+00:00, execution_date=20241212T084500, start_date=20241212T091021, end_date=20241212T091031
[2024-12-12T09:10:31.189+0000] {local_task_job_runner.py:240} INFO - Task exited with return code 0
[2024-12-12T09:10:31.229+0000] {taskinstance.py:3498} INFO - 1 downstream tasks scheduled from follow-on schedule check
[2024-12-12T09:10:31.231+0000] {local_task_job_runner.py:222} INFO - ::endgroup::
