[2024-12-12T09:06:25.439+0000] {local_task_job_runner.py:120} INFO - ::group::Pre task execution logs
[2024-12-12T09:06:25.522+0000] {taskinstance.py:2076} INFO - Dependencies all met for dep_context=non-requeueable deps ti=<TaskInstance: dbt_orchestrator.dbt_run_dimensions.dbt_run_product_dim scheduled__2024-12-12T08:45:00+00:00 [queued]>
[2024-12-12T09:06:25.544+0000] {taskinstance.py:2076} INFO - Dependencies all met for dep_context=requeueable deps ti=<TaskInstance: dbt_orchestrator.dbt_run_dimensions.dbt_run_product_dim scheduled__2024-12-12T08:45:00+00:00 [queued]>
[2024-12-12T09:06:25.545+0000] {taskinstance.py:2306} INFO - Starting attempt 2 of 2
[2024-12-12T09:06:25.576+0000] {taskinstance.py:2330} INFO - Executing <Task(BashOperator): dbt_run_dimensions.dbt_run_product_dim> on 2024-12-12 08:45:00+00:00
[2024-12-12T09:06:25.588+0000] {standard_task_runner.py:63} INFO - Started process 2742 to run task
[2024-12-12T09:06:25.596+0000] {standard_task_runner.py:90} INFO - Running: ['***', 'tasks', 'run', 'dbt_orchestrator', 'dbt_run_dimensions.dbt_run_product_dim', 'scheduled__2024-12-12T08:45:00+00:00', '--job-id', '403', '--raw', '--subdir', 'DAGS_FOLDER/pipeline.py', '--cfg-path', '/tmp/tmpdgq3xkak']
[2024-12-12T09:06:25.603+0000] {standard_task_runner.py:91} INFO - Job 403: Subtask dbt_run_dimensions.dbt_run_product_dim
[2024-12-12T09:06:25.703+0000] {task_command.py:426} INFO - Running <TaskInstance: dbt_orchestrator.dbt_run_dimensions.dbt_run_product_dim scheduled__2024-12-12T08:45:00+00:00 [running]> on host 34fdc836a0bb
[2024-12-12T09:06:25.862+0000] {taskinstance.py:2648} INFO - Exporting env vars: AIRFLOW_CTX_DAG_OWNER='ma7moud' AIRFLOW_CTX_DAG_ID='dbt_orchestrator' AIRFLOW_CTX_TASK_ID='dbt_run_dimensions.dbt_run_product_dim' AIRFLOW_CTX_EXECUTION_DATE='2024-12-12T08:45:00+00:00' AIRFLOW_CTX_TRY_NUMBER='2' AIRFLOW_CTX_DAG_RUN_ID='scheduled__2024-12-12T08:45:00+00:00'
[2024-12-12T09:06:25.864+0000] {taskinstance.py:430} INFO - ::endgroup::
[2024-12-12T09:06:25.887+0000] {subprocess.py:63} INFO - Tmp dir root location: /tmp
[2024-12-12T09:06:25.888+0000] {subprocess.py:75} INFO - Running command: ['/usr/bin/bash', '-c', 'dbt run --profiles-dir /opt/***/dbt --project-dir /opt/***/dbt/ecommerce --models product_dim']
[2024-12-12T09:06:25.906+0000] {subprocess.py:86} INFO - Output:
[2024-12-12T09:06:31.072+0000] {subprocess.py:93} INFO - [0m09:06:31  Running with dbt=1.8.0
[2024-12-12T09:06:31.492+0000] {subprocess.py:93} INFO - [0m09:06:31  [[33mWARNING[0m]: Deprecated functionality
[2024-12-12T09:06:31.493+0000] {subprocess.py:93} INFO - The `tests` config has been renamed to `data_tests`. Please see
[2024-12-12T09:06:31.493+0000] {subprocess.py:93} INFO - https://docs.getdbt.com/docs/build/data-tests#new-data_tests-syntax for more
[2024-12-12T09:06:31.493+0000] {subprocess.py:93} INFO - information.
[2024-12-12T09:06:31.918+0000] {subprocess.py:93} INFO - [0m09:06:31  Registered adapter: postgres=1.8.0
[2024-12-12T09:06:34.010+0000] {subprocess.py:93} INFO - [0m09:06:34  Found 15 models, 1 snapshot, 112 data tests, 12 sources, 430 macros
[2024-12-12T09:06:34.023+0000] {subprocess.py:93} INFO - [0m09:06:34
[2024-12-12T09:06:34.412+0000] {subprocess.py:93} INFO - [0m09:06:34  Concurrency: 3 threads (target='dev')
[2024-12-12T09:06:34.413+0000] {subprocess.py:93} INFO - [0m09:06:34
[2024-12-12T09:06:34.418+0000] {subprocess.py:93} INFO - [0m09:06:34  1 of 1 START sql incremental model oltp_olap_model.product_dim ................. [RUN]
[2024-12-12T09:06:34.710+0000] {subprocess.py:93} INFO - [0m09:06:34  1 of 1 OK created sql incremental model oltp_olap_model.product_dim ............ [[32mSELECT 100[0m in 0.29s]
[2024-12-12T09:06:34.737+0000] {subprocess.py:93} INFO - [0m09:06:34
[2024-12-12T09:06:34.740+0000] {subprocess.py:93} INFO - [0m09:06:34  Finished running 1 incremental model in 0 hours 0 minutes and 0.71 seconds (0.71s).
[2024-12-12T09:06:34.867+0000] {subprocess.py:93} INFO - [0m09:06:34
[2024-12-12T09:06:34.868+0000] {subprocess.py:93} INFO - [0m09:06:34  [32mCompleted successfully[0m
[2024-12-12T09:06:34.869+0000] {subprocess.py:93} INFO - [0m09:06:34
[2024-12-12T09:06:34.870+0000] {subprocess.py:93} INFO - [0m09:06:34  Done. PASS=1 WARN=0 ERROR=0 SKIP=0 TOTAL=1
[2024-12-12T09:06:35.919+0000] {subprocess.py:97} INFO - Command exited with return code 0
[2024-12-12T09:06:35.920+0000] {taskinstance.py:441} INFO - ::group::Post task execution logs
[2024-12-12T09:06:35.955+0000] {taskinstance.py:1206} INFO - Marking task as SUCCESS. dag_id=dbt_orchestrator, task_id=dbt_run_dimensions.dbt_run_product_dim, run_id=scheduled__2024-12-12T08:45:00+00:00, execution_date=20241212T084500, start_date=20241212T090625, end_date=20241212T090635
[2024-12-12T09:06:36.004+0000] {local_task_job_runner.py:240} INFO - Task exited with return code 0
[2024-12-12T09:06:36.033+0000] {taskinstance.py:3498} INFO - 1 downstream tasks scheduled from follow-on schedule check
[2024-12-12T09:06:36.035+0000] {local_task_job_runner.py:222} INFO - ::endgroup::
