[2024-12-12T08:17:24.704+0000] {local_task_job_runner.py:120} INFO - ::group::Pre task execution logs
[2024-12-12T08:17:24.754+0000] {taskinstance.py:2076} INFO - Dependencies all met for dep_context=non-requeueable deps ti=<TaskInstance: dbt_orchestrator.dbt_run_dimensions.dbt_run_date_dim manual__2024-12-12T08:05:08.618053+00:00 [queued]>
[2024-12-12T08:17:24.772+0000] {taskinstance.py:2076} INFO - Dependencies all met for dep_context=requeueable deps ti=<TaskInstance: dbt_orchestrator.dbt_run_dimensions.dbt_run_date_dim manual__2024-12-12T08:05:08.618053+00:00 [queued]>
[2024-12-12T08:17:24.773+0000] {taskinstance.py:2306} INFO - Starting attempt 3 of 3
[2024-12-12T08:17:24.794+0000] {taskinstance.py:2330} INFO - Executing <Task(BashOperator): dbt_run_dimensions.dbt_run_date_dim> on 2024-12-12 08:05:08.618053+00:00
[2024-12-12T08:17:24.803+0000] {standard_task_runner.py:63} INFO - Started process 496 to run task
[2024-12-12T08:17:24.814+0000] {standard_task_runner.py:90} INFO - Running: ['***', 'tasks', 'run', 'dbt_orchestrator', 'dbt_run_dimensions.dbt_run_date_dim', 'manual__2024-12-12T08:05:08.618053+00:00', '--job-id', '178', '--raw', '--subdir', 'DAGS_FOLDER/pipeline.py', '--cfg-path', '/tmp/tmpq64xtxaf']
[2024-12-12T08:17:24.817+0000] {standard_task_runner.py:91} INFO - Job 178: Subtask dbt_run_dimensions.dbt_run_date_dim
[2024-12-12T08:17:24.930+0000] {task_command.py:426} INFO - Running <TaskInstance: dbt_orchestrator.dbt_run_dimensions.dbt_run_date_dim manual__2024-12-12T08:05:08.618053+00:00 [running]> on host 34fdc836a0bb
[2024-12-12T08:17:25.094+0000] {taskinstance.py:2648} INFO - Exporting env vars: AIRFLOW_CTX_DAG_OWNER='ma7moud' AIRFLOW_CTX_DAG_ID='dbt_orchestrator' AIRFLOW_CTX_TASK_ID='dbt_run_dimensions.dbt_run_date_dim' AIRFLOW_CTX_EXECUTION_DATE='2024-12-12T08:05:08.618053+00:00' AIRFLOW_CTX_TRY_NUMBER='3' AIRFLOW_CTX_DAG_RUN_ID='manual__2024-12-12T08:05:08.618053+00:00'
[2024-12-12T08:17:25.096+0000] {taskinstance.py:430} INFO - ::endgroup::
[2024-12-12T08:17:25.126+0000] {subprocess.py:63} INFO - Tmp dir root location: /tmp
[2024-12-12T08:17:25.129+0000] {subprocess.py:75} INFO - Running command: ['/usr/bin/bash', '-c', 'dbt run --profiles-dir /opt/***/dbt --project-dir /opt/***/dbt/ecommerce --models models/olap_model/dimensions/date_dim']
[2024-12-12T08:17:25.160+0000] {subprocess.py:86} INFO - Output:
[2024-12-12T08:17:28.857+0000] {subprocess.py:93} INFO - [0m08:17:28  Running with dbt=1.8.0
[2024-12-12T08:17:29.054+0000] {subprocess.py:93} INFO - [0m08:17:29  [[33mWARNING[0m]: Deprecated functionality
[2024-12-12T08:17:29.054+0000] {subprocess.py:93} INFO - The `tests` config has been renamed to `data_tests`. Please see
[2024-12-12T08:17:29.055+0000] {subprocess.py:93} INFO - https://docs.getdbt.com/docs/build/data-tests#new-data_tests-syntax for more
[2024-12-12T08:17:29.055+0000] {subprocess.py:93} INFO - information.
[2024-12-12T08:17:29.300+0000] {subprocess.py:93} INFO - [0m08:17:29  Registered adapter: postgres=1.8.0
[2024-12-12T08:17:30.299+0000] {subprocess.py:93} INFO - [0m08:17:30  [[33mWARNING[0m]: Configuration paths exist in your dbt_project.yml file which do not apply to any resources.
[2024-12-12T08:17:30.300+0000] {subprocess.py:93} INFO - There are 2 unused configuration paths:
[2024-12-12T08:17:30.301+0000] {subprocess.py:93} INFO - - models.ecommerce.staging.dimensions
[2024-12-12T08:17:30.301+0000] {subprocess.py:93} INFO - - models.ecommerce.staging.fact
[2024-12-12T08:17:30.796+0000] {subprocess.py:93} INFO - [0m08:17:30  Found 15 models, 1 snapshot, 112 data tests, 12 sources, 430 macros
[2024-12-12T08:17:30.800+0000] {subprocess.py:93} INFO - [0m08:17:30  The selection criterion 'models/olap_model/dimensions/date_dim' does not match any enabled nodes
[2024-12-12T08:17:30.804+0000] {subprocess.py:93} INFO - [0m08:17:30
[2024-12-12T08:17:30.805+0000] {subprocess.py:93} INFO - [0m08:17:30  Nothing to do. Try checking your model configs and model specification args
[2024-12-12T08:17:31.905+0000] {subprocess.py:97} INFO - Command exited with return code 0
[2024-12-12T08:17:31.906+0000] {taskinstance.py:441} INFO - ::group::Post task execution logs
[2024-12-12T08:17:31.952+0000] {taskinstance.py:1206} INFO - Marking task as SUCCESS. dag_id=dbt_orchestrator, task_id=dbt_run_dimensions.dbt_run_date_dim, run_id=manual__2024-12-12T08:05:08.618053+00:00, execution_date=20241212T080508, start_date=20241212T081724, end_date=20241212T081731
[2024-12-12T08:17:31.991+0000] {local_task_job_runner.py:240} INFO - Task exited with return code 0
[2024-12-12T08:17:32.032+0000] {taskinstance.py:3498} INFO - 0 downstream tasks scheduled from follow-on schedule check
[2024-12-12T08:17:32.033+0000] {local_task_job_runner.py:222} INFO - ::endgroup::
