[2024-12-12T08:39:38.817+0000] {local_task_job_runner.py:120} INFO - ::group::Pre task execution logs
[2024-12-12T08:39:38.860+0000] {taskinstance.py:2076} INFO - Dependencies all met for dep_context=non-requeueable deps ti=<TaskInstance: dbt_orchestrator.dbt_run_dimensions.dbt_run_store_dim scheduled__2024-12-12T08:00:00+00:00 [queued]>
[2024-12-12T08:39:38.875+0000] {taskinstance.py:2076} INFO - Dependencies all met for dep_context=requeueable deps ti=<TaskInstance: dbt_orchestrator.dbt_run_dimensions.dbt_run_store_dim scheduled__2024-12-12T08:00:00+00:00 [queued]>
[2024-12-12T08:39:38.876+0000] {taskinstance.py:2306} INFO - Starting attempt 6 of 6
[2024-12-12T08:39:38.896+0000] {taskinstance.py:2330} INFO - Executing <Task(BashOperator): dbt_run_dimensions.dbt_run_store_dim> on 2024-12-12 08:00:00+00:00
[2024-12-12T08:39:38.906+0000] {standard_task_runner.py:63} INFO - Started process 1266 to run task
[2024-12-12T08:39:38.910+0000] {standard_task_runner.py:90} INFO - Running: ['***', 'tasks', 'run', 'dbt_orchestrator', 'dbt_run_dimensions.dbt_run_store_dim', 'scheduled__2024-12-12T08:00:00+00:00', '--job-id', '285', '--raw', '--subdir', 'DAGS_FOLDER/pipeline.py', '--cfg-path', '/tmp/tmpe08tjrga']
[2024-12-12T08:39:38.911+0000] {standard_task_runner.py:91} INFO - Job 285: Subtask dbt_run_dimensions.dbt_run_store_dim
[2024-12-12T08:39:38.976+0000] {task_command.py:426} INFO - Running <TaskInstance: dbt_orchestrator.dbt_run_dimensions.dbt_run_store_dim scheduled__2024-12-12T08:00:00+00:00 [running]> on host 34fdc836a0bb
[2024-12-12T08:39:39.104+0000] {taskinstance.py:2648} INFO - Exporting env vars: AIRFLOW_CTX_DAG_OWNER='ma7moud' AIRFLOW_CTX_DAG_ID='dbt_orchestrator' AIRFLOW_CTX_TASK_ID='dbt_run_dimensions.dbt_run_store_dim' AIRFLOW_CTX_EXECUTION_DATE='2024-12-12T08:00:00+00:00' AIRFLOW_CTX_TRY_NUMBER='6' AIRFLOW_CTX_DAG_RUN_ID='scheduled__2024-12-12T08:00:00+00:00'
[2024-12-12T08:39:39.105+0000] {taskinstance.py:430} INFO - ::endgroup::
[2024-12-12T08:39:39.122+0000] {subprocess.py:63} INFO - Tmp dir root location: /tmp
[2024-12-12T08:39:39.123+0000] {subprocess.py:75} INFO - Running command: ['/usr/bin/bash', '-c', 'dbt run --profiles-dir /opt/***/dbt --project-dir /opt/***/dbt/ecommerce --models models/olap_model/dimensions/store_dim']
[2024-12-12T08:39:39.140+0000] {subprocess.py:86} INFO - Output:
[2024-12-12T08:39:42.785+0000] {subprocess.py:93} INFO - [0m08:39:42  Running with dbt=1.8.0
[2024-12-12T08:39:43.075+0000] {subprocess.py:93} INFO - [0m08:39:43  [[33mWARNING[0m]: Deprecated functionality
[2024-12-12T08:39:43.076+0000] {subprocess.py:93} INFO - The `tests` config has been renamed to `data_tests`. Please see
[2024-12-12T08:39:43.076+0000] {subprocess.py:93} INFO - https://docs.getdbt.com/docs/build/data-tests#new-data_tests-syntax for more
[2024-12-12T08:39:43.077+0000] {subprocess.py:93} INFO - information.
[2024-12-12T08:39:43.409+0000] {subprocess.py:93} INFO - [0m08:39:43  Registered adapter: postgres=1.8.0
[2024-12-12T08:39:45.081+0000] {subprocess.py:93} INFO - [0m08:39:45  Found 15 models, 1 snapshot, 112 data tests, 12 sources, 430 macros
[2024-12-12T08:39:45.088+0000] {subprocess.py:93} INFO - [0m08:39:45  The selection criterion 'models/olap_model/dimensions/store_dim' does not match any enabled nodes
[2024-12-12T08:39:45.091+0000] {subprocess.py:93} INFO - [0m08:39:45
[2024-12-12T08:39:45.091+0000] {subprocess.py:93} INFO - [0m08:39:45  Nothing to do. Try checking your model configs and model specification args
[2024-12-12T08:39:46.388+0000] {subprocess.py:97} INFO - Command exited with return code 0
[2024-12-12T08:39:46.390+0000] {taskinstance.py:441} INFO - ::group::Post task execution logs
[2024-12-12T08:39:46.424+0000] {taskinstance.py:1206} INFO - Marking task as SUCCESS. dag_id=dbt_orchestrator, task_id=dbt_run_dimensions.dbt_run_store_dim, run_id=scheduled__2024-12-12T08:00:00+00:00, execution_date=20241212T080000, start_date=20241212T083938, end_date=20241212T083946
[2024-12-12T08:39:46.456+0000] {local_task_job_runner.py:240} INFO - Task exited with return code 0
[2024-12-12T08:39:46.498+0000] {taskinstance.py:3498} INFO - 1 downstream tasks scheduled from follow-on schedule check
[2024-12-12T08:39:46.500+0000] {local_task_job_runner.py:222} INFO - ::endgroup::
