[2024-12-12T08:39:28.745+0000] {local_task_job_runner.py:120} INFO - ::group::Pre task execution logs
[2024-12-12T08:39:28.798+0000] {taskinstance.py:2076} INFO - Dependencies all met for dep_context=non-requeueable deps ti=<TaskInstance: dbt_orchestrator.dbt_run_staging.dbt_run_stg_store scheduled__2024-12-12T08:00:00+00:00 [queued]>
[2024-12-12T08:39:28.816+0000] {taskinstance.py:2076} INFO - Dependencies all met for dep_context=requeueable deps ti=<TaskInstance: dbt_orchestrator.dbt_run_staging.dbt_run_stg_store scheduled__2024-12-12T08:00:00+00:00 [queued]>
[2024-12-12T08:39:28.817+0000] {taskinstance.py:2306} INFO - Starting attempt 4 of 4
[2024-12-12T08:39:28.853+0000] {taskinstance.py:2330} INFO - Executing <Task(BashOperator): dbt_run_staging.dbt_run_stg_store> on 2024-12-12 08:00:00+00:00
[2024-12-12T08:39:28.868+0000] {standard_task_runner.py:63} INFO - Started process 1227 to run task
[2024-12-12T08:39:28.870+0000] {standard_task_runner.py:90} INFO - Running: ['***', 'tasks', 'run', 'dbt_orchestrator', 'dbt_run_staging.dbt_run_stg_store', 'scheduled__2024-12-12T08:00:00+00:00', '--job-id', '275', '--raw', '--subdir', 'DAGS_FOLDER/pipeline.py', '--cfg-path', '/tmp/tmpodfts34d']
[2024-12-12T08:39:28.873+0000] {standard_task_runner.py:91} INFO - Job 275: Subtask dbt_run_staging.dbt_run_stg_store
[2024-12-12T08:39:28.985+0000] {task_command.py:426} INFO - Running <TaskInstance: dbt_orchestrator.dbt_run_staging.dbt_run_stg_store scheduled__2024-12-12T08:00:00+00:00 [running]> on host 34fdc836a0bb
[2024-12-12T08:39:29.220+0000] {taskinstance.py:2648} INFO - Exporting env vars: AIRFLOW_CTX_DAG_OWNER='ma7moud' AIRFLOW_CTX_DAG_ID='dbt_orchestrator' AIRFLOW_CTX_TASK_ID='dbt_run_staging.dbt_run_stg_store' AIRFLOW_CTX_EXECUTION_DATE='2024-12-12T08:00:00+00:00' AIRFLOW_CTX_TRY_NUMBER='4' AIRFLOW_CTX_DAG_RUN_ID='scheduled__2024-12-12T08:00:00+00:00'
[2024-12-12T08:39:29.221+0000] {taskinstance.py:430} INFO - ::endgroup::
[2024-12-12T08:39:29.242+0000] {subprocess.py:63} INFO - Tmp dir root location: /tmp
[2024-12-12T08:39:29.243+0000] {subprocess.py:75} INFO - Running command: ['/usr/bin/bash', '-c', 'dbt run --profiles-dir /opt/***/dbt --project-dir /opt/***/dbt/ecommerce --models models/staging/stg_store']
[2024-12-12T08:39:29.265+0000] {subprocess.py:86} INFO - Output:
[2024-12-12T08:39:33.157+0000] {subprocess.py:93} INFO - [0m08:39:33  Running with dbt=1.8.0
[2024-12-12T08:39:33.426+0000] {subprocess.py:93} INFO - [0m08:39:33  [[33mWARNING[0m]: Deprecated functionality
[2024-12-12T08:39:33.427+0000] {subprocess.py:93} INFO - The `tests` config has been renamed to `data_tests`. Please see
[2024-12-12T08:39:33.427+0000] {subprocess.py:93} INFO - https://docs.getdbt.com/docs/build/data-tests#new-data_tests-syntax for more
[2024-12-12T08:39:33.428+0000] {subprocess.py:93} INFO - information.
[2024-12-12T08:39:33.815+0000] {subprocess.py:93} INFO - [0m08:39:33  Registered adapter: postgres=1.8.0
[2024-12-12T08:39:35.751+0000] {subprocess.py:93} INFO - [0m08:39:35  Found 15 models, 1 snapshot, 112 data tests, 12 sources, 430 macros
[2024-12-12T08:39:35.772+0000] {subprocess.py:93} INFO - [0m08:39:35  The selection criterion 'models/staging/stg_store' does not match any enabled nodes
[2024-12-12T08:39:35.777+0000] {subprocess.py:93} INFO - [0m08:39:35
[2024-12-12T08:39:35.778+0000] {subprocess.py:93} INFO - [0m08:39:35  Nothing to do. Try checking your model configs and model specification args
[2024-12-12T08:39:36.936+0000] {subprocess.py:97} INFO - Command exited with return code 0
[2024-12-12T08:39:36.937+0000] {taskinstance.py:441} INFO - ::group::Post task execution logs
[2024-12-12T08:39:36.969+0000] {taskinstance.py:1206} INFO - Marking task as SUCCESS. dag_id=dbt_orchestrator, task_id=dbt_run_staging.dbt_run_stg_store, run_id=scheduled__2024-12-12T08:00:00+00:00, execution_date=20241212T080000, start_date=20241212T083928, end_date=20241212T083936
[2024-12-12T08:39:37.009+0000] {local_task_job_runner.py:240} INFO - Task exited with return code 0
[2024-12-12T08:39:37.020+0000] {local_task_job_runner.py:222} INFO - ::endgroup::
