[2024-12-11T16:15:36.976+0000] {local_task_job_runner.py:120} INFO - ::group::Pre task execution logs
[2024-12-11T16:15:37.007+0000] {taskinstance.py:2076} INFO - Dependencies all met for dep_context=non-requeueable deps ti=<TaskInstance: dbt_orchestrator.dbt_run_staging.dbt_run_staging scheduled__2024-12-11T16:00:00+00:00 [queued]>
[2024-12-11T16:15:37.019+0000] {taskinstance.py:2076} INFO - Dependencies all met for dep_context=requeueable deps ti=<TaskInstance: dbt_orchestrator.dbt_run_staging.dbt_run_staging scheduled__2024-12-11T16:00:00+00:00 [queued]>
[2024-12-11T16:15:37.019+0000] {taskinstance.py:2306} INFO - Starting attempt 1 of 1
[2024-12-11T16:15:37.034+0000] {taskinstance.py:2330} INFO - Executing <Task(BashOperator): dbt_run_staging.dbt_run_staging> on 2024-12-11 16:00:00+00:00
[2024-12-11T16:15:37.041+0000] {standard_task_runner.py:63} INFO - Started process 266 to run task
[2024-12-11T16:15:37.046+0000] {standard_task_runner.py:90} INFO - Running: ['***', 'tasks', 'run', 'dbt_orchestrator', 'dbt_run_staging.dbt_run_staging', 'scheduled__2024-12-11T16:00:00+00:00', '--job-id', '39', '--raw', '--subdir', 'DAGS_FOLDER/pipeline.py', '--cfg-path', '/tmp/tmph7h55xfq']
[2024-12-11T16:15:37.048+0000] {standard_task_runner.py:91} INFO - Job 39: Subtask dbt_run_staging.dbt_run_staging
[2024-12-11T16:15:37.119+0000] {task_command.py:426} INFO - Running <TaskInstance: dbt_orchestrator.dbt_run_staging.dbt_run_staging scheduled__2024-12-11T16:00:00+00:00 [running]> on host 49f8df2c9427
[2024-12-11T16:15:37.237+0000] {taskinstance.py:2648} INFO - Exporting env vars: AIRFLOW_CTX_DAG_OWNER='Mahmoud' AIRFLOW_CTX_DAG_ID='dbt_orchestrator' AIRFLOW_CTX_TASK_ID='dbt_run_staging.dbt_run_staging' AIRFLOW_CTX_EXECUTION_DATE='2024-12-11T16:00:00+00:00' AIRFLOW_CTX_TRY_NUMBER='1' AIRFLOW_CTX_DAG_RUN_ID='scheduled__2024-12-11T16:00:00+00:00'
[2024-12-11T16:15:37.238+0000] {taskinstance.py:430} INFO - ::endgroup::
[2024-12-11T16:15:37.253+0000] {subprocess.py:63} INFO - Tmp dir root location: /tmp
[2024-12-11T16:15:37.254+0000] {subprocess.py:75} INFO - Running command: ['/usr/bin/bash', '-c', 'dbt run --profiles-dir /opt/***/dbt --project-dir /opt/***/dbt/ecommerce --select models/staging']
[2024-12-11T16:15:37.273+0000] {subprocess.py:86} INFO - Output:
[2024-12-11T16:15:39.682+0000] {subprocess.py:93} INFO - [0m16:15:39  Running with dbt=1.8.0
[2024-12-11T16:15:39.831+0000] {subprocess.py:93} INFO - [0m16:15:39  [[33mWARNING[0m]: Deprecated functionality
[2024-12-11T16:15:39.831+0000] {subprocess.py:93} INFO - The `tests` config has been renamed to `data_tests`. Please see
[2024-12-11T16:15:39.831+0000] {subprocess.py:93} INFO - https://docs.getdbt.com/docs/build/data-tests#new-data_tests-syntax for more
[2024-12-11T16:15:39.832+0000] {subprocess.py:93} INFO - information.
[2024-12-11T16:15:40.025+0000] {subprocess.py:93} INFO - [0m16:15:40  Registered adapter: postgres=1.8.0
[2024-12-11T16:15:40.844+0000] {subprocess.py:93} INFO - [0m16:15:40  [[33mWARNING[0m]: Configuration paths exist in your dbt_project.yml file which do not apply to any resources.
[2024-12-11T16:15:40.844+0000] {subprocess.py:93} INFO - There are 2 unused configuration paths:
[2024-12-11T16:15:40.844+0000] {subprocess.py:93} INFO - - models.ecommerce.marts.fact
[2024-12-11T16:15:40.845+0000] {subprocess.py:93} INFO - - models.ecommerce.marts.dimensions
[2024-12-11T16:15:41.187+0000] {subprocess.py:93} INFO - [0m16:15:41  Found 15 models, 1 snapshot, 112 data tests, 12 sources, 430 macros
[2024-12-11T16:15:41.194+0000] {subprocess.py:93} INFO - [0m16:15:41
[2024-12-11T16:15:41.451+0000] {subprocess.py:93} INFO - [0m16:15:41  Concurrency: 3 threads (target='dev')
[2024-12-11T16:15:41.452+0000] {subprocess.py:93} INFO - [0m16:15:41
[2024-12-11T16:15:41.461+0000] {subprocess.py:93} INFO - [0m16:15:41  1 of 8 START sql incremental model oltp_staging_tables.stg_brand ............... [RUN]
[2024-12-11T16:15:41.462+0000] {subprocess.py:93} INFO - [0m16:15:41  2 of 8 START sql incremental model oltp_staging_tables.stg_customers ........... [RUN]
[2024-12-11T16:15:41.463+0000] {subprocess.py:93} INFO - [0m16:15:41  3 of 8 START sql incremental model oltp_staging_tables.stg_date ................ [RUN]
[2024-12-11T16:15:41.996+0000] {subprocess.py:93} INFO - [0m16:15:41  1 of 8 OK created sql incremental model oltp_staging_tables.stg_brand .......... [[32mINSERT 0 10[0m in 0.53s]
[2024-12-11T16:15:41.998+0000] {subprocess.py:93} INFO - [0m16:15:41  2 of 8 OK created sql incremental model oltp_staging_tables.stg_customers ...... [[32mINSERT 0 109[0m in 0.53s]
[2024-12-11T16:15:42.003+0000] {subprocess.py:93} INFO - [0m16:15:42  4 of 8 START sql incremental model oltp_staging_tables.stg_order ............... [RUN]
[2024-12-11T16:15:42.004+0000] {subprocess.py:93} INFO - [0m16:15:42  5 of 8 START sql incremental model oltp_staging_tables.stg_order_details ....... [RUN]
[2024-12-11T16:15:42.026+0000] {subprocess.py:93} INFO - [0m16:15:42  3 of 8 OK created sql incremental model oltp_staging_tables.stg_date ........... [[32mINSERT 0 0[0m in 0.54s]
[2024-12-11T16:15:42.038+0000] {subprocess.py:93} INFO - [0m16:15:42  6 of 8 START sql incremental model oltp_staging_tables.stg_product ............. [RUN]
[2024-12-11T16:15:42.453+0000] {subprocess.py:93} INFO - [0m16:15:42  5 of 8 OK created sql incremental model oltp_staging_tables.stg_order_details .. [[32mINSERT 0 1294[0m in 0.44s]
[2024-12-11T16:15:42.460+0000] {subprocess.py:93} INFO - [0m16:15:42  4 of 8 OK created sql incremental model oltp_staging_tables.stg_order .......... [[32mINSERT 0 622[0m in 0.45s]
[2024-12-11T16:15:42.480+0000] {subprocess.py:93} INFO - [0m16:15:42  6 of 8 OK created sql incremental model oltp_staging_tables.stg_product ........ [[32mINSERT 0 0[0m in 0.43s]
[2024-12-11T16:15:42.484+0000] {subprocess.py:93} INFO - [0m16:15:42  8 of 8 START sql incremental model oltp_staging_tables.stg_suppliers ........... [RUN]
[2024-12-11T16:15:42.487+0000] {subprocess.py:93} INFO - [0m16:15:42  7 of 8 START sql incremental model oltp_staging_tables.stg_store ............... [RUN]
[2024-12-11T16:15:42.738+0000] {subprocess.py:93} INFO - [0m16:15:42  8 of 8 OK created sql incremental model oltp_staging_tables.stg_suppliers ...... [[32mINSERT 0 5[0m in 0.25s]
[2024-12-11T16:15:42.740+0000] {subprocess.py:93} INFO - [0m16:15:42  7 of 8 OK created sql incremental model oltp_staging_tables.stg_store .......... [[32mINSERT 0 5[0m in 0.24s]
[2024-12-11T16:15:42.761+0000] {subprocess.py:93} INFO - [0m16:15:42
[2024-12-11T16:15:42.761+0000] {subprocess.py:93} INFO - [0m16:15:42  Finished running 8 incremental models in 0 hours 0 minutes and 1.57 seconds (1.57s).
[2024-12-11T16:15:42.852+0000] {subprocess.py:93} INFO - [0m16:15:42
[2024-12-11T16:15:42.853+0000] {subprocess.py:93} INFO - [0m16:15:42  [32mCompleted successfully[0m
[2024-12-11T16:15:42.854+0000] {subprocess.py:93} INFO - [0m16:15:42
[2024-12-11T16:15:42.855+0000] {subprocess.py:93} INFO - [0m16:15:42  Done. PASS=8 WARN=0 ERROR=0 SKIP=0 TOTAL=8
[2024-12-11T16:15:43.887+0000] {subprocess.py:97} INFO - Command exited with return code 0
[2024-12-11T16:15:43.888+0000] {taskinstance.py:441} INFO - ::group::Post task execution logs
[2024-12-11T16:15:43.913+0000] {taskinstance.py:1206} INFO - Marking task as SUCCESS. dag_id=dbt_orchestrator, task_id=dbt_run_staging.dbt_run_staging, run_id=scheduled__2024-12-11T16:00:00+00:00, execution_date=20241211T160000, start_date=20241211T161537, end_date=20241211T161543
[2024-12-11T16:15:43.933+0000] {local_task_job_runner.py:240} INFO - Task exited with return code 0
[2024-12-11T16:15:43.958+0000] {taskinstance.py:3498} INFO - 1 downstream tasks scheduled from follow-on schedule check
[2024-12-11T16:15:43.959+0000] {local_task_job_runner.py:222} INFO - ::endgroup::
