[2024-12-11T16:15:11.783+0000] {local_task_job_runner.py:120} INFO - ::group::Pre task execution logs
[2024-12-11T16:15:11.810+0000] {taskinstance.py:2076} INFO - Dependencies all met for dep_context=non-requeueable deps ti=<TaskInstance: dbt_orchestrator.dbt_run_staging.dbt_run_staging_model_zone_lookup scheduled__2024-12-11T16:00:00+00:00 [queued]>
[2024-12-11T16:15:11.821+0000] {taskinstance.py:2076} INFO - Dependencies all met for dep_context=requeueable deps ti=<TaskInstance: dbt_orchestrator.dbt_run_staging.dbt_run_staging_model_zone_lookup scheduled__2024-12-11T16:00:00+00:00 [queued]>
[2024-12-11T16:15:11.822+0000] {taskinstance.py:2306} INFO - Starting attempt 1 of 1
[2024-12-11T16:15:11.837+0000] {taskinstance.py:2330} INFO - Executing <Task(BashOperator): dbt_run_staging.dbt_run_staging_model_zone_lookup> on 2024-12-11 16:00:00+00:00
[2024-12-11T16:15:11.842+0000] {standard_task_runner.py:63} INFO - Started process 225 to run task
[2024-12-11T16:15:11.846+0000] {standard_task_runner.py:90} INFO - Running: ['***', 'tasks', 'run', 'dbt_orchestrator', 'dbt_run_staging.dbt_run_staging_model_zone_lookup', 'scheduled__2024-12-11T16:00:00+00:00', '--job-id', '34', '--raw', '--subdir', 'DAGS_FOLDER/pipeline.py', '--cfg-path', '/tmp/tmpf8894khk']
[2024-12-11T16:15:11.847+0000] {standard_task_runner.py:91} INFO - Job 34: Subtask dbt_run_staging.dbt_run_staging_model_zone_lookup
[2024-12-11T16:15:11.894+0000] {task_command.py:426} INFO - Running <TaskInstance: dbt_orchestrator.dbt_run_staging.dbt_run_staging_model_zone_lookup scheduled__2024-12-11T16:00:00+00:00 [running]> on host 49f8df2c9427
[2024-12-11T16:15:11.991+0000] {taskinstance.py:2648} INFO - Exporting env vars: AIRFLOW_CTX_DAG_OWNER='Mahmoud' AIRFLOW_CTX_DAG_ID='dbt_orchestrator' AIRFLOW_CTX_TASK_ID='dbt_run_staging.dbt_run_staging_model_zone_lookup' AIRFLOW_CTX_EXECUTION_DATE='2024-12-11T16:00:00+00:00' AIRFLOW_CTX_TRY_NUMBER='1' AIRFLOW_CTX_DAG_RUN_ID='scheduled__2024-12-11T16:00:00+00:00'
[2024-12-11T16:15:11.992+0000] {taskinstance.py:430} INFO - ::endgroup::
[2024-12-11T16:15:12.003+0000] {subprocess.py:63} INFO - Tmp dir root location: /tmp
[2024-12-11T16:15:12.004+0000] {subprocess.py:75} INFO - Running command: ['/usr/bin/bash', '-c', 'dbt run --profiles-dir /opt/***/dbt --project-dir /opt/***/dbt/ecommerce --models models/staging/zone_lookup']
[2024-12-11T16:15:12.015+0000] {subprocess.py:86} INFO - Output:
[2024-12-11T16:15:14.273+0000] {subprocess.py:93} INFO - [0m16:15:14  Running with dbt=1.8.0
[2024-12-11T16:15:14.457+0000] {subprocess.py:93} INFO - [0m16:15:14  [[33mWARNING[0m]: Deprecated functionality
[2024-12-11T16:15:14.458+0000] {subprocess.py:93} INFO - The `tests` config has been renamed to `data_tests`. Please see
[2024-12-11T16:15:14.458+0000] {subprocess.py:93} INFO - https://docs.getdbt.com/docs/build/data-tests#new-data_tests-syntax for more
[2024-12-11T16:15:14.458+0000] {subprocess.py:93} INFO - information.
[2024-12-11T16:15:14.659+0000] {subprocess.py:93} INFO - [0m16:15:14  Registered adapter: postgres=1.8.0
[2024-12-11T16:15:15.136+0000] {subprocess.py:93} INFO - [0m16:15:15  [[33mWARNING[0m]: Configuration paths exist in your dbt_project.yml file which do not apply to any resources.
[2024-12-11T16:15:15.136+0000] {subprocess.py:93} INFO - There are 2 unused configuration paths:
[2024-12-11T16:15:15.136+0000] {subprocess.py:93} INFO - - models.ecommerce.marts.fact
[2024-12-11T16:15:15.137+0000] {subprocess.py:93} INFO - - models.ecommerce.marts.dimensions
[2024-12-11T16:15:15.467+0000] {subprocess.py:93} INFO - [0m16:15:15  Found 15 models, 1 snapshot, 112 data tests, 12 sources, 430 macros
[2024-12-11T16:15:15.474+0000] {subprocess.py:93} INFO - [0m16:15:15  The selection criterion 'models/staging/zone_lookup' does not match any enabled nodes
[2024-12-11T16:15:15.477+0000] {subprocess.py:93} INFO - [0m16:15:15
[2024-12-11T16:15:15.477+0000] {subprocess.py:93} INFO - [0m16:15:15  Nothing to do. Try checking your model configs and model specification args
[2024-12-11T16:15:16.551+0000] {subprocess.py:97} INFO - Command exited with return code 0
[2024-12-11T16:15:16.552+0000] {taskinstance.py:441} INFO - ::group::Post task execution logs
[2024-12-11T16:15:16.576+0000] {taskinstance.py:1206} INFO - Marking task as SUCCESS. dag_id=dbt_orchestrator, task_id=dbt_run_staging.dbt_run_staging_model_zone_lookup, run_id=scheduled__2024-12-11T16:00:00+00:00, execution_date=20241211T160000, start_date=20241211T161511, end_date=20241211T161516
[2024-12-11T16:15:16.632+0000] {local_task_job_runner.py:240} INFO - Task exited with return code 0
[2024-12-11T16:15:16.672+0000] {taskinstance.py:3498} INFO - 2 downstream tasks scheduled from follow-on schedule check
[2024-12-11T16:15:16.673+0000] {local_task_job_runner.py:222} INFO - ::endgroup::
