[2024-12-12T08:30:31.294+0000] {local_task_job_runner.py:120} INFO - ::group::Pre task execution logs
[2024-12-12T08:30:31.320+0000] {taskinstance.py:2076} INFO - Dependencies all met for dep_context=non-requeueable deps ti=<TaskInstance: dbt_orchestrator.dbt_run_fact.dbt_run_fact_model_fact_sales scheduled__2024-12-12T08:15:00+00:00 [queued]>
[2024-12-12T08:30:31.330+0000] {taskinstance.py:2076} INFO - Dependencies all met for dep_context=requeueable deps ti=<TaskInstance: dbt_orchestrator.dbt_run_fact.dbt_run_fact_model_fact_sales scheduled__2024-12-12T08:15:00+00:00 [queued]>
[2024-12-12T08:30:31.331+0000] {taskinstance.py:2306} INFO - Starting attempt 1 of 1
[2024-12-12T08:30:31.342+0000] {taskinstance.py:2330} INFO - Executing <Task(BashOperator): dbt_run_fact.dbt_run_fact_model_fact_sales> on 2024-12-12 08:15:00+00:00
[2024-12-12T08:30:31.348+0000] {standard_task_runner.py:63} INFO - Started process 1049 to run task
[2024-12-12T08:30:31.351+0000] {standard_task_runner.py:90} INFO - Running: ['***', 'tasks', 'run', 'dbt_orchestrator', 'dbt_run_fact.dbt_run_fact_model_fact_sales', 'scheduled__2024-12-12T08:15:00+00:00', '--job-id', '253', '--raw', '--subdir', 'DAGS_FOLDER/pipeline.py', '--cfg-path', '/tmp/tmpu3v9axee']
[2024-12-12T08:30:31.352+0000] {standard_task_runner.py:91} INFO - Job 253: Subtask dbt_run_fact.dbt_run_fact_model_fact_sales
[2024-12-12T08:30:31.393+0000] {task_command.py:426} INFO - Running <TaskInstance: dbt_orchestrator.dbt_run_fact.dbt_run_fact_model_fact_sales scheduled__2024-12-12T08:15:00+00:00 [running]> on host 34fdc836a0bb
[2024-12-12T08:30:31.470+0000] {taskinstance.py:2648} INFO - Exporting env vars: AIRFLOW_CTX_DAG_OWNER='ma7moud' AIRFLOW_CTX_DAG_ID='dbt_orchestrator' AIRFLOW_CTX_TASK_ID='dbt_run_fact.dbt_run_fact_model_fact_sales' AIRFLOW_CTX_EXECUTION_DATE='2024-12-12T08:15:00+00:00' AIRFLOW_CTX_TRY_NUMBER='1' AIRFLOW_CTX_DAG_RUN_ID='scheduled__2024-12-12T08:15:00+00:00'
[2024-12-12T08:30:31.471+0000] {taskinstance.py:430} INFO - ::endgroup::
[2024-12-12T08:30:31.482+0000] {subprocess.py:63} INFO - Tmp dir root location: /tmp
[2024-12-12T08:30:31.482+0000] {subprocess.py:75} INFO - Running command: ['/usr/bin/bash', '-c', 'dbt run --profiles-dir /opt/***/dbt --project-dir /opt/***/dbt/ecommerce --models models/olap_model/fact/fact_sales']
[2024-12-12T08:30:31.494+0000] {subprocess.py:86} INFO - Output:
[2024-12-12T08:30:33.220+0000] {subprocess.py:93} INFO - [0m08:30:33  Running with dbt=1.8.0
[2024-12-12T08:30:33.363+0000] {subprocess.py:93} INFO - [0m08:30:33  [[33mWARNING[0m]: Deprecated functionality
[2024-12-12T08:30:33.363+0000] {subprocess.py:93} INFO - The `tests` config has been renamed to `data_tests`. Please see
[2024-12-12T08:30:33.363+0000] {subprocess.py:93} INFO - https://docs.getdbt.com/docs/build/data-tests#new-data_tests-syntax for more
[2024-12-12T08:30:33.363+0000] {subprocess.py:93} INFO - information.
[2024-12-12T08:30:33.504+0000] {subprocess.py:93} INFO - [0m08:30:33  Registered adapter: postgres=1.8.0
[2024-12-12T08:30:34.207+0000] {subprocess.py:93} INFO - [0m08:30:34  Found 15 models, 1 snapshot, 112 data tests, 12 sources, 430 macros
[2024-12-12T08:30:34.212+0000] {subprocess.py:93} INFO - [0m08:30:34  The selection criterion 'models/olap_model/fact/fact_sales' does not match any enabled nodes
[2024-12-12T08:30:34.214+0000] {subprocess.py:93} INFO - [0m08:30:34
[2024-12-12T08:30:34.214+0000] {subprocess.py:93} INFO - [0m08:30:34  Nothing to do. Try checking your model configs and model specification args
[2024-12-12T08:30:35.162+0000] {subprocess.py:97} INFO - Command exited with return code 0
[2024-12-12T08:30:35.163+0000] {taskinstance.py:441} INFO - ::group::Post task execution logs
[2024-12-12T08:30:35.188+0000] {taskinstance.py:1206} INFO - Marking task as SUCCESS. dag_id=dbt_orchestrator, task_id=dbt_run_fact.dbt_run_fact_model_fact_sales, run_id=scheduled__2024-12-12T08:15:00+00:00, execution_date=20241212T081500, start_date=20241212T083031, end_date=20241212T083035
[2024-12-12T08:30:35.213+0000] {local_task_job_runner.py:240} INFO - Task exited with return code 0
[2024-12-12T08:30:35.235+0000] {taskinstance.py:3498} INFO - 1 downstream tasks scheduled from follow-on schedule check
[2024-12-12T08:30:35.237+0000] {local_task_job_runner.py:222} INFO - ::endgroup::
