[2024-12-12T08:33:26.899+0000] {local_task_job_runner.py:120} INFO - ::group::Pre task execution logs
[2024-12-12T08:33:26.935+0000] {taskinstance.py:2076} INFO - Dependencies all met for dep_context=non-requeueable deps ti=<TaskInstance: dbt_orchestrator.dbt_run_dimensions.dbt_run_supplier_dim scheduled__2024-12-12T08:00:00+00:00 [queued]>
[2024-12-12T08:33:26.949+0000] {taskinstance.py:2076} INFO - Dependencies all met for dep_context=requeueable deps ti=<TaskInstance: dbt_orchestrator.dbt_run_dimensions.dbt_run_supplier_dim scheduled__2024-12-12T08:00:00+00:00 [queued]>
[2024-12-12T08:33:26.949+0000] {taskinstance.py:2306} INFO - Starting attempt 5 of 5
[2024-12-12T08:33:26.970+0000] {taskinstance.py:2330} INFO - Executing <Task(BashOperator): dbt_run_dimensions.dbt_run_supplier_dim> on 2024-12-12 08:00:00+00:00
[2024-12-12T08:33:26.979+0000] {standard_task_runner.py:63} INFO - Started process 1153 to run task
[2024-12-12T08:33:26.983+0000] {standard_task_runner.py:90} INFO - Running: ['***', 'tasks', 'run', 'dbt_orchestrator', 'dbt_run_dimensions.dbt_run_supplier_dim', 'scheduled__2024-12-12T08:00:00+00:00', '--job-id', '268', '--raw', '--subdir', 'DAGS_FOLDER/pipeline.py', '--cfg-path', '/tmp/tmprtpmw3h4']
[2024-12-12T08:33:26.984+0000] {standard_task_runner.py:91} INFO - Job 268: Subtask dbt_run_dimensions.dbt_run_supplier_dim
[2024-12-12T08:33:27.056+0000] {task_command.py:426} INFO - Running <TaskInstance: dbt_orchestrator.dbt_run_dimensions.dbt_run_supplier_dim scheduled__2024-12-12T08:00:00+00:00 [running]> on host 34fdc836a0bb
[2024-12-12T08:33:27.185+0000] {taskinstance.py:2648} INFO - Exporting env vars: AIRFLOW_CTX_DAG_OWNER='ma7moud' AIRFLOW_CTX_DAG_ID='dbt_orchestrator' AIRFLOW_CTX_TASK_ID='dbt_run_dimensions.dbt_run_supplier_dim' AIRFLOW_CTX_EXECUTION_DATE='2024-12-12T08:00:00+00:00' AIRFLOW_CTX_TRY_NUMBER='5' AIRFLOW_CTX_DAG_RUN_ID='scheduled__2024-12-12T08:00:00+00:00'
[2024-12-12T08:33:27.186+0000] {taskinstance.py:430} INFO - ::endgroup::
[2024-12-12T08:33:27.202+0000] {subprocess.py:63} INFO - Tmp dir root location: /tmp
[2024-12-12T08:33:27.203+0000] {subprocess.py:75} INFO - Running command: ['/usr/bin/bash', '-c', 'dbt run --profiles-dir /opt/***/dbt --project-dir /opt/***/dbt/ecommerce --models models/olap_model/dimensions/supplier_dim']
[2024-12-12T08:33:27.217+0000] {subprocess.py:86} INFO - Output:
[2024-12-12T08:33:30.165+0000] {subprocess.py:93} INFO - [0m08:33:30  Running with dbt=1.8.0
[2024-12-12T08:33:30.477+0000] {subprocess.py:93} INFO - [0m08:33:30  [[33mWARNING[0m]: Deprecated functionality
[2024-12-12T08:33:30.478+0000] {subprocess.py:93} INFO - The `tests` config has been renamed to `data_tests`. Please see
[2024-12-12T08:33:30.478+0000] {subprocess.py:93} INFO - https://docs.getdbt.com/docs/build/data-tests#new-data_tests-syntax for more
[2024-12-12T08:33:30.479+0000] {subprocess.py:93} INFO - information.
[2024-12-12T08:33:30.838+0000] {subprocess.py:93} INFO - [0m08:33:30  Registered adapter: postgres=1.8.0
[2024-12-12T08:33:32.665+0000] {subprocess.py:93} INFO - [0m08:33:32  Found 15 models, 1 snapshot, 112 data tests, 12 sources, 430 macros
[2024-12-12T08:33:32.674+0000] {subprocess.py:93} INFO - [0m08:33:32  The selection criterion 'models/olap_model/dimensions/supplier_dim' does not match any enabled nodes
[2024-12-12T08:33:32.677+0000] {subprocess.py:93} INFO - [0m08:33:32
[2024-12-12T08:33:32.678+0000] {subprocess.py:93} INFO - [0m08:33:32  Nothing to do. Try checking your model configs and model specification args
[2024-12-12T08:33:33.805+0000] {subprocess.py:97} INFO - Command exited with return code 0
[2024-12-12T08:33:33.806+0000] {taskinstance.py:441} INFO - ::group::Post task execution logs
[2024-12-12T08:33:33.841+0000] {taskinstance.py:1206} INFO - Marking task as SUCCESS. dag_id=dbt_orchestrator, task_id=dbt_run_dimensions.dbt_run_supplier_dim, run_id=scheduled__2024-12-12T08:00:00+00:00, execution_date=20241212T080000, start_date=20241212T083326, end_date=20241212T083333
[2024-12-12T08:33:33.906+0000] {local_task_job_runner.py:240} INFO - Task exited with return code 0
[2024-12-12T08:33:33.915+0000] {local_task_job_runner.py:222} INFO - ::endgroup::
