[2024-12-11T17:08:34.885+0000] {local_task_job_runner.py:120} INFO - ::group::Pre task execution logs
[2024-12-11T17:08:34.956+0000] {taskinstance.py:2076} INFO - Dependencies all met for dep_context=non-requeueable deps ti=<TaskInstance: dbt_orchestrator.dbt_run_staging.dbt_run_stg_store scheduled__2024-12-11T16:45:00+00:00 [queued]>
[2024-12-11T17:08:34.980+0000] {taskinstance.py:2076} INFO - Dependencies all met for dep_context=requeueable deps ti=<TaskInstance: dbt_orchestrator.dbt_run_staging.dbt_run_stg_store scheduled__2024-12-11T16:45:00+00:00 [queued]>
[2024-12-11T17:08:34.981+0000] {taskinstance.py:2306} INFO - Starting attempt 1 of 1
[2024-12-11T17:08:35.028+0000] {taskinstance.py:2330} INFO - Executing <Task(BashOperator): dbt_run_staging.dbt_run_stg_store> on 2024-12-11 16:45:00+00:00
[2024-12-11T17:08:35.052+0000] {standard_task_runner.py:63} INFO - Started process 502 to run task
[2024-12-11T17:08:35.066+0000] {standard_task_runner.py:90} INFO - Running: ['***', 'tasks', 'run', 'dbt_orchestrator', 'dbt_run_staging.dbt_run_stg_store', 'scheduled__2024-12-11T16:45:00+00:00', '--job-id', '57', '--raw', '--subdir', 'DAGS_FOLDER/pipeline.py', '--cfg-path', '/tmp/tmpyz9nmaau']
[2024-12-11T17:08:35.083+0000] {standard_task_runner.py:91} INFO - Job 57: Subtask dbt_run_staging.dbt_run_stg_store
[2024-12-11T17:08:35.224+0000] {task_command.py:426} INFO - Running <TaskInstance: dbt_orchestrator.dbt_run_staging.dbt_run_stg_store scheduled__2024-12-11T16:45:00+00:00 [running]> on host 49f8df2c9427
[2024-12-11T17:08:35.458+0000] {taskinstance.py:2648} INFO - Exporting env vars: AIRFLOW_CTX_DAG_OWNER='ma7moud' AIRFLOW_CTX_DAG_ID='dbt_orchestrator' AIRFLOW_CTX_TASK_ID='dbt_run_staging.dbt_run_stg_store' AIRFLOW_CTX_EXECUTION_DATE='2024-12-11T16:45:00+00:00' AIRFLOW_CTX_TRY_NUMBER='1' AIRFLOW_CTX_DAG_RUN_ID='scheduled__2024-12-11T16:45:00+00:00'
[2024-12-11T17:08:35.459+0000] {taskinstance.py:430} INFO - ::endgroup::
[2024-12-11T17:08:35.480+0000] {subprocess.py:63} INFO - Tmp dir root location: /tmp
[2024-12-11T17:08:35.481+0000] {subprocess.py:75} INFO - Running command: ['/usr/bin/bash', '-c', 'dbt run --profiles-dir /opt/***/dbt --project-dir /opt/***/dbt/ecommerce --models models/staging/stg_store']
[2024-12-11T17:08:35.507+0000] {subprocess.py:86} INFO - Output:
[2024-12-11T17:08:40.534+0000] {subprocess.py:93} INFO - [0m17:08:40  Running with dbt=1.8.0
[2024-12-11T17:08:41.042+0000] {subprocess.py:93} INFO - [0m17:08:41  [[33mWARNING[0m]: Deprecated functionality
[2024-12-11T17:08:41.044+0000] {subprocess.py:93} INFO - The `tests` config has been renamed to `data_tests`. Please see
[2024-12-11T17:08:41.045+0000] {subprocess.py:93} INFO - https://docs.getdbt.com/docs/build/data-tests#new-data_tests-syntax for more
[2024-12-11T17:08:41.046+0000] {subprocess.py:93} INFO - information.
[2024-12-11T17:08:41.532+0000] {subprocess.py:93} INFO - [0m17:08:41  Registered adapter: postgres=1.8.0
[2024-12-11T17:08:42.758+0000] {subprocess.py:93} INFO - [0m17:08:42  [[33mWARNING[0m]: Configuration paths exist in your dbt_project.yml file which do not apply to any resources.
[2024-12-11T17:08:42.759+0000] {subprocess.py:93} INFO - There are 2 unused configuration paths:
[2024-12-11T17:08:42.759+0000] {subprocess.py:93} INFO - - models.ecommerce.marts.fact
[2024-12-11T17:08:42.759+0000] {subprocess.py:93} INFO - - models.ecommerce.marts.dimensions
[2024-12-11T17:08:43.520+0000] {subprocess.py:93} INFO - [0m17:08:43  Found 15 models, 1 snapshot, 112 data tests, 12 sources, 430 macros
[2024-12-11T17:08:43.529+0000] {subprocess.py:93} INFO - [0m17:08:43  The selection criterion 'models/staging/stg_store' does not match any enabled nodes
[2024-12-11T17:08:43.537+0000] {subprocess.py:93} INFO - [0m17:08:43
[2024-12-11T17:08:43.542+0000] {subprocess.py:93} INFO - [0m17:08:43  Nothing to do. Try checking your model configs and model specification args
[2024-12-11T17:08:44.645+0000] {subprocess.py:97} INFO - Command exited with return code 0
[2024-12-11T17:08:44.646+0000] {taskinstance.py:441} INFO - ::group::Post task execution logs
[2024-12-11T17:08:44.674+0000] {taskinstance.py:1206} INFO - Marking task as SUCCESS. dag_id=dbt_orchestrator, task_id=dbt_run_staging.dbt_run_stg_store, run_id=scheduled__2024-12-11T16:45:00+00:00, execution_date=20241211T164500, start_date=20241211T170834, end_date=20241211T170844
[2024-12-11T17:08:44.718+0000] {local_task_job_runner.py:240} INFO - Task exited with return code 0
[2024-12-11T17:08:44.789+0000] {taskinstance.py:3498} INFO - 0 downstream tasks scheduled from follow-on schedule check
[2024-12-11T17:08:44.792+0000] {local_task_job_runner.py:222} INFO - ::endgroup::
