[2024-12-12T08:10:35.490+0000] {local_task_job_runner.py:120} INFO - ::group::Pre task execution logs
[2024-12-12T08:10:35.532+0000] {taskinstance.py:2076} INFO - Dependencies all met for dep_context=non-requeueable deps ti=<TaskInstance: dbt_orchestrator.dbt_run_staging.dbt_run_stg_product manual__2024-12-12T08:05:08.618053+00:00 [queued]>
[2024-12-12T08:10:35.551+0000] {taskinstance.py:2076} INFO - Dependencies all met for dep_context=requeueable deps ti=<TaskInstance: dbt_orchestrator.dbt_run_staging.dbt_run_stg_product manual__2024-12-12T08:05:08.618053+00:00 [queued]>
[2024-12-12T08:10:35.551+0000] {taskinstance.py:2306} INFO - Starting attempt 2 of 2
[2024-12-12T08:10:35.574+0000] {taskinstance.py:2330} INFO - Executing <Task(BashOperator): dbt_run_staging.dbt_run_stg_product> on 2024-12-12 08:05:08.618053+00:00
[2024-12-12T08:10:35.596+0000] {standard_task_runner.py:63} INFO - Started process 327 to run task
[2024-12-12T08:10:35.601+0000] {standard_task_runner.py:90} INFO - Running: ['***', 'tasks', 'run', 'dbt_orchestrator', 'dbt_run_staging.dbt_run_stg_product', 'manual__2024-12-12T08:05:08.618053+00:00', '--job-id', '152', '--raw', '--subdir', 'DAGS_FOLDER/pipeline.py', '--cfg-path', '/tmp/tmp6wmetowy']
[2024-12-12T08:10:35.603+0000] {standard_task_runner.py:91} INFO - Job 152: Subtask dbt_run_staging.dbt_run_stg_product
[2024-12-12T08:10:35.712+0000] {task_command.py:426} INFO - Running <TaskInstance: dbt_orchestrator.dbt_run_staging.dbt_run_stg_product manual__2024-12-12T08:05:08.618053+00:00 [running]> on host 34fdc836a0bb
[2024-12-12T08:10:35.892+0000] {taskinstance.py:2648} INFO - Exporting env vars: AIRFLOW_CTX_DAG_OWNER='ma7moud' AIRFLOW_CTX_DAG_ID='dbt_orchestrator' AIRFLOW_CTX_TASK_ID='dbt_run_staging.dbt_run_stg_product' AIRFLOW_CTX_EXECUTION_DATE='2024-12-12T08:05:08.618053+00:00' AIRFLOW_CTX_TRY_NUMBER='2' AIRFLOW_CTX_DAG_RUN_ID='manual__2024-12-12T08:05:08.618053+00:00'
[2024-12-12T08:10:35.893+0000] {taskinstance.py:430} INFO - ::endgroup::
[2024-12-12T08:10:35.951+0000] {subprocess.py:63} INFO - Tmp dir root location: /tmp
[2024-12-12T08:10:35.952+0000] {subprocess.py:75} INFO - Running command: ['/usr/bin/bash', '-c', 'dbt run --profiles-dir /opt/***/dbt --project-dir /opt/***/dbt/ecommerce --models models/staging/stg_product']
[2024-12-12T08:10:35.991+0000] {subprocess.py:86} INFO - Output:
[2024-12-12T08:10:40.871+0000] {subprocess.py:93} INFO - [0m08:10:40  Running with dbt=1.8.0
[2024-12-12T08:10:41.165+0000] {subprocess.py:93} INFO - [0m08:10:41  [[33mWARNING[0m]: Deprecated functionality
[2024-12-12T08:10:41.166+0000] {subprocess.py:93} INFO - The `tests` config has been renamed to `data_tests`. Please see
[2024-12-12T08:10:41.166+0000] {subprocess.py:93} INFO - https://docs.getdbt.com/docs/build/data-tests#new-data_tests-syntax for more
[2024-12-12T08:10:41.167+0000] {subprocess.py:93} INFO - information.
[2024-12-12T08:10:41.489+0000] {subprocess.py:93} INFO - [0m08:10:41  Registered adapter: postgres=1.8.0
[2024-12-12T08:10:42.896+0000] {subprocess.py:93} INFO - [0m08:10:42  [[33mWARNING[0m]: Configuration paths exist in your dbt_project.yml file which do not apply to any resources.
[2024-12-12T08:10:42.897+0000] {subprocess.py:93} INFO - There are 2 unused configuration paths:
[2024-12-12T08:10:42.897+0000] {subprocess.py:93} INFO - - models.ecommerce.dimensions
[2024-12-12T08:10:42.898+0000] {subprocess.py:93} INFO - - models.ecommerce.fact
[2024-12-12T08:10:43.701+0000] {subprocess.py:93} INFO - [0m08:10:43  Found 15 models, 1 snapshot, 112 data tests, 12 sources, 430 macros
[2024-12-12T08:10:43.716+0000] {subprocess.py:93} INFO - [0m08:10:43  The selection criterion 'models/staging/stg_product' does not match any enabled nodes
[2024-12-12T08:10:43.717+0000] {subprocess.py:93} INFO - [0m08:10:43
[2024-12-12T08:10:43.743+0000] {subprocess.py:93} INFO - [0m08:10:43  Nothing to do. Try checking your model configs and model specification args
[2024-12-12T08:10:44.850+0000] {subprocess.py:97} INFO - Command exited with return code 0
[2024-12-12T08:10:44.850+0000] {taskinstance.py:441} INFO - ::group::Post task execution logs
[2024-12-12T08:10:44.875+0000] {taskinstance.py:1206} INFO - Marking task as SUCCESS. dag_id=dbt_orchestrator, task_id=dbt_run_staging.dbt_run_stg_product, run_id=manual__2024-12-12T08:05:08.618053+00:00, execution_date=20241212T080508, start_date=20241212T081035, end_date=20241212T081044
[2024-12-12T08:10:44.915+0000] {local_task_job_runner.py:240} INFO - Task exited with return code 0
[2024-12-12T08:10:44.948+0000] {taskinstance.py:3498} INFO - 0 downstream tasks scheduled from follow-on schedule check
[2024-12-12T08:10:44.950+0000] {local_task_job_runner.py:222} INFO - ::endgroup::
