[2024-12-12T09:10:06.315+0000] {local_task_job_runner.py:120} INFO - ::group::Pre task execution logs
[2024-12-12T09:10:06.367+0000] {taskinstance.py:2076} INFO - Dependencies all met for dep_context=non-requeueable deps ti=<TaskInstance: dbt_orchestrator.dbt_run_staging.dbt_run_stg_date scheduled__2024-12-12T08:45:00+00:00 [queued]>
[2024-12-12T09:10:06.392+0000] {taskinstance.py:2076} INFO - Dependencies all met for dep_context=requeueable deps ti=<TaskInstance: dbt_orchestrator.dbt_run_staging.dbt_run_stg_date scheduled__2024-12-12T08:45:00+00:00 [queued]>
[2024-12-12T09:10:06.392+0000] {taskinstance.py:2306} INFO - Starting attempt 3 of 3
[2024-12-12T09:10:06.448+0000] {taskinstance.py:2330} INFO - Executing <Task(BashOperator): dbt_run_staging.dbt_run_stg_date> on 2024-12-12 08:45:00+00:00
[2024-12-12T09:10:06.460+0000] {standard_task_runner.py:63} INFO - Started process 2882 to run task
[2024-12-12T09:10:06.466+0000] {standard_task_runner.py:90} INFO - Running: ['***', 'tasks', 'run', 'dbt_orchestrator', 'dbt_run_staging.dbt_run_stg_date', 'scheduled__2024-12-12T08:45:00+00:00', '--job-id', '417', '--raw', '--subdir', 'DAGS_FOLDER/pipeline.py', '--cfg-path', '/tmp/tmpv4c4arku']
[2024-12-12T09:10:06.469+0000] {standard_task_runner.py:91} INFO - Job 417: Subtask dbt_run_staging.dbt_run_stg_date
[2024-12-12T09:10:06.621+0000] {task_command.py:426} INFO - Running <TaskInstance: dbt_orchestrator.dbt_run_staging.dbt_run_stg_date scheduled__2024-12-12T08:45:00+00:00 [running]> on host 34fdc836a0bb
[2024-12-12T09:10:06.843+0000] {taskinstance.py:2648} INFO - Exporting env vars: AIRFLOW_CTX_DAG_OWNER='ma7moud' AIRFLOW_CTX_DAG_ID='dbt_orchestrator' AIRFLOW_CTX_TASK_ID='dbt_run_staging.dbt_run_stg_date' AIRFLOW_CTX_EXECUTION_DATE='2024-12-12T08:45:00+00:00' AIRFLOW_CTX_TRY_NUMBER='3' AIRFLOW_CTX_DAG_RUN_ID='scheduled__2024-12-12T08:45:00+00:00'
[2024-12-12T09:10:06.849+0000] {taskinstance.py:430} INFO - ::endgroup::
[2024-12-12T09:10:06.876+0000] {subprocess.py:63} INFO - Tmp dir root location: /tmp
[2024-12-12T09:10:06.879+0000] {subprocess.py:75} INFO - Running command: ['/usr/bin/bash', '-c', 'dbt run --profiles-dir /opt/***/dbt --project-dir /opt/***/dbt/ecommerce --models stg_date']
[2024-12-12T09:10:06.950+0000] {subprocess.py:86} INFO - Output:
[2024-12-12T09:10:12.642+0000] {subprocess.py:93} INFO - [0m09:10:12  Running with dbt=1.8.0
[2024-12-12T09:10:13.084+0000] {subprocess.py:93} INFO - [0m09:10:13  [[33mWARNING[0m]: Deprecated functionality
[2024-12-12T09:10:13.085+0000] {subprocess.py:93} INFO - The `tests` config has been renamed to `data_tests`. Please see
[2024-12-12T09:10:13.086+0000] {subprocess.py:93} INFO - https://docs.getdbt.com/docs/build/data-tests#new-data_tests-syntax for more
[2024-12-12T09:10:13.087+0000] {subprocess.py:93} INFO - information.
[2024-12-12T09:10:13.513+0000] {subprocess.py:93} INFO - [0m09:10:13  Registered adapter: postgres=1.8.0
[2024-12-12T09:10:16.616+0000] {subprocess.py:93} INFO - [0m09:10:16  Found 15 models, 1 snapshot, 112 data tests, 12 sources, 430 macros
[2024-12-12T09:10:16.626+0000] {subprocess.py:93} INFO - [0m09:10:16
[2024-12-12T09:10:17.274+0000] {subprocess.py:93} INFO - [0m09:10:17  Concurrency: 3 threads (target='dev')
[2024-12-12T09:10:17.279+0000] {subprocess.py:93} INFO - [0m09:10:17
[2024-12-12T09:10:17.314+0000] {subprocess.py:93} INFO - [0m09:10:17  1 of 1 START sql incremental model olap_model_staging_tables.stg_date .......... [RUN]
[2024-12-12T09:10:17.932+0000] {subprocess.py:93} INFO - [0m09:10:17  1 of 1 OK created sql incremental model olap_model_staging_tables.stg_date ..... [[32mSELECT 402[0m in 0.61s]
[2024-12-12T09:10:17.988+0000] {subprocess.py:93} INFO - [0m09:10:17
[2024-12-12T09:10:17.990+0000] {subprocess.py:93} INFO - [0m09:10:17  Finished running 1 incremental model in 0 hours 0 minutes and 1.36 seconds (1.36s).
[2024-12-12T09:10:18.231+0000] {subprocess.py:93} INFO - [0m09:10:18
[2024-12-12T09:10:18.234+0000] {subprocess.py:93} INFO - [0m09:10:18  [32mCompleted successfully[0m
[2024-12-12T09:10:18.237+0000] {subprocess.py:93} INFO - [0m09:10:18
[2024-12-12T09:10:18.241+0000] {subprocess.py:93} INFO - [0m09:10:18  Done. PASS=1 WARN=0 ERROR=0 SKIP=0 TOTAL=1
[2024-12-12T09:10:19.479+0000] {subprocess.py:97} INFO - Command exited with return code 0
[2024-12-12T09:10:19.480+0000] {taskinstance.py:441} INFO - ::group::Post task execution logs
[2024-12-12T09:10:19.531+0000] {taskinstance.py:1206} INFO - Marking task as SUCCESS. dag_id=dbt_orchestrator, task_id=dbt_run_staging.dbt_run_stg_date, run_id=scheduled__2024-12-12T08:45:00+00:00, execution_date=20241212T084500, start_date=20241212T091006, end_date=20241212T091019
[2024-12-12T09:10:19.597+0000] {local_task_job_runner.py:240} INFO - Task exited with return code 0
[2024-12-12T09:10:19.645+0000] {taskinstance.py:3498} INFO - 0 downstream tasks scheduled from follow-on schedule check
[2024-12-12T09:10:19.648+0000] {local_task_job_runner.py:222} INFO - ::endgroup::
