[2024-12-12T09:06:08.859+0000] {local_task_job_runner.py:120} INFO - ::group::Pre task execution logs
[2024-12-12T09:06:08.918+0000] {taskinstance.py:2076} INFO - Dependencies all met for dep_context=non-requeueable deps ti=<TaskInstance: dbt_orchestrator.dbt_run_staging.dbt_run_stg_date scheduled__2024-12-12T08:45:00+00:00 [queued]>
[2024-12-12T09:06:08.936+0000] {taskinstance.py:2076} INFO - Dependencies all met for dep_context=requeueable deps ti=<TaskInstance: dbt_orchestrator.dbt_run_staging.dbt_run_stg_date scheduled__2024-12-12T08:45:00+00:00 [queued]>
[2024-12-12T09:06:08.937+0000] {taskinstance.py:2306} INFO - Starting attempt 2 of 2
[2024-12-12T09:06:08.968+0000] {taskinstance.py:2330} INFO - Executing <Task(BashOperator): dbt_run_staging.dbt_run_stg_date> on 2024-12-12 08:45:00+00:00
[2024-12-12T09:06:08.981+0000] {standard_task_runner.py:63} INFO - Started process 2608 to run task
[2024-12-12T09:06:08.988+0000] {standard_task_runner.py:90} INFO - Running: ['***', 'tasks', 'run', 'dbt_orchestrator', 'dbt_run_staging.dbt_run_stg_date', 'scheduled__2024-12-12T08:45:00+00:00', '--job-id', '392', '--raw', '--subdir', 'DAGS_FOLDER/pipeline.py', '--cfg-path', '/tmp/tmp4acr0fbk']
[2024-12-12T09:06:08.994+0000] {standard_task_runner.py:91} INFO - Job 392: Subtask dbt_run_staging.dbt_run_stg_date
[2024-12-12T09:06:09.115+0000] {task_command.py:426} INFO - Running <TaskInstance: dbt_orchestrator.dbt_run_staging.dbt_run_stg_date scheduled__2024-12-12T08:45:00+00:00 [running]> on host 34fdc836a0bb
[2024-12-12T09:06:09.348+0000] {taskinstance.py:2648} INFO - Exporting env vars: AIRFLOW_CTX_DAG_OWNER='ma7moud' AIRFLOW_CTX_DAG_ID='dbt_orchestrator' AIRFLOW_CTX_TASK_ID='dbt_run_staging.dbt_run_stg_date' AIRFLOW_CTX_EXECUTION_DATE='2024-12-12T08:45:00+00:00' AIRFLOW_CTX_TRY_NUMBER='2' AIRFLOW_CTX_DAG_RUN_ID='scheduled__2024-12-12T08:45:00+00:00'
[2024-12-12T09:06:09.348+0000] {taskinstance.py:430} INFO - ::endgroup::
[2024-12-12T09:06:09.378+0000] {subprocess.py:63} INFO - Tmp dir root location: /tmp
[2024-12-12T09:06:09.379+0000] {subprocess.py:75} INFO - Running command: ['/usr/bin/bash', '-c', 'dbt run --profiles-dir /opt/***/dbt --project-dir /opt/***/dbt/ecommerce --models stg_date']
[2024-12-12T09:06:09.412+0000] {subprocess.py:86} INFO - Output:
[2024-12-12T09:06:14.768+0000] {subprocess.py:93} INFO - [0m09:06:14  Running with dbt=1.8.0
[2024-12-12T09:06:15.250+0000] {subprocess.py:93} INFO - [0m09:06:15  [[33mWARNING[0m]: Deprecated functionality
[2024-12-12T09:06:15.250+0000] {subprocess.py:93} INFO - The `tests` config has been renamed to `data_tests`. Please see
[2024-12-12T09:06:15.251+0000] {subprocess.py:93} INFO - https://docs.getdbt.com/docs/build/data-tests#new-data_tests-syntax for more
[2024-12-12T09:06:15.251+0000] {subprocess.py:93} INFO - information.
[2024-12-12T09:06:16.122+0000] {subprocess.py:93} INFO - [0m09:06:16  Registered adapter: postgres=1.8.0
[2024-12-12T09:06:21.625+0000] {subprocess.py:93} INFO - [0m09:06:21  Found 15 models, 1 snapshot, 112 data tests, 12 sources, 430 macros
[2024-12-12T09:06:21.635+0000] {subprocess.py:93} INFO - [0m09:06:21
[2024-12-12T09:06:22.544+0000] {subprocess.py:93} INFO - [0m09:06:22  Concurrency: 3 threads (target='dev')
[2024-12-12T09:06:22.544+0000] {subprocess.py:93} INFO - [0m09:06:22
[2024-12-12T09:06:22.550+0000] {subprocess.py:93} INFO - [0m09:06:22  1 of 1 START sql incremental model oltp_staging_tables.stg_date ................ [RUN]
[2024-12-12T09:06:23.057+0000] {subprocess.py:93} INFO - [0m09:06:23  1 of 1 OK created sql incremental model oltp_staging_tables.stg_date ........... [[32mINSERT 0 0[0m in 0.50s]
[2024-12-12T09:06:23.091+0000] {subprocess.py:93} INFO - [0m09:06:23
[2024-12-12T09:06:23.092+0000] {subprocess.py:93} INFO - [0m09:06:23  Finished running 1 incremental model in 0 hours 0 minutes and 1.45 seconds (1.45s).
[2024-12-12T09:06:23.210+0000] {subprocess.py:93} INFO - [0m09:06:23
[2024-12-12T09:06:23.211+0000] {subprocess.py:93} INFO - [0m09:06:23  [32mCompleted successfully[0m
[2024-12-12T09:06:23.214+0000] {subprocess.py:93} INFO - [0m09:06:23
[2024-12-12T09:06:23.215+0000] {subprocess.py:93} INFO - [0m09:06:23  Done. PASS=1 WARN=0 ERROR=0 SKIP=0 TOTAL=1
[2024-12-12T09:06:24.272+0000] {subprocess.py:97} INFO - Command exited with return code 0
[2024-12-12T09:06:24.273+0000] {taskinstance.py:441} INFO - ::group::Post task execution logs
[2024-12-12T09:06:24.303+0000] {taskinstance.py:1206} INFO - Marking task as SUCCESS. dag_id=dbt_orchestrator, task_id=dbt_run_staging.dbt_run_stg_date, run_id=scheduled__2024-12-12T08:45:00+00:00, execution_date=20241212T084500, start_date=20241212T090608, end_date=20241212T090624
[2024-12-12T09:06:24.350+0000] {local_task_job_runner.py:240} INFO - Task exited with return code 0
[2024-12-12T09:06:24.389+0000] {taskinstance.py:3498} INFO - 6 downstream tasks scheduled from follow-on schedule check
[2024-12-12T09:06:24.391+0000] {local_task_job_runner.py:222} INFO - ::endgroup::
