[2024-12-12T08:54:45.013+0000] {local_task_job_runner.py:120} INFO - ::group::Pre task execution logs
[2024-12-12T08:54:45.069+0000] {taskinstance.py:2076} INFO - Dependencies all met for dep_context=non-requeueable deps ti=<TaskInstance: dbt_orchestrator.dbt_run_dimensions.dbt_run_date_dim manual__2024-12-12T08:51:03.221369+00:00 [queued]>
[2024-12-12T08:54:45.090+0000] {taskinstance.py:2076} INFO - Dependencies all met for dep_context=requeueable deps ti=<TaskInstance: dbt_orchestrator.dbt_run_dimensions.dbt_run_date_dim manual__2024-12-12T08:51:03.221369+00:00 [queued]>
[2024-12-12T08:54:45.090+0000] {taskinstance.py:2306} INFO - Starting attempt 2 of 2
[2024-12-12T08:54:45.114+0000] {taskinstance.py:2330} INFO - Executing <Task(BashOperator): dbt_run_dimensions.dbt_run_date_dim> on 2024-12-12 08:51:03.221369+00:00
[2024-12-12T08:54:45.128+0000] {standard_task_runner.py:63} INFO - Started process 1922 to run task
[2024-12-12T08:54:45.136+0000] {standard_task_runner.py:90} INFO - Running: ['***', 'tasks', 'run', 'dbt_orchestrator', 'dbt_run_dimensions.dbt_run_date_dim', 'manual__2024-12-12T08:51:03.221369+00:00', '--job-id', '346', '--raw', '--subdir', 'DAGS_FOLDER/pipeline.py', '--cfg-path', '/tmp/tmpse_p0ax5']
[2024-12-12T08:54:45.137+0000] {standard_task_runner.py:91} INFO - Job 346: Subtask dbt_run_dimensions.dbt_run_date_dim
[2024-12-12T08:54:45.214+0000] {task_command.py:426} INFO - Running <TaskInstance: dbt_orchestrator.dbt_run_dimensions.dbt_run_date_dim manual__2024-12-12T08:51:03.221369+00:00 [running]> on host 34fdc836a0bb
[2024-12-12T08:54:45.404+0000] {taskinstance.py:2648} INFO - Exporting env vars: AIRFLOW_CTX_DAG_OWNER='ma7moud' AIRFLOW_CTX_DAG_ID='dbt_orchestrator' AIRFLOW_CTX_TASK_ID='dbt_run_dimensions.dbt_run_date_dim' AIRFLOW_CTX_EXECUTION_DATE='2024-12-12T08:51:03.221369+00:00' AIRFLOW_CTX_TRY_NUMBER='2' AIRFLOW_CTX_DAG_RUN_ID='manual__2024-12-12T08:51:03.221369+00:00'
[2024-12-12T08:54:45.406+0000] {taskinstance.py:430} INFO - ::endgroup::
[2024-12-12T08:54:45.431+0000] {subprocess.py:63} INFO - Tmp dir root location: /tmp
[2024-12-12T08:54:45.433+0000] {subprocess.py:75} INFO - Running command: ['/usr/bin/bash', '-c', 'dbt run --profiles-dir /opt/***/dbt --project-dir /opt/***/dbt/ecommerce --models date_dim']
[2024-12-12T08:54:45.456+0000] {subprocess.py:86} INFO - Output:
[2024-12-12T08:54:50.731+0000] {subprocess.py:93} INFO - [0m08:54:50  Running with dbt=1.8.0
[2024-12-12T08:54:51.141+0000] {subprocess.py:93} INFO - [0m08:54:51  [[33mWARNING[0m]: Deprecated functionality
[2024-12-12T08:54:51.142+0000] {subprocess.py:93} INFO - The `tests` config has been renamed to `data_tests`. Please see
[2024-12-12T08:54:51.142+0000] {subprocess.py:93} INFO - https://docs.getdbt.com/docs/build/data-tests#new-data_tests-syntax for more
[2024-12-12T08:54:51.143+0000] {subprocess.py:93} INFO - information.
[2024-12-12T08:54:51.589+0000] {subprocess.py:93} INFO - [0m08:54:51  Registered adapter: postgres=1.8.0
[2024-12-12T08:54:53.270+0000] {subprocess.py:93} INFO - [0m08:54:53  Found 15 models, 1 snapshot, 112 data tests, 12 sources, 430 macros
[2024-12-12T08:54:53.274+0000] {subprocess.py:93} INFO - [0m08:54:53  The selection criterion 'date_dim' does not match any enabled nodes
[2024-12-12T08:54:53.277+0000] {subprocess.py:93} INFO - [0m08:54:53
[2024-12-12T08:54:53.278+0000] {subprocess.py:93} INFO - [0m08:54:53  Nothing to do. Try checking your model configs and model specification args
[2024-12-12T08:54:54.741+0000] {subprocess.py:97} INFO - Command exited with return code 0
[2024-12-12T08:54:54.743+0000] {taskinstance.py:441} INFO - ::group::Post task execution logs
[2024-12-12T08:54:54.784+0000] {taskinstance.py:1206} INFO - Marking task as SUCCESS. dag_id=dbt_orchestrator, task_id=dbt_run_dimensions.dbt_run_date_dim, run_id=manual__2024-12-12T08:51:03.221369+00:00, execution_date=20241212T085103, start_date=20241212T085445, end_date=20241212T085454
[2024-12-12T08:54:54.823+0000] {local_task_job_runner.py:240} INFO - Task exited with return code 0
[2024-12-12T08:54:54.877+0000] {taskinstance.py:3498} INFO - 0 downstream tasks scheduled from follow-on schedule check
[2024-12-12T08:54:54.879+0000] {local_task_job_runner.py:222} INFO - ::endgroup::
