[2024-12-12T08:51:32.597+0000] {local_task_job_runner.py:120} INFO - ::group::Pre task execution logs
[2024-12-12T08:51:32.663+0000] {taskinstance.py:2076} INFO - Dependencies all met for dep_context=non-requeueable deps ti=<TaskInstance: dbt_orchestrator.dbt_run_dimensions.dbt_run_date_dim manual__2024-12-12T08:51:03.221369+00:00 [queued]>
[2024-12-12T08:51:32.699+0000] {taskinstance.py:2076} INFO - Dependencies all met for dep_context=requeueable deps ti=<TaskInstance: dbt_orchestrator.dbt_run_dimensions.dbt_run_date_dim manual__2024-12-12T08:51:03.221369+00:00 [queued]>
[2024-12-12T08:51:32.700+0000] {taskinstance.py:2306} INFO - Starting attempt 1 of 1
[2024-12-12T08:51:32.735+0000] {taskinstance.py:2330} INFO - Executing <Task(BashOperator): dbt_run_dimensions.dbt_run_date_dim> on 2024-12-12 08:51:03.221369+00:00
[2024-12-12T08:51:32.749+0000] {standard_task_runner.py:63} INFO - Started process 1677 to run task
[2024-12-12T08:51:32.759+0000] {standard_task_runner.py:90} INFO - Running: ['***', 'tasks', 'run', 'dbt_orchestrator', 'dbt_run_dimensions.dbt_run_date_dim', 'manual__2024-12-12T08:51:03.221369+00:00', '--job-id', '328', '--raw', '--subdir', 'DAGS_FOLDER/pipeline.py', '--cfg-path', '/tmp/tmpa2akcuq5']
[2024-12-12T08:51:32.762+0000] {standard_task_runner.py:91} INFO - Job 328: Subtask dbt_run_dimensions.dbt_run_date_dim
[2024-12-12T08:51:32.871+0000] {task_command.py:426} INFO - Running <TaskInstance: dbt_orchestrator.dbt_run_dimensions.dbt_run_date_dim manual__2024-12-12T08:51:03.221369+00:00 [running]> on host 34fdc836a0bb
[2024-12-12T08:51:33.113+0000] {taskinstance.py:2648} INFO - Exporting env vars: AIRFLOW_CTX_DAG_OWNER='ma7moud' AIRFLOW_CTX_DAG_ID='dbt_orchestrator' AIRFLOW_CTX_TASK_ID='dbt_run_dimensions.dbt_run_date_dim' AIRFLOW_CTX_EXECUTION_DATE='2024-12-12T08:51:03.221369+00:00' AIRFLOW_CTX_TRY_NUMBER='1' AIRFLOW_CTX_DAG_RUN_ID='manual__2024-12-12T08:51:03.221369+00:00'
[2024-12-12T08:51:33.115+0000] {taskinstance.py:430} INFO - ::endgroup::
[2024-12-12T08:51:33.147+0000] {subprocess.py:63} INFO - Tmp dir root location: /tmp
[2024-12-12T08:51:33.147+0000] {subprocess.py:75} INFO - Running command: ['/usr/bin/bash', '-c', 'dbt run --profiles-dir /opt/***/dbt --project-dir /opt/***/dbt/ecommerce --models date_dim']
[2024-12-12T08:51:33.166+0000] {subprocess.py:86} INFO - Output:
[2024-12-12T08:51:37.931+0000] {subprocess.py:93} INFO - [0m08:51:37  Running with dbt=1.8.0
[2024-12-12T08:51:38.220+0000] {subprocess.py:93} INFO - [0m08:51:38  [[33mWARNING[0m]: Deprecated functionality
[2024-12-12T08:51:38.220+0000] {subprocess.py:93} INFO - The `tests` config has been renamed to `data_tests`. Please see
[2024-12-12T08:51:38.221+0000] {subprocess.py:93} INFO - https://docs.getdbt.com/docs/build/data-tests#new-data_tests-syntax for more
[2024-12-12T08:51:38.221+0000] {subprocess.py:93} INFO - information.
[2024-12-12T08:51:38.587+0000] {subprocess.py:93} INFO - [0m08:51:38  Registered adapter: postgres=1.8.0
[2024-12-12T08:51:40.562+0000] {subprocess.py:93} INFO - [0m08:51:40  Found 15 models, 1 snapshot, 112 data tests, 12 sources, 430 macros
[2024-12-12T08:51:40.570+0000] {subprocess.py:93} INFO - [0m08:51:40  The selection criterion 'date_dim' does not match any enabled nodes
[2024-12-12T08:51:40.576+0000] {subprocess.py:93} INFO - [0m08:51:40
[2024-12-12T08:51:40.579+0000] {subprocess.py:93} INFO - [0m08:51:40  Nothing to do. Try checking your model configs and model specification args
[2024-12-12T08:51:42.035+0000] {subprocess.py:97} INFO - Command exited with return code 0
[2024-12-12T08:51:42.036+0000] {taskinstance.py:441} INFO - ::group::Post task execution logs
[2024-12-12T08:51:42.080+0000] {taskinstance.py:1206} INFO - Marking task as SUCCESS. dag_id=dbt_orchestrator, task_id=dbt_run_dimensions.dbt_run_date_dim, run_id=manual__2024-12-12T08:51:03.221369+00:00, execution_date=20241212T085103, start_date=20241212T085132, end_date=20241212T085142
[2024-12-12T08:51:42.143+0000] {local_task_job_runner.py:240} INFO - Task exited with return code 0
[2024-12-12T08:51:42.173+0000] {taskinstance.py:3498} INFO - 0 downstream tasks scheduled from follow-on schedule check
[2024-12-12T08:51:42.175+0000] {local_task_job_runner.py:222} INFO - ::endgroup::
