[2024-12-12T08:54:20.941+0000] {local_task_job_runner.py:120} INFO - ::group::Pre task execution logs
[2024-12-12T08:54:20.962+0000] {taskinstance.py:2076} INFO - Dependencies all met for dep_context=non-requeueable deps ti=<TaskInstance: dbt_orchestrator.run_snapshot.dbt_snapshot manual__2024-12-12T08:51:03.221369+00:00 [queued]>
[2024-12-12T08:54:20.971+0000] {taskinstance.py:2076} INFO - Dependencies all met for dep_context=requeueable deps ti=<TaskInstance: dbt_orchestrator.run_snapshot.dbt_snapshot manual__2024-12-12T08:51:03.221369+00:00 [queued]>
[2024-12-12T08:54:20.971+0000] {taskinstance.py:2306} INFO - Starting attempt 2 of 2
[2024-12-12T08:54:20.985+0000] {taskinstance.py:2330} INFO - Executing <Task(BashOperator): run_snapshot.dbt_snapshot> on 2024-12-12 08:51:03.221369+00:00
[2024-12-12T08:54:20.993+0000] {standard_task_runner.py:63} INFO - Started process 1771 to run task
[2024-12-12T08:54:20.996+0000] {standard_task_runner.py:90} INFO - Running: ['***', 'tasks', 'run', 'dbt_orchestrator', 'run_snapshot.dbt_snapshot', 'manual__2024-12-12T08:51:03.221369+00:00', '--job-id', '334', '--raw', '--subdir', 'DAGS_FOLDER/pipeline.py', '--cfg-path', '/tmp/tmpxxnfdzru']
[2024-12-12T08:54:20.997+0000] {standard_task_runner.py:91} INFO - Job 334: Subtask run_snapshot.dbt_snapshot
[2024-12-12T08:54:21.046+0000] {task_command.py:426} INFO - Running <TaskInstance: dbt_orchestrator.run_snapshot.dbt_snapshot manual__2024-12-12T08:51:03.221369+00:00 [running]> on host 34fdc836a0bb
[2024-12-12T08:54:21.149+0000] {taskinstance.py:2648} INFO - Exporting env vars: AIRFLOW_CTX_DAG_OWNER='ma7moud' AIRFLOW_CTX_DAG_ID='dbt_orchestrator' AIRFLOW_CTX_TASK_ID='run_snapshot.dbt_snapshot' AIRFLOW_CTX_EXECUTION_DATE='2024-12-12T08:51:03.221369+00:00' AIRFLOW_CTX_TRY_NUMBER='2' AIRFLOW_CTX_DAG_RUN_ID='manual__2024-12-12T08:51:03.221369+00:00'
[2024-12-12T08:54:21.150+0000] {taskinstance.py:430} INFO - ::endgroup::
[2024-12-12T08:54:21.162+0000] {subprocess.py:63} INFO - Tmp dir root location: /tmp
[2024-12-12T08:54:21.163+0000] {subprocess.py:75} INFO - Running command: ['/usr/bin/bash', '-c', 'dbt snapshot --profiles-dir /opt/***/dbt --project-dir /opt/***/dbt/ecommerce']
[2024-12-12T08:54:21.179+0000] {subprocess.py:86} INFO - Output:
[2024-12-12T08:54:23.356+0000] {subprocess.py:93} INFO - [0m08:54:23  Running with dbt=1.8.0
[2024-12-12T08:54:23.525+0000] {subprocess.py:93} INFO - [0m08:54:23  [[33mWARNING[0m]: Deprecated functionality
[2024-12-12T08:54:23.526+0000] {subprocess.py:93} INFO - The `tests` config has been renamed to `data_tests`. Please see
[2024-12-12T08:54:23.526+0000] {subprocess.py:93} INFO - https://docs.getdbt.com/docs/build/data-tests#new-data_tests-syntax for more
[2024-12-12T08:54:23.527+0000] {subprocess.py:93} INFO - information.
[2024-12-12T08:54:23.728+0000] {subprocess.py:93} INFO - [0m08:54:23  Registered adapter: postgres=1.8.0
[2024-12-12T08:54:24.156+0000] {subprocess.py:93} INFO - [0m08:54:24  Unable to do partial parsing because of a version mismatch
[2024-12-12T08:54:27.116+0000] {subprocess.py:93} INFO - [0m08:54:27  Found 15 models, 1 snapshot, 112 data tests, 12 sources, 430 macros
[2024-12-12T08:54:27.122+0000] {subprocess.py:93} INFO - [0m08:54:27
[2024-12-12T08:54:27.532+0000] {subprocess.py:93} INFO - [0m08:54:27  Concurrency: 3 threads (target='dev')
[2024-12-12T08:54:27.533+0000] {subprocess.py:93} INFO - [0m08:54:27
[2024-12-12T08:54:27.545+0000] {subprocess.py:93} INFO - [0m08:54:27  1 of 1 START snapshot snapshots.CDC_product .................................... [RUN]
[2024-12-12T08:54:27.878+0000] {subprocess.py:93} INFO - [0m08:54:27  1 of 1 OK snapshotted snapshots.CDC_product .................................... [[32mINSERT 0 0[0m in 0.33s]
[2024-12-12T08:54:27.894+0000] {subprocess.py:93} INFO - [0m08:54:27
[2024-12-12T08:54:27.894+0000] {subprocess.py:93} INFO - [0m08:54:27  Finished running 1 snapshot in 0 hours 0 minutes and 0.77 seconds (0.77s).
[2024-12-12T08:54:27.984+0000] {subprocess.py:93} INFO - [0m08:54:27
[2024-12-12T08:54:27.985+0000] {subprocess.py:93} INFO - [0m08:54:27  [32mCompleted successfully[0m
[2024-12-12T08:54:27.986+0000] {subprocess.py:93} INFO - [0m08:54:27
[2024-12-12T08:54:27.986+0000] {subprocess.py:93} INFO - [0m08:54:27  Done. PASS=1 WARN=0 ERROR=0 SKIP=0 TOTAL=1
[2024-12-12T08:54:28.927+0000] {subprocess.py:97} INFO - Command exited with return code 0
[2024-12-12T08:54:28.928+0000] {taskinstance.py:441} INFO - ::group::Post task execution logs
[2024-12-12T08:54:28.952+0000] {taskinstance.py:1206} INFO - Marking task as SUCCESS. dag_id=dbt_orchestrator, task_id=run_snapshot.dbt_snapshot, run_id=manual__2024-12-12T08:51:03.221369+00:00, execution_date=20241212T085103, start_date=20241212T085420, end_date=20241212T085428
[2024-12-12T08:54:28.989+0000] {local_task_job_runner.py:240} INFO - Task exited with return code 0
[2024-12-12T08:54:29.033+0000] {taskinstance.py:3498} INFO - 8 downstream tasks scheduled from follow-on schedule check
[2024-12-12T08:54:29.035+0000] {local_task_job_runner.py:222} INFO - ::endgroup::
