[2024-12-12T08:51:09.876+0000] {local_task_job_runner.py:120} INFO - ::group::Pre task execution logs
[2024-12-12T08:51:09.906+0000] {taskinstance.py:2076} INFO - Dependencies all met for dep_context=non-requeueable deps ti=<TaskInstance: dbt_orchestrator.run_snapshot.dbt_snapshot manual__2024-12-12T08:51:03.221369+00:00 [queued]>
[2024-12-12T08:51:09.915+0000] {taskinstance.py:2076} INFO - Dependencies all met for dep_context=requeueable deps ti=<TaskInstance: dbt_orchestrator.run_snapshot.dbt_snapshot manual__2024-12-12T08:51:03.221369+00:00 [queued]>
[2024-12-12T08:51:09.915+0000] {taskinstance.py:2306} INFO - Starting attempt 1 of 1
[2024-12-12T08:51:09.930+0000] {taskinstance.py:2330} INFO - Executing <Task(BashOperator): run_snapshot.dbt_snapshot> on 2024-12-12 08:51:03.221369+00:00
[2024-12-12T08:51:09.938+0000] {standard_task_runner.py:63} INFO - Started process 1535 to run task
[2024-12-12T08:51:09.942+0000] {standard_task_runner.py:90} INFO - Running: ['***', 'tasks', 'run', 'dbt_orchestrator', 'run_snapshot.dbt_snapshot', 'manual__2024-12-12T08:51:03.221369+00:00', '--job-id', '317', '--raw', '--subdir', 'DAGS_FOLDER/pipeline.py', '--cfg-path', '/tmp/tmp_8k1hsd3']
[2024-12-12T08:51:09.943+0000] {standard_task_runner.py:91} INFO - Job 317: Subtask run_snapshot.dbt_snapshot
[2024-12-12T08:51:09.990+0000] {task_command.py:426} INFO - Running <TaskInstance: dbt_orchestrator.run_snapshot.dbt_snapshot manual__2024-12-12T08:51:03.221369+00:00 [running]> on host 34fdc836a0bb
[2024-12-12T08:51:10.083+0000] {taskinstance.py:2648} INFO - Exporting env vars: AIRFLOW_CTX_DAG_OWNER='ma7moud' AIRFLOW_CTX_DAG_ID='dbt_orchestrator' AIRFLOW_CTX_TASK_ID='run_snapshot.dbt_snapshot' AIRFLOW_CTX_EXECUTION_DATE='2024-12-12T08:51:03.221369+00:00' AIRFLOW_CTX_TRY_NUMBER='1' AIRFLOW_CTX_DAG_RUN_ID='manual__2024-12-12T08:51:03.221369+00:00'
[2024-12-12T08:51:10.084+0000] {taskinstance.py:430} INFO - ::endgroup::
[2024-12-12T08:51:10.099+0000] {subprocess.py:63} INFO - Tmp dir root location: /tmp
[2024-12-12T08:51:10.100+0000] {subprocess.py:75} INFO - Running command: ['/usr/bin/bash', '-c', 'dbt snapshot --profiles-dir /opt/***/dbt --project-dir /opt/***/dbt/ecommerce']
[2024-12-12T08:51:10.115+0000] {subprocess.py:86} INFO - Output:
[2024-12-12T08:51:12.653+0000] {subprocess.py:93} INFO - [0m08:51:12  Running with dbt=1.8.0
[2024-12-12T08:51:12.827+0000] {subprocess.py:93} INFO - [0m08:51:12  [[33mWARNING[0m]: Deprecated functionality
[2024-12-12T08:51:12.828+0000] {subprocess.py:93} INFO - The `tests` config has been renamed to `data_tests`. Please see
[2024-12-12T08:51:12.828+0000] {subprocess.py:93} INFO - https://docs.getdbt.com/docs/build/data-tests#new-data_tests-syntax for more
[2024-12-12T08:51:12.828+0000] {subprocess.py:93} INFO - information.
[2024-12-12T08:51:12.983+0000] {subprocess.py:93} INFO - [0m08:51:12  Registered adapter: postgres=1.8.0
[2024-12-12T08:51:13.799+0000] {subprocess.py:93} INFO - [0m08:51:13  Found 15 models, 1 snapshot, 112 data tests, 12 sources, 430 macros
[2024-12-12T08:51:13.807+0000] {subprocess.py:93} INFO - [0m08:51:13
[2024-12-12T08:51:14.146+0000] {subprocess.py:93} INFO - [0m08:51:14  Concurrency: 3 threads (target='dev')
[2024-12-12T08:51:14.147+0000] {subprocess.py:93} INFO - [0m08:51:14
[2024-12-12T08:51:14.151+0000] {subprocess.py:93} INFO - [0m08:51:14  1 of 1 START snapshot snapshots.CDC_product .................................... [RUN]
[2024-12-12T08:51:14.498+0000] {subprocess.py:93} INFO - [0m08:51:14  1 of 1 OK snapshotted snapshots.CDC_product .................................... [[32mINSERT 0 0[0m in 0.34s]
[2024-12-12T08:51:14.513+0000] {subprocess.py:93} INFO - [0m08:51:14
[2024-12-12T08:51:14.514+0000] {subprocess.py:93} INFO - [0m08:51:14  Finished running 1 snapshot in 0 hours 0 minutes and 0.70 seconds (0.70s).
[2024-12-12T08:51:14.621+0000] {subprocess.py:93} INFO - [0m08:51:14
[2024-12-12T08:51:14.623+0000] {subprocess.py:93} INFO - [0m08:51:14  [32mCompleted successfully[0m
[2024-12-12T08:51:14.625+0000] {subprocess.py:93} INFO - [0m08:51:14
[2024-12-12T08:51:14.626+0000] {subprocess.py:93} INFO - [0m08:51:14  Done. PASS=1 WARN=0 ERROR=0 SKIP=0 TOTAL=1
[2024-12-12T08:51:15.567+0000] {subprocess.py:97} INFO - Command exited with return code 0
[2024-12-12T08:51:15.568+0000] {taskinstance.py:441} INFO - ::group::Post task execution logs
[2024-12-12T08:51:15.592+0000] {taskinstance.py:1206} INFO - Marking task as SUCCESS. dag_id=dbt_orchestrator, task_id=run_snapshot.dbt_snapshot, run_id=manual__2024-12-12T08:51:03.221369+00:00, execution_date=20241212T085103, start_date=20241212T085109, end_date=20241212T085115
[2024-12-12T08:51:15.650+0000] {local_task_job_runner.py:240} INFO - Task exited with return code 0
[2024-12-12T08:51:15.695+0000] {taskinstance.py:3498} INFO - 8 downstream tasks scheduled from follow-on schedule check
[2024-12-12T08:51:15.696+0000] {local_task_job_runner.py:222} INFO - ::endgroup::
