[2024-12-12T09:23:01.549+0000] {local_task_job_runner.py:120} INFO - ::group::Pre task execution logs
[2024-12-12T09:23:01.615+0000] {taskinstance.py:2076} INFO - Dependencies all met for dep_context=non-requeueable deps ti=<TaskInstance: dbt_orchestrator.dbt_run_staging.dbt_run_stg_product scheduled__2024-12-12T09:00:00+00:00 [queued]>
[2024-12-12T09:23:01.640+0000] {taskinstance.py:2076} INFO - Dependencies all met for dep_context=requeueable deps ti=<TaskInstance: dbt_orchestrator.dbt_run_staging.dbt_run_stg_product scheduled__2024-12-12T09:00:00+00:00 [queued]>
[2024-12-12T09:23:01.641+0000] {taskinstance.py:2306} INFO - Starting attempt 1 of 1
[2024-12-12T09:23:01.679+0000] {taskinstance.py:2330} INFO - Executing <Task(BashOperator): dbt_run_staging.dbt_run_stg_product> on 2024-12-12 09:00:00+00:00
[2024-12-12T09:23:01.700+0000] {standard_task_runner.py:63} INFO - Started process 3152 to run task
[2024-12-12T09:23:01.705+0000] {standard_task_runner.py:90} INFO - Running: ['***', 'tasks', 'run', 'dbt_orchestrator', 'dbt_run_staging.dbt_run_stg_product', 'scheduled__2024-12-12T09:00:00+00:00', '--job-id', '431', '--raw', '--subdir', 'DAGS_FOLDER/pipeline.py', '--cfg-path', '/tmp/tmpbj5jy2ms']
[2024-12-12T09:23:01.708+0000] {standard_task_runner.py:91} INFO - Job 431: Subtask dbt_run_staging.dbt_run_stg_product
[2024-12-12T09:23:01.823+0000] {task_command.py:426} INFO - Running <TaskInstance: dbt_orchestrator.dbt_run_staging.dbt_run_stg_product scheduled__2024-12-12T09:00:00+00:00 [running]> on host 34fdc836a0bb
[2024-12-12T09:23:02.072+0000] {taskinstance.py:2648} INFO - Exporting env vars: AIRFLOW_CTX_DAG_OWNER='ma7moud' AIRFLOW_CTX_DAG_ID='dbt_orchestrator' AIRFLOW_CTX_TASK_ID='dbt_run_staging.dbt_run_stg_product' AIRFLOW_CTX_EXECUTION_DATE='2024-12-12T09:00:00+00:00' AIRFLOW_CTX_TRY_NUMBER='1' AIRFLOW_CTX_DAG_RUN_ID='scheduled__2024-12-12T09:00:00+00:00'
[2024-12-12T09:23:02.077+0000] {taskinstance.py:430} INFO - ::endgroup::
[2024-12-12T09:23:02.114+0000] {subprocess.py:63} INFO - Tmp dir root location: /tmp
[2024-12-12T09:23:02.115+0000] {subprocess.py:75} INFO - Running command: ['/usr/bin/bash', '-c', 'dbt run --profiles-dir /opt/***/dbt --project-dir /opt/***/dbt/ecommerce --models stg_product']
[2024-12-12T09:23:02.157+0000] {subprocess.py:86} INFO - Output:
[2024-12-12T09:23:07.496+0000] {subprocess.py:93} INFO - [0m09:23:07  Running with dbt=1.8.0
[2024-12-12T09:23:07.915+0000] {subprocess.py:93} INFO - [0m09:23:07  [[33mWARNING[0m]: Deprecated functionality
[2024-12-12T09:23:07.915+0000] {subprocess.py:93} INFO - The `tests` config has been renamed to `data_tests`. Please see
[2024-12-12T09:23:07.916+0000] {subprocess.py:93} INFO - https://docs.getdbt.com/docs/build/data-tests#new-data_tests-syntax for more
[2024-12-12T09:23:07.918+0000] {subprocess.py:93} INFO - information.
[2024-12-12T09:23:08.680+0000] {subprocess.py:93} INFO - [0m09:23:08  Registered adapter: postgres=1.8.0
[2024-12-12T09:23:11.070+0000] {subprocess.py:93} INFO - [0m09:23:11  Found 15 models, 1 snapshot, 112 data tests, 12 sources, 430 macros
[2024-12-12T09:23:11.085+0000] {subprocess.py:93} INFO - [0m09:23:11
[2024-12-12T09:23:11.705+0000] {subprocess.py:93} INFO - [0m09:23:11  Concurrency: 3 threads (target='dev')
[2024-12-12T09:23:11.707+0000] {subprocess.py:93} INFO - [0m09:23:11
[2024-12-12T09:23:11.715+0000] {subprocess.py:93} INFO - [0m09:23:11  1 of 1 START sql incremental model olap_model_staging_tables.stg_product ....... [RUN]
[2024-12-12T09:23:12.143+0000] {subprocess.py:93} INFO - [0m09:23:12  1 of 1 OK created sql incremental model olap_model_staging_tables.stg_product .. [[32mSELECT 100[0m in 0.43s]
[2024-12-12T09:23:12.163+0000] {subprocess.py:93} INFO - [0m09:23:12
[2024-12-12T09:23:12.165+0000] {subprocess.py:93} INFO - [0m09:23:12  Finished running 1 incremental model in 0 hours 0 minutes and 1.08 seconds (1.08s).
[2024-12-12T09:23:12.290+0000] {subprocess.py:93} INFO - [0m09:23:12
[2024-12-12T09:23:12.292+0000] {subprocess.py:93} INFO - [0m09:23:12  [32mCompleted successfully[0m
[2024-12-12T09:23:12.293+0000] {subprocess.py:93} INFO - [0m09:23:12
[2024-12-12T09:23:12.294+0000] {subprocess.py:93} INFO - [0m09:23:12  Done. PASS=1 WARN=0 ERROR=0 SKIP=0 TOTAL=1
[2024-12-12T09:23:13.678+0000] {subprocess.py:97} INFO - Command exited with return code 0
[2024-12-12T09:23:13.680+0000] {taskinstance.py:441} INFO - ::group::Post task execution logs
[2024-12-12T09:23:13.754+0000] {taskinstance.py:1206} INFO - Marking task as SUCCESS. dag_id=dbt_orchestrator, task_id=dbt_run_staging.dbt_run_stg_product, run_id=scheduled__2024-12-12T09:00:00+00:00, execution_date=20241212T090000, start_date=20241212T092301, end_date=20241212T092313
[2024-12-12T09:23:13.799+0000] {local_task_job_runner.py:240} INFO - Task exited with return code 0
[2024-12-12T09:23:13.847+0000] {taskinstance.py:3498} INFO - 0 downstream tasks scheduled from follow-on schedule check
[2024-12-12T09:23:13.849+0000] {local_task_job_runner.py:222} INFO - ::endgroup::
