[2024-12-12T09:10:31.874+0000] {local_task_job_runner.py:120} INFO - ::group::Pre task execution logs
[2024-12-12T09:10:31.905+0000] {taskinstance.py:2076} INFO - Dependencies all met for dep_context=non-requeueable deps ti=<TaskInstance: dbt_orchestrator.dbt_run_fact.dbt_run_fact_model_fact_sales scheduled__2024-12-12T08:45:00+00:00 [queued]>
[2024-12-12T09:10:31.916+0000] {taskinstance.py:2076} INFO - Dependencies all met for dep_context=requeueable deps ti=<TaskInstance: dbt_orchestrator.dbt_run_fact.dbt_run_fact_model_fact_sales scheduled__2024-12-12T08:45:00+00:00 [queued]>
[2024-12-12T09:10:31.917+0000] {taskinstance.py:2306} INFO - Starting attempt 3 of 3
[2024-12-12T09:10:31.929+0000] {taskinstance.py:2330} INFO - Executing <Task(BashOperator): dbt_run_fact.dbt_run_fact_model_fact_sales> on 2024-12-12 08:45:00+00:00
[2024-12-12T09:10:31.936+0000] {standard_task_runner.py:63} INFO - Started process 3082 to run task
[2024-12-12T09:10:31.939+0000] {standard_task_runner.py:90} INFO - Running: ['***', 'tasks', 'run', 'dbt_orchestrator', 'dbt_run_fact.dbt_run_fact_model_fact_sales', 'scheduled__2024-12-12T08:45:00+00:00', '--job-id', '425', '--raw', '--subdir', 'DAGS_FOLDER/pipeline.py', '--cfg-path', '/tmp/tmpmxdpdivl']
[2024-12-12T09:10:31.941+0000] {standard_task_runner.py:91} INFO - Job 425: Subtask dbt_run_fact.dbt_run_fact_model_fact_sales
[2024-12-12T09:10:31.999+0000] {task_command.py:426} INFO - Running <TaskInstance: dbt_orchestrator.dbt_run_fact.dbt_run_fact_model_fact_sales scheduled__2024-12-12T08:45:00+00:00 [running]> on host 34fdc836a0bb
[2024-12-12T09:10:32.103+0000] {taskinstance.py:2648} INFO - Exporting env vars: AIRFLOW_CTX_DAG_OWNER='ma7moud' AIRFLOW_CTX_DAG_ID='dbt_orchestrator' AIRFLOW_CTX_TASK_ID='dbt_run_fact.dbt_run_fact_model_fact_sales' AIRFLOW_CTX_EXECUTION_DATE='2024-12-12T08:45:00+00:00' AIRFLOW_CTX_TRY_NUMBER='3' AIRFLOW_CTX_DAG_RUN_ID='scheduled__2024-12-12T08:45:00+00:00'
[2024-12-12T09:10:32.104+0000] {taskinstance.py:430} INFO - ::endgroup::
[2024-12-12T09:10:32.117+0000] {subprocess.py:63} INFO - Tmp dir root location: /tmp
[2024-12-12T09:10:32.118+0000] {subprocess.py:75} INFO - Running command: ['/usr/bin/bash', '-c', 'dbt run --profiles-dir /opt/***/dbt --project-dir /opt/***/dbt/ecommerce --models fact_sales']
[2024-12-12T09:10:32.132+0000] {subprocess.py:86} INFO - Output:
[2024-12-12T09:10:34.407+0000] {subprocess.py:93} INFO - [0m09:10:34  Running with dbt=1.8.0
[2024-12-12T09:10:34.567+0000] {subprocess.py:93} INFO - [0m09:10:34  [[33mWARNING[0m]: Deprecated functionality
[2024-12-12T09:10:34.568+0000] {subprocess.py:93} INFO - The `tests` config has been renamed to `data_tests`. Please see
[2024-12-12T09:10:34.568+0000] {subprocess.py:93} INFO - https://docs.getdbt.com/docs/build/data-tests#new-data_tests-syntax for more
[2024-12-12T09:10:34.569+0000] {subprocess.py:93} INFO - information.
[2024-12-12T09:10:34.722+0000] {subprocess.py:93} INFO - [0m09:10:34  Registered adapter: postgres=1.8.0
[2024-12-12T09:10:35.653+0000] {subprocess.py:93} INFO - [0m09:10:35  Found 15 models, 1 snapshot, 112 data tests, 12 sources, 430 macros
[2024-12-12T09:10:35.659+0000] {subprocess.py:93} INFO - [0m09:10:35
[2024-12-12T09:10:35.894+0000] {subprocess.py:93} INFO - [0m09:10:35  Concurrency: 3 threads (target='dev')
[2024-12-12T09:10:35.895+0000] {subprocess.py:93} INFO - [0m09:10:35
[2024-12-12T09:10:35.900+0000] {subprocess.py:93} INFO - [0m09:10:35  1 of 1 START sql incremental model olap_model.fact_sales ....................... [RUN]
[2024-12-12T09:10:36.151+0000] {subprocess.py:93} INFO - [0m09:10:36  1 of 1 OK created sql incremental model olap_model.fact_sales .................. [[32mSELECT 1294[0m in 0.25s]
[2024-12-12T09:10:36.168+0000] {subprocess.py:93} INFO - [0m09:10:36
[2024-12-12T09:10:36.168+0000] {subprocess.py:93} INFO - [0m09:10:36  Finished running 1 incremental model in 0 hours 0 minutes and 0.51 seconds (0.51s).
[2024-12-12T09:10:36.254+0000] {subprocess.py:93} INFO - [0m09:10:36
[2024-12-12T09:10:36.255+0000] {subprocess.py:93} INFO - [0m09:10:36  [32mCompleted successfully[0m
[2024-12-12T09:10:36.256+0000] {subprocess.py:93} INFO - [0m09:10:36
[2024-12-12T09:10:36.257+0000] {subprocess.py:93} INFO - [0m09:10:36  Done. PASS=1 WARN=0 ERROR=0 SKIP=0 TOTAL=1
[2024-12-12T09:10:37.221+0000] {subprocess.py:97} INFO - Command exited with return code 0
[2024-12-12T09:10:37.222+0000] {taskinstance.py:441} INFO - ::group::Post task execution logs
[2024-12-12T09:10:37.248+0000] {taskinstance.py:1206} INFO - Marking task as SUCCESS. dag_id=dbt_orchestrator, task_id=dbt_run_fact.dbt_run_fact_model_fact_sales, run_id=scheduled__2024-12-12T08:45:00+00:00, execution_date=20241212T084500, start_date=20241212T091031, end_date=20241212T091037
[2024-12-12T09:10:37.294+0000] {local_task_job_runner.py:240} INFO - Task exited with return code 0
[2024-12-12T09:10:37.317+0000] {taskinstance.py:3498} INFO - 1 downstream tasks scheduled from follow-on schedule check
[2024-12-12T09:10:37.319+0000] {local_task_job_runner.py:222} INFO - ::endgroup::
