[2024-12-12T09:00:44.793+0000] {local_task_job_runner.py:120} INFO - ::group::Pre task execution logs
[2024-12-12T09:00:44.824+0000] {taskinstance.py:2076} INFO - Dependencies all met for dep_context=non-requeueable deps ti=<TaskInstance: dbt_orchestrator.dbt_run_fact.dbt_run_fact_model_fact_sales scheduled__2024-12-12T08:45:00+00:00 [queued]>
[2024-12-12T09:00:44.839+0000] {taskinstance.py:2076} INFO - Dependencies all met for dep_context=requeueable deps ti=<TaskInstance: dbt_orchestrator.dbt_run_fact.dbt_run_fact_model_fact_sales scheduled__2024-12-12T08:45:00+00:00 [queued]>
[2024-12-12T09:00:44.840+0000] {taskinstance.py:2306} INFO - Starting attempt 1 of 1
[2024-12-12T09:00:44.854+0000] {taskinstance.py:2330} INFO - Executing <Task(BashOperator): dbt_run_fact.dbt_run_fact_model_fact_sales> on 2024-12-12 08:45:00+00:00
[2024-12-12T09:00:44.861+0000] {standard_task_runner.py:63} INFO - Started process 2541 to run task
[2024-12-12T09:00:44.863+0000] {standard_task_runner.py:90} INFO - Running: ['***', 'tasks', 'run', 'dbt_orchestrator', 'dbt_run_fact.dbt_run_fact_model_fact_sales', 'scheduled__2024-12-12T08:45:00+00:00', '--job-id', '388', '--raw', '--subdir', 'DAGS_FOLDER/pipeline.py', '--cfg-path', '/tmp/tmpnfaunw0x']
[2024-12-12T09:00:44.864+0000] {standard_task_runner.py:91} INFO - Job 388: Subtask dbt_run_fact.dbt_run_fact_model_fact_sales
[2024-12-12T09:00:44.923+0000] {task_command.py:426} INFO - Running <TaskInstance: dbt_orchestrator.dbt_run_fact.dbt_run_fact_model_fact_sales scheduled__2024-12-12T08:45:00+00:00 [running]> on host 34fdc836a0bb
[2024-12-12T09:00:45.017+0000] {taskinstance.py:2648} INFO - Exporting env vars: AIRFLOW_CTX_DAG_OWNER='ma7moud' AIRFLOW_CTX_DAG_ID='dbt_orchestrator' AIRFLOW_CTX_TASK_ID='dbt_run_fact.dbt_run_fact_model_fact_sales' AIRFLOW_CTX_EXECUTION_DATE='2024-12-12T08:45:00+00:00' AIRFLOW_CTX_TRY_NUMBER='1' AIRFLOW_CTX_DAG_RUN_ID='scheduled__2024-12-12T08:45:00+00:00'
[2024-12-12T09:00:45.018+0000] {taskinstance.py:430} INFO - ::endgroup::
[2024-12-12T09:00:45.032+0000] {subprocess.py:63} INFO - Tmp dir root location: /tmp
[2024-12-12T09:00:45.032+0000] {subprocess.py:75} INFO - Running command: ['/usr/bin/bash', '-c', 'dbt run --profiles-dir /opt/***/dbt --project-dir /opt/***/dbt/ecommerce --models fact_sales']
[2024-12-12T09:00:45.047+0000] {subprocess.py:86} INFO - Output:
[2024-12-12T09:00:47.241+0000] {subprocess.py:93} INFO - [0m09:00:47  Running with dbt=1.8.0
[2024-12-12T09:00:47.407+0000] {subprocess.py:93} INFO - [0m09:00:47  [[33mWARNING[0m]: Deprecated functionality
[2024-12-12T09:00:47.407+0000] {subprocess.py:93} INFO - The `tests` config has been renamed to `data_tests`. Please see
[2024-12-12T09:00:47.407+0000] {subprocess.py:93} INFO - https://docs.getdbt.com/docs/build/data-tests#new-data_tests-syntax for more
[2024-12-12T09:00:47.408+0000] {subprocess.py:93} INFO - information.
[2024-12-12T09:00:47.589+0000] {subprocess.py:93} INFO - [0m09:00:47  Registered adapter: postgres=1.8.0
[2024-12-12T09:00:48.550+0000] {subprocess.py:93} INFO - [0m09:00:48  Found 15 models, 1 snapshot, 112 data tests, 12 sources, 430 macros
[2024-12-12T09:00:48.557+0000] {subprocess.py:93} INFO - [0m09:00:48
[2024-12-12T09:00:48.861+0000] {subprocess.py:93} INFO - [0m09:00:48  Concurrency: 3 threads (target='dev')
[2024-12-12T09:00:48.862+0000] {subprocess.py:93} INFO - [0m09:00:48
[2024-12-12T09:00:48.868+0000] {subprocess.py:93} INFO - [0m09:00:48  1 of 1 START sql incremental model oltp.fact_sales ............................. [RUN]
[2024-12-12T09:00:49.215+0000] {subprocess.py:93} INFO - [0m09:00:49  1 of 1 OK created sql incremental model oltp.fact_sales ........................ [[32mINSERT 0 1294[0m in 0.34s]
[2024-12-12T09:00:49.237+0000] {subprocess.py:93} INFO - [0m09:00:49
[2024-12-12T09:00:49.238+0000] {subprocess.py:93} INFO - [0m09:00:49  Finished running 1 incremental model in 0 hours 0 minutes and 0.68 seconds (0.68s).
[2024-12-12T09:00:49.330+0000] {subprocess.py:93} INFO - [0m09:00:49
[2024-12-12T09:00:49.331+0000] {subprocess.py:93} INFO - [0m09:00:49  [32mCompleted successfully[0m
[2024-12-12T09:00:49.332+0000] {subprocess.py:93} INFO - [0m09:00:49
[2024-12-12T09:00:49.333+0000] {subprocess.py:93} INFO - [0m09:00:49  Done. PASS=1 WARN=0 ERROR=0 SKIP=0 TOTAL=1
[2024-12-12T09:00:50.311+0000] {subprocess.py:97} INFO - Command exited with return code 0
[2024-12-12T09:00:50.312+0000] {taskinstance.py:441} INFO - ::group::Post task execution logs
[2024-12-12T09:00:50.342+0000] {taskinstance.py:1206} INFO - Marking task as SUCCESS. dag_id=dbt_orchestrator, task_id=dbt_run_fact.dbt_run_fact_model_fact_sales, run_id=scheduled__2024-12-12T08:45:00+00:00, execution_date=20241212T084500, start_date=20241212T090044, end_date=20241212T090050
[2024-12-12T09:00:50.374+0000] {local_task_job_runner.py:240} INFO - Task exited with return code 0
[2024-12-12T09:00:50.405+0000] {taskinstance.py:3498} INFO - 1 downstream tasks scheduled from follow-on schedule check
[2024-12-12T09:00:50.407+0000] {local_task_job_runner.py:222} INFO - ::endgroup::
