[2024-12-12T09:06:25.413+0000] {local_task_job_runner.py:120} INFO - ::group::Pre task execution logs
[2024-12-12T09:06:25.475+0000] {taskinstance.py:2076} INFO - Dependencies all met for dep_context=non-requeueable deps ti=<TaskInstance: dbt_orchestrator.dbt_run_dimensions.dbt_run_brand_dim scheduled__2024-12-12T08:45:00+00:00 [queued]>
[2024-12-12T09:06:25.508+0000] {taskinstance.py:2076} INFO - Dependencies all met for dep_context=requeueable deps ti=<TaskInstance: dbt_orchestrator.dbt_run_dimensions.dbt_run_brand_dim scheduled__2024-12-12T08:45:00+00:00 [queued]>
[2024-12-12T09:06:25.509+0000] {taskinstance.py:2306} INFO - Starting attempt 2 of 2
[2024-12-12T09:06:25.535+0000] {taskinstance.py:2330} INFO - Executing <Task(BashOperator): dbt_run_dimensions.dbt_run_brand_dim> on 2024-12-12 08:45:00+00:00
[2024-12-12T09:06:25.551+0000] {standard_task_runner.py:63} INFO - Started process 2741 to run task
[2024-12-12T09:06:25.558+0000] {standard_task_runner.py:90} INFO - Running: ['***', 'tasks', 'run', 'dbt_orchestrator', 'dbt_run_dimensions.dbt_run_brand_dim', 'scheduled__2024-12-12T08:45:00+00:00', '--job-id', '402', '--raw', '--subdir', 'DAGS_FOLDER/pipeline.py', '--cfg-path', '/tmp/tmpmbahzrpi']
[2024-12-12T09:06:25.561+0000] {standard_task_runner.py:91} INFO - Job 402: Subtask dbt_run_dimensions.dbt_run_brand_dim
[2024-12-12T09:06:25.679+0000] {task_command.py:426} INFO - Running <TaskInstance: dbt_orchestrator.dbt_run_dimensions.dbt_run_brand_dim scheduled__2024-12-12T08:45:00+00:00 [running]> on host 34fdc836a0bb
[2024-12-12T09:06:25.841+0000] {taskinstance.py:2648} INFO - Exporting env vars: AIRFLOW_CTX_DAG_OWNER='ma7moud' AIRFLOW_CTX_DAG_ID='dbt_orchestrator' AIRFLOW_CTX_TASK_ID='dbt_run_dimensions.dbt_run_brand_dim' AIRFLOW_CTX_EXECUTION_DATE='2024-12-12T08:45:00+00:00' AIRFLOW_CTX_TRY_NUMBER='2' AIRFLOW_CTX_DAG_RUN_ID='scheduled__2024-12-12T08:45:00+00:00'
[2024-12-12T09:06:25.842+0000] {taskinstance.py:430} INFO - ::endgroup::
[2024-12-12T09:06:25.867+0000] {subprocess.py:63} INFO - Tmp dir root location: /tmp
[2024-12-12T09:06:25.869+0000] {subprocess.py:75} INFO - Running command: ['/usr/bin/bash', '-c', 'dbt run --profiles-dir /opt/***/dbt --project-dir /opt/***/dbt/ecommerce --models brand_dim']
[2024-12-12T09:06:25.892+0000] {subprocess.py:86} INFO - Output:
[2024-12-12T09:06:30.910+0000] {subprocess.py:93} INFO - [0m09:06:30  Running with dbt=1.8.0
[2024-12-12T09:06:31.256+0000] {subprocess.py:93} INFO - [0m09:06:31  [[33mWARNING[0m]: Deprecated functionality
[2024-12-12T09:06:31.258+0000] {subprocess.py:93} INFO - The `tests` config has been renamed to `data_tests`. Please see
[2024-12-12T09:06:31.258+0000] {subprocess.py:93} INFO - https://docs.getdbt.com/docs/build/data-tests#new-data_tests-syntax for more
[2024-12-12T09:06:31.259+0000] {subprocess.py:93} INFO - information.
[2024-12-12T09:06:31.729+0000] {subprocess.py:93} INFO - [0m09:06:31  Registered adapter: postgres=1.8.0
[2024-12-12T09:06:33.728+0000] {subprocess.py:93} INFO - [0m09:06:33  Found 15 models, 1 snapshot, 112 data tests, 12 sources, 430 macros
[2024-12-12T09:06:33.737+0000] {subprocess.py:93} INFO - [0m09:06:33
[2024-12-12T09:06:34.207+0000] {subprocess.py:93} INFO - [0m09:06:34  Concurrency: 3 threads (target='dev')
[2024-12-12T09:06:34.209+0000] {subprocess.py:93} INFO - [0m09:06:34
[2024-12-12T09:06:34.216+0000] {subprocess.py:93} INFO - [0m09:06:34  1 of 1 START sql incremental model oltp_olap_model.brand_dim ................... [RUN]
[2024-12-12T09:06:34.548+0000] {subprocess.py:93} INFO - [0m09:06:34  1 of 1 OK created sql incremental model oltp_olap_model.brand_dim .............. [[32mSELECT 10[0m in 0.33s]
[2024-12-12T09:06:34.579+0000] {subprocess.py:93} INFO - [0m09:06:34
[2024-12-12T09:06:34.580+0000] {subprocess.py:93} INFO - [0m09:06:34  Finished running 1 incremental model in 0 hours 0 minutes and 0.84 seconds (0.84s).
[2024-12-12T09:06:34.755+0000] {subprocess.py:93} INFO - [0m09:06:34
[2024-12-12T09:06:34.757+0000] {subprocess.py:93} INFO - [0m09:06:34  [32mCompleted successfully[0m
[2024-12-12T09:06:34.760+0000] {subprocess.py:93} INFO - [0m09:06:34
[2024-12-12T09:06:34.761+0000] {subprocess.py:93} INFO - [0m09:06:34  Done. PASS=1 WARN=0 ERROR=0 SKIP=0 TOTAL=1
[2024-12-12T09:06:35.805+0000] {subprocess.py:97} INFO - Command exited with return code 0
[2024-12-12T09:06:35.806+0000] {taskinstance.py:441} INFO - ::group::Post task execution logs
[2024-12-12T09:06:35.840+0000] {taskinstance.py:1206} INFO - Marking task as SUCCESS. dag_id=dbt_orchestrator, task_id=dbt_run_dimensions.dbt_run_brand_dim, run_id=scheduled__2024-12-12T08:45:00+00:00, execution_date=20241212T084500, start_date=20241212T090625, end_date=20241212T090635
[2024-12-12T09:06:35.886+0000] {local_task_job_runner.py:240} INFO - Task exited with return code 0
[2024-12-12T09:06:35.897+0000] {local_task_job_runner.py:222} INFO - ::endgroup::
