[2024-12-11T16:44:22.642+0000] {local_task_job_runner.py:120} INFO - ::group::Pre task execution logs
[2024-12-11T16:44:22.665+0000] {taskinstance.py:2076} INFO - Dependencies all met for dep_context=non-requeueable deps ti=<TaskInstance: dbt_orchestrator.dbt_run_staging.dbt_run_staging scheduled__2024-12-11T16:15:00+00:00 [queued]>
[2024-12-11T16:44:22.674+0000] {taskinstance.py:2076} INFO - Dependencies all met for dep_context=requeueable deps ti=<TaskInstance: dbt_orchestrator.dbt_run_staging.dbt_run_staging scheduled__2024-12-11T16:15:00+00:00 [queued]>
[2024-12-11T16:44:22.675+0000] {taskinstance.py:2306} INFO - Starting attempt 1 of 1
[2024-12-11T16:44:22.686+0000] {taskinstance.py:2330} INFO - Executing <Task(BashOperator): dbt_run_staging.dbt_run_staging> on 2024-12-11 16:15:00+00:00
[2024-12-11T16:44:22.693+0000] {standard_task_runner.py:63} INFO - Started process 332 to run task
[2024-12-11T16:44:22.696+0000] {standard_task_runner.py:90} INFO - Running: ['***', 'tasks', 'run', 'dbt_orchestrator', 'dbt_run_staging.dbt_run_staging', 'scheduled__2024-12-11T16:15:00+00:00', '--job-id', '44', '--raw', '--subdir', 'DAGS_FOLDER/pipeline.py', '--cfg-path', '/tmp/tmpp7bbgkbm']
[2024-12-11T16:44:22.697+0000] {standard_task_runner.py:91} INFO - Job 44: Subtask dbt_run_staging.dbt_run_staging
[2024-12-11T16:44:22.739+0000] {task_command.py:426} INFO - Running <TaskInstance: dbt_orchestrator.dbt_run_staging.dbt_run_staging scheduled__2024-12-11T16:15:00+00:00 [running]> on host 49f8df2c9427
[2024-12-11T16:44:22.820+0000] {taskinstance.py:2648} INFO - Exporting env vars: AIRFLOW_CTX_DAG_OWNER='Mahmoud' AIRFLOW_CTX_DAG_ID='dbt_orchestrator' AIRFLOW_CTX_TASK_ID='dbt_run_staging.dbt_run_staging' AIRFLOW_CTX_EXECUTION_DATE='2024-12-11T16:15:00+00:00' AIRFLOW_CTX_TRY_NUMBER='1' AIRFLOW_CTX_DAG_RUN_ID='scheduled__2024-12-11T16:15:00+00:00'
[2024-12-11T16:44:22.821+0000] {taskinstance.py:430} INFO - ::endgroup::
[2024-12-11T16:44:22.832+0000] {subprocess.py:63} INFO - Tmp dir root location: /tmp
[2024-12-11T16:44:22.833+0000] {subprocess.py:75} INFO - Running command: ['/usr/bin/bash', '-c', 'dbt run --profiles-dir /opt/***/dbt --project-dir /opt/***/dbt/ecommerce --select models/staging']
[2024-12-11T16:44:22.844+0000] {subprocess.py:86} INFO - Output:
[2024-12-11T16:44:24.625+0000] {subprocess.py:93} INFO - [0m16:44:24  Running with dbt=1.8.0
[2024-12-11T16:44:24.768+0000] {subprocess.py:93} INFO - [0m16:44:24  [[33mWARNING[0m]: Deprecated functionality
[2024-12-11T16:44:24.768+0000] {subprocess.py:93} INFO - The `tests` config has been renamed to `data_tests`. Please see
[2024-12-11T16:44:24.768+0000] {subprocess.py:93} INFO - https://docs.getdbt.com/docs/build/data-tests#new-data_tests-syntax for more
[2024-12-11T16:44:24.768+0000] {subprocess.py:93} INFO - information.
[2024-12-11T16:44:24.915+0000] {subprocess.py:93} INFO - [0m16:44:24  Registered adapter: postgres=1.8.0
[2024-12-11T16:44:25.348+0000] {subprocess.py:93} INFO - [0m16:44:25  [[33mWARNING[0m]: Configuration paths exist in your dbt_project.yml file which do not apply to any resources.
[2024-12-11T16:44:25.348+0000] {subprocess.py:93} INFO - There are 2 unused configuration paths:
[2024-12-11T16:44:25.348+0000] {subprocess.py:93} INFO - - models.ecommerce.marts.fact
[2024-12-11T16:44:25.349+0000] {subprocess.py:93} INFO - - models.ecommerce.marts.dimensions
[2024-12-11T16:44:25.661+0000] {subprocess.py:93} INFO - [0m16:44:25  Found 15 models, 1 snapshot, 112 data tests, 12 sources, 430 macros
[2024-12-11T16:44:25.668+0000] {subprocess.py:93} INFO - [0m16:44:25
[2024-12-11T16:44:25.898+0000] {subprocess.py:93} INFO - [0m16:44:25  Concurrency: 3 threads (target='dev')
[2024-12-11T16:44:25.899+0000] {subprocess.py:93} INFO - [0m16:44:25
[2024-12-11T16:44:25.906+0000] {subprocess.py:93} INFO - [0m16:44:25  1 of 8 START sql incremental model oltp_staging_tables.stg_brand ............... [RUN]
[2024-12-11T16:44:25.907+0000] {subprocess.py:93} INFO - [0m16:44:25  2 of 8 START sql incremental model oltp_staging_tables.stg_customers ........... [RUN]
[2024-12-11T16:44:25.909+0000] {subprocess.py:93} INFO - [0m16:44:25  3 of 8 START sql incremental model oltp_staging_tables.stg_date ................ [RUN]
[2024-12-11T16:44:26.433+0000] {subprocess.py:93} INFO - [0m16:44:26  1 of 8 OK created sql incremental model oltp_staging_tables.stg_brand .......... [[32mINSERT 0 10[0m in 0.51s]
[2024-12-11T16:44:26.437+0000] {subprocess.py:93} INFO - [0m16:44:26  2 of 8 OK created sql incremental model oltp_staging_tables.stg_customers ...... [[32mINSERT 0 109[0m in 0.52s]
[2024-12-11T16:44:26.446+0000] {subprocess.py:93} INFO - [0m16:44:26  4 of 8 START sql incremental model oltp_staging_tables.stg_order ............... [RUN]
[2024-12-11T16:44:26.447+0000] {subprocess.py:93} INFO - [0m16:44:26  5 of 8 START sql incremental model oltp_staging_tables.stg_order_details ....... [RUN]
[2024-12-11T16:44:26.451+0000] {subprocess.py:93} INFO - [0m16:44:26  3 of 8 OK created sql incremental model oltp_staging_tables.stg_date ........... [[32mINSERT 0 0[0m in 0.54s]
[2024-12-11T16:44:26.469+0000] {subprocess.py:93} INFO - [0m16:44:26  6 of 8 START sql incremental model oltp_staging_tables.stg_product ............. [RUN]
[2024-12-11T16:44:26.715+0000] {subprocess.py:93} INFO - [0m16:44:26  6 of 8 OK created sql incremental model oltp_staging_tables.stg_product ........ [[32mINSERT 0 0[0m in 0.23s]
[2024-12-11T16:44:26.716+0000] {subprocess.py:93} INFO - [0m16:44:26  5 of 8 OK created sql incremental model oltp_staging_tables.stg_order_details .. [[32mINSERT 0 1294[0m in 0.26s]
[2024-12-11T16:44:26.717+0000] {subprocess.py:93} INFO - [0m16:44:26  4 of 8 OK created sql incremental model oltp_staging_tables.stg_order .......... [[32mINSERT 0 622[0m in 0.27s]
[2024-12-11T16:44:26.722+0000] {subprocess.py:93} INFO - [0m16:44:26  7 of 8 START sql incremental model oltp_staging_tables.stg_store ............... [RUN]
[2024-12-11T16:44:26.724+0000] {subprocess.py:93} INFO - [0m16:44:26  8 of 8 START sql incremental model oltp_staging_tables.stg_suppliers ........... [RUN]
[2024-12-11T16:44:26.882+0000] {subprocess.py:93} INFO - [0m16:44:26  8 of 8 OK created sql incremental model oltp_staging_tables.stg_suppliers ...... [[32mINSERT 0 5[0m in 0.15s]
[2024-12-11T16:44:26.883+0000] {subprocess.py:93} INFO - [0m16:44:26  7 of 8 OK created sql incremental model oltp_staging_tables.stg_store .......... [[32mINSERT 0 5[0m in 0.16s]
[2024-12-11T16:44:26.900+0000] {subprocess.py:93} INFO - [0m16:44:26
[2024-12-11T16:44:26.901+0000] {subprocess.py:93} INFO - [0m16:44:26  Finished running 8 incremental models in 0 hours 0 minutes and 1.23 seconds (1.23s).
[2024-12-11T16:44:26.988+0000] {subprocess.py:93} INFO - [0m16:44:26
[2024-12-11T16:44:26.988+0000] {subprocess.py:93} INFO - [0m16:44:26  [32mCompleted successfully[0m
[2024-12-11T16:44:26.989+0000] {subprocess.py:93} INFO - [0m16:44:26
[2024-12-11T16:44:26.989+0000] {subprocess.py:93} INFO - [0m16:44:26  Done. PASS=8 WARN=0 ERROR=0 SKIP=0 TOTAL=8
[2024-12-11T16:44:27.991+0000] {subprocess.py:97} INFO - Command exited with return code 0
[2024-12-11T16:44:27.991+0000] {taskinstance.py:441} INFO - ::group::Post task execution logs
[2024-12-11T16:44:28.014+0000] {taskinstance.py:1206} INFO - Marking task as SUCCESS. dag_id=dbt_orchestrator, task_id=dbt_run_staging.dbt_run_staging, run_id=scheduled__2024-12-11T16:15:00+00:00, execution_date=20241211T161500, start_date=20241211T164422, end_date=20241211T164428
[2024-12-11T16:44:28.043+0000] {local_task_job_runner.py:240} INFO - Task exited with return code 0
[2024-12-11T16:44:28.071+0000] {taskinstance.py:3498} INFO - 1 downstream tasks scheduled from follow-on schedule check
[2024-12-11T16:44:28.072+0000] {local_task_job_runner.py:222} INFO - ::endgroup::
