[2024-12-11T17:15:11.114+0000] {local_task_job_runner.py:120} INFO - ::group::Pre task execution logs
[2024-12-11T17:15:11.173+0000] {taskinstance.py:2076} INFO - Dependencies all met for dep_context=non-requeueable deps ti=<TaskInstance: dbt_orchestrator.dbt_run_staging.dbt_run_stg_order_details scheduled__2024-12-11T17:00:00+00:00 [queued]>
[2024-12-11T17:15:11.191+0000] {taskinstance.py:2076} INFO - Dependencies all met for dep_context=requeueable deps ti=<TaskInstance: dbt_orchestrator.dbt_run_staging.dbt_run_stg_order_details scheduled__2024-12-11T17:00:00+00:00 [queued]>
[2024-12-11T17:15:11.191+0000] {taskinstance.py:2306} INFO - Starting attempt 1 of 1
[2024-12-11T17:15:11.219+0000] {taskinstance.py:2330} INFO - Executing <Task(BashOperator): dbt_run_staging.dbt_run_stg_order_details> on 2024-12-11 17:00:00+00:00
[2024-12-11T17:15:11.231+0000] {standard_task_runner.py:63} INFO - Started process 614 to run task
[2024-12-11T17:15:11.237+0000] {standard_task_runner.py:90} INFO - Running: ['***', 'tasks', 'run', 'dbt_orchestrator', 'dbt_run_staging.dbt_run_stg_order_details', 'scheduled__2024-12-11T17:00:00+00:00', '--job-id', '76', '--raw', '--subdir', 'DAGS_FOLDER/pipeline.py', '--cfg-path', '/tmp/tmp11stfadf']
[2024-12-11T17:15:11.239+0000] {standard_task_runner.py:91} INFO - Job 76: Subtask dbt_run_staging.dbt_run_stg_order_details
[2024-12-11T17:15:11.323+0000] {task_command.py:426} INFO - Running <TaskInstance: dbt_orchestrator.dbt_run_staging.dbt_run_stg_order_details scheduled__2024-12-11T17:00:00+00:00 [running]> on host 49f8df2c9427
[2024-12-11T17:15:11.487+0000] {taskinstance.py:2648} INFO - Exporting env vars: AIRFLOW_CTX_DAG_OWNER='ma7moud' AIRFLOW_CTX_DAG_ID='dbt_orchestrator' AIRFLOW_CTX_TASK_ID='dbt_run_staging.dbt_run_stg_order_details' AIRFLOW_CTX_EXECUTION_DATE='2024-12-11T17:00:00+00:00' AIRFLOW_CTX_TRY_NUMBER='1' AIRFLOW_CTX_DAG_RUN_ID='scheduled__2024-12-11T17:00:00+00:00'
[2024-12-11T17:15:11.488+0000] {taskinstance.py:430} INFO - ::endgroup::
[2024-12-11T17:15:11.507+0000] {subprocess.py:63} INFO - Tmp dir root location: /tmp
[2024-12-11T17:15:11.508+0000] {subprocess.py:75} INFO - Running command: ['/usr/bin/bash', '-c', 'dbt run --profiles-dir /opt/***/dbt --project-dir /opt/***/dbt/ecommerce --models models/staging/stg_order_details']
[2024-12-11T17:15:11.527+0000] {subprocess.py:86} INFO - Output:
[2024-12-11T17:15:15.704+0000] {subprocess.py:93} INFO - [0m17:15:15  Running with dbt=1.8.0
[2024-12-11T17:15:16.047+0000] {subprocess.py:93} INFO - [0m17:15:16  [[33mWARNING[0m]: Deprecated functionality
[2024-12-11T17:15:16.048+0000] {subprocess.py:93} INFO - The `tests` config has been renamed to `data_tests`. Please see
[2024-12-11T17:15:16.048+0000] {subprocess.py:93} INFO - https://docs.getdbt.com/docs/build/data-tests#new-data_tests-syntax for more
[2024-12-11T17:15:16.052+0000] {subprocess.py:93} INFO - information.
[2024-12-11T17:15:16.489+0000] {subprocess.py:93} INFO - [0m17:15:16  Registered adapter: postgres=1.8.0
[2024-12-11T17:15:17.766+0000] {subprocess.py:93} INFO - [0m17:15:17  [[33mWARNING[0m]: Configuration paths exist in your dbt_project.yml file which do not apply to any resources.
[2024-12-11T17:15:17.767+0000] {subprocess.py:93} INFO - There are 2 unused configuration paths:
[2024-12-11T17:15:17.767+0000] {subprocess.py:93} INFO - - models.ecommerce.marts.fact
[2024-12-11T17:15:17.767+0000] {subprocess.py:93} INFO - - models.ecommerce.marts.dimensions
[2024-12-11T17:15:18.481+0000] {subprocess.py:93} INFO - [0m17:15:18  Found 15 models, 1 snapshot, 112 data tests, 12 sources, 430 macros
[2024-12-11T17:15:18.492+0000] {subprocess.py:93} INFO - [0m17:15:18  The selection criterion 'models/staging/stg_order_details' does not match any enabled nodes
[2024-12-11T17:15:18.495+0000] {subprocess.py:93} INFO - [0m17:15:18
[2024-12-11T17:15:18.496+0000] {subprocess.py:93} INFO - [0m17:15:18  Nothing to do. Try checking your model configs and model specification args
[2024-12-11T17:15:19.640+0000] {subprocess.py:97} INFO - Command exited with return code 0
[2024-12-11T17:15:19.641+0000] {taskinstance.py:441} INFO - ::group::Post task execution logs
[2024-12-11T17:15:19.673+0000] {taskinstance.py:1206} INFO - Marking task as SUCCESS. dag_id=dbt_orchestrator, task_id=dbt_run_staging.dbt_run_stg_order_details, run_id=scheduled__2024-12-11T17:00:00+00:00, execution_date=20241211T170000, start_date=20241211T171511, end_date=20241211T171519
[2024-12-11T17:15:19.720+0000] {local_task_job_runner.py:240} INFO - Task exited with return code 0
[2024-12-11T17:15:19.772+0000] {taskinstance.py:3498} INFO - 0 downstream tasks scheduled from follow-on schedule check
[2024-12-11T17:15:19.774+0000] {local_task_job_runner.py:222} INFO - ::endgroup::
