[2024-12-12T08:17:14.350+0000] {local_task_job_runner.py:120} INFO - ::group::Pre task execution logs
[2024-12-12T08:17:14.397+0000] {taskinstance.py:2076} INFO - Dependencies all met for dep_context=non-requeueable deps ti=<TaskInstance: dbt_orchestrator.dbt_run_staging.dbt_run_stg_order manual__2024-12-12T08:05:08.618053+00:00 [queued]>
[2024-12-12T08:17:14.411+0000] {taskinstance.py:2076} INFO - Dependencies all met for dep_context=requeueable deps ti=<TaskInstance: dbt_orchestrator.dbt_run_staging.dbt_run_stg_order manual__2024-12-12T08:05:08.618053+00:00 [queued]>
[2024-12-12T08:17:14.412+0000] {taskinstance.py:2306} INFO - Starting attempt 3 of 3
[2024-12-12T08:17:14.438+0000] {taskinstance.py:2330} INFO - Executing <Task(BashOperator): dbt_run_staging.dbt_run_stg_order> on 2024-12-12 08:05:08.618053+00:00
[2024-12-12T08:17:14.453+0000] {standard_task_runner.py:63} INFO - Started process 458 to run task
[2024-12-12T08:17:14.461+0000] {standard_task_runner.py:90} INFO - Running: ['***', 'tasks', 'run', 'dbt_orchestrator', 'dbt_run_staging.dbt_run_stg_order', 'manual__2024-12-12T08:05:08.618053+00:00', '--job-id', '169', '--raw', '--subdir', 'DAGS_FOLDER/pipeline.py', '--cfg-path', '/tmp/tmpv2t7hq2g']
[2024-12-12T08:17:14.463+0000] {standard_task_runner.py:91} INFO - Job 169: Subtask dbt_run_staging.dbt_run_stg_order
[2024-12-12T08:17:14.552+0000] {task_command.py:426} INFO - Running <TaskInstance: dbt_orchestrator.dbt_run_staging.dbt_run_stg_order manual__2024-12-12T08:05:08.618053+00:00 [running]> on host 34fdc836a0bb
[2024-12-12T08:17:14.729+0000] {taskinstance.py:2648} INFO - Exporting env vars: AIRFLOW_CTX_DAG_OWNER='ma7moud' AIRFLOW_CTX_DAG_ID='dbt_orchestrator' AIRFLOW_CTX_TASK_ID='dbt_run_staging.dbt_run_stg_order' AIRFLOW_CTX_EXECUTION_DATE='2024-12-12T08:05:08.618053+00:00' AIRFLOW_CTX_TRY_NUMBER='3' AIRFLOW_CTX_DAG_RUN_ID='manual__2024-12-12T08:05:08.618053+00:00'
[2024-12-12T08:17:14.730+0000] {taskinstance.py:430} INFO - ::endgroup::
[2024-12-12T08:17:14.755+0000] {subprocess.py:63} INFO - Tmp dir root location: /tmp
[2024-12-12T08:17:14.756+0000] {subprocess.py:75} INFO - Running command: ['/usr/bin/bash', '-c', 'dbt run --profiles-dir /opt/***/dbt --project-dir /opt/***/dbt/ecommerce --models models/staging/stg_order']
[2024-12-12T08:17:14.776+0000] {subprocess.py:86} INFO - Output:
[2024-12-12T08:17:19.078+0000] {subprocess.py:93} INFO - [0m08:17:19  Running with dbt=1.8.0
[2024-12-12T08:17:19.344+0000] {subprocess.py:93} INFO - [0m08:17:19  [[33mWARNING[0m]: Deprecated functionality
[2024-12-12T08:17:19.344+0000] {subprocess.py:93} INFO - The `tests` config has been renamed to `data_tests`. Please see
[2024-12-12T08:17:19.345+0000] {subprocess.py:93} INFO - https://docs.getdbt.com/docs/build/data-tests#new-data_tests-syntax for more
[2024-12-12T08:17:19.345+0000] {subprocess.py:93} INFO - information.
[2024-12-12T08:17:19.811+0000] {subprocess.py:93} INFO - [0m08:17:19  Registered adapter: postgres=1.8.0
[2024-12-12T08:17:21.050+0000] {subprocess.py:93} INFO - [0m08:17:21  [[33mWARNING[0m]: Configuration paths exist in your dbt_project.yml file which do not apply to any resources.
[2024-12-12T08:17:21.051+0000] {subprocess.py:93} INFO - There are 2 unused configuration paths:
[2024-12-12T08:17:21.051+0000] {subprocess.py:93} INFO - - models.ecommerce.staging.fact
[2024-12-12T08:17:21.051+0000] {subprocess.py:93} INFO - - models.ecommerce.staging.dimensions
[2024-12-12T08:17:21.937+0000] {subprocess.py:93} INFO - [0m08:17:21  Found 15 models, 1 snapshot, 112 data tests, 12 sources, 430 macros
[2024-12-12T08:17:21.942+0000] {subprocess.py:93} INFO - [0m08:17:21  The selection criterion 'models/staging/stg_order' does not match any enabled nodes
[2024-12-12T08:17:21.945+0000] {subprocess.py:93} INFO - [0m08:17:21
[2024-12-12T08:17:21.946+0000] {subprocess.py:93} INFO - [0m08:17:21  Nothing to do. Try checking your model configs and model specification args
[2024-12-12T08:17:23.022+0000] {subprocess.py:97} INFO - Command exited with return code 0
[2024-12-12T08:17:23.023+0000] {taskinstance.py:441} INFO - ::group::Post task execution logs
[2024-12-12T08:17:23.049+0000] {taskinstance.py:1206} INFO - Marking task as SUCCESS. dag_id=dbt_orchestrator, task_id=dbt_run_staging.dbt_run_stg_order, run_id=manual__2024-12-12T08:05:08.618053+00:00, execution_date=20241212T080508, start_date=20241212T081714, end_date=20241212T081723
[2024-12-12T08:17:23.104+0000] {local_task_job_runner.py:240} INFO - Task exited with return code 0
[2024-12-12T08:17:23.133+0000] {taskinstance.py:3498} INFO - 0 downstream tasks scheduled from follow-on schedule check
[2024-12-12T08:17:23.135+0000] {local_task_job_runner.py:222} INFO - ::endgroup::
