[2024-12-12T08:10:35.355+0000] {local_task_job_runner.py:120} INFO - ::group::Pre task execution logs
[2024-12-12T08:10:35.438+0000] {taskinstance.py:2076} INFO - Dependencies all met for dep_context=non-requeueable deps ti=<TaskInstance: dbt_orchestrator.dbt_run_staging.dbt_run_stg_order manual__2024-12-12T08:05:08.618053+00:00 [queued]>
[2024-12-12T08:10:35.456+0000] {taskinstance.py:2076} INFO - Dependencies all met for dep_context=requeueable deps ti=<TaskInstance: dbt_orchestrator.dbt_run_staging.dbt_run_stg_order manual__2024-12-12T08:05:08.618053+00:00 [queued]>
[2024-12-12T08:10:35.457+0000] {taskinstance.py:2306} INFO - Starting attempt 2 of 2
[2024-12-12T08:10:35.480+0000] {taskinstance.py:2330} INFO - Executing <Task(BashOperator): dbt_run_staging.dbt_run_stg_order> on 2024-12-12 08:05:08.618053+00:00
[2024-12-12T08:10:35.489+0000] {standard_task_runner.py:63} INFO - Started process 324 to run task
[2024-12-12T08:10:35.498+0000] {standard_task_runner.py:90} INFO - Running: ['***', 'tasks', 'run', 'dbt_orchestrator', 'dbt_run_staging.dbt_run_stg_order', 'manual__2024-12-12T08:05:08.618053+00:00', '--job-id', '148', '--raw', '--subdir', 'DAGS_FOLDER/pipeline.py', '--cfg-path', '/tmp/tmp92q4cy9k']
[2024-12-12T08:10:35.501+0000] {standard_task_runner.py:91} INFO - Job 148: Subtask dbt_run_staging.dbt_run_stg_order
[2024-12-12T08:10:35.582+0000] {task_command.py:426} INFO - Running <TaskInstance: dbt_orchestrator.dbt_run_staging.dbt_run_stg_order manual__2024-12-12T08:05:08.618053+00:00 [running]> on host 34fdc836a0bb
[2024-12-12T08:10:35.806+0000] {taskinstance.py:2648} INFO - Exporting env vars: AIRFLOW_CTX_DAG_OWNER='ma7moud' AIRFLOW_CTX_DAG_ID='dbt_orchestrator' AIRFLOW_CTX_TASK_ID='dbt_run_staging.dbt_run_stg_order' AIRFLOW_CTX_EXECUTION_DATE='2024-12-12T08:05:08.618053+00:00' AIRFLOW_CTX_TRY_NUMBER='2' AIRFLOW_CTX_DAG_RUN_ID='manual__2024-12-12T08:05:08.618053+00:00'
[2024-12-12T08:10:35.807+0000] {taskinstance.py:430} INFO - ::endgroup::
[2024-12-12T08:10:35.827+0000] {subprocess.py:63} INFO - Tmp dir root location: /tmp
[2024-12-12T08:10:35.828+0000] {subprocess.py:75} INFO - Running command: ['/usr/bin/bash', '-c', 'dbt run --profiles-dir /opt/***/dbt --project-dir /opt/***/dbt/ecommerce --models models/staging/stg_order']
[2024-12-12T08:10:35.855+0000] {subprocess.py:86} INFO - Output:
[2024-12-12T08:10:40.655+0000] {subprocess.py:93} INFO - [0m08:10:40  Running with dbt=1.8.0
[2024-12-12T08:10:41.085+0000] {subprocess.py:93} INFO - [0m08:10:41  [[33mWARNING[0m]: Deprecated functionality
[2024-12-12T08:10:41.087+0000] {subprocess.py:93} INFO - The `tests` config has been renamed to `data_tests`. Please see
[2024-12-12T08:10:41.090+0000] {subprocess.py:93} INFO - https://docs.getdbt.com/docs/build/data-tests#new-data_tests-syntax for more
[2024-12-12T08:10:41.091+0000] {subprocess.py:93} INFO - information.
[2024-12-12T08:10:41.632+0000] {subprocess.py:93} INFO - [0m08:10:41  Registered adapter: postgres=1.8.0
[2024-12-12T08:10:43.033+0000] {subprocess.py:93} INFO - [0m08:10:43  [[33mWARNING[0m]: Configuration paths exist in your dbt_project.yml file which do not apply to any resources.
[2024-12-12T08:10:43.033+0000] {subprocess.py:93} INFO - There are 2 unused configuration paths:
[2024-12-12T08:10:43.034+0000] {subprocess.py:93} INFO - - models.ecommerce.dimensions
[2024-12-12T08:10:43.034+0000] {subprocess.py:93} INFO - - models.ecommerce.fact
[2024-12-12T08:10:43.844+0000] {subprocess.py:93} INFO - [0m08:10:43  Found 15 models, 1 snapshot, 112 data tests, 12 sources, 430 macros
[2024-12-12T08:10:43.870+0000] {subprocess.py:93} INFO - [0m08:10:43  The selection criterion 'models/staging/stg_order' does not match any enabled nodes
[2024-12-12T08:10:43.878+0000] {subprocess.py:93} INFO - [0m08:10:43
[2024-12-12T08:10:43.880+0000] {subprocess.py:93} INFO - [0m08:10:43  Nothing to do. Try checking your model configs and model specification args
[2024-12-12T08:10:45.058+0000] {subprocess.py:97} INFO - Command exited with return code 0
[2024-12-12T08:10:45.059+0000] {taskinstance.py:441} INFO - ::group::Post task execution logs
[2024-12-12T08:10:45.088+0000] {taskinstance.py:1206} INFO - Marking task as SUCCESS. dag_id=dbt_orchestrator, task_id=dbt_run_staging.dbt_run_stg_order, run_id=manual__2024-12-12T08:05:08.618053+00:00, execution_date=20241212T080508, start_date=20241212T081035, end_date=20241212T081045
[2024-12-12T08:10:45.143+0000] {local_task_job_runner.py:240} INFO - Task exited with return code 0
[2024-12-12T08:10:45.179+0000] {taskinstance.py:3498} INFO - 0 downstream tasks scheduled from follow-on schedule check
[2024-12-12T08:10:45.180+0000] {local_task_job_runner.py:222} INFO - ::endgroup::
