[2024-12-12T08:51:32.681+0000] {local_task_job_runner.py:120} INFO - ::group::Pre task execution logs
[2024-12-12T08:51:32.747+0000] {taskinstance.py:2076} INFO - Dependencies all met for dep_context=non-requeueable deps ti=<TaskInstance: dbt_orchestrator.dbt_run_dimensions.dbt_run_store_dim manual__2024-12-12T08:51:03.221369+00:00 [queued]>
[2024-12-12T08:51:32.775+0000] {taskinstance.py:2076} INFO - Dependencies all met for dep_context=requeueable deps ti=<TaskInstance: dbt_orchestrator.dbt_run_dimensions.dbt_run_store_dim manual__2024-12-12T08:51:03.221369+00:00 [queued]>
[2024-12-12T08:51:32.776+0000] {taskinstance.py:2306} INFO - Starting attempt 1 of 1
[2024-12-12T08:51:32.817+0000] {taskinstance.py:2330} INFO - Executing <Task(BashOperator): dbt_run_dimensions.dbt_run_store_dim> on 2024-12-12 08:51:03.221369+00:00
[2024-12-12T08:51:32.835+0000] {standard_task_runner.py:63} INFO - Started process 1680 to run task
[2024-12-12T08:51:32.843+0000] {standard_task_runner.py:90} INFO - Running: ['***', 'tasks', 'run', 'dbt_orchestrator', 'dbt_run_dimensions.dbt_run_store_dim', 'manual__2024-12-12T08:51:03.221369+00:00', '--job-id', '331', '--raw', '--subdir', 'DAGS_FOLDER/pipeline.py', '--cfg-path', '/tmp/tmp147kax28']
[2024-12-12T08:51:32.846+0000] {standard_task_runner.py:91} INFO - Job 331: Subtask dbt_run_dimensions.dbt_run_store_dim
[2024-12-12T08:51:32.960+0000] {task_command.py:426} INFO - Running <TaskInstance: dbt_orchestrator.dbt_run_dimensions.dbt_run_store_dim manual__2024-12-12T08:51:03.221369+00:00 [running]> on host 34fdc836a0bb
[2024-12-12T08:51:33.194+0000] {taskinstance.py:2648} INFO - Exporting env vars: AIRFLOW_CTX_DAG_OWNER='ma7moud' AIRFLOW_CTX_DAG_ID='dbt_orchestrator' AIRFLOW_CTX_TASK_ID='dbt_run_dimensions.dbt_run_store_dim' AIRFLOW_CTX_EXECUTION_DATE='2024-12-12T08:51:03.221369+00:00' AIRFLOW_CTX_TRY_NUMBER='1' AIRFLOW_CTX_DAG_RUN_ID='manual__2024-12-12T08:51:03.221369+00:00'
[2024-12-12T08:51:33.196+0000] {taskinstance.py:430} INFO - ::endgroup::
[2024-12-12T08:51:33.224+0000] {subprocess.py:63} INFO - Tmp dir root location: /tmp
[2024-12-12T08:51:33.226+0000] {subprocess.py:75} INFO - Running command: ['/usr/bin/bash', '-c', 'dbt run --profiles-dir /opt/***/dbt --project-dir /opt/***/dbt/ecommerce --models store_dim']
[2024-12-12T08:51:33.250+0000] {subprocess.py:86} INFO - Output:
[2024-12-12T08:51:37.540+0000] {subprocess.py:93} INFO - [0m08:51:37  Running with dbt=1.8.0
[2024-12-12T08:51:37.942+0000] {subprocess.py:93} INFO - [0m08:51:37  [[33mWARNING[0m]: Deprecated functionality
[2024-12-12T08:51:37.942+0000] {subprocess.py:93} INFO - The `tests` config has been renamed to `data_tests`. Please see
[2024-12-12T08:51:37.942+0000] {subprocess.py:93} INFO - https://docs.getdbt.com/docs/build/data-tests#new-data_tests-syntax for more
[2024-12-12T08:51:37.943+0000] {subprocess.py:93} INFO - information.
[2024-12-12T08:51:38.360+0000] {subprocess.py:93} INFO - [0m08:51:38  Registered adapter: postgres=1.8.0
[2024-12-12T08:51:40.338+0000] {subprocess.py:93} INFO - [0m08:51:40  Found 15 models, 1 snapshot, 112 data tests, 12 sources, 430 macros
[2024-12-12T08:51:40.350+0000] {subprocess.py:93} INFO - [0m08:51:40
[2024-12-12T08:51:40.914+0000] {subprocess.py:93} INFO - [0m08:51:40  Concurrency: 3 threads (target='dev')
[2024-12-12T08:51:40.914+0000] {subprocess.py:93} INFO - [0m08:51:40
[2024-12-12T08:51:40.920+0000] {subprocess.py:93} INFO - [0m08:51:40  1 of 1 START sql incremental model oltp_dimensions.store_dim ................... [RUN]
[2024-12-12T08:51:41.437+0000] {subprocess.py:93} INFO - [0m08:51:41  1 of 1 OK created sql incremental model oltp_dimensions.store_dim .............. [[32mINSERT 0 5[0m in 0.51s]
[2024-12-12T08:51:41.485+0000] {subprocess.py:93} INFO - [0m08:51:41
[2024-12-12T08:51:41.494+0000] {subprocess.py:93} INFO - [0m08:51:41  Finished running 1 incremental model in 0 hours 0 minutes and 1.13 seconds (1.13s).
[2024-12-12T08:51:41.666+0000] {subprocess.py:93} INFO - [0m08:51:41
[2024-12-12T08:51:41.668+0000] {subprocess.py:93} INFO - [0m08:51:41  [32mCompleted successfully[0m
[2024-12-12T08:51:41.669+0000] {subprocess.py:93} INFO - [0m08:51:41
[2024-12-12T08:51:41.670+0000] {subprocess.py:93} INFO - [0m08:51:41  Done. PASS=1 WARN=0 ERROR=0 SKIP=0 TOTAL=1
[2024-12-12T08:51:42.875+0000] {subprocess.py:97} INFO - Command exited with return code 0
[2024-12-12T08:51:42.876+0000] {taskinstance.py:441} INFO - ::group::Post task execution logs
[2024-12-12T08:51:42.924+0000] {taskinstance.py:1206} INFO - Marking task as SUCCESS. dag_id=dbt_orchestrator, task_id=dbt_run_dimensions.dbt_run_store_dim, run_id=manual__2024-12-12T08:51:03.221369+00:00, execution_date=20241212T085103, start_date=20241212T085132, end_date=20241212T085142
[2024-12-12T08:51:42.966+0000] {local_task_job_runner.py:240} INFO - Task exited with return code 0
[2024-12-12T08:51:42.987+0000] {local_task_job_runner.py:222} INFO - ::endgroup::
