[2024-12-11T16:15:05.362+0000] {local_task_job_runner.py:120} INFO - ::group::Pre task execution logs
[2024-12-11T16:15:05.392+0000] {taskinstance.py:2076} INFO - Dependencies all met for dep_context=non-requeueable deps ti=<TaskInstance: dbt_orchestrator.dbt_snapshot_group.dbt_snapshot scheduled__2024-12-11T16:00:00+00:00 [queued]>
[2024-12-11T16:15:05.401+0000] {taskinstance.py:2076} INFO - Dependencies all met for dep_context=requeueable deps ti=<TaskInstance: dbt_orchestrator.dbt_snapshot_group.dbt_snapshot scheduled__2024-12-11T16:00:00+00:00 [queued]>
[2024-12-11T16:15:05.401+0000] {taskinstance.py:2306} INFO - Starting attempt 1 of 1
[2024-12-11T16:15:05.412+0000] {taskinstance.py:2330} INFO - Executing <Task(BashOperator): dbt_snapshot_group.dbt_snapshot> on 2024-12-11 16:00:00+00:00
[2024-12-11T16:15:05.419+0000] {standard_task_runner.py:63} INFO - Started process 206 to run task
[2024-12-11T16:15:05.424+0000] {standard_task_runner.py:90} INFO - Running: ['***', 'tasks', 'run', 'dbt_orchestrator', 'dbt_snapshot_group.dbt_snapshot', 'scheduled__2024-12-11T16:00:00+00:00', '--job-id', '31', '--raw', '--subdir', 'DAGS_FOLDER/pipeline.py', '--cfg-path', '/tmp/tmp14hsdntt']
[2024-12-11T16:15:05.426+0000] {standard_task_runner.py:91} INFO - Job 31: Subtask dbt_snapshot_group.dbt_snapshot
[2024-12-11T16:15:05.513+0000] {task_command.py:426} INFO - Running <TaskInstance: dbt_orchestrator.dbt_snapshot_group.dbt_snapshot scheduled__2024-12-11T16:00:00+00:00 [running]> on host 49f8df2c9427
[2024-12-11T16:15:05.674+0000] {taskinstance.py:2648} INFO - Exporting env vars: AIRFLOW_CTX_DAG_OWNER='Mahmoud' AIRFLOW_CTX_DAG_ID='dbt_orchestrator' AIRFLOW_CTX_TASK_ID='dbt_snapshot_group.dbt_snapshot' AIRFLOW_CTX_EXECUTION_DATE='2024-12-11T16:00:00+00:00' AIRFLOW_CTX_TRY_NUMBER='1' AIRFLOW_CTX_DAG_RUN_ID='scheduled__2024-12-11T16:00:00+00:00'
[2024-12-11T16:15:05.675+0000] {taskinstance.py:430} INFO - ::endgroup::
[2024-12-11T16:15:05.704+0000] {subprocess.py:63} INFO - Tmp dir root location: /tmp
[2024-12-11T16:15:05.705+0000] {subprocess.py:75} INFO - Running command: ['/usr/bin/bash', '-c', 'dbt snapshot --profiles-dir /opt/***/dbt --project-dir /opt/***/dbt/ecommerce']
[2024-12-11T16:15:05.726+0000] {subprocess.py:86} INFO - Output:
[2024-12-11T16:15:07.680+0000] {subprocess.py:93} INFO - [0m16:15:07  Running with dbt=1.8.0
[2024-12-11T16:15:07.815+0000] {subprocess.py:93} INFO - [0m16:15:07  [[33mWARNING[0m]: Deprecated functionality
[2024-12-11T16:15:07.815+0000] {subprocess.py:93} INFO - The `tests` config has been renamed to `data_tests`. Please see
[2024-12-11T16:15:07.816+0000] {subprocess.py:93} INFO - https://docs.getdbt.com/docs/build/data-tests#new-data_tests-syntax for more
[2024-12-11T16:15:07.816+0000] {subprocess.py:93} INFO - information.
[2024-12-11T16:15:07.961+0000] {subprocess.py:93} INFO - [0m16:15:07  Registered adapter: postgres=1.8.0
[2024-12-11T16:15:08.390+0000] {subprocess.py:93} INFO - [0m16:15:08  [[33mWARNING[0m]: Configuration paths exist in your dbt_project.yml file which do not apply to any resources.
[2024-12-11T16:15:08.391+0000] {subprocess.py:93} INFO - There are 2 unused configuration paths:
[2024-12-11T16:15:08.391+0000] {subprocess.py:93} INFO - - models.ecommerce.marts.fact
[2024-12-11T16:15:08.391+0000] {subprocess.py:93} INFO - - models.ecommerce.marts.dimensions
[2024-12-11T16:15:08.735+0000] {subprocess.py:93} INFO - [0m16:15:08  Found 15 models, 1 snapshot, 112 data tests, 12 sources, 430 macros
[2024-12-11T16:15:08.742+0000] {subprocess.py:93} INFO - [0m16:15:08
[2024-12-11T16:15:08.980+0000] {subprocess.py:93} INFO - [0m16:15:08  Concurrency: 3 threads (target='dev')
[2024-12-11T16:15:08.981+0000] {subprocess.py:93} INFO - [0m16:15:08
[2024-12-11T16:15:08.985+0000] {subprocess.py:93} INFO - [0m16:15:08  1 of 1 START snapshot snapshots.CDC_product .................................... [RUN]
[2024-12-11T16:15:09.310+0000] {subprocess.py:93} INFO - [0m16:15:09  1 of 1 OK snapshotted snapshots.CDC_product .................................... [[32mINSERT 0 0[0m in 0.32s]
[2024-12-11T16:15:09.324+0000] {subprocess.py:93} INFO - [0m16:15:09
[2024-12-11T16:15:09.324+0000] {subprocess.py:93} INFO - [0m16:15:09  Finished running 1 snapshot in 0 hours 0 minutes and 0.58 seconds (0.58s).
[2024-12-11T16:15:09.422+0000] {subprocess.py:93} INFO - [0m16:15:09
[2024-12-11T16:15:09.423+0000] {subprocess.py:93} INFO - [0m16:15:09  [32mCompleted successfully[0m
[2024-12-11T16:15:09.423+0000] {subprocess.py:93} INFO - [0m16:15:09
[2024-12-11T16:15:09.424+0000] {subprocess.py:93} INFO - [0m16:15:09  Done. PASS=1 WARN=0 ERROR=0 SKIP=0 TOTAL=1
[2024-12-11T16:15:10.248+0000] {subprocess.py:97} INFO - Command exited with return code 0
[2024-12-11T16:15:10.249+0000] {taskinstance.py:441} INFO - ::group::Post task execution logs
[2024-12-11T16:15:10.276+0000] {taskinstance.py:1206} INFO - Marking task as SUCCESS. dag_id=dbt_orchestrator, task_id=dbt_snapshot_group.dbt_snapshot, run_id=scheduled__2024-12-11T16:00:00+00:00, execution_date=20241211T160000, start_date=20241211T161505, end_date=20241211T161510
[2024-12-11T16:15:10.332+0000] {local_task_job_runner.py:240} INFO - Task exited with return code 0
[2024-12-11T16:15:10.362+0000] {taskinstance.py:3498} INFO - 3 downstream tasks scheduled from follow-on schedule check
[2024-12-11T16:15:10.364+0000] {local_task_job_runner.py:222} INFO - ::endgroup::
