[2024-12-12T08:51:32.551+0000] {local_task_job_runner.py:120} INFO - ::group::Pre task execution logs
[2024-12-12T08:51:32.615+0000] {taskinstance.py:2076} INFO - Dependencies all met for dep_context=non-requeueable deps ti=<TaskInstance: dbt_orchestrator.dbt_run_dimensions.dbt_run_customer_dim manual__2024-12-12T08:51:03.221369+00:00 [queued]>
[2024-12-12T08:51:32.650+0000] {taskinstance.py:2076} INFO - Dependencies all met for dep_context=requeueable deps ti=<TaskInstance: dbt_orchestrator.dbt_run_dimensions.dbt_run_customer_dim manual__2024-12-12T08:51:03.221369+00:00 [queued]>
[2024-12-12T08:51:32.651+0000] {taskinstance.py:2306} INFO - Starting attempt 1 of 1
[2024-12-12T08:51:32.684+0000] {taskinstance.py:2330} INFO - Executing <Task(BashOperator): dbt_run_dimensions.dbt_run_customer_dim> on 2024-12-12 08:51:03.221369+00:00
[2024-12-12T08:51:32.701+0000] {standard_task_runner.py:63} INFO - Started process 1676 to run task
[2024-12-12T08:51:32.713+0000] {standard_task_runner.py:90} INFO - Running: ['***', 'tasks', 'run', 'dbt_orchestrator', 'dbt_run_dimensions.dbt_run_customer_dim', 'manual__2024-12-12T08:51:03.221369+00:00', '--job-id', '327', '--raw', '--subdir', 'DAGS_FOLDER/pipeline.py', '--cfg-path', '/tmp/tmpnqx_etka']
[2024-12-12T08:51:32.715+0000] {standard_task_runner.py:91} INFO - Job 327: Subtask dbt_run_dimensions.dbt_run_customer_dim
[2024-12-12T08:51:32.815+0000] {task_command.py:426} INFO - Running <TaskInstance: dbt_orchestrator.dbt_run_dimensions.dbt_run_customer_dim manual__2024-12-12T08:51:03.221369+00:00 [running]> on host 34fdc836a0bb
[2024-12-12T08:51:33.061+0000] {taskinstance.py:2648} INFO - Exporting env vars: AIRFLOW_CTX_DAG_OWNER='ma7moud' AIRFLOW_CTX_DAG_ID='dbt_orchestrator' AIRFLOW_CTX_TASK_ID='dbt_run_dimensions.dbt_run_customer_dim' AIRFLOW_CTX_EXECUTION_DATE='2024-12-12T08:51:03.221369+00:00' AIRFLOW_CTX_TRY_NUMBER='1' AIRFLOW_CTX_DAG_RUN_ID='manual__2024-12-12T08:51:03.221369+00:00'
[2024-12-12T08:51:33.062+0000] {taskinstance.py:430} INFO - ::endgroup::
[2024-12-12T08:51:33.091+0000] {subprocess.py:63} INFO - Tmp dir root location: /tmp
[2024-12-12T08:51:33.093+0000] {subprocess.py:75} INFO - Running command: ['/usr/bin/bash', '-c', 'dbt run --profiles-dir /opt/***/dbt --project-dir /opt/***/dbt/ecommerce --models customer_dim']
[2024-12-12T08:51:33.124+0000] {subprocess.py:86} INFO - Output:
[2024-12-12T08:51:38.055+0000] {subprocess.py:93} INFO - [0m08:51:38  Running with dbt=1.8.0
[2024-12-12T08:51:38.464+0000] {subprocess.py:93} INFO - [0m08:51:38  [[33mWARNING[0m]: Deprecated functionality
[2024-12-12T08:51:38.465+0000] {subprocess.py:93} INFO - The `tests` config has been renamed to `data_tests`. Please see
[2024-12-12T08:51:38.466+0000] {subprocess.py:93} INFO - https://docs.getdbt.com/docs/build/data-tests#new-data_tests-syntax for more
[2024-12-12T08:51:38.466+0000] {subprocess.py:93} INFO - information.
[2024-12-12T08:51:38.899+0000] {subprocess.py:93} INFO - [0m08:51:38  Registered adapter: postgres=1.8.0
[2024-12-12T08:51:40.965+0000] {subprocess.py:93} INFO - [0m08:51:40  Found 15 models, 1 snapshot, 112 data tests, 12 sources, 430 macros
[2024-12-12T08:51:40.973+0000] {subprocess.py:93} INFO - [0m08:51:40
[2024-12-12T08:51:41.530+0000] {subprocess.py:93} INFO - [0m08:51:41  Concurrency: 3 threads (target='dev')
[2024-12-12T08:51:41.533+0000] {subprocess.py:93} INFO - [0m08:51:41
[2024-12-12T08:51:41.548+0000] {subprocess.py:93} INFO - [0m08:51:41  1 of 1 START sql incremental model oltp_dimensions.customer_dim ................ [RUN]
[2024-12-12T08:51:42.049+0000] {subprocess.py:93} INFO - [0m08:51:42  1 of 1 OK created sql incremental model oltp_dimensions.customer_dim ........... [[32mINSERT 0 109[0m in 0.49s]
[2024-12-12T08:51:42.080+0000] {subprocess.py:93} INFO - [0m08:51:42
[2024-12-12T08:51:42.082+0000] {subprocess.py:93} INFO - [0m08:51:42  Finished running 1 incremental model in 0 hours 0 minutes and 1.11 seconds (1.11s).
[2024-12-12T08:51:42.179+0000] {subprocess.py:93} INFO - [0m08:51:42
[2024-12-12T08:51:42.181+0000] {subprocess.py:93} INFO - [0m08:51:42  [32mCompleted successfully[0m
[2024-12-12T08:51:42.182+0000] {subprocess.py:93} INFO - [0m08:51:42
[2024-12-12T08:51:42.183+0000] {subprocess.py:93} INFO - [0m08:51:42  Done. PASS=1 WARN=0 ERROR=0 SKIP=0 TOTAL=1
[2024-12-12T08:51:43.372+0000] {subprocess.py:97} INFO - Command exited with return code 0
[2024-12-12T08:51:43.372+0000] {taskinstance.py:441} INFO - ::group::Post task execution logs
[2024-12-12T08:51:43.405+0000] {taskinstance.py:1206} INFO - Marking task as SUCCESS. dag_id=dbt_orchestrator, task_id=dbt_run_dimensions.dbt_run_customer_dim, run_id=manual__2024-12-12T08:51:03.221369+00:00, execution_date=20241212T085103, start_date=20241212T085132, end_date=20241212T085143
[2024-12-12T08:51:43.455+0000] {local_task_job_runner.py:240} INFO - Task exited with return code 0
[2024-12-12T08:51:43.483+0000] {taskinstance.py:3498} INFO - 1 downstream tasks scheduled from follow-on schedule check
[2024-12-12T08:51:43.486+0000] {local_task_job_runner.py:222} INFO - ::endgroup::
