[2024-12-12T08:54:44.818+0000] {local_task_job_runner.py:120} INFO - ::group::Pre task execution logs
[2024-12-12T08:54:44.907+0000] {taskinstance.py:2076} INFO - Dependencies all met for dep_context=non-requeueable deps ti=<TaskInstance: dbt_orchestrator.dbt_run_dimensions.dbt_run_customer_dim manual__2024-12-12T08:51:03.221369+00:00 [queued]>
[2024-12-12T08:54:44.956+0000] {taskinstance.py:2076} INFO - Dependencies all met for dep_context=requeueable deps ti=<TaskInstance: dbt_orchestrator.dbt_run_dimensions.dbt_run_customer_dim manual__2024-12-12T08:51:03.221369+00:00 [queued]>
[2024-12-12T08:54:44.956+0000] {taskinstance.py:2306} INFO - Starting attempt 2 of 2
[2024-12-12T08:54:44.986+0000] {taskinstance.py:2330} INFO - Executing <Task(BashOperator): dbt_run_dimensions.dbt_run_customer_dim> on 2024-12-12 08:51:03.221369+00:00
[2024-12-12T08:54:45.001+0000] {standard_task_runner.py:63} INFO - Started process 1919 to run task
[2024-12-12T08:54:45.003+0000] {standard_task_runner.py:90} INFO - Running: ['***', 'tasks', 'run', 'dbt_orchestrator', 'dbt_run_dimensions.dbt_run_customer_dim', 'manual__2024-12-12T08:51:03.221369+00:00', '--job-id', '343', '--raw', '--subdir', 'DAGS_FOLDER/pipeline.py', '--cfg-path', '/tmp/tmperwo0k04']
[2024-12-12T08:54:45.005+0000] {standard_task_runner.py:91} INFO - Job 343: Subtask dbt_run_dimensions.dbt_run_customer_dim
[2024-12-12T08:54:45.101+0000] {task_command.py:426} INFO - Running <TaskInstance: dbt_orchestrator.dbt_run_dimensions.dbt_run_customer_dim manual__2024-12-12T08:51:03.221369+00:00 [running]> on host 34fdc836a0bb
[2024-12-12T08:54:45.278+0000] {taskinstance.py:2648} INFO - Exporting env vars: AIRFLOW_CTX_DAG_OWNER='ma7moud' AIRFLOW_CTX_DAG_ID='dbt_orchestrator' AIRFLOW_CTX_TASK_ID='dbt_run_dimensions.dbt_run_customer_dim' AIRFLOW_CTX_EXECUTION_DATE='2024-12-12T08:51:03.221369+00:00' AIRFLOW_CTX_TRY_NUMBER='2' AIRFLOW_CTX_DAG_RUN_ID='manual__2024-12-12T08:51:03.221369+00:00'
[2024-12-12T08:54:45.280+0000] {taskinstance.py:430} INFO - ::endgroup::
[2024-12-12T08:54:45.304+0000] {subprocess.py:63} INFO - Tmp dir root location: /tmp
[2024-12-12T08:54:45.305+0000] {subprocess.py:75} INFO - Running command: ['/usr/bin/bash', '-c', 'dbt run --profiles-dir /opt/***/dbt --project-dir /opt/***/dbt/ecommerce --models customer_dim']
[2024-12-12T08:54:45.328+0000] {subprocess.py:86} INFO - Output:
[2024-12-12T08:54:50.375+0000] {subprocess.py:93} INFO - [0m08:54:50  Running with dbt=1.8.0
[2024-12-12T08:54:50.877+0000] {subprocess.py:93} INFO - [0m08:54:50  [[33mWARNING[0m]: Deprecated functionality
[2024-12-12T08:54:50.878+0000] {subprocess.py:93} INFO - The `tests` config has been renamed to `data_tests`. Please see
[2024-12-12T08:54:50.879+0000] {subprocess.py:93} INFO - https://docs.getdbt.com/docs/build/data-tests#new-data_tests-syntax for more
[2024-12-12T08:54:50.879+0000] {subprocess.py:93} INFO - information.
[2024-12-12T08:54:51.341+0000] {subprocess.py:93} INFO - [0m08:54:51  Registered adapter: postgres=1.8.0
[2024-12-12T08:54:53.261+0000] {subprocess.py:93} INFO - [0m08:54:53  Found 15 models, 1 snapshot, 112 data tests, 12 sources, 430 macros
[2024-12-12T08:54:53.268+0000] {subprocess.py:93} INFO - [0m08:54:53
[2024-12-12T08:54:53.719+0000] {subprocess.py:93} INFO - [0m08:54:53  Concurrency: 3 threads (target='dev')
[2024-12-12T08:54:53.721+0000] {subprocess.py:93} INFO - [0m08:54:53
[2024-12-12T08:54:53.728+0000] {subprocess.py:93} INFO - [0m08:54:53  1 of 1 START sql incremental model oltp.customer_dim ........................... [RUN]
[2024-12-12T08:54:54.329+0000] {subprocess.py:93} INFO - [0m08:54:54  1 of 1 OK created sql incremental model oltp.customer_dim ...................... [[32mINSERT 0 109[0m in 0.59s]
[2024-12-12T08:54:54.371+0000] {subprocess.py:93} INFO - [0m08:54:54
[2024-12-12T08:54:54.374+0000] {subprocess.py:93} INFO - [0m08:54:54  Finished running 1 incremental model in 0 hours 0 minutes and 1.10 seconds (1.10s).
[2024-12-12T08:54:54.646+0000] {subprocess.py:93} INFO - [0m08:54:54
[2024-12-12T08:54:54.651+0000] {subprocess.py:93} INFO - [0m08:54:54  [32mCompleted successfully[0m
[2024-12-12T08:54:54.652+0000] {subprocess.py:93} INFO - [0m08:54:54
[2024-12-12T08:54:54.656+0000] {subprocess.py:93} INFO - [0m08:54:54  Done. PASS=1 WARN=0 ERROR=0 SKIP=0 TOTAL=1
[2024-12-12T08:54:55.678+0000] {subprocess.py:97} INFO - Command exited with return code 0
[2024-12-12T08:54:55.679+0000] {taskinstance.py:441} INFO - ::group::Post task execution logs
[2024-12-12T08:54:55.707+0000] {taskinstance.py:1206} INFO - Marking task as SUCCESS. dag_id=dbt_orchestrator, task_id=dbt_run_dimensions.dbt_run_customer_dim, run_id=manual__2024-12-12T08:51:03.221369+00:00, execution_date=20241212T085103, start_date=20241212T085444, end_date=20241212T085455
[2024-12-12T08:54:55.736+0000] {local_task_job_runner.py:240} INFO - Task exited with return code 0
[2024-12-12T08:54:55.770+0000] {taskinstance.py:3498} INFO - 0 downstream tasks scheduled from follow-on schedule check
[2024-12-12T08:54:55.773+0000] {local_task_job_runner.py:222} INFO - ::endgroup::
