[2024-12-12T09:23:01.504+0000] {local_task_job_runner.py:120} INFO - ::group::Pre task execution logs
[2024-12-12T09:23:01.565+0000] {taskinstance.py:2076} INFO - Dependencies all met for dep_context=non-requeueable deps ti=<TaskInstance: dbt_orchestrator.dbt_run_staging.dbt_run_stg_store scheduled__2024-12-12T09:00:00+00:00 [queued]>
[2024-12-12T09:23:01.597+0000] {taskinstance.py:2076} INFO - Dependencies all met for dep_context=requeueable deps ti=<TaskInstance: dbt_orchestrator.dbt_run_staging.dbt_run_stg_store scheduled__2024-12-12T09:00:00+00:00 [queued]>
[2024-12-12T09:23:01.598+0000] {taskinstance.py:2306} INFO - Starting attempt 1 of 1
[2024-12-12T09:23:01.645+0000] {taskinstance.py:2330} INFO - Executing <Task(BashOperator): dbt_run_staging.dbt_run_stg_store> on 2024-12-12 09:00:00+00:00
[2024-12-12T09:23:01.658+0000] {standard_task_runner.py:63} INFO - Started process 3150 to run task
[2024-12-12T09:23:01.662+0000] {standard_task_runner.py:90} INFO - Running: ['***', 'tasks', 'run', 'dbt_orchestrator', 'dbt_run_staging.dbt_run_stg_store', 'scheduled__2024-12-12T09:00:00+00:00', '--job-id', '430', '--raw', '--subdir', 'DAGS_FOLDER/pipeline.py', '--cfg-path', '/tmp/tmp45r05id9']
[2024-12-12T09:23:01.663+0000] {standard_task_runner.py:91} INFO - Job 430: Subtask dbt_run_staging.dbt_run_stg_store
[2024-12-12T09:23:01.779+0000] {task_command.py:426} INFO - Running <TaskInstance: dbt_orchestrator.dbt_run_staging.dbt_run_stg_store scheduled__2024-12-12T09:00:00+00:00 [running]> on host 34fdc836a0bb
[2024-12-12T09:23:02.017+0000] {taskinstance.py:2648} INFO - Exporting env vars: AIRFLOW_CTX_DAG_OWNER='ma7moud' AIRFLOW_CTX_DAG_ID='dbt_orchestrator' AIRFLOW_CTX_TASK_ID='dbt_run_staging.dbt_run_stg_store' AIRFLOW_CTX_EXECUTION_DATE='2024-12-12T09:00:00+00:00' AIRFLOW_CTX_TRY_NUMBER='1' AIRFLOW_CTX_DAG_RUN_ID='scheduled__2024-12-12T09:00:00+00:00'
[2024-12-12T09:23:02.018+0000] {taskinstance.py:430} INFO - ::endgroup::
[2024-12-12T09:23:02.048+0000] {subprocess.py:63} INFO - Tmp dir root location: /tmp
[2024-12-12T09:23:02.049+0000] {subprocess.py:75} INFO - Running command: ['/usr/bin/bash', '-c', 'dbt run --profiles-dir /opt/***/dbt --project-dir /opt/***/dbt/ecommerce --models stg_store']
[2024-12-12T09:23:02.073+0000] {subprocess.py:86} INFO - Output:
[2024-12-12T09:23:07.660+0000] {subprocess.py:93} INFO - [0m09:23:07  Running with dbt=1.8.0
[2024-12-12T09:23:08.001+0000] {subprocess.py:93} INFO - [0m09:23:08  [[33mWARNING[0m]: Deprecated functionality
[2024-12-12T09:23:08.005+0000] {subprocess.py:93} INFO - The `tests` config has been renamed to `data_tests`. Please see
[2024-12-12T09:23:08.006+0000] {subprocess.py:93} INFO - https://docs.getdbt.com/docs/build/data-tests#new-data_tests-syntax for more
[2024-12-12T09:23:08.006+0000] {subprocess.py:93} INFO - information.
[2024-12-12T09:23:08.748+0000] {subprocess.py:93} INFO - [0m09:23:08  Registered adapter: postgres=1.8.0
[2024-12-12T09:23:11.201+0000] {subprocess.py:93} INFO - [0m09:23:11  Found 15 models, 1 snapshot, 112 data tests, 12 sources, 430 macros
[2024-12-12T09:23:11.213+0000] {subprocess.py:93} INFO - [0m09:23:11
[2024-12-12T09:23:11.803+0000] {subprocess.py:93} INFO - [0m09:23:11  Concurrency: 3 threads (target='dev')
[2024-12-12T09:23:11.805+0000] {subprocess.py:93} INFO - [0m09:23:11
[2024-12-12T09:23:11.812+0000] {subprocess.py:93} INFO - [0m09:23:11  1 of 1 START sql incremental model olap_model_staging_tables.stg_store ......... [RUN]
[2024-12-12T09:23:12.181+0000] {subprocess.py:93} INFO - [0m09:23:12  1 of 1 OK created sql incremental model olap_model_staging_tables.stg_store .... [[32mSELECT 5[0m in 0.36s]
[2024-12-12T09:23:12.208+0000] {subprocess.py:93} INFO - [0m09:23:12
[2024-12-12T09:23:12.209+0000] {subprocess.py:93} INFO - [0m09:23:12  Finished running 1 incremental model in 0 hours 0 minutes and 1.00 seconds (1.00s).
[2024-12-12T09:23:12.344+0000] {subprocess.py:93} INFO - [0m09:23:12
[2024-12-12T09:23:12.345+0000] {subprocess.py:93} INFO - [0m09:23:12  [32mCompleted successfully[0m
[2024-12-12T09:23:12.346+0000] {subprocess.py:93} INFO - [0m09:23:12
[2024-12-12T09:23:12.347+0000] {subprocess.py:93} INFO - [0m09:23:12  Done. PASS=1 WARN=0 ERROR=0 SKIP=0 TOTAL=1
[2024-12-12T09:23:13.736+0000] {subprocess.py:97} INFO - Command exited with return code 0
[2024-12-12T09:23:13.737+0000] {taskinstance.py:441} INFO - ::group::Post task execution logs
[2024-12-12T09:23:13.796+0000] {taskinstance.py:1206} INFO - Marking task as SUCCESS. dag_id=dbt_orchestrator, task_id=dbt_run_staging.dbt_run_stg_store, run_id=scheduled__2024-12-12T09:00:00+00:00, execution_date=20241212T090000, start_date=20241212T092301, end_date=20241212T092313
[2024-12-12T09:23:13.835+0000] {local_task_job_runner.py:240} INFO - Task exited with return code 0
[2024-12-12T09:23:13.848+0000] {local_task_job_runner.py:222} INFO - ::endgroup::
