[2024-12-11T16:44:28.589+0000] {local_task_job_runner.py:120} INFO - ::group::Pre task execution logs
[2024-12-11T16:44:28.617+0000] {taskinstance.py:2076} INFO - Dependencies all met for dep_context=non-requeueable deps ti=<TaskInstance: dbt_orchestrator.dbt_run_dimensions.dbt_run_dimensions scheduled__2024-12-11T16:15:00+00:00 [queued]>
[2024-12-11T16:44:28.629+0000] {taskinstance.py:2076} INFO - Dependencies all met for dep_context=requeueable deps ti=<TaskInstance: dbt_orchestrator.dbt_run_dimensions.dbt_run_dimensions scheduled__2024-12-11T16:15:00+00:00 [queued]>
[2024-12-11T16:44:28.629+0000] {taskinstance.py:2306} INFO - Starting attempt 1 of 1
[2024-12-11T16:44:28.641+0000] {taskinstance.py:2330} INFO - Executing <Task(BashOperator): dbt_run_dimensions.dbt_run_dimensions> on 2024-12-11 16:15:00+00:00
[2024-12-11T16:44:28.647+0000] {standard_task_runner.py:63} INFO - Started process 347 to run task
[2024-12-11T16:44:28.650+0000] {standard_task_runner.py:90} INFO - Running: ['***', 'tasks', 'run', 'dbt_orchestrator', 'dbt_run_dimensions.dbt_run_dimensions', 'scheduled__2024-12-11T16:15:00+00:00', '--job-id', '45', '--raw', '--subdir', 'DAGS_FOLDER/pipeline.py', '--cfg-path', '/tmp/tmpn16vayw1']
[2024-12-11T16:44:28.652+0000] {standard_task_runner.py:91} INFO - Job 45: Subtask dbt_run_dimensions.dbt_run_dimensions
[2024-12-11T16:44:28.703+0000] {task_command.py:426} INFO - Running <TaskInstance: dbt_orchestrator.dbt_run_dimensions.dbt_run_dimensions scheduled__2024-12-11T16:15:00+00:00 [running]> on host 49f8df2c9427
[2024-12-11T16:44:28.803+0000] {taskinstance.py:2648} INFO - Exporting env vars: AIRFLOW_CTX_DAG_OWNER='Mahmoud' AIRFLOW_CTX_DAG_ID='dbt_orchestrator' AIRFLOW_CTX_TASK_ID='dbt_run_dimensions.dbt_run_dimensions' AIRFLOW_CTX_EXECUTION_DATE='2024-12-11T16:15:00+00:00' AIRFLOW_CTX_TRY_NUMBER='1' AIRFLOW_CTX_DAG_RUN_ID='scheduled__2024-12-11T16:15:00+00:00'
[2024-12-11T16:44:28.803+0000] {taskinstance.py:430} INFO - ::endgroup::
[2024-12-11T16:44:28.816+0000] {subprocess.py:63} INFO - Tmp dir root location: /tmp
[2024-12-11T16:44:28.817+0000] {subprocess.py:75} INFO - Running command: ['/usr/bin/bash', '-c', 'dbt run --profiles-dir /opt/***/dbt --project-dir /opt/***/dbt/ecommerce --select models/olap_model/dimensions']
[2024-12-11T16:44:28.830+0000] {subprocess.py:86} INFO - Output:
[2024-12-11T16:44:30.817+0000] {subprocess.py:93} INFO - [0m16:44:30  Running with dbt=1.8.0
[2024-12-11T16:44:30.964+0000] {subprocess.py:93} INFO - [0m16:44:30  [[33mWARNING[0m]: Deprecated functionality
[2024-12-11T16:44:30.964+0000] {subprocess.py:93} INFO - The `tests` config has been renamed to `data_tests`. Please see
[2024-12-11T16:44:30.964+0000] {subprocess.py:93} INFO - https://docs.getdbt.com/docs/build/data-tests#new-data_tests-syntax for more
[2024-12-11T16:44:30.964+0000] {subprocess.py:93} INFO - information.
[2024-12-11T16:44:31.115+0000] {subprocess.py:93} INFO - [0m16:44:31  Registered adapter: postgres=1.8.0
[2024-12-11T16:44:31.584+0000] {subprocess.py:93} INFO - [0m16:44:31  [[33mWARNING[0m]: Configuration paths exist in your dbt_project.yml file which do not apply to any resources.
[2024-12-11T16:44:31.585+0000] {subprocess.py:93} INFO - There are 2 unused configuration paths:
[2024-12-11T16:44:31.585+0000] {subprocess.py:93} INFO - - models.ecommerce.marts.dimensions
[2024-12-11T16:44:31.585+0000] {subprocess.py:93} INFO - - models.ecommerce.marts.fact
[2024-12-11T16:44:31.923+0000] {subprocess.py:93} INFO - [0m16:44:31  Found 15 models, 1 snapshot, 112 data tests, 12 sources, 430 macros
[2024-12-11T16:44:31.933+0000] {subprocess.py:93} INFO - [0m16:44:31
[2024-12-11T16:44:32.250+0000] {subprocess.py:93} INFO - [0m16:44:32  Concurrency: 3 threads (target='dev')
[2024-12-11T16:44:32.251+0000] {subprocess.py:93} INFO - [0m16:44:32
[2024-12-11T16:44:32.263+0000] {subprocess.py:93} INFO - [0m16:44:32  1 of 6 START sql incremental model oltp.brand_dim .............................. [RUN]
[2024-12-11T16:44:32.265+0000] {subprocess.py:93} INFO - [0m16:44:32  2 of 6 START sql incremental model oltp.customer_dim ........................... [RUN]
[2024-12-11T16:44:32.267+0000] {subprocess.py:93} INFO - [0m16:44:32  3 of 6 START sql incremental model oltp.data_dim ............................... [RUN]
[2024-12-11T16:44:32.658+0000] {subprocess.py:93} INFO - [0m16:44:32  3 of 6 OK created sql incremental model oltp.data_dim .......................... [[32mINSERT 0 402[0m in 0.38s]
[2024-12-11T16:44:32.660+0000] {subprocess.py:93} INFO - [0m16:44:32  1 of 6 OK created sql incremental model oltp.brand_dim ......................... [[32mINSERT 0 10[0m in 0.39s]
[2024-12-11T16:44:32.661+0000] {subprocess.py:93} INFO - [0m16:44:32  2 of 6 OK created sql incremental model oltp.customer_dim ...................... [[32mINSERT 0 109[0m in 0.39s]
[2024-12-11T16:44:32.667+0000] {subprocess.py:93} INFO - [0m16:44:32  4 of 6 START sql incremental model oltp.product_dim ............................ [RUN]
[2024-12-11T16:44:32.668+0000] {subprocess.py:93} INFO - [0m16:44:32  5 of 6 START sql incremental model oltp.store_dim .............................. [RUN]
[2024-12-11T16:44:32.669+0000] {subprocess.py:93} INFO - [0m16:44:32  6 of 6 START sql incremental model oltp.supplier_dim ........................... [RUN]
[2024-12-11T16:44:32.928+0000] {subprocess.py:93} INFO - [0m16:44:32  5 of 6 OK created sql incremental model oltp.store_dim ......................... [[32mINSERT 0 5[0m in 0.25s]
[2024-12-11T16:44:32.932+0000] {subprocess.py:93} INFO - [0m16:44:32  6 of 6 OK created sql incremental model oltp.supplier_dim ...................... [[32mINSERT 0 5[0m in 0.26s]
[2024-12-11T16:44:32.935+0000] {subprocess.py:93} INFO - [0m16:44:32  4 of 6 OK created sql incremental model oltp.product_dim ....................... [[32mINSERT 0 100[0m in 0.26s]
[2024-12-11T16:44:32.949+0000] {subprocess.py:93} INFO - [0m16:44:32
[2024-12-11T16:44:32.950+0000] {subprocess.py:93} INFO - [0m16:44:32  Finished running 6 incremental models in 0 hours 0 minutes and 1.01 seconds (1.01s).
[2024-12-11T16:44:33.040+0000] {subprocess.py:93} INFO - [0m16:44:33
[2024-12-11T16:44:33.041+0000] {subprocess.py:93} INFO - [0m16:44:33  [32mCompleted successfully[0m
[2024-12-11T16:44:33.043+0000] {subprocess.py:93} INFO - [0m16:44:33
[2024-12-11T16:44:33.044+0000] {subprocess.py:93} INFO - [0m16:44:33  Done. PASS=6 WARN=0 ERROR=0 SKIP=0 TOTAL=6
[2024-12-11T16:44:34.038+0000] {subprocess.py:97} INFO - Command exited with return code 0
[2024-12-11T16:44:34.039+0000] {taskinstance.py:441} INFO - ::group::Post task execution logs
[2024-12-11T16:44:34.064+0000] {taskinstance.py:1206} INFO - Marking task as SUCCESS. dag_id=dbt_orchestrator, task_id=dbt_run_dimensions.dbt_run_dimensions, run_id=scheduled__2024-12-11T16:15:00+00:00, execution_date=20241211T161500, start_date=20241211T164428, end_date=20241211T164434
[2024-12-11T16:44:34.114+0000] {local_task_job_runner.py:240} INFO - Task exited with return code 0
[2024-12-11T16:44:34.156+0000] {taskinstance.py:3498} INFO - 0 downstream tasks scheduled from follow-on schedule check
[2024-12-11T16:44:34.158+0000] {local_task_job_runner.py:222} INFO - ::endgroup::
