[2024-12-12T08:07:13.253+0000] {local_task_job_runner.py:120} INFO - ::group::Pre task execution logs
[2024-12-12T08:07:13.325+0000] {taskinstance.py:2076} INFO - Dependencies all met for dep_context=non-requeueable deps ti=<TaskInstance: dbt_orchestrator.dbt_run_staging.dbt_run_stg_date manual__2024-12-12T08:05:08.618053+00:00 [queued]>
[2024-12-12T08:07:13.377+0000] {taskinstance.py:2076} INFO - Dependencies all met for dep_context=requeueable deps ti=<TaskInstance: dbt_orchestrator.dbt_run_staging.dbt_run_stg_date manual__2024-12-12T08:05:08.618053+00:00 [queued]>
[2024-12-12T08:07:13.378+0000] {taskinstance.py:2306} INFO - Starting attempt 1 of 1
[2024-12-12T08:07:13.436+0000] {taskinstance.py:2330} INFO - Executing <Task(BashOperator): dbt_run_staging.dbt_run_stg_date> on 2024-12-12 08:05:08.618053+00:00
[2024-12-12T08:07:13.466+0000] {standard_task_runner.py:63} INFO - Started process 140 to run task
[2024-12-12T08:07:13.478+0000] {standard_task_runner.py:90} INFO - Running: ['***', 'tasks', 'run', 'dbt_orchestrator', 'dbt_run_staging.dbt_run_stg_date', 'manual__2024-12-12T08:05:08.618053+00:00', '--job-id', '127', '--raw', '--subdir', 'DAGS_FOLDER/pipeline.py', '--cfg-path', '/tmp/tmpyiptqink']
[2024-12-12T08:07:13.480+0000] {standard_task_runner.py:91} INFO - Job 127: Subtask dbt_run_staging.dbt_run_stg_date
[2024-12-12T08:07:13.806+0000] {task_command.py:426} INFO - Running <TaskInstance: dbt_orchestrator.dbt_run_staging.dbt_run_stg_date manual__2024-12-12T08:05:08.618053+00:00 [running]> on host 34fdc836a0bb
[2024-12-12T08:07:14.552+0000] {taskinstance.py:2648} INFO - Exporting env vars: AIRFLOW_CTX_DAG_OWNER='ma7moud' AIRFLOW_CTX_DAG_ID='dbt_orchestrator' AIRFLOW_CTX_TASK_ID='dbt_run_staging.dbt_run_stg_date' AIRFLOW_CTX_EXECUTION_DATE='2024-12-12T08:05:08.618053+00:00' AIRFLOW_CTX_TRY_NUMBER='1' AIRFLOW_CTX_DAG_RUN_ID='manual__2024-12-12T08:05:08.618053+00:00'
[2024-12-12T08:07:14.554+0000] {taskinstance.py:430} INFO - ::endgroup::
[2024-12-12T08:07:14.603+0000] {subprocess.py:63} INFO - Tmp dir root location: /tmp
[2024-12-12T08:07:14.608+0000] {subprocess.py:75} INFO - Running command: ['/usr/bin/bash', '-c', 'dbt run --profiles-dir /opt/***/dbt --project-dir /opt/***/dbt/ecommerce --models models/staging/stg_date']
[2024-12-12T08:07:14.657+0000] {subprocess.py:86} INFO - Output:
[2024-12-12T08:07:29.949+0000] {subprocess.py:93} INFO - [0m08:07:29  Running with dbt=1.8.0
[2024-12-12T08:07:30.292+0000] {subprocess.py:93} INFO - [0m08:07:30  [[33mWARNING[0m]: Deprecated functionality
[2024-12-12T08:07:30.292+0000] {subprocess.py:93} INFO - The `tests` config has been renamed to `data_tests`. Please see
[2024-12-12T08:07:30.293+0000] {subprocess.py:93} INFO - https://docs.getdbt.com/docs/build/data-tests#new-data_tests-syntax for more
[2024-12-12T08:07:30.293+0000] {subprocess.py:93} INFO - information.
[2024-12-12T08:07:30.964+0000] {subprocess.py:93} INFO - [0m08:07:30  Registered adapter: postgres=1.8.0
[2024-12-12T08:07:32.862+0000] {subprocess.py:93} INFO - [0m08:07:32  [[33mWARNING[0m]: Configuration paths exist in your dbt_project.yml file which do not apply to any resources.
[2024-12-12T08:07:32.863+0000] {subprocess.py:93} INFO - There are 2 unused configuration paths:
[2024-12-12T08:07:32.863+0000] {subprocess.py:93} INFO - - models.ecommerce.staging.fact
[2024-12-12T08:07:32.863+0000] {subprocess.py:93} INFO - - models.ecommerce.staging.dimensions
[2024-12-12T08:07:33.710+0000] {subprocess.py:93} INFO - [0m08:07:33  Found 15 models, 1 snapshot, 112 data tests, 12 sources, 430 macros
[2024-12-12T08:07:33.719+0000] {subprocess.py:93} INFO - [0m08:07:33  The selection criterion 'models/staging/stg_date' does not match any enabled nodes
[2024-12-12T08:07:33.726+0000] {subprocess.py:93} INFO - [0m08:07:33
[2024-12-12T08:07:33.727+0000] {subprocess.py:93} INFO - [0m08:07:33  Nothing to do. Try checking your model configs and model specification args
[2024-12-12T08:07:35.341+0000] {subprocess.py:97} INFO - Command exited with return code 0
[2024-12-12T08:07:35.342+0000] {taskinstance.py:441} INFO - ::group::Post task execution logs
[2024-12-12T08:07:35.374+0000] {taskinstance.py:1206} INFO - Marking task as SUCCESS. dag_id=dbt_orchestrator, task_id=dbt_run_staging.dbt_run_stg_date, run_id=manual__2024-12-12T08:05:08.618053+00:00, execution_date=20241212T080508, start_date=20241212T080713, end_date=20241212T080735
[2024-12-12T08:07:35.404+0000] {local_task_job_runner.py:240} INFO - Task exited with return code 0
[2024-12-12T08:07:35.446+0000] {taskinstance.py:3498} INFO - 0 downstream tasks scheduled from follow-on schedule check
[2024-12-12T08:07:35.447+0000] {local_task_job_runner.py:222} INFO - ::endgroup::
