[2024-12-12T08:10:35.433+0000] {local_task_job_runner.py:120} INFO - ::group::Pre task execution logs
[2024-12-12T08:10:35.476+0000] {taskinstance.py:2076} INFO - Dependencies all met for dep_context=non-requeueable deps ti=<TaskInstance: dbt_orchestrator.dbt_run_staging.dbt_run_stg_date manual__2024-12-12T08:05:08.618053+00:00 [queued]>
[2024-12-12T08:10:35.503+0000] {taskinstance.py:2076} INFO - Dependencies all met for dep_context=requeueable deps ti=<TaskInstance: dbt_orchestrator.dbt_run_staging.dbt_run_stg_date manual__2024-12-12T08:05:08.618053+00:00 [queued]>
[2024-12-12T08:10:35.503+0000] {taskinstance.py:2306} INFO - Starting attempt 2 of 2
[2024-12-12T08:10:35.529+0000] {taskinstance.py:2330} INFO - Executing <Task(BashOperator): dbt_run_staging.dbt_run_stg_date> on 2024-12-12 08:05:08.618053+00:00
[2024-12-12T08:10:35.539+0000] {standard_task_runner.py:63} INFO - Started process 326 to run task
[2024-12-12T08:10:35.543+0000] {standard_task_runner.py:90} INFO - Running: ['***', 'tasks', 'run', 'dbt_orchestrator', 'dbt_run_staging.dbt_run_stg_date', 'manual__2024-12-12T08:05:08.618053+00:00', '--job-id', '150', '--raw', '--subdir', 'DAGS_FOLDER/pipeline.py', '--cfg-path', '/tmp/tmp9yadotzg']
[2024-12-12T08:10:35.544+0000] {standard_task_runner.py:91} INFO - Job 150: Subtask dbt_run_staging.dbt_run_stg_date
[2024-12-12T08:10:35.628+0000] {task_command.py:426} INFO - Running <TaskInstance: dbt_orchestrator.dbt_run_staging.dbt_run_stg_date manual__2024-12-12T08:05:08.618053+00:00 [running]> on host 34fdc836a0bb
[2024-12-12T08:10:35.821+0000] {taskinstance.py:2648} INFO - Exporting env vars: AIRFLOW_CTX_DAG_OWNER='ma7moud' AIRFLOW_CTX_DAG_ID='dbt_orchestrator' AIRFLOW_CTX_TASK_ID='dbt_run_staging.dbt_run_stg_date' AIRFLOW_CTX_EXECUTION_DATE='2024-12-12T08:05:08.618053+00:00' AIRFLOW_CTX_TRY_NUMBER='2' AIRFLOW_CTX_DAG_RUN_ID='manual__2024-12-12T08:05:08.618053+00:00'
[2024-12-12T08:10:35.822+0000] {taskinstance.py:430} INFO - ::endgroup::
[2024-12-12T08:10:35.847+0000] {subprocess.py:63} INFO - Tmp dir root location: /tmp
[2024-12-12T08:10:35.847+0000] {subprocess.py:75} INFO - Running command: ['/usr/bin/bash', '-c', 'dbt run --profiles-dir /opt/***/dbt --project-dir /opt/***/dbt/ecommerce --models models/staging/stg_date']
[2024-12-12T08:10:35.889+0000] {subprocess.py:86} INFO - Output:
[2024-12-12T08:10:42.087+0000] {subprocess.py:93} INFO - [0m08:10:42  Running with dbt=1.8.0
[2024-12-12T08:10:42.563+0000] {subprocess.py:93} INFO - [0m08:10:42  [[33mWARNING[0m]: Deprecated functionality
[2024-12-12T08:10:42.564+0000] {subprocess.py:93} INFO - The `tests` config has been renamed to `data_tests`. Please see
[2024-12-12T08:10:42.567+0000] {subprocess.py:93} INFO - https://docs.getdbt.com/docs/build/data-tests#new-data_tests-syntax for more
[2024-12-12T08:10:42.569+0000] {subprocess.py:93} INFO - information.
[2024-12-12T08:10:43.068+0000] {subprocess.py:93} INFO - [0m08:10:43  Registered adapter: postgres=1.8.0
[2024-12-12T08:10:44.143+0000] {subprocess.py:93} INFO - [0m08:10:44  [[33mWARNING[0m]: Configuration paths exist in your dbt_project.yml file which do not apply to any resources.
[2024-12-12T08:10:44.144+0000] {subprocess.py:93} INFO - There are 2 unused configuration paths:
[2024-12-12T08:10:44.144+0000] {subprocess.py:93} INFO - - models.ecommerce.dimensions
[2024-12-12T08:10:44.144+0000] {subprocess.py:93} INFO - - models.ecommerce.fact
[2024-12-12T08:10:44.705+0000] {subprocess.py:93} INFO - [0m08:10:44  Found 15 models, 1 snapshot, 112 data tests, 12 sources, 430 macros
[2024-12-12T08:10:44.710+0000] {subprocess.py:93} INFO - [0m08:10:44  The selection criterion 'models/staging/stg_date' does not match any enabled nodes
[2024-12-12T08:10:44.713+0000] {subprocess.py:93} INFO - [0m08:10:44
[2024-12-12T08:10:44.714+0000] {subprocess.py:93} INFO - [0m08:10:44  Nothing to do. Try checking your model configs and model specification args
[2024-12-12T08:10:45.745+0000] {subprocess.py:97} INFO - Command exited with return code 0
[2024-12-12T08:10:45.746+0000] {taskinstance.py:441} INFO - ::group::Post task execution logs
[2024-12-12T08:10:45.770+0000] {taskinstance.py:1206} INFO - Marking task as SUCCESS. dag_id=dbt_orchestrator, task_id=dbt_run_staging.dbt_run_stg_date, run_id=manual__2024-12-12T08:05:08.618053+00:00, execution_date=20241212T080508, start_date=20241212T081035, end_date=20241212T081045
[2024-12-12T08:10:45.828+0000] {local_task_job_runner.py:240} INFO - Task exited with return code 0
[2024-12-12T08:10:45.856+0000] {taskinstance.py:3498} INFO - 0 downstream tasks scheduled from follow-on schedule check
[2024-12-12T08:10:45.857+0000] {local_task_job_runner.py:222} INFO - ::endgroup::
