[2024-12-12T09:30:12.489+0000] {local_task_job_runner.py:120} INFO - ::group::Pre task execution logs
[2024-12-12T09:30:12.550+0000] {taskinstance.py:2076} INFO - Dependencies all met for dep_context=non-requeueable deps ti=<TaskInstance: dbt_orchestrator.dbt_run_staging.dbt_run_stg_date scheduled__2024-12-12T09:15:00+00:00 [queued]>
[2024-12-12T09:30:12.575+0000] {taskinstance.py:2076} INFO - Dependencies all met for dep_context=requeueable deps ti=<TaskInstance: dbt_orchestrator.dbt_run_staging.dbt_run_stg_date scheduled__2024-12-12T09:15:00+00:00 [queued]>
[2024-12-12T09:30:12.576+0000] {taskinstance.py:2306} INFO - Starting attempt 1 of 1
[2024-12-12T09:30:12.614+0000] {taskinstance.py:2330} INFO - Executing <Task(BashOperator): dbt_run_staging.dbt_run_stg_date> on 2024-12-12 09:15:00+00:00
[2024-12-12T09:30:12.630+0000] {standard_task_runner.py:63} INFO - Started process 3468 to run task
[2024-12-12T09:30:12.636+0000] {standard_task_runner.py:90} INFO - Running: ['***', 'tasks', 'run', 'dbt_orchestrator', 'dbt_run_staging.dbt_run_stg_date', 'scheduled__2024-12-12T09:15:00+00:00', '--job-id', '455', '--raw', '--subdir', 'DAGS_FOLDER/pipeline.py', '--cfg-path', '/tmp/tmp4c9my3hg']
[2024-12-12T09:30:12.638+0000] {standard_task_runner.py:91} INFO - Job 455: Subtask dbt_run_staging.dbt_run_stg_date
[2024-12-12T09:30:12.744+0000] {task_command.py:426} INFO - Running <TaskInstance: dbt_orchestrator.dbt_run_staging.dbt_run_stg_date scheduled__2024-12-12T09:15:00+00:00 [running]> on host 34fdc836a0bb
[2024-12-12T09:30:12.936+0000] {taskinstance.py:2648} INFO - Exporting env vars: AIRFLOW_CTX_DAG_OWNER='ma7moud' AIRFLOW_CTX_DAG_ID='dbt_orchestrator' AIRFLOW_CTX_TASK_ID='dbt_run_staging.dbt_run_stg_date' AIRFLOW_CTX_EXECUTION_DATE='2024-12-12T09:15:00+00:00' AIRFLOW_CTX_TRY_NUMBER='1' AIRFLOW_CTX_DAG_RUN_ID='scheduled__2024-12-12T09:15:00+00:00'
[2024-12-12T09:30:12.938+0000] {taskinstance.py:430} INFO - ::endgroup::
[2024-12-12T09:30:12.961+0000] {subprocess.py:63} INFO - Tmp dir root location: /tmp
[2024-12-12T09:30:12.962+0000] {subprocess.py:75} INFO - Running command: ['/usr/bin/bash', '-c', 'dbt run --profiles-dir /opt/***/dbt --project-dir /opt/***/dbt/ecommerce --models stg_date']
[2024-12-12T09:30:12.989+0000] {subprocess.py:86} INFO - Output:
[2024-12-12T09:30:17.730+0000] {subprocess.py:93} INFO - [0m09:30:17  Running with dbt=1.8.0
[2024-12-12T09:30:18.111+0000] {subprocess.py:93} INFO - [0m09:30:18  [[33mWARNING[0m]: Deprecated functionality
[2024-12-12T09:30:18.112+0000] {subprocess.py:93} INFO - The `tests` config has been renamed to `data_tests`. Please see
[2024-12-12T09:30:18.112+0000] {subprocess.py:93} INFO - https://docs.getdbt.com/docs/build/data-tests#new-data_tests-syntax for more
[2024-12-12T09:30:18.112+0000] {subprocess.py:93} INFO - information.
[2024-12-12T09:30:18.531+0000] {subprocess.py:93} INFO - [0m09:30:18  Registered adapter: postgres=1.8.0
[2024-12-12T09:30:20.578+0000] {subprocess.py:93} INFO - [0m09:30:20  Found 15 models, 1 snapshot, 111 data tests, 12 sources, 430 macros
[2024-12-12T09:30:20.591+0000] {subprocess.py:93} INFO - [0m09:30:20
[2024-12-12T09:30:21.207+0000] {subprocess.py:93} INFO - [0m09:30:21  Concurrency: 3 threads (target='dev')
[2024-12-12T09:30:21.212+0000] {subprocess.py:93} INFO - [0m09:30:21
[2024-12-12T09:30:21.235+0000] {subprocess.py:93} INFO - [0m09:30:21  1 of 1 START sql incremental model olap_model_staging_tables.stg_date .......... [RUN]
[2024-12-12T09:30:21.934+0000] {subprocess.py:93} INFO - [0m09:30:21  1 of 1 OK created sql incremental model olap_model_staging_tables.stg_date ..... [[32mINSERT 0 0[0m in 0.68s]
[2024-12-12T09:30:21.968+0000] {subprocess.py:93} INFO - [0m09:30:21
[2024-12-12T09:30:21.970+0000] {subprocess.py:93} INFO - [0m09:30:21  Finished running 1 incremental model in 0 hours 0 minutes and 1.37 seconds (1.37s).
[2024-12-12T09:30:22.159+0000] {subprocess.py:93} INFO - [0m09:30:22
[2024-12-12T09:30:22.161+0000] {subprocess.py:93} INFO - [0m09:30:22  [32mCompleted successfully[0m
[2024-12-12T09:30:22.162+0000] {subprocess.py:93} INFO - [0m09:30:22
[2024-12-12T09:30:22.163+0000] {subprocess.py:93} INFO - [0m09:30:22  Done. PASS=1 WARN=0 ERROR=0 SKIP=0 TOTAL=1
[2024-12-12T09:30:23.365+0000] {subprocess.py:97} INFO - Command exited with return code 0
[2024-12-12T09:30:23.367+0000] {taskinstance.py:441} INFO - ::group::Post task execution logs
[2024-12-12T09:30:23.403+0000] {taskinstance.py:1206} INFO - Marking task as SUCCESS. dag_id=dbt_orchestrator, task_id=dbt_run_staging.dbt_run_stg_date, run_id=scheduled__2024-12-12T09:15:00+00:00, execution_date=20241212T091500, start_date=20241212T093012, end_date=20241212T093023
[2024-12-12T09:30:23.456+0000] {local_task_job_runner.py:240} INFO - Task exited with return code 0
[2024-12-12T09:30:23.486+0000] {taskinstance.py:3498} INFO - 6 downstream tasks scheduled from follow-on schedule check
[2024-12-12T09:30:23.487+0000] {local_task_job_runner.py:222} INFO - ::endgroup::
