[2024-12-12T08:51:32.648+0000] {local_task_job_runner.py:120} INFO - ::group::Pre task execution logs
[2024-12-12T08:51:32.723+0000] {taskinstance.py:2076} INFO - Dependencies all met for dep_context=non-requeueable deps ti=<TaskInstance: dbt_orchestrator.dbt_run_dimensions.dbt_run_brand_dim manual__2024-12-12T08:51:03.221369+00:00 [queued]>
[2024-12-12T08:51:32.746+0000] {taskinstance.py:2076} INFO - Dependencies all met for dep_context=requeueable deps ti=<TaskInstance: dbt_orchestrator.dbt_run_dimensions.dbt_run_brand_dim manual__2024-12-12T08:51:03.221369+00:00 [queued]>
[2024-12-12T08:51:32.746+0000] {taskinstance.py:2306} INFO - Starting attempt 1 of 1
[2024-12-12T08:51:32.776+0000] {taskinstance.py:2330} INFO - Executing <Task(BashOperator): dbt_run_dimensions.dbt_run_brand_dim> on 2024-12-12 08:51:03.221369+00:00
[2024-12-12T08:51:32.791+0000] {standard_task_runner.py:63} INFO - Started process 1678 to run task
[2024-12-12T08:51:32.794+0000] {standard_task_runner.py:90} INFO - Running: ['***', 'tasks', 'run', 'dbt_orchestrator', 'dbt_run_dimensions.dbt_run_brand_dim', 'manual__2024-12-12T08:51:03.221369+00:00', '--job-id', '330', '--raw', '--subdir', 'DAGS_FOLDER/pipeline.py', '--cfg-path', '/tmp/tmpvxarp_e7']
[2024-12-12T08:51:32.797+0000] {standard_task_runner.py:91} INFO - Job 330: Subtask dbt_run_dimensions.dbt_run_brand_dim
[2024-12-12T08:51:32.907+0000] {task_command.py:426} INFO - Running <TaskInstance: dbt_orchestrator.dbt_run_dimensions.dbt_run_brand_dim manual__2024-12-12T08:51:03.221369+00:00 [running]> on host 34fdc836a0bb
[2024-12-12T08:51:33.149+0000] {taskinstance.py:2648} INFO - Exporting env vars: AIRFLOW_CTX_DAG_OWNER='ma7moud' AIRFLOW_CTX_DAG_ID='dbt_orchestrator' AIRFLOW_CTX_TASK_ID='dbt_run_dimensions.dbt_run_brand_dim' AIRFLOW_CTX_EXECUTION_DATE='2024-12-12T08:51:03.221369+00:00' AIRFLOW_CTX_TRY_NUMBER='1' AIRFLOW_CTX_DAG_RUN_ID='manual__2024-12-12T08:51:03.221369+00:00'
[2024-12-12T08:51:33.150+0000] {taskinstance.py:430} INFO - ::endgroup::
[2024-12-12T08:51:33.178+0000] {subprocess.py:63} INFO - Tmp dir root location: /tmp
[2024-12-12T08:51:33.180+0000] {subprocess.py:75} INFO - Running command: ['/usr/bin/bash', '-c', 'dbt run --profiles-dir /opt/***/dbt --project-dir /opt/***/dbt/ecommerce --models brand_dim']
[2024-12-12T08:51:33.202+0000] {subprocess.py:86} INFO - Output:
[2024-12-12T08:51:37.684+0000] {subprocess.py:93} INFO - [0m08:51:37  Running with dbt=1.8.0
[2024-12-12T08:51:38.084+0000] {subprocess.py:93} INFO - [0m08:51:38  [[33mWARNING[0m]: Deprecated functionality
[2024-12-12T08:51:38.086+0000] {subprocess.py:93} INFO - The `tests` config has been renamed to `data_tests`. Please see
[2024-12-12T08:51:38.087+0000] {subprocess.py:93} INFO - https://docs.getdbt.com/docs/build/data-tests#new-data_tests-syntax for more
[2024-12-12T08:51:38.088+0000] {subprocess.py:93} INFO - information.
[2024-12-12T08:51:38.509+0000] {subprocess.py:93} INFO - [0m08:51:38  Registered adapter: postgres=1.8.0
[2024-12-12T08:51:40.420+0000] {subprocess.py:93} INFO - [0m08:51:40  Found 15 models, 1 snapshot, 112 data tests, 12 sources, 430 macros
[2024-12-12T08:51:40.430+0000] {subprocess.py:93} INFO - [0m08:51:40
[2024-12-12T08:51:41.067+0000] {subprocess.py:93} INFO - [0m08:51:41  Concurrency: 3 threads (target='dev')
[2024-12-12T08:51:41.073+0000] {subprocess.py:93} INFO - [0m08:51:41
[2024-12-12T08:51:41.086+0000] {subprocess.py:93} INFO - [0m08:51:41  1 of 1 START sql incremental model oltp_dimensions.brand_dim ................... [RUN]
[2024-12-12T08:51:41.663+0000] {subprocess.py:93} INFO - [0m08:51:41  1 of 1 OK created sql incremental model oltp_dimensions.brand_dim .............. [[32mINSERT 0 10[0m in 0.57s]
[2024-12-12T08:51:41.699+0000] {subprocess.py:93} INFO - [0m08:51:41
[2024-12-12T08:51:41.700+0000] {subprocess.py:93} INFO - [0m08:51:41  Finished running 1 incremental model in 0 hours 0 minutes and 1.27 seconds (1.27s).
[2024-12-12T08:51:41.874+0000] {subprocess.py:93} INFO - [0m08:51:41
[2024-12-12T08:51:41.876+0000] {subprocess.py:93} INFO - [0m08:51:41  [32mCompleted successfully[0m
[2024-12-12T08:51:41.879+0000] {subprocess.py:93} INFO - [0m08:51:41
[2024-12-12T08:51:41.880+0000] {subprocess.py:93} INFO - [0m08:51:41  Done. PASS=1 WARN=0 ERROR=0 SKIP=0 TOTAL=1
[2024-12-12T08:51:43.083+0000] {subprocess.py:97} INFO - Command exited with return code 0
[2024-12-12T08:51:43.084+0000] {taskinstance.py:441} INFO - ::group::Post task execution logs
[2024-12-12T08:51:43.140+0000] {taskinstance.py:1206} INFO - Marking task as SUCCESS. dag_id=dbt_orchestrator, task_id=dbt_run_dimensions.dbt_run_brand_dim, run_id=manual__2024-12-12T08:51:03.221369+00:00, execution_date=20241212T085103, start_date=20241212T085132, end_date=20241212T085143
[2024-12-12T08:51:43.208+0000] {local_task_job_runner.py:240} INFO - Task exited with return code 0
[2024-12-12T08:51:43.255+0000] {taskinstance.py:3498} INFO - 0 downstream tasks scheduled from follow-on schedule check
[2024-12-12T08:51:43.257+0000] {local_task_job_runner.py:222} INFO - ::endgroup::
