[2024-12-12T09:00:32.017+0000] {local_task_job_runner.py:120} INFO - ::group::Pre task execution logs
[2024-12-12T09:00:32.093+0000] {taskinstance.py:2076} INFO - Dependencies all met for dep_context=non-requeueable deps ti=<TaskInstance: dbt_orchestrator.dbt_run_dimensions.dbt_run_store_dim scheduled__2024-12-12T08:45:00+00:00 [queued]>
[2024-12-12T09:00:32.116+0000] {taskinstance.py:2076} INFO - Dependencies all met for dep_context=requeueable deps ti=<TaskInstance: dbt_orchestrator.dbt_run_dimensions.dbt_run_store_dim scheduled__2024-12-12T08:45:00+00:00 [queued]>
[2024-12-12T09:00:32.117+0000] {taskinstance.py:2306} INFO - Starting attempt 1 of 1
[2024-12-12T09:00:32.142+0000] {taskinstance.py:2330} INFO - Executing <Task(BashOperator): dbt_run_dimensions.dbt_run_store_dim> on 2024-12-12 08:45:00+00:00
[2024-12-12T09:00:32.157+0000] {standard_task_runner.py:63} INFO - Started process 2468 to run task
[2024-12-12T09:00:32.161+0000] {standard_task_runner.py:90} INFO - Running: ['***', 'tasks', 'run', 'dbt_orchestrator', 'dbt_run_dimensions.dbt_run_store_dim', 'scheduled__2024-12-12T08:45:00+00:00', '--job-id', '382', '--raw', '--subdir', 'DAGS_FOLDER/pipeline.py', '--cfg-path', '/tmp/tmpbak3pold']
[2024-12-12T09:00:32.163+0000] {standard_task_runner.py:91} INFO - Job 382: Subtask dbt_run_dimensions.dbt_run_store_dim
[2024-12-12T09:00:32.320+0000] {task_command.py:426} INFO - Running <TaskInstance: dbt_orchestrator.dbt_run_dimensions.dbt_run_store_dim scheduled__2024-12-12T08:45:00+00:00 [running]> on host 34fdc836a0bb
[2024-12-12T09:00:32.571+0000] {taskinstance.py:2648} INFO - Exporting env vars: AIRFLOW_CTX_DAG_OWNER='ma7moud' AIRFLOW_CTX_DAG_ID='dbt_orchestrator' AIRFLOW_CTX_TASK_ID='dbt_run_dimensions.dbt_run_store_dim' AIRFLOW_CTX_EXECUTION_DATE='2024-12-12T08:45:00+00:00' AIRFLOW_CTX_TRY_NUMBER='1' AIRFLOW_CTX_DAG_RUN_ID='scheduled__2024-12-12T08:45:00+00:00'
[2024-12-12T09:00:32.580+0000] {taskinstance.py:430} INFO - ::endgroup::
[2024-12-12T09:00:32.613+0000] {subprocess.py:63} INFO - Tmp dir root location: /tmp
[2024-12-12T09:00:32.614+0000] {subprocess.py:75} INFO - Running command: ['/usr/bin/bash', '-c', 'dbt run --profiles-dir /opt/***/dbt --project-dir /opt/***/dbt/ecommerce --models store_dim']
[2024-12-12T09:00:32.652+0000] {subprocess.py:86} INFO - Output:
[2024-12-12T09:00:37.135+0000] {subprocess.py:93} INFO - [0m09:00:37  Running with dbt=1.8.0
[2024-12-12T09:00:37.617+0000] {subprocess.py:93} INFO - [0m09:00:37  [[33mWARNING[0m]: Deprecated functionality
[2024-12-12T09:00:37.617+0000] {subprocess.py:93} INFO - The `tests` config has been renamed to `data_tests`. Please see
[2024-12-12T09:00:37.618+0000] {subprocess.py:93} INFO - https://docs.getdbt.com/docs/build/data-tests#new-data_tests-syntax for more
[2024-12-12T09:00:37.618+0000] {subprocess.py:93} INFO - information.
[2024-12-12T09:00:38.044+0000] {subprocess.py:93} INFO - [0m09:00:38  Registered adapter: postgres=1.8.0
[2024-12-12T09:00:40.142+0000] {subprocess.py:93} INFO - [0m09:00:40  Found 15 models, 1 snapshot, 112 data tests, 12 sources, 430 macros
[2024-12-12T09:00:40.153+0000] {subprocess.py:93} INFO - [0m09:00:40
[2024-12-12T09:00:40.712+0000] {subprocess.py:93} INFO - [0m09:00:40  Concurrency: 3 threads (target='dev')
[2024-12-12T09:00:40.714+0000] {subprocess.py:93} INFO - [0m09:00:40
[2024-12-12T09:00:40.719+0000] {subprocess.py:93} INFO - [0m09:00:40  1 of 1 START sql incremental model oltp.store_dim .............................. [RUN]
[2024-12-12T09:00:41.272+0000] {subprocess.py:93} INFO - [0m09:00:41  1 of 1 OK created sql incremental model oltp.store_dim ......................... [[32mINSERT 0 5[0m in 0.55s]
[2024-12-12T09:00:41.319+0000] {subprocess.py:93} INFO - [0m09:00:41
[2024-12-12T09:00:41.321+0000] {subprocess.py:93} INFO - [0m09:00:41  Finished running 1 incremental model in 0 hours 0 minutes and 1.17 seconds (1.17s).
[2024-12-12T09:00:41.641+0000] {subprocess.py:93} INFO - [0m09:00:41
[2024-12-12T09:00:41.644+0000] {subprocess.py:93} INFO - [0m09:00:41  [32mCompleted successfully[0m
[2024-12-12T09:00:41.648+0000] {subprocess.py:93} INFO - [0m09:00:41
[2024-12-12T09:00:41.653+0000] {subprocess.py:93} INFO - [0m09:00:41  Done. PASS=1 WARN=0 ERROR=0 SKIP=0 TOTAL=1
[2024-12-12T09:00:43.133+0000] {subprocess.py:97} INFO - Command exited with return code 0
[2024-12-12T09:00:43.136+0000] {taskinstance.py:441} INFO - ::group::Post task execution logs
[2024-12-12T09:00:43.205+0000] {taskinstance.py:1206} INFO - Marking task as SUCCESS. dag_id=dbt_orchestrator, task_id=dbt_run_dimensions.dbt_run_store_dim, run_id=scheduled__2024-12-12T08:45:00+00:00, execution_date=20241212T084500, start_date=20241212T090032, end_date=20241212T090043
[2024-12-12T09:00:43.265+0000] {local_task_job_runner.py:240} INFO - Task exited with return code 0
[2024-12-12T09:00:43.328+0000] {taskinstance.py:3498} INFO - 0 downstream tasks scheduled from follow-on schedule check
[2024-12-12T09:00:43.332+0000] {local_task_job_runner.py:222} INFO - ::endgroup::
