[2024-12-12T09:10:21.333+0000] {local_task_job_runner.py:120} INFO - ::group::Pre task execution logs
[2024-12-12T09:10:21.383+0000] {taskinstance.py:2076} INFO - Dependencies all met for dep_context=non-requeueable deps ti=<TaskInstance: dbt_orchestrator.dbt_run_dimensions.dbt_run_store_dim scheduled__2024-12-12T08:45:00+00:00 [queued]>
[2024-12-12T09:10:21.402+0000] {taskinstance.py:2076} INFO - Dependencies all met for dep_context=requeueable deps ti=<TaskInstance: dbt_orchestrator.dbt_run_dimensions.dbt_run_store_dim scheduled__2024-12-12T08:45:00+00:00 [queued]>
[2024-12-12T09:10:21.403+0000] {taskinstance.py:2306} INFO - Starting attempt 3 of 3
[2024-12-12T09:10:21.432+0000] {taskinstance.py:2330} INFO - Executing <Task(BashOperator): dbt_run_dimensions.dbt_run_store_dim> on 2024-12-12 08:45:00+00:00
[2024-12-12T09:10:21.443+0000] {standard_task_runner.py:63} INFO - Started process 3007 to run task
[2024-12-12T09:10:21.447+0000] {standard_task_runner.py:90} INFO - Running: ['***', 'tasks', 'run', 'dbt_orchestrator', 'dbt_run_dimensions.dbt_run_store_dim', 'scheduled__2024-12-12T08:45:00+00:00', '--job-id', '419', '--raw', '--subdir', 'DAGS_FOLDER/pipeline.py', '--cfg-path', '/tmp/tmp_5p5nem2']
[2024-12-12T09:10:21.449+0000] {standard_task_runner.py:91} INFO - Job 419: Subtask dbt_run_dimensions.dbt_run_store_dim
[2024-12-12T09:10:21.531+0000] {task_command.py:426} INFO - Running <TaskInstance: dbt_orchestrator.dbt_run_dimensions.dbt_run_store_dim scheduled__2024-12-12T08:45:00+00:00 [running]> on host 34fdc836a0bb
[2024-12-12T09:10:21.722+0000] {taskinstance.py:2648} INFO - Exporting env vars: AIRFLOW_CTX_DAG_OWNER='ma7moud' AIRFLOW_CTX_DAG_ID='dbt_orchestrator' AIRFLOW_CTX_TASK_ID='dbt_run_dimensions.dbt_run_store_dim' AIRFLOW_CTX_EXECUTION_DATE='2024-12-12T08:45:00+00:00' AIRFLOW_CTX_TRY_NUMBER='3' AIRFLOW_CTX_DAG_RUN_ID='scheduled__2024-12-12T08:45:00+00:00'
[2024-12-12T09:10:21.723+0000] {taskinstance.py:430} INFO - ::endgroup::
[2024-12-12T09:10:21.750+0000] {subprocess.py:63} INFO - Tmp dir root location: /tmp
[2024-12-12T09:10:21.751+0000] {subprocess.py:75} INFO - Running command: ['/usr/bin/bash', '-c', 'dbt run --profiles-dir /opt/***/dbt --project-dir /opt/***/dbt/ecommerce --models store_dim']
[2024-12-12T09:10:21.776+0000] {subprocess.py:86} INFO - Output:
[2024-12-12T09:10:25.863+0000] {subprocess.py:93} INFO - [0m09:10:25  Running with dbt=1.8.0
[2024-12-12T09:10:26.288+0000] {subprocess.py:93} INFO - [0m09:10:26  [[33mWARNING[0m]: Deprecated functionality
[2024-12-12T09:10:26.289+0000] {subprocess.py:93} INFO - The `tests` config has been renamed to `data_tests`. Please see
[2024-12-12T09:10:26.290+0000] {subprocess.py:93} INFO - https://docs.getdbt.com/docs/build/data-tests#new-data_tests-syntax for more
[2024-12-12T09:10:26.290+0000] {subprocess.py:93} INFO - information.
[2024-12-12T09:10:26.667+0000] {subprocess.py:93} INFO - [0m09:10:26  Registered adapter: postgres=1.8.0
[2024-12-12T09:10:28.620+0000] {subprocess.py:93} INFO - [0m09:10:28  Found 15 models, 1 snapshot, 112 data tests, 12 sources, 430 macros
[2024-12-12T09:10:28.627+0000] {subprocess.py:93} INFO - [0m09:10:28
[2024-12-12T09:10:28.988+0000] {subprocess.py:93} INFO - [0m09:10:28  Concurrency: 3 threads (target='dev')
[2024-12-12T09:10:28.990+0000] {subprocess.py:93} INFO - [0m09:10:28
[2024-12-12T09:10:28.998+0000] {subprocess.py:93} INFO - [0m09:10:28  1 of 1 START sql incremental model olap_model.store_dim ........................ [RUN]
[2024-12-12T09:10:29.339+0000] {subprocess.py:93} INFO - [0m09:10:29  1 of 1 OK created sql incremental model olap_model.store_dim ................... [[32mSELECT 5[0m in 0.33s]
[2024-12-12T09:10:29.376+0000] {subprocess.py:93} INFO - [0m09:10:29
[2024-12-12T09:10:29.378+0000] {subprocess.py:93} INFO - [0m09:10:29  Finished running 1 incremental model in 0 hours 0 minutes and 0.75 seconds (0.75s).
[2024-12-12T09:10:29.581+0000] {subprocess.py:93} INFO - [0m09:10:29
[2024-12-12T09:10:29.583+0000] {subprocess.py:93} INFO - [0m09:10:29  [32mCompleted successfully[0m
[2024-12-12T09:10:29.585+0000] {subprocess.py:93} INFO - [0m09:10:29
[2024-12-12T09:10:29.587+0000] {subprocess.py:93} INFO - [0m09:10:29  Done. PASS=1 WARN=0 ERROR=0 SKIP=0 TOTAL=1
[2024-12-12T09:10:30.665+0000] {subprocess.py:97} INFO - Command exited with return code 0
[2024-12-12T09:10:30.666+0000] {taskinstance.py:441} INFO - ::group::Post task execution logs
[2024-12-12T09:10:30.720+0000] {taskinstance.py:1206} INFO - Marking task as SUCCESS. dag_id=dbt_orchestrator, task_id=dbt_run_dimensions.dbt_run_store_dim, run_id=scheduled__2024-12-12T08:45:00+00:00, execution_date=20241212T084500, start_date=20241212T091021, end_date=20241212T091030
[2024-12-12T09:10:30.793+0000] {local_task_job_runner.py:240} INFO - Task exited with return code 0
[2024-12-12T09:10:30.840+0000] {taskinstance.py:3498} INFO - 0 downstream tasks scheduled from follow-on schedule check
[2024-12-12T09:10:30.848+0000] {local_task_job_runner.py:222} INFO - ::endgroup::
